25-01-11 12:26:22.879 - WARNING: Warning: visualization (Tensorboard) is configured to use, but currently not installed on this machine. Please install TensorboardX with 'pip install tensorboardx', upgrade PyTorch to version >= 1.1 to use 'torch.utils.tensorboard' or turn off the option in the 'config.json' file.
25-01-11 12:26:22.879 - INFO: Create the log file in directory checkpoints/train_mri2ct_g_nc3.

25-01-11 12:26:24.021 - INFO: Network [Network() form models.network] is created.
25-01-11 12:26:24.021 - INFO: Network [Network] weights initialize using [kaiming] method.
25-01-11 12:26:39.284 - INFO: Dataset [MRI2CTDataset() form data.dataset] is created.
25-01-11 12:26:39.284 - INFO: Dataset for train have 39490 samples.
25-01-11 12:26:43.069 - INFO: Dataset [MRI2CTDataset() form data.dataset] is created.
25-01-11 12:26:43.069 - INFO: Dataset for val have 10058 samples.
25-01-11 12:26:44.065 - INFO: Metric [mae() form models.metric] is created.
25-01-11 12:26:44.065 - INFO: Metric [mse() form models.metric] is created.
25-01-11 12:26:44.065 - INFO: Metric [SSIM() form models.metric] is created.
25-01-11 12:26:44.065 - INFO: Metric [PSNR() form models.metric] is created.
25-01-11 12:26:44.067 - INFO: Loss [mae_loss() form models.loss] is created.
25-01-11 12:26:50.804 - INFO: Model [Palette() form models.model] is created.
25-01-11 12:26:50.804 - INFO: Begin model train.
25-01-11 12:54:54.244 - INFO: train/mae_loss: 0.10513278330575125	
25-01-11 12:54:54.245 - INFO: epoch: 1	
25-01-11 12:54:54.245 - INFO: iters: 9872	
25-01-11 12:54:54.245 - INFO: 


------------------------------Validation Start------------------------------
25-01-11 13:09:46.511 - INFO: val/mae: 0.31069785356521606	
25-01-11 13:09:46.512 - INFO: val/mse: 0.1968405842781067	
25-01-11 13:09:46.512 - INFO: val/SSIM: 0.17720413778775307	
25-01-11 13:09:46.512 - INFO: val/PSNR: 15.247346809223297	
25-01-11 13:09:46.512 - INFO: val/VAL_MSE: 0.031141938641667366	
25-01-11 13:09:46.512 - INFO: 
------------------------------Validation End------------------------------


25-01-11 13:44:09.278 - INFO: train/mae_loss: 0.04362184147167848	
25-01-11 13:44:09.280 - INFO: epoch: 2	
25-01-11 13:44:09.280 - INFO: iters: 19754	
25-01-11 13:44:09.280 - INFO: 


------------------------------Validation Start------------------------------
25-01-11 13:58:56.657 - INFO: val/mae: 0.32043153047561646	
25-01-11 13:58:56.658 - INFO: val/mse: 0.20229192078113556	
25-01-11 13:58:56.658 - INFO: val/SSIM: 0.2545344982312069	
25-01-11 13:58:56.658 - INFO: val/PSNR: 15.669436628592482	
25-01-11 13:58:56.658 - INFO: val/VAL_MSE: 0.028796305879950523	
25-01-11 13:58:56.658 - INFO: 
------------------------------Validation End------------------------------


25-01-11 14:05:36.163 - INFO: train/mae_loss: 0.03644251581912829	
25-01-11 14:33:33.576 - INFO: train/mae_loss: 0.03364588637312503	
25-01-11 14:33:33.577 - INFO: epoch: 3	
25-01-11 14:33:33.577 - INFO: iters: 29636	
25-01-11 14:33:33.577 - INFO: 


------------------------------Validation Start------------------------------
25-01-11 14:48:25.861 - INFO: val/mae: 0.11593355983495712	
25-01-11 14:48:25.862 - INFO: val/mse: 0.07078129798173904	
25-01-11 14:48:25.862 - INFO: val/SSIM: 0.6397518480601597	
25-01-11 14:48:25.862 - INFO: val/PSNR: 20.07068998298533	
25-01-11 14:48:25.862 - INFO: val/VAL_MSE: 0.02532331831753254	
25-01-11 14:48:25.862 - INFO: 
------------------------------Validation End------------------------------


25-01-11 15:23:35.392 - INFO: train/mae_loss: 0.0299463579423629	
25-01-11 15:23:35.393 - INFO: epoch: 4	
25-01-11 15:23:35.393 - INFO: iters: 39518	
25-01-11 15:23:35.393 - INFO: 


------------------------------Validation Start------------------------------
25-01-11 15:38:30.382 - INFO: val/mae: 1.1215485334396362	
25-01-11 15:38:30.383 - INFO: val/mse: 1.5911706686019897	
25-01-11 15:38:30.383 - INFO: val/SSIM: 0.04286092485023113	
25-01-11 15:38:30.383 - INFO: val/PSNR: 7.089564430952348	
25-01-11 15:38:30.383 - INFO: val/VAL_MSE: 0.021814115345478058	
25-01-11 15:38:30.383 - INFO: 
------------------------------Validation End------------------------------


25-01-11 15:46:03.733 - INFO: train/mae_loss: 0.02777482503709399	
25-01-11 16:13:24.797 - INFO: train/mae_loss: 0.02695478856389228	
25-01-11 16:13:24.798 - INFO: epoch: 5	
25-01-11 16:13:24.798 - INFO: iters: 49400	
25-01-11 16:13:24.798 - INFO: Saving the self at the end of epoch 5
25-01-11 16:13:30.285 - INFO: 


------------------------------Validation Start------------------------------
25-01-11 16:28:21.403 - INFO: val/mae: 0.5732245445251465	
25-01-11 16:28:21.404 - INFO: val/mse: 0.5123433470726013	
25-01-11 16:28:21.404 - INFO: val/SSIM: 0.0701599528263531	
25-01-11 16:28:21.404 - INFO: val/PSNR: 11.435638058596608	
25-01-11 16:28:21.404 - INFO: val/VAL_MSE: 0.022430600598454475	
25-01-11 16:28:21.404 - INFO: 
------------------------------Validation End------------------------------


25-01-11 17:03:06.993 - INFO: train/mae_loss: 0.02523558958421493	
25-01-11 17:03:06.994 - INFO: epoch: 6	
25-01-11 17:03:06.994 - INFO: iters: 59282	
25-01-11 17:03:06.994 - INFO: 


------------------------------Validation Start------------------------------
25-01-11 17:17:59.941 - INFO: val/mae: 0.24357739090919495	
25-01-11 17:17:59.943 - INFO: val/mse: 0.1877257376909256	
25-01-11 17:17:59.943 - INFO: val/SSIM: 0.3863945257263211	
25-01-11 17:17:59.943 - INFO: val/PSNR: 18.728870584519047	
25-01-11 17:17:59.943 - INFO: val/VAL_MSE: 0.02189778909087181	
25-01-11 17:17:59.943 - INFO: 
------------------------------Validation End------------------------------


25-01-11 17:26:07.774 - INFO: train/mae_loss: 0.023159872511622763	
25-01-11 17:52:42.076 - INFO: train/mae_loss: 0.024290782070607007	
25-01-11 17:52:42.078 - INFO: epoch: 7	
25-01-11 17:52:42.078 - INFO: iters: 69164	
25-01-11 17:52:42.078 - INFO: 


------------------------------Validation Start------------------------------
25-01-11 18:07:38.309 - INFO: val/mae: 0.5483946204185486	
25-01-11 18:07:38.311 - INFO: val/mse: 0.6689630746841431	
25-01-11 18:07:38.311 - INFO: val/SSIM: 0.26757148072197745	
25-01-11 18:07:38.311 - INFO: val/PSNR: 14.390791091063743	
25-01-11 18:07:38.311 - INFO: val/VAL_MSE: 0.018447959795594215	
25-01-11 18:07:38.311 - INFO: 
------------------------------Validation End------------------------------


25-01-11 18:42:32.718 - INFO: train/mae_loss: 0.022752669752149797	
25-01-11 18:42:32.720 - INFO: epoch: 8	
25-01-11 18:42:32.720 - INFO: iters: 79046	
25-01-11 18:42:32.720 - INFO: 


------------------------------Validation Start------------------------------
25-01-11 18:57:39.234 - INFO: val/mae: 0.097115159034729	
25-01-11 18:57:39.237 - INFO: val/mse: 0.04258104786276817	
25-01-11 18:57:39.237 - INFO: val/SSIM: 0.6336482832053638	
25-01-11 18:57:39.237 - INFO: val/PSNR: 23.37285276653993	
25-01-11 18:57:39.238 - INFO: val/VAL_MSE: 0.01985003985464573	
25-01-11 18:57:39.238 - INFO: 
------------------------------Validation End------------------------------


25-01-11 19:06:18.606 - INFO: train/mae_loss: 0.02029127067436417	
25-01-11 19:32:06.741 - INFO: train/mae_loss: 0.021377729181225925	
25-01-11 19:32:06.742 - INFO: epoch: 9	
25-01-11 19:32:06.742 - INFO: iters: 88928	
25-01-11 19:32:06.742 - INFO: 


------------------------------Validation Start------------------------------
25-01-11 19:47:05.029 - INFO: val/mae: 1.4440501928329468	
25-01-11 19:47:05.032 - INFO: val/mse: 2.2992300987243652	
25-01-11 19:47:05.032 - INFO: val/SSIM: 0.015670967658644556	
25-01-11 19:47:05.032 - INFO: val/PSNR: 3.341185074552	
25-01-11 19:47:05.032 - INFO: val/VAL_MSE: 0.02293587662279606	
25-01-11 19:47:05.032 - INFO: 
------------------------------Validation End------------------------------


25-01-11 20:21:28.641 - INFO: train/mae_loss: 0.02039142606690876	
25-01-11 20:21:28.645 - INFO: epoch: 10	
25-01-11 20:21:28.645 - INFO: iters: 98810	
25-01-11 20:21:28.645 - INFO: Saving the self at the end of epoch 10
25-01-11 20:21:34.637 - INFO: 


------------------------------Validation Start------------------------------
25-01-11 20:36:28.801 - INFO: val/mae: 0.5784479975700378	
25-01-11 20:36:28.803 - INFO: val/mse: 0.5893742442131042	
25-01-11 20:36:28.803 - INFO: val/SSIM: 0.17209801131870886	
25-01-11 20:36:28.803 - INFO: val/PSNR: 11.43671941312709	
25-01-11 20:36:28.803 - INFO: val/VAL_MSE: 0.019232172518968582	
25-01-11 20:36:28.803 - INFO: 
------------------------------Validation End------------------------------


25-01-11 20:45:42.282 - INFO: train/mae_loss: 0.0215299604823655	
25-01-11 21:10:47.389 - INFO: train/mae_loss: 0.020451082155746942	
25-01-11 21:10:47.390 - INFO: epoch: 11	
25-01-11 21:10:47.390 - INFO: iters: 108692	
25-01-11 21:10:47.390 - INFO: 


------------------------------Validation Start------------------------------
25-01-11 21:25:42.120 - INFO: val/mae: 0.495459645986557	
25-01-11 21:25:42.122 - INFO: val/mse: 0.5618318915367126	
25-01-11 21:25:42.122 - INFO: val/SSIM: 0.32640285572572025	
25-01-11 21:25:42.122 - INFO: val/PSNR: 15.67314226089581	
25-01-11 21:25:42.122 - INFO: val/VAL_MSE: 0.017392635345458984	
25-01-11 21:25:42.122 - INFO: 
------------------------------Validation End------------------------------


25-01-11 22:00:01.801 - INFO: train/mae_loss: 0.020383491111403057	
25-01-11 22:00:01.803 - INFO: epoch: 12	
25-01-11 22:00:01.803 - INFO: iters: 118574	
25-01-11 22:00:01.803 - INFO: 


------------------------------Validation Start------------------------------
25-01-11 22:14:57.220 - INFO: val/mae: 0.529309093952179	
25-01-11 22:14:57.222 - INFO: val/mse: 0.44712215662002563	
25-01-11 22:14:57.222 - INFO: val/SSIM: 0.12043525230921873	
25-01-11 22:14:57.222 - INFO: val/PSNR: 11.861408564548821	
25-01-11 22:14:57.222 - INFO: val/VAL_MSE: 0.017295897006988525	
25-01-11 22:14:57.222 - INFO: 
------------------------------Validation End------------------------------


25-01-11 22:24:50.324 - INFO: train/mae_loss: 0.020038894104039938	
25-01-11 22:49:08.276 - INFO: train/mae_loss: 0.01963191527227616	
25-01-11 22:49:08.276 - INFO: epoch: 13	
25-01-11 22:49:08.277 - INFO: iters: 128456	
25-01-11 22:49:08.277 - INFO: 


------------------------------Validation Start------------------------------
25-01-11 23:04:02.367 - INFO: val/mae: 0.26888418197631836	
25-01-11 23:04:02.369 - INFO: val/mse: 0.14837074279785156	
25-01-11 23:04:02.369 - INFO: val/SSIM: 0.2866518107925796	
25-01-11 23:04:02.369 - INFO: val/PSNR: 16.984941944698527	
25-01-11 23:04:02.369 - INFO: val/VAL_MSE: 0.01672445982694626	
25-01-11 23:04:02.369 - INFO: 
------------------------------Validation End------------------------------


25-01-11 23:38:09.478 - INFO: train/mae_loss: 0.019395039690057694	
25-01-11 23:38:09.489 - INFO: epoch: 14	
25-01-11 23:38:09.489 - INFO: iters: 138338	
25-01-11 23:38:09.489 - INFO: 


------------------------------Validation Start------------------------------
25-01-11 23:53:03.956 - INFO: val/mae: 0.8084455728530884	
25-01-11 23:53:03.958 - INFO: val/mse: 0.9069108366966248	
25-01-11 23:53:03.958 - INFO: val/SSIM: 0.06862687207558098	
25-01-11 23:53:03.958 - INFO: val/PSNR: 7.9973683940109535	
25-01-11 23:53:03.958 - INFO: val/VAL_MSE: 0.016844650730490685	
25-01-11 23:53:03.958 - INFO: 
------------------------------Validation End------------------------------


25-01-12 00:03:36.031 - INFO: train/mae_loss: 0.018190167377506707	
25-01-12 00:27:13.625 - INFO: train/mae_loss: 0.018729915947508446	
25-01-12 00:27:13.626 - INFO: epoch: 15	
25-01-12 00:27:13.626 - INFO: iters: 148220	
25-01-12 00:27:13.626 - INFO: Saving the self at the end of epoch 15
25-01-12 00:27:19.030 - INFO: 


------------------------------Validation Start------------------------------
25-01-12 00:42:11.854 - INFO: val/mae: 0.16950127482414246	
25-01-12 00:42:11.856 - INFO: val/mse: 0.11409194767475128	
25-01-12 00:42:11.856 - INFO: val/SSIM: 0.5808635103805252	
25-01-12 00:42:11.856 - INFO: val/PSNR: 21.06098884202265	
25-01-12 00:42:11.856 - INFO: val/VAL_MSE: 0.019691145047545433	
25-01-12 00:42:11.857 - INFO: 
------------------------------Validation End------------------------------


25-01-12 01:16:15.663 - INFO: train/mae_loss: 0.018621105785259745	
25-01-12 01:16:15.664 - INFO: epoch: 16	
25-01-12 01:16:15.664 - INFO: iters: 158102	
25-01-12 01:16:15.664 - INFO: 


------------------------------Validation Start------------------------------
25-01-12 01:31:08.984 - INFO: val/mae: 0.12400168180465698	
25-01-12 01:31:08.987 - INFO: val/mse: 0.05256211385130882	
25-01-12 01:31:08.987 - INFO: val/SSIM: 0.4489358215143264	
25-01-12 01:31:08.987 - INFO: val/PSNR: 20.688077137897857	
25-01-12 01:31:08.987 - INFO: val/VAL_MSE: 0.01827988401055336	
25-01-12 01:31:08.987 - INFO: 
------------------------------Validation End------------------------------


25-01-12 01:42:18.405 - INFO: train/mae_loss: 0.01978354287231183	
25-01-12 02:05:10.572 - INFO: train/mae_loss: 0.01869003505561489	
25-01-12 02:05:10.574 - INFO: epoch: 17	
25-01-12 02:05:10.574 - INFO: iters: 167984	
25-01-12 02:05:10.574 - INFO: 


------------------------------Validation Start------------------------------
25-01-12 02:20:03.319 - INFO: val/mae: 0.3394874036312103	
25-01-12 02:20:03.320 - INFO: val/mse: 0.21283502876758575	
25-01-12 02:20:03.321 - INFO: val/SSIM: 0.235098317991838	
25-01-12 02:20:03.321 - INFO: val/PSNR: 15.539658086693114	
25-01-12 02:20:03.321 - INFO: val/VAL_MSE: 0.016941780224442482	
25-01-12 02:20:03.321 - INFO: 
------------------------------Validation End------------------------------


25-01-12 02:53:58.220 - INFO: train/mae_loss: 0.018614836056592966	
25-01-12 02:53:58.224 - INFO: epoch: 18	
25-01-12 02:53:58.224 - INFO: iters: 177866	
25-01-12 02:53:58.224 - INFO: 


------------------------------Validation Start------------------------------
25-01-12 03:22:09.205 - INFO: val/mae: 0.8314735293388367	
25-01-12 03:22:09.207 - INFO: val/mse: 0.9287838935852051	
25-01-12 03:22:09.207 - INFO: val/SSIM: 0.05879684387995465	
25-01-12 03:22:09.207 - INFO: val/PSNR: 7.0296932631273155	
25-01-12 03:22:09.207 - INFO: val/VAL_MSE: 0.01887230947613716	
25-01-12 03:22:09.207 - INFO: 
------------------------------Validation End------------------------------


25-01-12 03:33:25.782 - INFO: train/mae_loss: 0.018431325471589936	
25-01-12 03:55:35.535 - INFO: train/mae_loss: 0.01804029391067196	
25-01-12 03:55:35.537 - INFO: epoch: 19	
25-01-12 03:55:35.537 - INFO: iters: 187748	
25-01-12 03:55:35.537 - INFO: 


------------------------------Validation Start------------------------------
25-01-12 04:10:27.498 - INFO: val/mae: 0.3751266300678253	
25-01-12 04:10:27.500 - INFO: val/mse: 0.2521446645259857	
25-01-12 04:10:27.501 - INFO: val/SSIM: 0.25700322977542867	
25-01-12 04:10:27.501 - INFO: val/PSNR: 13.88082281790874	
25-01-12 04:10:27.501 - INFO: val/VAL_MSE: 0.01595807820558548	
25-01-12 04:10:27.501 - INFO: 
------------------------------Validation End------------------------------


25-01-12 04:44:13.707 - INFO: train/mae_loss: 0.017385225018053927	
25-01-12 04:44:13.708 - INFO: epoch: 20	
25-01-12 04:44:13.708 - INFO: iters: 197630	
25-01-12 04:44:13.708 - INFO: Saving the self at the end of epoch 20
25-01-12 04:44:19.025 - INFO: 


------------------------------Validation Start------------------------------
25-01-12 04:59:10.870 - INFO: val/mae: 0.28563687205314636	
25-01-12 04:59:10.872 - INFO: val/mse: 0.19881285727024078	
25-01-12 04:59:10.872 - INFO: val/SSIM: 0.3908279939437236	
25-01-12 04:59:10.872 - INFO: val/PSNR: 17.834977787113804	
25-01-12 04:59:10.872 - INFO: val/VAL_MSE: 0.02077685296535492	
25-01-12 04:59:10.872 - INFO: 
------------------------------Validation End------------------------------


25-01-12 05:11:26.036 - INFO: train/mae_loss: 0.01889576155423992	
25-01-12 05:32:46.878 - INFO: train/mae_loss: 0.018031082866446235	
25-01-12 05:32:46.879 - INFO: epoch: 21	
25-01-12 05:32:46.879 - INFO: iters: 207512	
25-01-12 05:32:46.879 - INFO: 


------------------------------Validation Start------------------------------
25-01-12 05:47:42.064 - INFO: val/mae: 0.06627139449119568	
25-01-12 05:47:42.066 - INFO: val/mse: 0.02993634343147278	
25-01-12 05:47:42.066 - INFO: val/SSIM: 0.7291715727223228	
25-01-12 05:47:42.066 - INFO: val/PSNR: 22.57918627365128	
25-01-12 05:47:42.066 - INFO: val/VAL_MSE: 0.017001889646053314	
25-01-12 05:47:42.066 - INFO: 
------------------------------Validation End------------------------------


25-01-12 06:21:15.412 - INFO: train/mae_loss: 0.017586132945648335	
25-01-12 06:21:15.414 - INFO: epoch: 22	
25-01-12 06:21:15.414 - INFO: iters: 217394	
25-01-12 06:21:15.414 - INFO: 


------------------------------Validation Start------------------------------
25-01-12 06:36:09.903 - INFO: val/mae: 0.5818525552749634	
25-01-12 06:36:09.905 - INFO: val/mse: 0.5193645358085632	
25-01-12 06:36:09.905 - INFO: val/SSIM: 0.17187632953806464	
25-01-12 06:36:09.906 - INFO: val/PSNR: 9.82575645438749	
25-01-12 06:36:09.906 - INFO: val/VAL_MSE: 0.01860348880290985	
25-01-12 06:36:09.906 - INFO: 
------------------------------Validation End------------------------------


25-01-12 06:49:05.365 - INFO: train/mae_loss: 0.017125420975864784	
25-01-12 07:09:49.172 - INFO: train/mae_loss: 0.01723309239935631	
25-01-12 07:09:49.173 - INFO: epoch: 23	
25-01-12 07:09:49.173 - INFO: iters: 227276	
25-01-12 07:09:49.174 - INFO: 


------------------------------Validation Start------------------------------
25-01-12 07:24:39.033 - INFO: val/mae: 0.3111521005630493	
25-01-12 07:24:39.035 - INFO: val/mse: 0.17597989737987518	
25-01-12 07:24:39.035 - INFO: val/SSIM: 0.2779510034786504	
25-01-12 07:24:39.035 - INFO: val/PSNR: 14.74387000282068	
25-01-12 07:24:39.035 - INFO: val/VAL_MSE: 0.017535274848341942	
25-01-12 07:24:39.035 - INFO: 
------------------------------Validation End------------------------------


25-01-12 07:58:18.274 - INFO: train/mae_loss: 0.017099348647441455	
25-01-12 07:58:18.275 - INFO: epoch: 24	
25-01-12 07:58:18.275 - INFO: iters: 237158	
25-01-12 07:58:18.275 - INFO: 


------------------------------Validation Start------------------------------
25-01-12 08:13:07.719 - INFO: val/mae: 0.08989911526441574	
25-01-12 08:13:07.721 - INFO: val/mse: 0.03480647876858711	
25-01-12 08:13:07.721 - INFO: val/SSIM: 0.6355276238804295	
25-01-12 08:13:07.721 - INFO: val/PSNR: 23.254308664602313	
25-01-12 08:13:07.721 - INFO: val/VAL_MSE: 0.016630690544843674	
25-01-12 08:13:07.721 - INFO: 
------------------------------Validation End------------------------------


25-01-12 08:26:43.622 - INFO: train/mae_loss: 0.01636092585319453	
25-01-12 08:46:44.832 - INFO: train/mae_loss: 0.016466083381392178	
25-01-12 08:46:44.833 - INFO: epoch: 25	
25-01-12 08:46:44.833 - INFO: iters: 247040	
25-01-12 08:46:44.833 - INFO: Saving the self at the end of epoch 25
25-01-12 08:46:50.256 - INFO: 


------------------------------Validation Start------------------------------
25-01-12 09:01:38.959 - INFO: val/mae: 0.07481197267770767	
25-01-12 09:01:38.961 - INFO: val/mse: 0.019691694527864456	
25-01-12 09:01:38.961 - INFO: val/SSIM: 0.6011636148775109	
25-01-12 09:01:38.961 - INFO: val/PSNR: 24.088000398786754	
25-01-12 09:01:38.961 - INFO: val/VAL_MSE: 0.016392292454838753	
25-01-12 09:01:38.961 - INFO: 
------------------------------Validation End------------------------------


25-01-12 09:35:25.426 - INFO: train/mae_loss: 0.016522432484145533	
25-01-12 09:35:25.427 - INFO: epoch: 26	
25-01-12 09:35:25.427 - INFO: iters: 256922	
25-01-12 09:35:25.427 - INFO: 


------------------------------Validation Start------------------------------
25-01-12 09:50:16.186 - INFO: val/mae: 0.20721189677715302	
25-01-12 09:50:16.188 - INFO: val/mse: 0.1518237143754959	
25-01-12 09:50:16.188 - INFO: val/SSIM: nan	
25-01-12 09:50:16.188 - INFO: val/PSNR: nan	
25-01-12 09:50:16.188 - INFO: val/VAL_MSE: 0.0155263040214777	
25-01-12 09:50:16.188 - INFO: 
------------------------------Validation End------------------------------


25-01-12 10:04:43.008 - INFO: train/mae_loss: 0.016719650199716957	
25-01-12 10:24:09.885 - INFO: train/mae_loss: 0.01636129553200348	
25-01-12 10:24:09.886 - INFO: epoch: 27	
25-01-12 10:24:09.886 - INFO: iters: 266804	
25-01-12 10:24:09.886 - INFO: 


------------------------------Validation Start------------------------------
25-01-12 10:39:02.963 - INFO: val/mae: 0.271831214427948	
25-01-12 10:39:02.965 - INFO: val/mse: 0.1723257154226303	
25-01-12 10:39:02.965 - INFO: val/SSIM: 0.3155123157677991	
25-01-12 10:39:02.965 - INFO: val/PSNR: 16.341338623480457	
25-01-12 10:39:02.965 - INFO: val/VAL_MSE: 0.018774233758449554	
25-01-12 10:39:02.965 - INFO: 
------------------------------Validation End------------------------------


25-01-12 11:12:52.815 - INFO: train/mae_loss: 0.016571029975336358	
25-01-12 11:12:52.817 - INFO: epoch: 28	
25-01-12 11:12:52.817 - INFO: iters: 276686	
25-01-12 11:12:52.817 - INFO: 


------------------------------Validation Start------------------------------
25-01-12 11:27:41.660 - INFO: val/mae: 0.28628119826316833	
25-01-12 11:27:41.662 - INFO: val/mse: 0.2290765792131424	
25-01-12 11:27:41.662 - INFO: val/SSIM: 0.4017308218474782	
25-01-12 11:27:41.662 - INFO: val/PSNR: 17.374989457689527	
25-01-12 11:27:41.662 - INFO: val/VAL_MSE: 0.01903093047440052	
25-01-12 11:27:41.662 - INFO: 
------------------------------Validation End------------------------------


25-01-12 11:42:48.124 - INFO: train/mae_loss: 0.016977777828058774	
25-01-12 12:01:36.829 - INFO: train/mae_loss: 0.016606488884720993	
25-01-12 12:01:36.830 - INFO: epoch: 29	
25-01-12 12:01:36.830 - INFO: iters: 286568	
25-01-12 12:01:36.830 - INFO: 


------------------------------Validation Start------------------------------
25-01-12 12:16:28.191 - INFO: val/mae: 0.08361675590276718	
25-01-12 12:16:28.194 - INFO: val/mse: 0.030401179566979408	
25-01-12 12:16:28.194 - INFO: val/SSIM: 0.631762698109925	
25-01-12 12:16:28.194 - INFO: val/PSNR: 23.355614600929023	
25-01-12 12:16:28.194 - INFO: val/VAL_MSE: 0.019814547151327133	
25-01-12 12:16:28.194 - INFO: 
------------------------------Validation End------------------------------


25-01-12 12:50:27.465 - INFO: train/mae_loss: 0.016126480434660466	
25-01-12 12:50:27.467 - INFO: epoch: 30	
25-01-12 12:50:27.467 - INFO: iters: 296450	
25-01-12 12:50:27.467 - INFO: Saving the self at the end of epoch 30
25-01-12 12:50:32.825 - INFO: 


------------------------------Validation Start------------------------------
25-01-12 13:05:24.726 - INFO: val/mae: 0.7011910676956177	
25-01-12 13:05:24.727 - INFO: val/mse: 0.7107624411582947	
25-01-12 13:05:24.727 - INFO: val/SSIM: 0.10236445427157104	
25-01-12 13:05:24.727 - INFO: val/PSNR: 7.92132793338188	
25-01-12 13:05:24.727 - INFO: val/VAL_MSE: 0.015796761959791183	
25-01-12 13:05:24.727 - INFO: 
------------------------------Validation End------------------------------


25-01-12 13:21:03.057 - INFO: train/mae_loss: 0.016234796080938252	
25-01-12 13:39:07.809 - INFO: train/mae_loss: 0.016130768278039345	
25-01-12 13:39:07.810 - INFO: epoch: 31	
25-01-12 13:39:07.810 - INFO: iters: 306332	
25-01-12 13:39:07.810 - INFO: 


------------------------------Validation Start------------------------------
25-01-12 13:53:58.116 - INFO: val/mae: 0.03728412836790085	
25-01-12 13:53:58.117 - INFO: val/mse: 0.013416252098977566	
25-01-12 13:53:58.117 - INFO: val/SSIM: 0.8496872783127001	
25-01-12 13:53:58.117 - INFO: val/PSNR: 23.707395246077787	
25-01-12 13:53:58.117 - INFO: val/VAL_MSE: 0.01975412853062153	
25-01-12 13:53:58.117 - INFO: 
------------------------------Validation End------------------------------


25-01-12 14:27:45.847 - INFO: train/mae_loss: 0.016258727160819792	
25-01-12 14:27:45.848 - INFO: epoch: 32	
25-01-12 14:27:45.848 - INFO: iters: 316214	
25-01-12 14:27:45.848 - INFO: 


------------------------------Validation Start------------------------------
25-01-12 14:42:35.105 - INFO: val/mae: 0.11566009372472763	
25-01-12 14:42:35.109 - INFO: val/mse: 0.05060897022485733	
25-01-12 14:42:35.109 - INFO: val/SSIM: 0.6452551008079906	
25-01-12 14:42:35.109 - INFO: val/PSNR: 21.8926167344485	
25-01-12 14:42:35.109 - INFO: val/VAL_MSE: 0.01889783889055252	
25-01-12 14:42:35.109 - INFO: 
------------------------------Validation End------------------------------


25-01-12 14:59:44.025 - INFO: train/mae_loss: 0.015998887510326992	
25-01-12 15:17:21.676 - INFO: train/mae_loss: 0.015707076989160323	
25-01-12 15:17:21.677 - INFO: epoch: 33	
25-01-12 15:17:21.677 - INFO: iters: 326096	
25-01-12 15:17:21.677 - INFO: 


------------------------------Validation Start------------------------------
25-01-12 15:32:13.521 - INFO: val/mae: 0.7988722324371338	
25-01-12 15:32:13.522 - INFO: val/mse: 0.8427162170410156	
25-01-12 15:32:13.522 - INFO: val/SSIM: 0.06218976050735901	
25-01-12 15:32:13.522 - INFO: val/PSNR: 6.574335048995013	
25-01-12 15:32:13.522 - INFO: val/VAL_MSE: 0.015488454140722752	
25-01-12 15:32:13.522 - INFO: 
------------------------------Validation End------------------------------


25-01-12 16:06:07.305 - INFO: train/mae_loss: 0.01559422310202864	
25-01-12 16:06:07.306 - INFO: epoch: 34	
25-01-12 16:06:07.306 - INFO: iters: 335978	
25-01-12 16:06:07.306 - INFO: 


------------------------------Validation Start------------------------------
25-01-12 16:20:56.623 - INFO: val/mae: 0.89631187915802	
25-01-12 16:20:56.624 - INFO: val/mse: 1.0458548069000244	
25-01-12 16:20:56.624 - INFO: val/SSIM: 0.043808254619461785	
25-01-12 16:20:56.624 - INFO: val/PSNR: 5.2149458452176045	
25-01-12 16:20:56.624 - INFO: val/VAL_MSE: 0.017949318513274193	
25-01-12 16:20:56.624 - INFO: 
------------------------------Validation End------------------------------


25-01-12 16:38:06.821 - INFO: train/mae_loss: 0.015602049355581774	
25-01-12 16:54:53.337 - INFO: train/mae_loss: 0.015711301385151068	
25-01-12 16:54:53.341 - INFO: epoch: 35	
25-01-12 16:54:53.342 - INFO: iters: 345860	
25-01-12 16:54:53.342 - INFO: Saving the self at the end of epoch 35
25-01-12 16:54:58.691 - INFO: 


------------------------------Validation Start------------------------------
25-01-12 17:09:49.721 - INFO: val/mae: 0.062074512243270874	
25-01-12 17:09:49.722 - INFO: val/mse: 0.013480176217854023	
25-01-12 17:09:49.722 - INFO: val/SSIM: 0.6535827325615683	
25-01-12 17:09:49.722 - INFO: val/PSNR: 25.10067002514751	
25-01-12 17:09:49.722 - INFO: val/VAL_MSE: 0.02003956213593483	
25-01-12 17:09:49.722 - INFO: 
------------------------------Validation End------------------------------


25-01-12 17:43:38.218 - INFO: train/mae_loss: 0.015406118139829878	
25-01-12 17:43:38.220 - INFO: epoch: 36	
25-01-12 17:43:38.220 - INFO: iters: 355742	
25-01-12 17:43:38.220 - INFO: 


------------------------------Validation Start------------------------------
25-01-12 17:58:28.819 - INFO: val/mae: 0.6645338535308838	
25-01-12 17:58:28.821 - INFO: val/mse: 0.6586150527000427	
25-01-12 17:58:28.821 - INFO: val/SSIM: 0.10634746261465758	
25-01-12 17:58:28.821 - INFO: val/PSNR: 7.660333995664037	
25-01-12 17:58:28.821 - INFO: val/VAL_MSE: 0.019518066197633743	
25-01-12 17:58:28.821 - INFO: 
------------------------------Validation End------------------------------


25-01-12 18:16:21.058 - INFO: train/mae_loss: 0.015481270806953353	
25-01-12 18:32:25.052 - INFO: train/mae_loss: 0.015386311947164312	
25-01-12 18:32:25.056 - INFO: epoch: 37	
25-01-12 18:32:25.056 - INFO: iters: 365624	
25-01-12 18:32:25.056 - INFO: 


------------------------------Validation Start------------------------------
25-01-12 18:47:31.294 - INFO: val/mae: 0.5495967864990234	
25-01-12 18:47:31.295 - INFO: val/mse: 0.47209951281547546	
25-01-12 18:47:31.295 - INFO: val/SSIM: 0.1608604203975233	
25-01-12 18:47:31.295 - INFO: val/PSNR: 9.325145178778957	
25-01-12 18:47:31.295 - INFO: val/VAL_MSE: 0.019321398809552193	
25-01-12 18:47:31.295 - INFO: 
------------------------------Validation End------------------------------


25-01-12 19:21:03.740 - INFO: train/mae_loss: 0.015378129638156384	
25-01-12 19:21:03.742 - INFO: epoch: 38	
25-01-12 19:21:03.743 - INFO: iters: 375506	
25-01-12 19:21:03.743 - INFO: 


------------------------------Validation Start------------------------------
25-01-12 19:35:53.902 - INFO: val/mae: 0.541851818561554	
25-01-12 19:35:53.903 - INFO: val/mse: 0.44034671783447266	
25-01-12 19:35:53.903 - INFO: val/SSIM: 0.126426951203265	
25-01-12 19:35:53.903 - INFO: val/PSNR: 9.962531075987064	
25-01-12 19:35:53.903 - INFO: val/VAL_MSE: 0.015126924030482769	
25-01-12 19:35:53.903 - INFO: 
------------------------------Validation End------------------------------


25-01-12 19:54:19.073 - INFO: train/mae_loss: 0.015562060362402678	
25-01-12 20:09:44.947 - INFO: train/mae_loss: 0.015182012780867608	
25-01-12 20:09:44.949 - INFO: epoch: 39	
25-01-12 20:09:44.949 - INFO: iters: 385388	
25-01-12 20:09:44.949 - INFO: 


------------------------------Validation Start------------------------------
25-01-12 20:24:37.169 - INFO: val/mae: 0.4864517152309418	
25-01-12 20:24:37.171 - INFO: val/mse: 0.37580108642578125	
25-01-12 20:24:37.171 - INFO: val/SSIM: 0.1919447526533749	
25-01-12 20:24:37.171 - INFO: val/PSNR: 10.93860691957453	
25-01-12 20:24:37.171 - INFO: val/VAL_MSE: 0.017178012058138847	
25-01-12 20:24:37.171 - INFO: 
------------------------------Validation End------------------------------


25-01-12 20:58:24.835 - INFO: train/mae_loss: 0.015530510412244581	
25-01-12 20:58:24.836 - INFO: epoch: 40	
25-01-12 20:58:24.836 - INFO: iters: 395270	
25-01-12 20:58:24.836 - INFO: Saving the self at the end of epoch 40
25-01-12 20:58:30.303 - INFO: 


------------------------------Validation Start------------------------------
25-01-12 21:13:19.906 - INFO: val/mae: 0.024719007313251495	
25-01-12 21:13:19.907 - INFO: val/mse: 0.006621615029871464	
25-01-12 21:13:19.907 - INFO: val/SSIM: 0.8889326038175858	
25-01-12 21:13:19.907 - INFO: val/PSNR: 26.823383387778996	
25-01-12 21:13:19.907 - INFO: val/VAL_MSE: 0.01893732137978077	
25-01-12 21:13:19.907 - INFO: 
------------------------------Validation End------------------------------


25-01-12 21:32:19.874 - INFO: train/mae_loss: 0.015415127367428425	
25-01-12 21:47:01.208 - INFO: train/mae_loss: 0.01534307875126718	
25-01-12 21:47:01.211 - INFO: epoch: 41	
25-01-12 21:47:01.211 - INFO: iters: 405152	
25-01-12 21:47:01.211 - INFO: 


------------------------------Validation Start------------------------------
25-01-12 22:01:52.916 - INFO: val/mae: 0.23865699768066406	
25-01-12 22:01:52.917 - INFO: val/mse: 0.1260501742362976	
25-01-12 22:01:52.917 - INFO: val/SSIM: 0.374682677354871	
25-01-12 22:01:52.917 - INFO: val/PSNR: 18.26504255159123	
25-01-12 22:01:52.917 - INFO: val/VAL_MSE: 0.01847147010266781	
25-01-12 22:01:52.917 - INFO: 
------------------------------Validation End------------------------------


25-01-12 22:35:41.168 - INFO: train/mae_loss: 0.01454678048823871	
25-01-12 22:35:41.171 - INFO: epoch: 42	
25-01-12 22:35:41.171 - INFO: iters: 415034	
25-01-12 22:35:41.171 - INFO: 


------------------------------Validation Start------------------------------
25-01-12 22:50:34.316 - INFO: val/mae: 0.12005727738142014	
25-01-12 22:50:34.318 - INFO: val/mse: 0.06127321720123291	
25-01-12 22:50:34.318 - INFO: val/SSIM: 0.5809437171483726	
25-01-12 22:50:34.318 - INFO: val/PSNR: 22.031853756811547	
25-01-12 22:50:34.318 - INFO: val/VAL_MSE: 0.017148228362202644	
25-01-12 22:50:34.318 - INFO: 
------------------------------Validation End------------------------------


25-01-12 23:10:17.808 - INFO: train/mae_loss: 0.014504046062093236	
25-01-12 23:24:18.482 - INFO: train/mae_loss: 0.014877321337356504	
25-01-12 23:24:18.483 - INFO: epoch: 43	
25-01-12 23:24:18.483 - INFO: iters: 424916	
25-01-12 23:24:18.483 - INFO: 


------------------------------Validation Start------------------------------
25-01-12 23:39:11.333 - INFO: val/mae: 0.3359537124633789	
25-01-12 23:39:11.334 - INFO: val/mse: 0.24229244887828827	
25-01-12 23:39:11.334 - INFO: val/SSIM: 0.24032966820202534	
25-01-12 23:39:11.334 - INFO: val/PSNR: 14.3744116052473	
25-01-12 23:39:11.334 - INFO: val/VAL_MSE: 0.01818952150642872	
25-01-12 23:39:11.334 - INFO: 
------------------------------Validation End------------------------------


25-01-13 00:12:58.660 - INFO: train/mae_loss: 0.014839395758812128	
25-01-13 00:12:58.662 - INFO: epoch: 44	
25-01-13 00:12:58.662 - INFO: iters: 434798	
25-01-13 00:12:58.662 - INFO: 


------------------------------Validation Start------------------------------
25-01-13 00:27:48.443 - INFO: val/mae: 0.07227986305952072	
25-01-13 00:27:48.444 - INFO: val/mse: 0.02050512097775936	
25-01-13 00:27:48.444 - INFO: val/SSIM: 0.6041480676563474	
25-01-13 00:27:48.445 - INFO: val/PSNR: 23.30409775206224	
25-01-13 00:27:48.445 - INFO: val/VAL_MSE: 0.016026848927140236	
25-01-13 00:27:48.445 - INFO: 
------------------------------Validation End------------------------------


25-01-13 00:48:25.788 - INFO: train/mae_loss: 0.014869976980692043	
25-01-13 01:01:47.065 - INFO: train/mae_loss: 0.015039151338871713	
25-01-13 01:01:47.066 - INFO: epoch: 45	
25-01-13 01:01:47.066 - INFO: iters: 444680	
25-01-13 01:01:47.066 - INFO: Saving the self at the end of epoch 45
25-01-13 01:01:53.288 - INFO: 


------------------------------Validation Start------------------------------
25-01-13 01:16:44.667 - INFO: val/mae: 0.16850800812244415	
25-01-13 01:16:44.668 - INFO: val/mse: 0.09029346704483032	
25-01-13 01:16:44.668 - INFO: val/SSIM: 0.4419002151792257	
25-01-13 01:16:44.668 - INFO: val/PSNR: 19.49126097363827	
25-01-13 01:16:44.668 - INFO: val/VAL_MSE: 0.01669980399310589	
25-01-13 01:16:44.668 - INFO: 
------------------------------Validation End------------------------------


25-01-13 01:50:22.638 - INFO: train/mae_loss: 0.014472601390643743	
25-01-13 01:50:22.640 - INFO: epoch: 46	
25-01-13 01:50:22.640 - INFO: iters: 454562	
25-01-13 01:50:22.640 - INFO: 


------------------------------Validation Start------------------------------
25-01-13 02:05:11.931 - INFO: val/mae: 0.07520946115255356	
25-01-13 02:05:11.932 - INFO: val/mse: 0.026402413845062256	
25-01-13 02:05:11.932 - INFO: val/SSIM: 0.7070928741594802	
25-01-13 02:05:11.932 - INFO: val/PSNR: 22.809728407879447	
25-01-13 02:05:11.932 - INFO: val/VAL_MSE: 0.01618983782827854	
25-01-13 02:05:11.932 - INFO: 
------------------------------Validation End------------------------------


25-01-13 02:26:16.761 - INFO: train/mae_loss: 0.013566909937322546	
25-01-13 02:38:58.221 - INFO: train/mae_loss: 0.014185829027053995	
25-01-13 02:38:58.225 - INFO: epoch: 47	
25-01-13 02:38:58.225 - INFO: iters: 464444	
25-01-13 02:38:58.225 - INFO: 


------------------------------Validation Start------------------------------
25-01-13 02:53:47.942 - INFO: val/mae: 0.17787112295627594	
25-01-13 02:53:47.944 - INFO: val/mse: 0.10460597276687622	
25-01-13 02:53:47.944 - INFO: val/SSIM: 0.4570681376330746	
25-01-13 02:53:47.944 - INFO: val/PSNR: 21.19801229029489	
25-01-13 02:53:47.945 - INFO: val/VAL_MSE: 0.017568212002515793	
25-01-13 02:53:47.945 - INFO: 
------------------------------Validation End------------------------------


25-01-13 03:27:41.477 - INFO: train/mae_loss: 0.014843398610407689	
25-01-13 03:27:41.478 - INFO: epoch: 48	
25-01-13 03:27:41.478 - INFO: iters: 474326	
25-01-13 03:27:41.478 - INFO: 


------------------------------Validation Start------------------------------
25-01-13 03:42:31.346 - INFO: val/mae: 0.03864729031920433	
25-01-13 03:42:31.348 - INFO: val/mse: 0.009856854565441608	
25-01-13 03:42:31.348 - INFO: val/SSIM: 0.7753328778779272	
25-01-13 03:42:31.348 - INFO: val/PSNR: 24.46545795665269	
25-01-13 03:42:31.348 - INFO: val/VAL_MSE: 0.017348166555166245	
25-01-13 03:42:31.348 - INFO: 
------------------------------Validation End------------------------------


25-01-13 04:04:17.928 - INFO: train/mae_loss: 0.015015237388368118	
25-01-13 04:16:18.802 - INFO: train/mae_loss: 0.014479463504147347	
25-01-13 04:16:18.803 - INFO: epoch: 49	
25-01-13 04:16:18.804 - INFO: iters: 484208	
25-01-13 04:16:18.804 - INFO: 


------------------------------Validation Start------------------------------
25-01-13 04:31:08.487 - INFO: val/mae: 0.8684118390083313	
25-01-13 04:31:08.489 - INFO: val/mse: 1.0042250156402588	
25-01-13 04:31:08.489 - INFO: val/SSIM: 0.060233280807881054	
25-01-13 04:31:08.489 - INFO: val/PSNR: 5.666840579378837	
25-01-13 04:31:08.489 - INFO: val/VAL_MSE: 0.01477104239165783	
25-01-13 04:31:08.489 - INFO: 
------------------------------Validation End------------------------------


25-01-13 05:04:53.630 - INFO: train/mae_loss: 0.01403923695729638	
25-01-13 05:04:53.635 - INFO: epoch: 50	
25-01-13 05:04:53.635 - INFO: iters: 494090	
25-01-13 05:04:53.636 - INFO: Saving the self at the end of epoch 50
25-01-13 05:04:59.354 - INFO: 


------------------------------Validation Start------------------------------
25-01-13 05:19:50.076 - INFO: val/mae: 0.4031488597393036	
25-01-13 05:19:50.077 - INFO: val/mse: 0.27683648467063904	
25-01-13 05:19:50.078 - INFO: val/SSIM: 0.20936450808123275	
25-01-13 05:19:50.078 - INFO: val/PSNR: 12.321115586926052	
25-01-13 05:19:50.078 - INFO: val/VAL_MSE: 0.017852453514933586	
25-01-13 05:19:50.078 - INFO: 
------------------------------Validation End------------------------------


25-01-13 05:42:11.948 - INFO: train/mae_loss: 0.0144220701843437	
25-01-13 05:53:33.888 - INFO: train/mae_loss: 0.014386678822176317	
25-01-13 05:53:33.888 - INFO: epoch: 51	
25-01-13 05:53:33.888 - INFO: iters: 503972	
25-01-13 05:53:33.888 - INFO: 


------------------------------Validation Start------------------------------
25-01-13 06:08:22.171 - INFO: val/mae: 0.09236133843660355	
25-01-13 06:08:22.172 - INFO: val/mse: 0.028660301119089127	
25-01-13 06:08:22.172 - INFO: val/SSIM: 0.5344328977492437	
25-01-13 06:08:22.172 - INFO: val/PSNR: 22.677718401393662	
25-01-13 06:08:22.172 - INFO: val/VAL_MSE: 0.019270937889814377	
25-01-13 06:08:22.172 - INFO: 
------------------------------Validation End------------------------------


25-01-13 06:42:23.240 - INFO: train/mae_loss: 0.014344182697153459	
25-01-13 06:42:23.244 - INFO: epoch: 52	
25-01-13 06:42:23.244 - INFO: iters: 513854	
25-01-13 06:42:23.244 - INFO: 


------------------------------Validation Start------------------------------
25-01-13 06:57:14.015 - INFO: val/mae: 0.4058144688606262	
25-01-13 06:57:14.016 - INFO: val/mse: 0.29969578981399536	
25-01-13 06:57:14.016 - INFO: val/SSIM: 0.22544320965189318	
25-01-13 06:57:14.017 - INFO: val/PSNR: 13.329416746625848	
25-01-13 06:57:14.017 - INFO: val/VAL_MSE: 0.018665533512830734	
25-01-13 06:57:14.017 - INFO: 
------------------------------Validation End------------------------------


25-01-13 07:20:30.575 - INFO: train/mae_loss: 0.013765829083912872	
25-01-13 07:31:08.708 - INFO: train/mae_loss: 0.013936294572551643	
25-01-13 07:31:08.710 - INFO: epoch: 53	
25-01-13 07:31:08.710 - INFO: iters: 523736	
25-01-13 07:31:08.710 - INFO: 


------------------------------Validation Start------------------------------
25-01-13 07:45:59.311 - INFO: val/mae: 0.18555262684822083	
25-01-13 07:45:59.312 - INFO: val/mse: 0.10033252090215683	
25-01-13 07:45:59.312 - INFO: val/SSIM: 0.4702718830377453	
25-01-13 07:45:59.312 - INFO: val/PSNR: 20.10673909726666	
25-01-13 07:45:59.313 - INFO: val/VAL_MSE: 0.015836220234632492	
25-01-13 07:45:59.313 - INFO: 
------------------------------Validation End------------------------------


25-01-13 08:19:45.081 - INFO: train/mae_loss: 0.014044495010212656	
25-01-13 08:19:45.082 - INFO: epoch: 54	
25-01-13 08:19:45.082 - INFO: iters: 533618	
25-01-13 08:19:45.082 - INFO: 


------------------------------Validation Start------------------------------
25-01-13 08:34:36.972 - INFO: val/mae: 0.03140109404921532	
25-01-13 08:34:36.975 - INFO: val/mse: 0.008235572837293148	
25-01-13 08:34:36.975 - INFO: val/SSIM: 0.8497247132847949	
25-01-13 08:34:36.975 - INFO: val/PSNR: 25.840611947243968	
25-01-13 08:34:36.975 - INFO: val/VAL_MSE: 0.020556194707751274	
25-01-13 08:34:36.975 - INFO: 
------------------------------Validation End------------------------------


25-01-13 08:58:14.092 - INFO: train/mae_loss: 0.014168805348478159	
25-01-13 09:08:12.850 - INFO: train/mae_loss: 0.013967078211762591	
25-01-13 09:08:12.851 - INFO: epoch: 55	
25-01-13 09:08:12.851 - INFO: iters: 543500	
25-01-13 09:08:12.851 - INFO: Saving the self at the end of epoch 55
25-01-13 09:08:18.280 - INFO: 


------------------------------Validation Start------------------------------
25-01-13 09:23:06.386 - INFO: val/mae: 0.030359774827957153	
25-01-13 09:23:06.386 - INFO: val/mse: 0.010146007873117924	
25-01-13 09:23:06.386 - INFO: val/SSIM: 0.8659858471467778	
25-01-13 09:23:06.386 - INFO: val/PSNR: 24.055709687698652	
25-01-13 09:23:06.387 - INFO: val/VAL_MSE: 0.02107761614024639	
25-01-13 09:23:06.387 - INFO: 
------------------------------Validation End------------------------------


25-01-13 09:56:44.638 - INFO: train/mae_loss: 0.014102127529058841	
25-01-13 09:56:44.640 - INFO: epoch: 56	
25-01-13 09:56:44.640 - INFO: iters: 553382	
25-01-13 09:56:44.640 - INFO: 


------------------------------Validation Start------------------------------
25-01-13 10:11:31.206 - INFO: val/mae: 0.8342826962471008	
25-01-13 10:11:31.209 - INFO: val/mse: 0.9670590758323669	
25-01-13 10:11:31.209 - INFO: val/SSIM: 0.08768361957265258	
25-01-13 10:11:31.209 - INFO: val/PSNR: 7.7163315594456865	
25-01-13 10:11:31.209 - INFO: val/VAL_MSE: 0.01709846779704094	
25-01-13 10:11:31.209 - INFO: 
------------------------------Validation End------------------------------


25-01-13 10:36:17.758 - INFO: train/mae_loss: 0.014233087581727815	
25-01-13 10:45:42.608 - INFO: train/mae_loss: 0.014296430625916554	
25-01-13 10:45:42.611 - INFO: epoch: 57	
25-01-13 10:45:42.611 - INFO: iters: 563264	
25-01-13 10:45:42.611 - INFO: 


------------------------------Validation Start------------------------------
25-01-13 11:00:35.319 - INFO: val/mae: 0.035069290548563004	
25-01-13 11:00:35.321 - INFO: val/mse: 0.010136817581951618	
25-01-13 11:00:35.321 - INFO: val/SSIM: 0.810680716903585	
25-01-13 11:00:35.321 - INFO: val/PSNR: 25.071160828494158	
25-01-13 11:00:35.321 - INFO: val/VAL_MSE: 0.01655341498553753	
25-01-13 11:00:35.321 - INFO: 
------------------------------Validation End------------------------------


25-01-13 11:35:05.794 - INFO: train/mae_loss: 0.013645760553592371	
25-01-13 11:35:05.796 - INFO: epoch: 58	
25-01-13 11:35:05.796 - INFO: iters: 573146	
25-01-13 11:35:05.796 - INFO: 


------------------------------Validation Start------------------------------
25-01-13 11:50:05.447 - INFO: val/mae: 0.3942131996154785	
25-01-13 11:50:05.449 - INFO: val/mse: 0.29104796051979065	
25-01-13 11:50:05.449 - INFO: val/SSIM: 0.27620215555502436	
25-01-13 11:50:05.449 - INFO: val/PSNR: 13.217092857923367	
25-01-13 11:50:05.449 - INFO: val/VAL_MSE: 0.018337000161409378	
25-01-13 11:50:05.449 - INFO: 
------------------------------Validation End------------------------------


25-01-13 12:16:05.997 - INFO: train/mae_loss: 0.014392898640770101	
25-01-13 12:24:53.277 - INFO: train/mae_loss: 0.014269089377960687	
25-01-13 12:24:53.278 - INFO: epoch: 59	
25-01-13 12:24:53.278 - INFO: iters: 583028	
25-01-13 12:24:53.278 - INFO: 


------------------------------Validation Start------------------------------
25-01-13 22:39:36.972 - WARNING: Warning: visualization (Tensorboard) is configured to use, but currently not installed on this machine. Please install TensorboardX with 'pip install tensorboardx', upgrade PyTorch to version >= 1.1 to use 'torch.utils.tensorboard' or turn off the option in the 'config.json' file.
25-01-13 22:39:36.975 - INFO: Create the log file in directory checkpoints/train_mri2ct_g_nc3.

25-01-13 22:39:38.344 - INFO: Network [Network() form models.network] is created.
25-01-13 22:39:38.344 - INFO: Network [Network] weights initialize using [kaiming] method.
25-01-13 22:40:13.614 - INFO: Dataset [MRI2CTDataset() form data.dataset] is created.
25-01-13 22:40:13.614 - INFO: Dataset for train have 39490 samples.
25-01-13 22:40:19.349 - INFO: Dataset [MRI2CTDataset() form data.dataset] is created.
25-01-13 22:40:19.349 - INFO: Dataset for val have 10058 samples.
25-01-13 22:40:20.735 - INFO: Metric [mae() form models.metric] is created.
25-01-13 22:40:20.735 - INFO: Metric [mse() form models.metric] is created.
25-01-13 22:40:20.735 - INFO: Metric [SSIM() form models.metric] is created.
25-01-13 22:40:20.735 - INFO: Metric [PSNR() form models.metric] is created.
25-01-13 22:40:20.739 - INFO: Loss [mae_loss() form models.loss] is created.
25-01-13 22:40:28.916 - INFO: Beign loading pretrained model [Network] ...
25-01-13 22:40:28.917 - INFO: Loading pretrained model from [checkpoints/train_mri2ct_g_nc3/states/55_Network.pth] ...
25-01-13 22:40:29.228 - INFO: Beign loading pretrained model [Network_ema] ...
25-01-13 22:40:29.230 - INFO: Loading pretrained model from [checkpoints/train_mri2ct_g_nc3/states/55_Network_ema.pth] ...
25-01-13 22:40:29.534 - INFO: Beign loading training states
25-01-13 22:40:29.535 - INFO: Loading training state for [checkpoints/train_mri2ct_g_nc3/states/55.state] ...
25-01-13 22:40:30.141 - INFO: Model [Palette() form models.model] is created.
25-01-13 22:40:30.141 - INFO: Begin model train.
