24-04-21 07:23:29.066 - INFO: Create the log file in directory experiments/train_mr2ct_nc3_240421_072328.

24-04-21 07:23:42.191 - INFO: Dataset [MR2CTDataset() form data.dataset] is created.
24-04-21 07:23:42.194 - INFO: Dataset for train have 34791 samples.
24-04-21 07:23:42.194 - INFO: Dataset for val have 2 samples.
24-04-21 07:23:42.632 - INFO: Network [Network() form models.network] is created.
24-04-21 07:23:42.633 - INFO: Network [Network] weights initialize using [kaiming] method.
24-04-21 07:23:42.964 - WARNING: Config is a str, converts to a dict {'name': 'mae'}
24-04-21 07:23:43.954 - INFO: Metric [mae() form models.metric] is created.
24-04-21 07:23:43.954 - WARNING: Config is a str, converts to a dict {'name': 'mse'}
24-04-21 07:23:43.954 - INFO: Metric [mse() form models.metric] is created.
24-04-21 07:23:43.954 - WARNING: Config is a str, converts to a dict {'name': 'SSIM'}
24-04-21 07:23:43.955 - INFO: Metric [SSIM() form models.metric] is created.
24-04-21 07:23:43.955 - WARNING: Config is a str, converts to a dict {'name': 'PSNR'}
24-04-21 07:23:43.955 - INFO: Metric [PSNR() form models.metric] is created.
24-04-21 07:23:43.955 - WARNING: Config is a str, converts to a dict {'name': 'mse_loss'}
24-04-21 07:23:43.956 - INFO: Loss [mse_loss() form models.loss] is created.
24-04-21 07:23:48.216 - INFO: Model [Palette() form models.model] is created.
24-04-21 07:23:48.216 - INFO: Begin model train.
24-04-21 07:39:38.812 - INFO: train/mse_loss: 0.11185736693888902	
24-04-21 07:55:29.783 - INFO: train/mse_loss: 0.0696131229548715	
24-04-21 08:11:19.869 - INFO: train/mse_loss: 0.052749324500591804	
24-04-21 08:18:54.822 - INFO: train/mse_loss: 0.04752654089548278	
24-04-21 08:18:54.823 - INFO: epoch: 1	
24-04-21 08:18:54.823 - INFO: iters: 34788	
24-04-21 08:18:54.823 - INFO: 


------------------------------Validation Start------------------------------
24-04-21 08:21:14.775 - INFO: val/mae: 0.6965543031692505	
24-04-21 08:21:14.775 - INFO: val/mse: 0.589317798614502	
24-04-21 08:21:14.775 - INFO: val/SSIM: 0.10380301074788	
24-04-21 08:21:14.775 - INFO: val/PSNR: 7.511021352709257	
24-04-21 08:21:14.775 - INFO: 
------------------------------Validation End------------------------------


24-04-21 09:16:22.037 - INFO: train/mse_loss: 0.011869929285550368	
24-04-21 09:16:22.038 - INFO: epoch: 2	
24-04-21 09:16:22.038 - INFO: iters: 69578	
24-04-21 09:16:22.038 - INFO: 


------------------------------Validation Start------------------------------
24-04-21 09:18:40.854 - INFO: val/mae: 0.7554671764373779	
24-04-21 09:18:40.855 - INFO: val/mse: 0.7247617840766907	
24-04-21 09:18:40.855 - INFO: val/SSIM: 0.08387610519363581	
24-04-21 09:18:40.855 - INFO: val/PSNR: 7.954756194433814	
24-04-21 09:18:40.855 - INFO: 
------------------------------Validation End------------------------------


24-04-21 09:19:20.918 - INFO: train/mse_loss: 0.009393011917182732	
24-04-21 09:35:11.581 - INFO: train/mse_loss: 0.00919000685166732	
24-04-21 09:51:02.092 - INFO: train/mse_loss: 0.008901724752153194	
24-04-21 10:06:53.109 - INFO: train/mse_loss: 0.008768635936824446	
24-04-21 10:13:48.602 - INFO: train/mse_loss: 0.00855551505785483	
24-04-21 10:13:48.602 - INFO: epoch: 3	
24-04-21 10:13:48.602 - INFO: iters: 104368	
24-04-21 10:13:48.602 - INFO: 


------------------------------Validation Start------------------------------
24-04-21 10:16:07.601 - INFO: val/mae: 0.3056911528110504	
24-04-21 10:16:07.601 - INFO: val/mse: 0.15286356210708618	
24-04-21 10:16:07.601 - INFO: val/SSIM: 0.26445330510702775	
24-04-21 10:16:07.601 - INFO: val/PSNR: 9.533417889977017	
24-04-21 10:16:07.602 - INFO: 
------------------------------Validation End------------------------------


24-04-21 11:11:15.010 - INFO: train/mse_loss: 0.007226634305874037	
24-04-21 11:11:15.010 - INFO: epoch: 4	
24-04-21 11:11:15.010 - INFO: iters: 139158	
24-04-21 11:11:15.010 - INFO: 


------------------------------Validation Start------------------------------
24-04-21 11:13:33.945 - INFO: val/mae: 0.9317291378974915	
24-04-21 11:13:33.945 - INFO: val/mse: 1.038355827331543	
24-04-21 11:13:33.945 - INFO: val/SSIM: 0.0973792460573708	
24-04-21 11:13:33.945 - INFO: val/PSNR: 7.283124640817248	
24-04-21 11:13:33.945 - INFO: 
------------------------------Validation End------------------------------


24-04-21 11:14:53.970 - INFO: train/mse_loss: 0.00542382869448158	
24-04-21 11:30:44.766 - INFO: train/mse_loss: 0.006876405768398869	
24-04-21 11:46:35.703 - INFO: train/mse_loss: 0.006635378706876739	
24-04-21 12:02:26.577 - INFO: train/mse_loss: 0.00642552480273566	
24-04-21 12:08:43.274 - INFO: train/mse_loss: 0.006420739602280116	
24-04-21 12:08:43.275 - INFO: epoch: 5	
24-04-21 12:08:43.275 - INFO: iters: 173948	
24-04-21 12:08:43.275 - INFO: Saving the self at the end of epoch 5
24-04-21 12:08:51.017 - INFO: 


------------------------------Validation Start------------------------------
24-04-21 12:11:09.581 - INFO: val/mae: 0.4589520990848541	
24-04-21 12:11:09.582 - INFO: val/mse: 0.3290537893772125	
24-04-21 12:11:09.582 - INFO: val/SSIM: 0.09699541270795001	
24-04-21 12:11:09.582 - INFO: val/PSNR: 9.269375415627072	
24-04-21 12:11:09.582 - INFO: 
------------------------------Validation End------------------------------


24-04-21 13:06:17.323 - INFO: train/mse_loss: 0.005591104211182186	
24-04-21 13:06:17.323 - INFO: epoch: 6	
24-04-21 13:06:17.323 - INFO: iters: 208738	
24-04-21 13:06:17.324 - INFO: 


------------------------------Validation Start------------------------------
24-04-21 13:08:36.212 - INFO: val/mae: 1.0466972589492798	
24-04-21 13:08:36.212 - INFO: val/mse: 1.4770188331604004	
24-04-21 13:08:36.213 - INFO: val/SSIM: 0.06282273550441736	
24-04-21 13:08:36.213 - INFO: val/PSNR: 4.701627852190056	
24-04-21 13:08:36.213 - INFO: 
------------------------------Validation End------------------------------


24-04-21 13:10:36.122 - INFO: train/mse_loss: 0.006226416404214909	
24-04-21 13:26:26.738 - INFO: train/mse_loss: 0.0054263131168516285	
24-04-21 13:42:17.477 - INFO: train/mse_loss: 0.005536295234989891	
24-04-21 13:58:08.045 - INFO: train/mse_loss: 0.005446938352682583	
24-04-21 14:03:43.597 - INFO: train/mse_loss: 0.005404126857468243	
24-04-21 14:03:43.597 - INFO: epoch: 7	
24-04-21 14:03:43.597 - INFO: iters: 243528	
24-04-21 14:03:43.597 - INFO: 


------------------------------Validation Start------------------------------
24-04-21 14:06:02.701 - INFO: val/mae: 0.6457186937332153	
24-04-21 14:06:02.701 - INFO: val/mse: 0.5644091367721558	
24-04-21 14:06:02.702 - INFO: val/SSIM: 0.0778741911432571	
24-04-21 14:06:02.702 - INFO: val/PSNR: 8.251863356595448	
24-04-21 14:06:02.702 - INFO: 
------------------------------Validation End------------------------------


24-04-21 15:01:10.098 - INFO: train/mse_loss: 0.0049830899544501045	
24-04-21 15:01:10.098 - INFO: epoch: 8	
24-04-21 15:01:10.098 - INFO: iters: 278318	
24-04-21 15:01:10.098 - INFO: 


------------------------------Validation Start------------------------------
24-04-21 15:03:29.005 - INFO: val/mae: 0.6728157997131348	
24-04-21 15:03:29.005 - INFO: val/mse: 0.6098687648773193	
24-04-21 15:03:29.005 - INFO: val/SSIM: 0.1296098632771704	
24-04-21 15:03:29.005 - INFO: val/PSNR: 7.183180846455635	
24-04-21 15:03:29.005 - INFO: 
------------------------------Validation End------------------------------


24-04-21 15:06:08.827 - INFO: train/mse_loss: 0.004705097405115209	
24-04-21 15:21:59.976 - INFO: train/mse_loss: 0.004622388442309273	
24-04-21 15:37:51.031 - INFO: train/mse_loss: 0.0045643871989546	
24-04-21 15:53:42.239 - INFO: train/mse_loss: 0.004572084408944721	
24-04-21 15:58:37.972 - INFO: train/mse_loss: 0.004621739784483101	
24-04-21 15:58:37.973 - INFO: epoch: 9	
24-04-21 15:58:37.973 - INFO: iters: 313108	
24-04-21 15:58:37.973 - INFO: 


------------------------------Validation Start------------------------------
24-04-21 16:00:56.945 - INFO: val/mae: 0.46889621019363403	
24-04-21 16:00:56.946 - INFO: val/mse: 0.37120214104652405	
24-04-21 16:00:56.946 - INFO: val/SSIM: 0.16392254460733932	
24-04-21 16:00:56.946 - INFO: val/PSNR: 10.824130469556803	
24-04-21 16:00:56.946 - INFO: 
------------------------------Validation End------------------------------


24-04-21 16:56:04.366 - INFO: train/mse_loss: 0.004395848158709879	
24-04-21 16:56:04.367 - INFO: epoch: 10	
24-04-21 16:56:04.367 - INFO: iters: 347898	
24-04-21 16:56:04.367 - INFO: Saving the self at the end of epoch 10
24-04-21 16:56:12.550 - INFO: 


------------------------------Validation Start------------------------------
24-04-21 16:58:31.197 - INFO: val/mae: 0.5063582062721252	
24-04-21 16:58:31.197 - INFO: val/mse: 0.3825235664844513	
24-04-21 16:58:31.197 - INFO: val/SSIM: 0.13149616991358884	
24-04-21 16:58:31.197 - INFO: val/PSNR: 9.910079214288231	
24-04-21 16:58:31.197 - INFO: 
------------------------------Validation End------------------------------


24-04-21 17:01:51.067 - INFO: train/mse_loss: 0.005336928474495099	
24-04-21 17:17:41.767 - INFO: train/mse_loss: 0.004875477730539004	
24-04-21 17:33:33.278 - INFO: train/mse_loss: 0.004448602438619364	
24-04-21 17:49:23.818 - INFO: train/mse_loss: 0.004484780780627244	
24-04-21 17:53:39.487 - INFO: train/mse_loss: 0.004446927912744603	
24-04-21 17:53:39.487 - INFO: epoch: 11	
24-04-21 17:53:39.487 - INFO: iters: 382688	
24-04-21 17:53:39.487 - INFO: 


------------------------------Validation Start------------------------------
24-04-21 17:55:58.546 - INFO: val/mae: 1.091126561164856	
24-04-21 17:55:58.547 - INFO: val/mse: 1.4093091487884521	
24-04-21 17:55:58.547 - INFO: val/SSIM: 0.06033476025751528	
24-04-21 17:55:58.547 - INFO: val/PSNR: 5.294347585981852	
24-04-21 17:55:58.547 - INFO: 
------------------------------Validation End------------------------------


24-04-21 18:51:06.055 - INFO: train/mse_loss: 0.00406872676492732	
24-04-21 18:51:06.056 - INFO: epoch: 12	
24-04-21 18:51:06.056 - INFO: iters: 417478	
24-04-21 18:51:06.056 - INFO: 


------------------------------Validation Start------------------------------
24-04-21 18:53:25.075 - INFO: val/mae: 1.0214118957519531	
24-04-21 18:53:25.076 - INFO: val/mse: 1.2347592115402222	
24-04-21 18:53:25.076 - INFO: val/SSIM: 0.06935760763980925	
24-04-21 18:53:25.076 - INFO: val/PSNR: 6.239209018086597	
24-04-21 18:53:25.076 - INFO: 
------------------------------Validation End------------------------------


24-04-21 18:57:24.758 - INFO: train/mse_loss: 0.0030129342215895164	
24-04-21 19:13:15.693 - INFO: train/mse_loss: 0.0037766355003508107	
24-04-21 19:29:06.340 - INFO: train/mse_loss: 0.0037923531180290466	
24-04-21 19:44:57.228 - INFO: train/mse_loss: 0.003856134209780811	
24-04-21 19:48:33.132 - INFO: train/mse_loss: 0.0038861476414040574	
24-04-21 19:48:33.133 - INFO: epoch: 13	
24-04-21 19:48:33.133 - INFO: iters: 452268	
24-04-21 19:48:33.133 - INFO: 


------------------------------Validation Start------------------------------
24-04-21 19:50:52.333 - INFO: val/mae: 0.5830124616622925	
24-04-21 19:50:52.334 - INFO: val/mse: 0.478198766708374	
24-04-21 19:50:52.334 - INFO: val/SSIM: 0.09053950038572792	
24-04-21 19:50:52.334 - INFO: val/PSNR: 9.511393469684783	
24-04-21 19:50:52.334 - INFO: 
------------------------------Validation End------------------------------


24-04-21 20:46:00.215 - INFO: train/mse_loss: 0.0038167742933290015	
24-04-21 20:46:00.216 - INFO: epoch: 14	
24-04-21 20:46:00.216 - INFO: iters: 487058	
24-04-21 20:46:00.216 - INFO: 


------------------------------Validation Start------------------------------
24-04-21 20:48:19.415 - INFO: val/mae: 0.35553085803985596	
24-04-21 20:48:19.416 - INFO: val/mse: 0.2514658570289612	
24-04-21 20:48:19.416 - INFO: val/SSIM: 0.2609757954693378	
24-04-21 20:48:19.416 - INFO: val/PSNR: 12.527449721446363	
24-04-21 20:48:19.416 - INFO: 
------------------------------Validation End------------------------------


24-04-21 20:52:59.078 - INFO: train/mse_loss: 0.0037720355885911125	
24-04-21 21:08:50.116 - INFO: train/mse_loss: 0.004094243891473494	
24-04-21 21:24:40.963 - INFO: train/mse_loss: 0.0038257693832399364	
24-04-21 21:40:31.938 - INFO: train/mse_loss: 0.003774445240154908	
24-04-21 21:43:27.808 - INFO: train/mse_loss: 0.003733495481769423	
24-04-21 21:43:27.809 - INFO: epoch: 15	
24-04-21 21:43:27.809 - INFO: iters: 521848	
24-04-21 21:43:27.809 - INFO: Saving the self at the end of epoch 15
24-04-21 21:43:49.435 - INFO: 


------------------------------Validation Start------------------------------
24-04-21 21:46:08.304 - INFO: val/mae: 0.9392282962799072	
24-04-21 21:46:08.304 - INFO: val/mse: 1.0724332332611084	
24-04-21 21:46:08.304 - INFO: val/SSIM: 0.10122202172957921	
24-04-21 21:46:08.304 - INFO: val/PSNR: 6.6715400414019195	
24-04-21 21:46:08.304 - INFO: 
------------------------------Validation End------------------------------


24-04-21 22:41:27.598 - INFO: train/mse_loss: 0.003547808823282921	
24-04-21 22:41:27.599 - INFO: epoch: 16	
24-04-21 22:41:27.599 - INFO: iters: 556638	
24-04-21 22:41:27.599 - INFO: 


------------------------------Validation Start------------------------------
24-04-21 22:43:47.040 - INFO: val/mae: 0.44714245200157166	
24-04-21 22:43:47.040 - INFO: val/mse: 0.3382355570793152	
24-04-21 22:43:47.040 - INFO: val/SSIM: 0.1314870782502	
24-04-21 22:43:47.040 - INFO: val/PSNR: 10.543208506536159	
24-04-21 22:43:47.040 - INFO: 
------------------------------Validation End------------------------------


24-04-21 22:49:07.266 - INFO: train/mse_loss: 0.003597187139478462	
24-04-21 23:04:58.394 - INFO: train/mse_loss: 0.003454719044876872	
24-04-21 23:20:49.261 - INFO: train/mse_loss: 0.0034724779907090325	
24-04-21 23:36:40.012 - INFO: train/mse_loss: 0.003461269716303254	
24-04-21 23:38:55.906 - INFO: train/mse_loss: 0.003459118411322924	
24-04-21 23:38:55.907 - INFO: epoch: 17	
24-04-21 23:38:55.907 - INFO: iters: 591428	
24-04-21 23:38:55.907 - INFO: 


------------------------------Validation Start------------------------------
24-04-21 23:41:16.651 - INFO: val/mae: 0.5310534834861755	
24-04-21 23:41:16.651 - INFO: val/mse: 0.4609699547290802	
24-04-21 23:41:16.651 - INFO: val/SSIM: 0.1337942855192249	
24-04-21 23:41:16.651 - INFO: val/PSNR: 9.950025203129192	
24-04-21 23:41:16.651 - INFO: 
------------------------------Validation End------------------------------


24-04-22 00:36:33.776 - INFO: train/mse_loss: 0.0034991403757131784	
24-04-22 00:36:33.776 - INFO: epoch: 18	
24-04-22 00:36:33.776 - INFO: iters: 626218	
24-04-22 00:36:33.776 - INFO: 


------------------------------Validation Start------------------------------
24-04-22 00:38:53.034 - INFO: val/mae: 0.5122002363204956	
24-04-22 00:38:53.034 - INFO: val/mse: 0.500565230846405	
24-04-22 00:38:53.034 - INFO: val/SSIM: 0.12453682270274045	
24-04-22 00:38:53.034 - INFO: val/PSNR: 9.543022156994175	
24-04-22 00:38:53.035 - INFO: 
------------------------------Validation End------------------------------


24-04-22 00:44:52.483 - INFO: train/mse_loss: 0.0029859195654151132	
24-04-22 01:00:43.227 - INFO: train/mse_loss: 0.0034757731946970737	
24-04-22 01:16:35.991 - INFO: train/mse_loss: 0.0032686231070425467	
24-04-22 01:32:32.057 - INFO: train/mse_loss: 0.0032670347051977034	
24-04-22 01:34:08.005 - INFO: train/mse_loss: 0.003269890797919352	
24-04-22 01:34:08.005 - INFO: epoch: 19	
24-04-22 01:34:08.005 - INFO: iters: 661008	
24-04-22 01:34:08.005 - INFO: 


------------------------------Validation Start------------------------------
24-04-22 01:36:28.017 - INFO: val/mae: 0.8976861238479614	
24-04-22 01:36:28.017 - INFO: val/mse: 1.1187751293182373	
24-04-22 01:36:28.017 - INFO: val/SSIM: 0.06514902584696808	
24-04-22 01:36:28.017 - INFO: val/PSNR: 6.208604903482225	
24-04-22 01:36:28.017 - INFO: 
------------------------------Validation End------------------------------


24-04-22 02:31:52.511 - INFO: train/mse_loss: 0.0032780073807364774	
24-04-22 02:31:52.544 - INFO: epoch: 20	
24-04-22 02:31:52.544 - INFO: iters: 695798	
24-04-22 02:31:52.544 - INFO: Saving the self at the end of epoch 20
24-04-22 02:32:02.279 - INFO: 


------------------------------Validation Start------------------------------
24-04-22 02:34:21.248 - INFO: val/mae: 0.7289837598800659	
24-04-22 02:34:21.248 - INFO: val/mse: 0.827925443649292	
24-04-22 02:34:21.248 - INFO: val/SSIM: 0.08878618084413473	
24-04-22 02:34:21.248 - INFO: val/PSNR: 7.222949691801698	
24-04-22 02:34:21.248 - INFO: 
------------------------------Validation End------------------------------


24-04-22 02:41:00.438 - INFO: train/mse_loss: 0.0031106534978676964	
24-04-22 02:56:54.622 - INFO: train/mse_loss: 0.0032697150605676606	
24-04-22 03:12:53.216 - INFO: train/mse_loss: 0.0031876472031448925	
24-04-22 03:28:57.875 - INFO: train/mse_loss: 0.003222190207228703	
24-04-22 03:29:53.903 - INFO: train/mse_loss: 0.0032200813846628923	
24-04-22 03:29:53.903 - INFO: epoch: 21	
24-04-22 03:29:53.903 - INFO: iters: 730588	
24-04-22 03:29:53.903 - INFO: 


------------------------------Validation Start------------------------------
24-04-22 03:32:13.062 - INFO: val/mae: 1.302952527999878	
24-04-22 03:32:13.062 - INFO: val/mse: 1.875666618347168	
24-04-22 03:32:13.062 - INFO: val/SSIM: 0.061291711052204684	
24-04-22 03:32:13.062 - INFO: val/PSNR: 4.455029488219217	
24-04-22 03:32:13.062 - INFO: 
------------------------------Validation End------------------------------


24-04-22 04:27:30.144 - INFO: train/mse_loss: 0.003141038414339966	
24-04-22 04:27:30.144 - INFO: epoch: 22	
24-04-22 04:27:30.144 - INFO: iters: 765378	
24-04-22 04:27:30.145 - INFO: 


------------------------------Validation Start------------------------------
24-04-22 04:29:49.093 - INFO: val/mae: 0.7529680132865906	
24-04-22 04:29:49.093 - INFO: val/mse: 0.8626230955123901	
24-04-22 04:29:49.093 - INFO: val/SSIM: 0.06985084407030756	
24-04-22 04:29:49.093 - INFO: val/PSNR: 7.002483312540139	
24-04-22 04:29:49.093 - INFO: 
------------------------------Validation End------------------------------


24-04-22 04:37:11.054 - INFO: train/mse_loss: 0.0030241465895891276	
24-04-22 04:53:01.399 - INFO: train/mse_loss: 0.00322442943535125	
24-04-22 05:08:51.462 - INFO: train/mse_loss: 0.00317983275639737	
24-04-22 05:24:47.033 - INFO: train/mse_loss: 0.0030768218516534695	
24-04-22 05:25:03.208 - INFO: train/mse_loss: 0.0030694873107098442	
24-04-22 05:25:03.209 - INFO: epoch: 23	
24-04-22 05:25:03.209 - INFO: iters: 800168	
24-04-22 05:25:03.209 - INFO: 


------------------------------Validation Start------------------------------
24-04-22 05:27:25.395 - INFO: val/mae: 1.245168685913086	
24-04-22 05:27:25.395 - INFO: val/mse: 1.8259947299957275	
24-04-22 05:27:25.395 - INFO: val/SSIM: 0.07560079004013881	
24-04-22 05:27:25.395 - INFO: val/PSNR: 4.401184538987559	
24-04-22 05:27:25.395 - INFO: 
------------------------------Validation End------------------------------


24-04-22 06:22:34.158 - INFO: train/mse_loss: 0.003077601526508289	
24-04-22 06:22:34.159 - INFO: epoch: 24	
24-04-22 06:22:34.159 - INFO: iters: 834958	
24-04-22 06:22:34.159 - INFO: 


------------------------------Validation Start------------------------------
24-04-22 06:24:53.106 - INFO: val/mae: 0.7904602289199829	
24-04-22 06:24:53.106 - INFO: val/mse: 0.9065670967102051	
24-04-22 06:24:53.106 - INFO: val/SSIM: 0.07454998166653862	
24-04-22 06:24:53.106 - INFO: val/PSNR: 6.929197809462785	
24-04-22 06:24:53.106 - INFO: 
------------------------------Validation End------------------------------


24-04-22 06:33:01.018 - INFO: train/mse_loss: 0.0033510950247473952	
24-04-22 06:48:51.179 - INFO: train/mse_loss: 0.0031213221266432113	
24-04-22 07:04:43.222 - INFO: train/mse_loss: 0.0032637605457823313	
24-04-22 07:20:11.624 - INFO: train/mse_loss: 0.0031610457506980514	
24-04-22 07:20:11.624 - INFO: epoch: 25	
24-04-22 07:20:11.624 - INFO: iters: 869748	
24-04-22 07:20:11.624 - INFO: Saving the self at the end of epoch 25
24-04-22 07:20:19.043 - INFO: 


------------------------------Validation Start------------------------------
24-04-22 07:22:37.583 - INFO: val/mae: 0.4746035933494568	
24-04-22 07:22:37.583 - INFO: val/mse: 0.4320187270641327	
24-04-22 07:22:37.583 - INFO: val/SSIM: 0.1495082752612727	
24-04-22 07:22:37.583 - INFO: val/PSNR: 10.671549824151727	
24-04-22 07:22:37.583 - INFO: 
------------------------------Validation End------------------------------


24-04-22 08:17:49.747 - INFO: train/mse_loss: 0.0029569331711365755	
24-04-22 08:17:49.748 - INFO: epoch: 26	
24-04-22 08:17:49.748 - INFO: iters: 904538	
24-04-22 08:17:49.748 - INFO: 


------------------------------Validation Start------------------------------
24-04-22 08:20:08.743 - INFO: val/mae: 0.7796595096588135	
24-04-22 08:20:08.743 - INFO: val/mse: 0.8060744404792786	
24-04-22 08:20:08.743 - INFO: val/SSIM: 0.08778284754686233	
24-04-22 08:20:08.743 - INFO: val/PSNR: 8.033679465807356	
24-04-22 08:20:08.743 - INFO: 
------------------------------Validation End------------------------------


24-04-22 08:28:47.929 - INFO: train/mse_loss: 0.003247072257515386	
24-04-22 08:44:37.905 - INFO: train/mse_loss: 0.0030610802284620955	
24-04-22 09:00:27.911 - INFO: train/mse_loss: 0.0030227726445683223	
24-04-22 09:15:19.825 - INFO: train/mse_loss: 0.0029844898684916418	
24-04-22 09:15:19.825 - INFO: epoch: 27	
24-04-22 09:15:19.825 - INFO: iters: 939328	
24-04-22 09:15:19.825 - INFO: 


------------------------------Validation Start------------------------------
24-04-22 09:17:38.820 - INFO: val/mae: 0.6682214736938477	
24-04-22 09:17:38.820 - INFO: val/mse: 0.6424863338470459	
24-04-22 09:17:38.820 - INFO: val/SSIM: 0.1384086265560387	
24-04-22 09:17:38.820 - INFO: val/PSNR: 8.22952140494241	
24-04-22 09:17:38.820 - INFO: 
------------------------------Validation End------------------------------


24-04-22 10:12:48.329 - INFO: train/mse_loss: 0.0029885592578617988	
24-04-22 10:12:48.330 - INFO: epoch: 28	
24-04-22 10:12:48.330 - INFO: iters: 974118	
24-04-22 10:12:48.330 - INFO: 


------------------------------Validation Start------------------------------
24-04-22 10:15:07.384 - INFO: val/mae: 0.6079649925231934	
24-04-22 10:15:07.384 - INFO: val/mse: 0.5668667554855347	
24-04-22 10:15:07.384 - INFO: val/SSIM: 0.10081445231511363	
24-04-22 10:15:07.384 - INFO: val/PSNR: 8.169796043625766	
24-04-22 10:15:07.384 - INFO: 
------------------------------Validation End------------------------------


24-04-22 10:24:26.143 - INFO: train/mse_loss: 0.0029906626393999525	
24-04-22 10:40:18.787 - INFO: train/mse_loss: 0.0029227627736760566	
24-04-22 10:56:09.110 - INFO: train/mse_loss: 0.0030463334911929245	
24-04-22 11:10:15.922 - INFO: train/mse_loss: 0.002955545949465551	
24-04-22 11:10:15.922 - INFO: epoch: 29	
24-04-22 11:10:15.922 - INFO: iters: 1008908	
24-04-22 11:10:15.922 - INFO: 


------------------------------Validation Start------------------------------
24-04-22 11:12:35.041 - INFO: val/mae: 0.6003569960594177	
24-04-22 11:12:35.042 - INFO: val/mse: 0.5232530832290649	
24-04-22 11:12:35.042 - INFO: val/SSIM: 0.1173818695143478	
24-04-22 11:12:35.042 - INFO: val/PSNR: 8.777599287477212	
24-04-22 11:12:35.042 - INFO: 
------------------------------Validation End------------------------------


24-04-22 12:07:57.842 - INFO: train/mse_loss: 0.0029180020301414404	
24-04-22 12:07:57.843 - INFO: epoch: 30	
24-04-22 12:07:57.843 - INFO: iters: 1043698	
24-04-22 12:07:57.843 - INFO: Saving the self at the end of epoch 30
24-04-22 12:08:10.700 - INFO: 


------------------------------Validation Start------------------------------
24-04-22 12:10:29.097 - INFO: val/mae: 0.46662837266921997	
24-04-22 12:10:29.097 - INFO: val/mse: 0.31460464000701904	
24-04-22 12:10:29.097 - INFO: val/SSIM: 0.22303180170718645	
24-04-22 12:10:29.097 - INFO: val/PSNR: 10.044484617164436	
24-04-22 12:10:29.097 - INFO: 
------------------------------Validation End------------------------------


24-04-22 12:20:29.325 - INFO: train/mse_loss: 0.003527918371999274	
24-04-22 12:36:20.685 - INFO: train/mse_loss: 0.003120330891138417	
24-04-22 12:52:11.165 - INFO: train/mse_loss: 0.002938608728697127	
24-04-22 13:05:37.905 - INFO: train/mse_loss: 0.0028648707017973098	
24-04-22 13:05:37.906 - INFO: epoch: 31	
24-04-22 13:05:37.907 - INFO: iters: 1078488	
24-04-22 13:05:37.907 - INFO: 


------------------------------Validation Start------------------------------
24-04-22 13:07:57.138 - INFO: val/mae: 0.5739800930023193	
24-04-22 13:07:57.139 - INFO: val/mse: 0.516994059085846	
24-04-22 13:07:57.139 - INFO: val/SSIM: 0.21873075245631762	
24-04-22 13:07:57.139 - INFO: val/PSNR: 9.447063154461006	
24-04-22 13:07:57.139 - INFO: 
------------------------------Validation End------------------------------


24-04-22 14:03:26.619 - INFO: train/mse_loss: 0.002888769037326031	
24-04-22 14:03:26.620 - INFO: epoch: 32	
24-04-22 14:03:26.620 - INFO: iters: 1113278	
24-04-22 14:03:26.620 - INFO: 


------------------------------Validation Start------------------------------
24-04-22 14:05:50.373 - INFO: val/mae: 0.9692705273628235	
24-04-22 14:05:50.373 - INFO: val/mse: 1.1577033996582031	
24-04-22 14:05:50.373 - INFO: val/SSIM: 0.0756991478745046	
24-04-22 14:05:50.373 - INFO: val/PSNR: 6.286197684091463	
24-04-22 14:05:50.373 - INFO: 
------------------------------Validation End------------------------------


24-04-22 14:16:47.686 - INFO: train/mse_loss: 0.0030200555399113953	
24-04-22 14:32:49.050 - INFO: train/mse_loss: 0.0028849162161837636	
24-04-22 14:48:59.591 - INFO: train/mse_loss: 0.002806481628979232	
24-04-22 15:01:48.411 - INFO: train/mse_loss: 0.002739511963179519	
24-04-22 15:01:48.411 - INFO: epoch: 33	
24-04-22 15:01:48.411 - INFO: iters: 1148068	
24-04-22 15:01:48.411 - INFO: 


------------------------------Validation Start------------------------------
24-04-22 15:04:08.391 - INFO: val/mae: 1.3269070386886597	
24-04-22 15:04:08.391 - INFO: val/mse: 1.9172050952911377	
24-04-22 15:04:08.391 - INFO: val/SSIM: 0.09290471678058543	
24-04-22 15:04:08.391 - INFO: val/PSNR: 4.77130860038959	
24-04-22 15:04:08.391 - INFO: 
------------------------------Validation End------------------------------


24-04-22 16:00:48.168 - INFO: train/mse_loss: 0.0029414056551350467	
24-04-22 16:00:48.169 - INFO: epoch: 34	
24-04-22 16:00:48.169 - INFO: iters: 1182858	
24-04-22 16:00:48.169 - INFO: 


------------------------------Validation Start------------------------------
24-04-22 16:03:10.590 - INFO: val/mae: 0.7745993137359619	
24-04-22 16:03:10.591 - INFO: val/mse: 0.8850436210632324	
24-04-22 16:03:10.591 - INFO: val/SSIM: 0.11979942969684515	
24-04-22 16:03:10.591 - INFO: val/PSNR: 7.254642585859979	
24-04-22 16:03:10.591 - INFO: 
------------------------------Validation End------------------------------


24-04-22 16:14:44.650 - INFO: train/mse_loss: 0.0024993041808449882	
24-04-22 16:31:18.806 - INFO: train/mse_loss: 0.002638455854681342	
24-04-22 16:47:34.566 - INFO: train/mse_loss: 0.0026638515177193575	
24-04-22 16:59:55.841 - INFO: train/mse_loss: 0.002610200286403772	
24-04-22 16:59:55.841 - INFO: epoch: 35	
24-04-22 16:59:55.841 - INFO: iters: 1217648	
24-04-22 16:59:55.841 - INFO: Saving the self at the end of epoch 35
24-04-22 17:00:35.183 - INFO: 


------------------------------Validation Start------------------------------
24-04-22 17:02:59.524 - INFO: val/mae: 0.3526248335838318	
24-04-22 17:02:59.525 - INFO: val/mse: 0.21234573423862457	
24-04-22 17:02:59.525 - INFO: val/SSIM: 0.24413573289055468	
24-04-22 17:02:59.525 - INFO: val/PSNR: 12.49509139844167	
24-04-22 17:02:59.525 - INFO: 
------------------------------Validation End------------------------------


24-04-22 17:59:44.109 - INFO: train/mse_loss: 0.002839383918734377	
24-04-22 17:59:44.110 - INFO: epoch: 36	
24-04-22 17:59:44.110 - INFO: iters: 1252438	
24-04-22 17:59:44.110 - INFO: 


------------------------------Validation Start------------------------------
24-04-22 18:02:07.038 - INFO: val/mae: 0.4616087079048157	
24-04-22 18:02:07.038 - INFO: val/mse: 0.3120138347148895	
24-04-22 18:02:07.038 - INFO: val/SSIM: 0.39016396859750807	
24-04-22 18:02:07.038 - INFO: val/PSNR: 16.149507930069724	
24-04-22 18:02:07.038 - INFO: 
------------------------------Validation End------------------------------


24-04-22 18:14:19.433 - INFO: train/mse_loss: 0.003070640174762707	
24-04-22 18:30:20.541 - INFO: train/mse_loss: 0.002846008646535949	
24-04-22 18:46:14.517 - INFO: train/mse_loss: 0.002859429728640385	
24-04-22 18:57:48.718 - INFO: train/mse_loss: 0.0028174683403860605	
24-04-22 18:57:48.718 - INFO: epoch: 37	
24-04-22 18:57:48.719 - INFO: iters: 1287228	
24-04-22 18:57:48.719 - INFO: 


------------------------------Validation Start------------------------------
24-04-22 19:00:09.294 - INFO: val/mae: 0.38473379611968994	
24-04-22 19:00:09.294 - INFO: val/mse: 0.260151743888855	
24-04-22 19:00:09.294 - INFO: val/SSIM: 0.29073138242960495	
24-04-22 19:00:09.294 - INFO: val/PSNR: 11.806060759425417	
24-04-22 19:00:09.294 - INFO: 
------------------------------Validation End------------------------------


24-04-22 19:55:34.471 - INFO: train/mse_loss: 0.0027320748241943882	
24-04-22 19:55:34.472 - INFO: epoch: 38	
24-04-22 19:55:34.472 - INFO: iters: 1322018	
24-04-22 19:55:34.472 - INFO: 


------------------------------Validation Start------------------------------
24-04-22 19:57:54.969 - INFO: val/mae: 0.8351417779922485	
24-04-22 19:57:54.969 - INFO: val/mse: 0.873597264289856	
24-04-22 19:57:54.969 - INFO: val/SSIM: 0.13535736257259767	
24-04-22 19:57:54.969 - INFO: val/PSNR: 7.94355213482045	
24-04-22 19:57:54.969 - INFO: 
------------------------------Validation End------------------------------


24-04-22 20:10:36.414 - INFO: train/mse_loss: 0.002513240353331375	
24-04-22 20:26:28.303 - INFO: train/mse_loss: 0.002622819429223847	
24-04-22 20:42:20.274 - INFO: train/mse_loss: 0.0026167872865705383	
24-04-22 20:53:11.126 - INFO: train/mse_loss: 0.002576944853736443	
24-04-22 20:53:11.126 - INFO: epoch: 39	
24-04-22 20:53:11.126 - INFO: iters: 1356808	
24-04-22 20:53:11.126 - INFO: 


------------------------------Validation Start------------------------------
24-04-22 20:55:31.129 - INFO: val/mae: 0.1955680251121521	
24-04-22 20:55:31.129 - INFO: val/mse: 0.07153525948524475	
24-04-22 20:55:31.129 - INFO: val/SSIM: 0.4170129659685156	
24-04-22 20:55:31.129 - INFO: val/PSNR: 17.51949117468693	
24-04-22 20:55:31.129 - INFO: 
------------------------------Validation End------------------------------


24-04-22 21:50:54.935 - INFO: train/mse_loss: 0.002609478048755591	
24-04-22 21:50:54.935 - INFO: epoch: 40	
24-04-22 21:50:54.935 - INFO: iters: 1391598	
24-04-22 21:50:54.935 - INFO: Saving the self at the end of epoch 40
24-04-22 21:51:15.589 - INFO: 


------------------------------Validation Start------------------------------
24-04-22 21:53:34.247 - INFO: val/mae: 0.4934081435203552	
24-04-22 21:53:34.247 - INFO: val/mse: 0.4712609350681305	
24-04-22 21:53:34.248 - INFO: val/SSIM: 0.1670956225729311	
24-04-22 21:53:34.248 - INFO: val/PSNR: 11.87964443913723	
24-04-22 21:53:34.248 - INFO: 
------------------------------Validation End------------------------------


24-04-22 22:06:57.268 - INFO: train/mse_loss: 0.0025490404386385177	
24-04-22 22:22:50.345 - INFO: train/mse_loss: 0.0026280413776950573	
24-04-22 22:38:44.811 - INFO: train/mse_loss: 0.0026875000105864156	
24-04-22 22:49:01.203 - INFO: train/mse_loss: 0.002673687288101703	
24-04-22 22:49:01.204 - INFO: epoch: 41	
24-04-22 22:49:01.204 - INFO: iters: 1426388	
24-04-22 22:49:01.204 - INFO: 


------------------------------Validation Start------------------------------
24-04-22 22:51:26.587 - INFO: val/mae: 0.7336034774780273	
24-04-22 22:51:26.587 - INFO: val/mse: 0.850865364074707	
24-04-22 22:51:26.587 - INFO: val/SSIM: 0.18331021195791625	
24-04-22 22:51:26.587 - INFO: val/PSNR: 7.9196663526826665	
24-04-22 22:51:26.587 - INFO: 
------------------------------Validation End------------------------------


24-04-22 23:47:14.657 - INFO: train/mse_loss: 0.0026577064541951144	
24-04-22 23:47:14.663 - INFO: epoch: 42	
24-04-22 23:47:14.663 - INFO: iters: 1461178	
24-04-22 23:47:14.663 - INFO: 


------------------------------Validation Start------------------------------
24-04-22 23:49:39.461 - INFO: val/mae: 0.9757468700408936	
24-04-22 23:49:39.461 - INFO: val/mse: 1.3499375581741333	
24-04-22 23:49:39.461 - INFO: val/SSIM: 0.13955185038878	
24-04-22 23:49:39.461 - INFO: val/PSNR: 8.307763079263772	
24-04-22 23:49:39.461 - INFO: 
------------------------------Validation End------------------------------


24-04-23 00:03:42.151 - INFO: train/mse_loss: 0.002507520935014038	
24-04-23 00:19:35.779 - INFO: train/mse_loss: 0.0026586898557312156	
24-04-23 00:35:40.835 - INFO: train/mse_loss: 0.002566640173455406	
24-04-23 00:45:12.746 - INFO: train/mse_loss: 0.0025330329400133286	
24-04-23 00:45:12.746 - INFO: epoch: 43	
24-04-23 00:45:12.746 - INFO: iters: 1495968	
24-04-23 00:45:12.746 - INFO: 


------------------------------Validation Start------------------------------
24-04-23 00:47:37.900 - INFO: val/mae: 0.2500672936439514	
24-04-23 00:47:37.900 - INFO: val/mse: 0.13586777448654175	
24-04-23 00:47:37.901 - INFO: val/SSIM: 0.3569270540857692	
24-04-23 00:47:37.901 - INFO: val/PSNR: 16.794587619574116	
24-04-23 00:47:37.901 - INFO: 
------------------------------Validation End------------------------------


24-04-23 01:43:30.590 - INFO: train/mse_loss: 0.002478540490686118	
24-04-23 01:43:30.590 - INFO: epoch: 44	
24-04-23 01:43:30.590 - INFO: iters: 1530758	
24-04-23 01:43:30.591 - INFO: 


------------------------------Validation Start------------------------------
24-04-23 01:45:53.598 - INFO: val/mae: 1.142470359802246	
24-04-23 01:45:53.599 - INFO: val/mse: 1.4851205348968506	
24-04-23 01:45:53.599 - INFO: val/SSIM: 0.08879369824191184	
24-04-23 01:45:53.599 - INFO: val/PSNR: 6.056264049683927	
24-04-23 01:45:53.599 - INFO: 
------------------------------Validation End------------------------------


24-04-23 02:00:58.896 - INFO: train/mse_loss: 0.0027642246109969688	
24-04-23 02:17:12.539 - INFO: train/mse_loss: 0.002714105856104724	
24-04-23 02:33:35.838 - INFO: train/mse_loss: 0.002654022987284377	
24-04-23 02:43:02.328 - INFO: train/mse_loss: 0.0025935252100906464	
24-04-23 02:43:02.329 - INFO: epoch: 45	
24-04-23 02:43:02.329 - INFO: iters: 1565548	
24-04-23 02:43:02.329 - INFO: Saving the self at the end of epoch 45
24-04-23 02:43:45.179 - INFO: 


------------------------------Validation Start------------------------------
24-04-23 02:46:11.425 - INFO: val/mae: 0.9822884798049927	
24-04-23 02:46:11.425 - INFO: val/mse: 1.2875146865844727	
24-04-23 02:46:11.425 - INFO: val/SSIM: 0.08137232794548976	
24-04-23 02:46:11.425 - INFO: val/PSNR: 5.6205840368582205	
24-04-23 02:46:11.426 - INFO: 
------------------------------Validation End------------------------------


24-04-23 03:42:35.605 - INFO: train/mse_loss: 0.0026690965561468995	
24-04-23 03:42:35.606 - INFO: epoch: 46	
24-04-23 03:42:35.606 - INFO: iters: 1600338	
24-04-23 03:42:35.606 - INFO: 


------------------------------Validation Start------------------------------
24-04-23 03:44:54.982 - INFO: val/mae: 0.2787381410598755	
24-04-23 03:44:54.983 - INFO: val/mse: 0.123664990067482	
24-04-23 03:44:54.983 - INFO: val/SSIM: 0.27332972674254913	
24-04-23 03:44:54.983 - INFO: val/PSNR: 14.399872792130783	
24-04-23 03:44:54.983 - INFO: 
------------------------------Validation End------------------------------


24-04-23 04:00:19.867 - INFO: train/mse_loss: 0.002689689283020477	
24-04-23 04:16:26.976 - INFO: train/mse_loss: 0.002588111353645499	
24-04-23 04:32:36.204 - INFO: train/mse_loss: 0.00260026986296866	
24-04-23 04:40:47.315 - INFO: train/mse_loss: 0.002656171928948848	
24-04-23 04:40:47.315 - INFO: epoch: 47	
24-04-23 04:40:47.315 - INFO: iters: 1635128	
24-04-23 04:40:47.315 - INFO: 


------------------------------Validation Start------------------------------
24-04-23 04:43:11.078 - INFO: val/mae: 0.8294610977172852	
24-04-23 04:43:11.078 - INFO: val/mse: 0.8890374898910522	
24-04-23 04:43:11.078 - INFO: val/SSIM: 0.1365076344107712	
24-04-23 04:43:11.078 - INFO: val/PSNR: 7.303389797198932	
24-04-23 04:43:11.078 - INFO: 
------------------------------Validation End------------------------------


24-04-23 05:39:50.486 - INFO: train/mse_loss: 0.0024890234234800955	
24-04-23 05:39:50.487 - INFO: epoch: 48	
24-04-23 05:39:50.487 - INFO: iters: 1669918	
24-04-23 05:39:50.487 - INFO: 


------------------------------Validation Start------------------------------
24-04-23 05:42:11.925 - INFO: val/mae: 0.9365232586860657	
24-04-23 05:42:11.926 - INFO: val/mse: 1.142913818359375	
24-04-23 05:42:11.926 - INFO: val/SSIM: 0.1266730311730397	
24-04-23 05:42:11.926 - INFO: val/PSNR: 6.041467989521789	
24-04-23 05:42:11.926 - INFO: 
------------------------------Validation End------------------------------


24-04-23 05:42:19.778 - INFO: train/mse_loss: 0.004289979104578378	
24-04-23 05:58:19.812 - INFO: train/mse_loss: 0.002402156074384991	
24-04-23 06:14:18.464 - INFO: train/mse_loss: 0.002370048087520202	
24-04-23 06:30:39.601 - INFO: train/mse_loss: 0.0024848931655595424	
24-04-23 06:38:11.134 - INFO: train/mse_loss: 0.002510605909112106	
24-04-23 06:38:11.134 - INFO: epoch: 49	
24-04-23 06:38:11.135 - INFO: iters: 1704708	
24-04-23 06:38:11.135 - INFO: 


------------------------------Validation Start------------------------------
24-04-23 06:40:32.728 - INFO: val/mae: 0.258039265871048	
24-04-23 06:40:32.728 - INFO: val/mse: 0.21250005066394806	
24-04-23 06:40:32.728 - INFO: val/SSIM: 0.5203081618604185	
24-04-23 06:40:32.728 - INFO: val/PSNR: 18.303754537097657	
24-04-23 06:40:32.728 - INFO: 
------------------------------Validation End------------------------------


24-04-23 07:36:24.623 - INFO: train/mse_loss: 0.0023415348824988784	
24-04-23 07:36:24.654 - INFO: epoch: 50	
24-04-23 07:36:24.654 - INFO: iters: 1739498	
24-04-23 07:36:24.654 - INFO: Saving the self at the end of epoch 50
24-04-23 07:36:40.680 - INFO: 


------------------------------Validation Start------------------------------
24-04-23 07:38:59.613 - INFO: val/mae: 1.30908203125	
24-04-23 07:38:59.614 - INFO: val/mse: 1.9191429615020752	
24-04-23 07:38:59.614 - INFO: val/SSIM: 0.10740725580360452	
24-04-23 07:38:59.614 - INFO: val/PSNR: 4.630207035769959	
24-04-23 07:38:59.614 - INFO: 
------------------------------Validation End------------------------------


24-04-23 07:39:47.763 - INFO: train/mse_loss: 0.004929213088238612	
24-04-23 07:55:44.907 - INFO: train/mse_loss: 0.002601292803893254	
24-04-23 08:11:44.563 - INFO: train/mse_loss: 0.002541139681861174	
24-04-23 08:27:44.133 - INFO: train/mse_loss: 0.0025353953044152566	
24-04-23 08:34:35.361 - INFO: train/mse_loss: 0.0025026970331795554	
24-04-23 08:34:35.362 - INFO: epoch: 51	
24-04-23 08:34:35.362 - INFO: iters: 1774288	
24-04-23 08:34:35.362 - INFO: 


------------------------------Validation Start------------------------------
24-04-23 08:36:58.648 - INFO: val/mae: 0.44745370745658875	
24-04-23 08:36:58.648 - INFO: val/mse: 0.3591410219669342	
24-04-23 08:36:58.648 - INFO: val/SSIM: 0.26172950381936566	
24-04-23 08:36:58.648 - INFO: val/PSNR: 10.884764365679647	
24-04-23 08:36:58.648 - INFO: 
------------------------------Validation End------------------------------


24-04-23 09:32:35.385 - INFO: train/mse_loss: 0.0025145085282376155	
24-04-23 09:32:35.386 - INFO: epoch: 52	
24-04-23 09:32:35.386 - INFO: iters: 1809078	
24-04-23 09:32:35.386 - INFO: 


------------------------------Validation Start------------------------------
24-04-23 09:34:55.680 - INFO: val/mae: 0.6341008543968201	
24-04-23 09:34:55.681 - INFO: val/mse: 0.6632701754570007	
24-04-23 09:34:55.681 - INFO: val/SSIM: 0.16106474316811167	
24-04-23 09:34:55.681 - INFO: val/PSNR: 8.729197546561164	
24-04-23 09:34:55.681 - INFO: 
------------------------------Validation End------------------------------


24-04-23 09:36:23.290 - INFO: train/mse_loss: 0.003075535769344044	
24-04-23 09:52:17.046 - INFO: train/mse_loss: 0.002334152927377855	
24-04-23 10:08:17.886 - INFO: train/mse_loss: 0.0024462391946200282	
24-04-23 10:24:48.196 - INFO: train/mse_loss: 0.002466058153118162	
24-04-23 10:31:06.496 - INFO: train/mse_loss: 0.0024236460352822196	
24-04-23 10:31:06.496 - INFO: epoch: 53	
24-04-23 10:31:06.496 - INFO: iters: 1843868	
24-04-23 10:31:06.496 - INFO: 


------------------------------Validation Start------------------------------
24-04-23 10:33:29.430 - INFO: val/mae: 0.3349691927433014	
24-04-23 10:33:29.430 - INFO: val/mse: 0.23976580798625946	
24-04-23 10:33:29.430 - INFO: val/SSIM: 0.4174540282075749	
24-04-23 10:33:29.430 - INFO: val/PSNR: 15.59028852590842	
24-04-23 10:33:29.430 - INFO: 
------------------------------Validation End------------------------------


