24-04-21 07:23:29.066 - INFO: Create the log file in directory experiments/train_mr2ct_nc1_240421_072328.

24-04-21 07:23:42.149 - INFO: Dataset [MR2CTDataset() form data.dataset] is created.
24-04-21 07:23:42.151 - INFO: Dataset for train have 35323 samples.
24-04-21 07:23:42.151 - INFO: Dataset for val have 2 samples.
24-04-21 07:23:42.597 - INFO: Network [Network() form models.network] is created.
24-04-21 07:23:42.597 - INFO: Network [Network] weights initialize using [kaiming] method.
24-04-21 07:23:42.929 - WARNING: Config is a str, converts to a dict {'name': 'mae'}
24-04-21 07:23:43.954 - INFO: Metric [mae() form models.metric] is created.
24-04-21 07:23:43.954 - WARNING: Config is a str, converts to a dict {'name': 'mse'}
24-04-21 07:23:43.954 - INFO: Metric [mse() form models.metric] is created.
24-04-21 07:23:43.954 - WARNING: Config is a str, converts to a dict {'name': 'SSIM'}
24-04-21 07:23:43.954 - INFO: Metric [SSIM() form models.metric] is created.
24-04-21 07:23:43.954 - WARNING: Config is a str, converts to a dict {'name': 'PSNR'}
24-04-21 07:23:43.955 - INFO: Metric [PSNR() form models.metric] is created.
24-04-21 07:23:43.955 - WARNING: Config is a str, converts to a dict {'name': 'mse_loss'}
24-04-21 07:23:43.956 - INFO: Loss [mse_loss() form models.loss] is created.
24-04-21 07:23:48.197 - INFO: Model [Palette() form models.model] is created.
24-04-21 07:23:48.197 - INFO: Begin model train.
24-04-21 07:39:06.539 - INFO: train/mse_loss: 0.10501342728212476	
24-04-21 07:54:21.204 - INFO: train/mse_loss: 0.06474660873524844	
24-04-21 08:09:35.425 - INFO: train/mse_loss: 0.0487546830246225	
24-04-21 08:17:41.926 - INFO: train/mse_loss: 0.043511351676697875	
24-04-21 08:17:41.926 - INFO: epoch: 1	
24-04-21 08:17:41.926 - INFO: iters: 35320	
24-04-21 08:17:41.926 - INFO: 


------------------------------Validation Start------------------------------
24-04-21 08:19:54.753 - INFO: val/mae: 0.8518109321594238	
24-04-21 08:19:54.754 - INFO: val/mse: 0.8670612573623657	
24-04-21 08:19:54.754 - INFO: val/SSIM: 0.04620874396376212	
24-04-21 08:19:54.754 - INFO: val/PSNR: 6.5773079075372625	
24-04-21 08:19:54.754 - INFO: 
------------------------------Validation End------------------------------


24-04-21 09:13:42.449 - INFO: train/mse_loss: 0.010989858269533786	
24-04-21 09:13:42.449 - INFO: epoch: 2	
24-04-21 09:13:42.449 - INFO: iters: 70642	
24-04-21 09:13:42.449 - INFO: 


------------------------------Validation Start------------------------------
24-04-21 09:15:53.946 - INFO: val/mae: 0.5653886198997498	
24-04-21 09:15:53.947 - INFO: val/mse: 0.39604026079177856	
24-04-21 09:15:53.947 - INFO: val/SSIM: 0.040829037206104916	
24-04-21 09:15:53.947 - INFO: val/PSNR: 6.216926838393253	
24-04-21 09:15:53.947 - INFO: 
------------------------------Validation End------------------------------


24-04-21 09:30:09.269 - INFO: train/mse_loss: 0.008714237379992414	
24-04-21 09:45:23.075 - INFO: train/mse_loss: 0.008473737471706943	
24-04-21 10:00:37.112 - INFO: train/mse_loss: 0.008277839474028312	
24-04-21 10:09:42.483 - INFO: train/mse_loss: 0.008151441560435875	
24-04-21 10:09:42.484 - INFO: epoch: 3	
24-04-21 10:09:42.484 - INFO: iters: 105964	
24-04-21 10:09:42.484 - INFO: 


------------------------------Validation Start------------------------------
24-04-21 10:11:54.063 - INFO: val/mae: 0.4488674998283386	
24-04-21 10:11:54.064 - INFO: val/mse: 0.2756141126155853	
24-04-21 10:11:54.064 - INFO: val/SSIM: 0.14347494421685128	
24-04-21 10:11:54.064 - INFO: val/PSNR: 11.857504738820367	
24-04-21 10:11:54.064 - INFO: 
------------------------------Validation End------------------------------


24-04-21 11:05:42.706 - INFO: train/mse_loss: 0.006615588693029964	
24-04-21 11:05:42.706 - INFO: epoch: 4	
24-04-21 11:05:42.706 - INFO: iters: 141286	
24-04-21 11:05:42.706 - INFO: 


------------------------------Validation Start------------------------------
24-04-21 11:07:54.242 - INFO: val/mae: 0.7278894186019897	
24-04-21 11:07:54.243 - INFO: val/mse: 0.6675164699554443	
24-04-21 11:07:54.243 - INFO: val/SSIM: 0.06504029931368008	
24-04-21 11:07:54.243 - INFO: val/PSNR: 6.396378781253743	
24-04-21 11:07:54.243 - INFO: 
------------------------------Validation End------------------------------


24-04-21 11:21:10.874 - INFO: train/mse_loss: 0.005755955204893591	
24-04-21 11:36:25.111 - INFO: train/mse_loss: 0.005792357666110269	
24-04-21 11:51:39.601 - INFO: train/mse_loss: 0.005619365064132797	
24-04-21 12:01:43.829 - INFO: train/mse_loss: 0.005563512093631845	
24-04-21 12:01:43.829 - INFO: epoch: 5	
24-04-21 12:01:43.829 - INFO: iters: 176608	
24-04-21 12:01:43.830 - INFO: Saving the self at the end of epoch 5
24-04-21 12:01:50.994 - INFO: 


------------------------------Validation Start------------------------------
24-04-21 12:04:04.172 - INFO: val/mae: 0.7550246119499207	
24-04-21 12:04:04.172 - INFO: val/mse: 0.6443383693695068	
24-04-21 12:04:04.172 - INFO: val/SSIM: 0.04736168185546048	
24-04-21 12:04:04.172 - INFO: val/PSNR: 5.7732758213319695	
24-04-21 12:04:04.172 - INFO: 
------------------------------Validation End------------------------------


24-04-21 12:57:53.080 - INFO: train/mse_loss: 0.0053820026913503	
24-04-21 12:57:53.080 - INFO: epoch: 6	
24-04-21 12:57:53.080 - INFO: iters: 211930	
24-04-21 12:57:53.080 - INFO: 


------------------------------Validation Start------------------------------
24-04-21 13:00:04.610 - INFO: val/mae: 0.7781871557235718	
24-04-21 13:00:04.610 - INFO: val/mse: 0.7562848925590515	
24-04-21 13:00:04.610 - INFO: val/SSIM: 0.06276444526704718	
24-04-21 13:00:04.610 - INFO: val/PSNR: 6.928535249260789	
24-04-21 13:00:04.610 - INFO: 
------------------------------Validation End------------------------------


24-04-21 13:12:22.343 - INFO: train/mse_loss: 0.004914801899319718	
24-04-21 13:27:36.857 - INFO: train/mse_loss: 0.005223743106326532	
24-04-21 13:42:51.009 - INFO: train/mse_loss: 0.005196572353298438	
24-04-21 13:53:54.233 - INFO: train/mse_loss: 0.0050631769743746955	
24-04-21 13:53:54.233 - INFO: epoch: 7	
24-04-21 13:53:54.234 - INFO: iters: 247252	
24-04-21 13:53:54.234 - INFO: 


------------------------------Validation Start------------------------------
24-04-21 13:56:05.722 - INFO: val/mae: 0.9659420251846313	
24-04-21 13:56:05.722 - INFO: val/mse: 1.093194603919983	
24-04-21 13:56:05.722 - INFO: val/SSIM: 0.044431333511834384	
24-04-21 13:56:05.722 - INFO: val/PSNR: 6.551879515871471	
24-04-21 13:56:05.722 - INFO: 
------------------------------Validation End------------------------------


24-04-21 14:49:55.485 - INFO: train/mse_loss: 0.004961442258249861	
24-04-21 14:49:55.486 - INFO: epoch: 8	
24-04-21 14:49:55.486 - INFO: iters: 282574	
24-04-21 14:49:55.486 - INFO: 


------------------------------Validation Start------------------------------
24-04-21 14:52:07.112 - INFO: val/mae: 0.724929928779602	
24-04-21 14:52:07.112 - INFO: val/mse: 0.6435239315032959	
24-04-21 14:52:07.112 - INFO: val/SSIM: 0.04087895631250637	
24-04-21 14:52:07.112 - INFO: val/PSNR: 6.022657718960909	
24-04-21 14:52:07.112 - INFO: 
------------------------------Validation End------------------------------


24-04-21 15:03:26.370 - INFO: train/mse_loss: 0.004335622960564345	
24-04-21 15:18:41.325 - INFO: train/mse_loss: 0.004400277564243719	
24-04-21 15:33:55.747 - INFO: train/mse_loss: 0.004355553725389726	
24-04-21 15:45:57.859 - INFO: train/mse_loss: 0.00439728056938263	
24-04-21 15:45:57.860 - INFO: epoch: 9	
24-04-21 15:45:57.860 - INFO: iters: 317896	
24-04-21 15:45:57.860 - INFO: 


------------------------------Validation Start------------------------------
24-04-21 15:48:09.460 - INFO: val/mae: 1.1833076477050781	
24-04-21 15:48:09.461 - INFO: val/mse: 1.6614398956298828	
24-04-21 15:48:09.461 - INFO: val/SSIM: 0.03233962790547842	
24-04-21 15:48:09.461 - INFO: val/PSNR: 4.4618639680563135	
24-04-21 15:48:09.461 - INFO: 
------------------------------Validation End------------------------------


24-04-21 16:41:58.180 - INFO: train/mse_loss: 0.0041772115320765696	
24-04-21 16:41:58.181 - INFO: epoch: 10	
24-04-21 16:41:58.181 - INFO: iters: 353218	
24-04-21 16:41:58.181 - INFO: Saving the self at the end of epoch 10
24-04-21 16:42:05.711 - INFO: 


------------------------------Validation Start------------------------------
24-04-21 16:44:17.175 - INFO: val/mae: 0.9077625274658203	
24-04-21 16:44:17.176 - INFO: val/mse: 0.9901142120361328	
24-04-21 16:44:17.176 - INFO: val/SSIM: 0.05817243245451159	
24-04-21 16:44:17.176 - INFO: val/PSNR: 5.623439183163213	
24-04-21 16:44:17.176 - INFO: 
------------------------------Validation End------------------------------


24-04-21 16:54:37.409 - INFO: train/mse_loss: 0.003747817748379042	
24-04-21 17:09:51.804 - INFO: train/mse_loss: 0.0040759546565302925	
24-04-21 17:25:06.239 - INFO: train/mse_loss: 0.004137687343743503	
24-04-21 17:38:07.857 - INFO: train/mse_loss: 0.004135983803648726	
24-04-21 17:38:07.857 - INFO: epoch: 11	
24-04-21 17:38:07.857 - INFO: iters: 388540	
24-04-21 17:38:07.857 - INFO: 


------------------------------Validation Start------------------------------
24-04-21 17:40:19.324 - INFO: val/mae: 1.1094164848327637	
24-04-21 17:40:19.325 - INFO: val/mse: 1.4309742450714111	
24-04-21 17:40:19.325 - INFO: val/SSIM: 0.031744342173812175	
24-04-21 17:40:19.325 - INFO: val/PSNR: 5.2813493142751815	
24-04-21 17:40:19.325 - INFO: 
------------------------------Validation End------------------------------


24-04-21 18:34:09.212 - INFO: train/mse_loss: 0.0037948679696164166	
24-04-21 18:34:09.213 - INFO: epoch: 12	
24-04-21 18:34:09.213 - INFO: iters: 423862	
24-04-21 18:34:09.213 - INFO: 


------------------------------Validation Start------------------------------
24-04-21 18:36:20.783 - INFO: val/mae: 0.9396642446517944	
24-04-21 18:36:20.784 - INFO: val/mse: 1.09947669506073	
24-04-21 18:36:20.784 - INFO: val/SSIM: 0.032139966183241685	
24-04-21 18:36:20.784 - INFO: val/PSNR: 5.432809997875733	
24-04-21 18:36:20.784 - INFO: 
------------------------------Validation End------------------------------


24-04-21 18:45:42.014 - INFO: train/mse_loss: 0.0037875846465454575	
24-04-21 19:00:56.459 - INFO: train/mse_loss: 0.0038898054691918456	
24-04-21 19:16:11.000 - INFO: train/mse_loss: 0.0037452127372351127	
24-04-21 19:30:10.970 - INFO: train/mse_loss: 0.003861638399857911	
24-04-21 19:30:10.971 - INFO: epoch: 13	
24-04-21 19:30:10.971 - INFO: iters: 459184	
24-04-21 19:30:10.971 - INFO: 


------------------------------Validation Start------------------------------
24-04-21 19:32:22.534 - INFO: val/mae: 0.6505054831504822	
24-04-21 19:32:22.535 - INFO: val/mse: 0.5732327103614807	
24-04-21 19:32:22.535 - INFO: val/SSIM: 0.08846676716596799	
24-04-21 19:32:22.535 - INFO: val/PSNR: 10.294378312807417	
24-04-21 19:32:22.535 - INFO: 
------------------------------Validation End------------------------------


24-04-21 20:26:12.988 - INFO: train/mse_loss: 0.003540173851193595	
24-04-21 20:26:12.989 - INFO: epoch: 14	
24-04-21 20:26:12.989 - INFO: iters: 494506	
24-04-21 20:26:12.989 - INFO: 


------------------------------Validation Start------------------------------
24-04-21 20:28:24.695 - INFO: val/mae: 0.8200098872184753	
24-04-21 20:28:24.696 - INFO: val/mse: 0.8273682594299316	
24-04-21 20:28:24.696 - INFO: val/SSIM: 0.06389929329120647	
24-04-21 20:28:24.696 - INFO: val/PSNR: 6.20914075766238	
24-04-21 20:28:24.696 - INFO: 
------------------------------Validation End------------------------------


24-04-21 20:36:47.135 - INFO: train/mse_loss: 0.0029818230714498545	
24-04-21 20:52:01.631 - INFO: train/mse_loss: 0.0035138833118948483	
24-04-21 21:07:16.306 - INFO: train/mse_loss: 0.0036798173638262757	
24-04-21 21:22:15.155 - INFO: train/mse_loss: 0.00363435732200544	
24-04-21 21:22:15.156 - INFO: epoch: 15	
24-04-21 21:22:15.156 - INFO: iters: 529828	
24-04-21 21:22:15.156 - INFO: Saving the self at the end of epoch 15
24-04-21 21:22:21.904 - INFO: 


------------------------------Validation Start------------------------------
24-04-21 21:24:33.579 - INFO: val/mae: 1.0831921100616455	
24-04-21 21:24:33.580 - INFO: val/mse: 1.4606949090957642	
24-04-21 21:24:33.580 - INFO: val/SSIM: 0.03675040221799918	
24-04-21 21:24:33.580 - INFO: val/PSNR: 4.474236469960794	
24-04-21 21:24:33.580 - INFO: 
------------------------------Validation End------------------------------


24-04-21 22:18:31.889 - INFO: train/mse_loss: 0.003517247221551876	
24-04-21 22:18:31.889 - INFO: epoch: 16	
24-04-21 22:18:31.889 - INFO: iters: 565150	
24-04-21 22:18:31.889 - INFO: 


------------------------------Validation Start------------------------------
24-04-21 22:20:44.350 - INFO: val/mae: 1.0974164009094238	
24-04-21 22:20:44.350 - INFO: val/mse: 1.3740589618682861	
24-04-21 22:20:44.350 - INFO: val/SSIM: 0.05955469395976462	
24-04-21 22:20:44.351 - INFO: val/PSNR: 5.305681644976288	
24-04-21 22:20:44.351 - INFO: 
------------------------------Validation End------------------------------


24-04-21 22:28:10.413 - INFO: train/mse_loss: 0.003097079692362049	
24-04-21 22:43:25.617 - INFO: train/mse_loss: 0.0033577693579312333	
24-04-21 22:58:42.246 - INFO: train/mse_loss: 0.003284654557378449	
24-04-21 23:13:56.687 - INFO: train/mse_loss: 0.0033147135168221163	
24-04-21 23:14:39.980 - INFO: train/mse_loss: 0.0033319190251906634	
24-04-21 23:14:39.980 - INFO: epoch: 17	
24-04-21 23:14:39.980 - INFO: iters: 600472	
24-04-21 23:14:39.980 - INFO: 


------------------------------Validation Start------------------------------
24-04-21 23:16:51.686 - INFO: val/mae: 0.6045778393745422	
24-04-21 23:16:51.686 - INFO: val/mse: 0.5255649089813232	
24-04-21 23:16:51.686 - INFO: val/SSIM: 0.06288402946159873	
24-04-21 23:16:51.686 - INFO: val/PSNR: 8.238926402242832	
24-04-21 23:16:51.686 - INFO: 
------------------------------Validation End------------------------------


24-04-22 00:10:49.496 - INFO: train/mse_loss: 0.0032675293037520343	
24-04-22 00:10:49.497 - INFO: epoch: 18	
24-04-22 00:10:49.497 - INFO: iters: 635794	
24-04-22 00:10:49.497 - INFO: 


------------------------------Validation Start------------------------------
24-04-22 00:13:01.083 - INFO: val/mae: 0.5234605073928833	
24-04-22 00:13:01.084 - INFO: val/mse: 0.40319445729255676	
24-04-22 00:13:01.084 - INFO: val/SSIM: 0.08127532349200742	
24-04-22 00:13:01.084 - INFO: val/PSNR: 9.14190050166153	
24-04-22 00:13:01.084 - INFO: 
------------------------------Validation End------------------------------


24-04-22 00:19:25.513 - INFO: train/mse_loss: 0.0026839930772073355	
24-04-22 00:34:43.994 - INFO: train/mse_loss: 0.0031122060181364756	
24-04-22 00:49:58.386 - INFO: train/mse_loss: 0.003100976484094671	
24-04-22 01:05:13.286 - INFO: train/mse_loss: 0.003253366093572203	
24-04-22 01:06:55.887 - INFO: train/mse_loss: 0.003258140801414789	
24-04-22 01:06:55.887 - INFO: epoch: 19	
24-04-22 01:06:55.887 - INFO: iters: 671116	
24-04-22 01:06:55.887 - INFO: 


------------------------------Validation Start------------------------------
24-04-22 01:09:09.036 - INFO: val/mae: 0.8481099605560303	
24-04-22 01:09:09.036 - INFO: val/mse: 1.006831407546997	
24-04-22 01:09:09.036 - INFO: val/SSIM: 0.040703456629921794	
24-04-22 01:09:09.036 - INFO: val/PSNR: 5.837892270751086	
24-04-22 01:09:09.036 - INFO: 
------------------------------Validation End------------------------------


24-04-22 02:03:23.927 - INFO: train/mse_loss: 0.0031877735548752313	
24-04-22 02:03:23.927 - INFO: epoch: 20	
24-04-22 02:03:23.927 - INFO: iters: 706438	
24-04-22 02:03:23.927 - INFO: Saving the self at the end of epoch 20
24-04-22 02:03:42.036 - INFO: 


------------------------------Validation Start------------------------------
24-04-22 02:05:53.619 - INFO: val/mae: 0.6464961767196655	
24-04-22 02:05:53.619 - INFO: val/mse: 0.5677295923233032	
24-04-22 02:05:53.619 - INFO: val/SSIM: 0.09027557965990742	
24-04-22 02:05:53.620 - INFO: val/PSNR: 8.195226348582644	
24-04-22 02:05:53.620 - INFO: 
------------------------------Validation End------------------------------


24-04-22 02:11:19.748 - INFO: train/mse_loss: 0.0029310019729656346	
24-04-22 02:26:36.498 - INFO: train/mse_loss: 0.0030029838729535943	
24-04-22 02:41:51.348 - INFO: train/mse_loss: 0.0030002272165070504	
24-04-22 02:57:12.508 - INFO: train/mse_loss: 0.003072965974442771	
24-04-22 02:59:53.691 - INFO: train/mse_loss: 0.0030651076946354556	
24-04-22 02:59:53.691 - INFO: epoch: 21	
24-04-22 02:59:53.691 - INFO: iters: 741760	
24-04-22 02:59:53.691 - INFO: 


------------------------------Validation Start------------------------------
24-04-22 03:02:07.925 - INFO: val/mae: 1.2506206035614014	
24-04-22 03:02:07.925 - INFO: val/mse: 1.7506974935531616	
24-04-22 03:02:07.926 - INFO: val/SSIM: 0.05534022782621057	
24-04-22 03:02:07.926 - INFO: val/PSNR: 4.090183029295801	
24-04-22 03:02:07.926 - INFO: 
------------------------------Validation End------------------------------


24-04-22 03:56:16.715 - INFO: train/mse_loss: 0.0031583435217535667	
24-04-22 03:56:16.718 - INFO: epoch: 22	
24-04-22 03:56:16.718 - INFO: iters: 777082	
24-04-22 03:56:16.718 - INFO: 


------------------------------Validation Start------------------------------
24-04-22 03:58:28.478 - INFO: val/mae: 0.3747292459011078	
24-04-22 03:58:28.479 - INFO: val/mse: 0.19710826873779297	
24-04-22 03:58:28.479 - INFO: val/SSIM: 0.1394777941368332	
24-04-22 03:58:28.479 - INFO: val/PSNR: 12.262397978216551	
24-04-22 03:58:28.479 - INFO: 
------------------------------Validation End------------------------------


24-04-22 04:02:55.293 - INFO: train/mse_loss: 0.0032155678956210486	
24-04-22 04:18:13.691 - INFO: train/mse_loss: 0.003091696540060077	
24-04-22 04:33:36.747 - INFO: train/mse_loss: 0.003089430092350647	
24-04-22 04:48:50.361 - INFO: train/mse_loss: 0.0030970433152036274	
24-04-22 04:52:30.304 - INFO: train/mse_loss: 0.0030907501923400247	
24-04-22 04:52:30.304 - INFO: epoch: 23	
24-04-22 04:52:30.304 - INFO: iters: 812404	
24-04-22 04:52:30.304 - INFO: 


------------------------------Validation Start------------------------------
24-04-22 04:54:42.036 - INFO: val/mae: 0.9896583557128906	
24-04-22 04:54:42.036 - INFO: val/mse: 1.1985464096069336	
24-04-22 04:54:42.036 - INFO: val/SSIM: 0.059503839417769544	
24-04-22 04:54:42.036 - INFO: val/PSNR: 5.128094840917173	
24-04-22 04:54:42.036 - INFO: 
------------------------------Validation End------------------------------


24-04-22 05:48:39.345 - INFO: train/mse_loss: 0.002866644952504562	
24-04-22 05:48:39.345 - INFO: epoch: 24	
24-04-22 05:48:39.345 - INFO: iters: 847726	
24-04-22 05:48:39.345 - INFO: 


------------------------------Validation Start------------------------------
24-04-22 05:50:50.860 - INFO: val/mae: 0.46926599740982056	
24-04-22 05:50:50.861 - INFO: val/mse: 0.3186912536621094	
24-04-22 05:50:50.861 - INFO: val/SSIM: 0.09830945312793164	
24-04-22 05:50:50.861 - INFO: val/PSNR: 10.852063566700433	
24-04-22 05:50:50.861 - INFO: 
------------------------------Validation End------------------------------


24-04-22 05:54:18.666 - INFO: train/mse_loss: 0.0028402298886748482	
24-04-22 06:09:34.371 - INFO: train/mse_loss: 0.002802139926091002	
24-04-22 06:24:50.503 - INFO: train/mse_loss: 0.0029384253566316974	
24-04-22 06:40:14.321 - INFO: train/mse_loss: 0.0028583881926024838	
24-04-22 06:44:53.154 - INFO: train/mse_loss: 0.002819932101594237	
24-04-22 06:44:53.155 - INFO: epoch: 25	
24-04-22 06:44:53.155 - INFO: iters: 883048	
24-04-22 06:44:53.155 - INFO: Saving the self at the end of epoch 25
24-04-22 06:44:59.990 - INFO: 


------------------------------Validation Start------------------------------
24-04-22 06:47:11.452 - INFO: val/mae: 0.8270621299743652	
24-04-22 06:47:11.452 - INFO: val/mse: 0.8754767179489136	
24-04-22 06:47:11.452 - INFO: val/SSIM: 0.10197728577244841	
24-04-22 06:47:11.452 - INFO: val/PSNR: 7.273466285936396	
24-04-22 06:47:11.452 - INFO: 
------------------------------Validation End------------------------------


24-04-22 07:41:11.375 - INFO: train/mse_loss: 0.002897210754603775	
24-04-22 07:41:11.380 - INFO: epoch: 26	
24-04-22 07:41:11.380 - INFO: iters: 918370	
24-04-22 07:41:11.380 - INFO: 


------------------------------Validation Start------------------------------
24-04-22 07:43:23.008 - INFO: val/mae: 0.3345077633857727	
24-04-22 07:43:23.009 - INFO: val/mse: 0.22104282677173615	
24-04-22 07:43:23.009 - INFO: val/SSIM: 0.2694554045278815	
24-04-22 07:43:23.009 - INFO: val/PSNR: 15.804766753584456	
24-04-22 07:43:23.009 - INFO: 
------------------------------Validation End------------------------------


24-04-22 07:45:51.936 - INFO: train/mse_loss: 0.00245249568366306	
24-04-22 08:01:06.270 - INFO: train/mse_loss: 0.002939757712224008	
24-04-22 08:16:21.395 - INFO: train/mse_loss: 0.0028759659708456824	
24-04-22 08:31:36.101 - INFO: train/mse_loss: 0.002936214880155297	
24-04-22 08:37:13.741 - INFO: train/mse_loss: 0.0029595664385204863	
24-04-22 08:37:13.742 - INFO: epoch: 27	
24-04-22 08:37:13.742 - INFO: iters: 953692	
24-04-22 08:37:13.742 - INFO: 


------------------------------Validation Start------------------------------
24-04-22 08:39:25.231 - INFO: val/mae: 0.7016826868057251	
24-04-22 08:39:25.232 - INFO: val/mse: 0.7587375640869141	
24-04-22 08:39:25.232 - INFO: val/SSIM: 0.04764577013657204	
24-04-22 08:39:25.232 - INFO: val/PSNR: 7.2135288416779435	
24-04-22 08:39:25.232 - INFO: 
------------------------------Validation End------------------------------


24-04-22 09:33:23.912 - INFO: train/mse_loss: 0.0028458767412371114	
24-04-22 09:33:23.914 - INFO: epoch: 28	
24-04-22 09:33:23.914 - INFO: iters: 989014	
24-04-22 09:33:23.914 - INFO: 


------------------------------Validation Start------------------------------
24-04-22 09:35:35.536 - INFO: val/mae: 0.4594154357910156	
24-04-22 09:35:35.536 - INFO: val/mse: 0.3362548351287842	
24-04-22 09:35:35.536 - INFO: val/SSIM: 0.11260038202816301	
24-04-22 09:35:35.536 - INFO: val/PSNR: 10.396659307754094	
24-04-22 09:35:35.536 - INFO: 
------------------------------Validation End------------------------------


24-04-22 09:37:05.720 - INFO: train/mse_loss: 0.002519119380487269	
24-04-22 09:52:20.267 - INFO: train/mse_loss: 0.0028428486909883336	
24-04-22 10:07:34.597 - INFO: train/mse_loss: 0.0027947304855564874	
24-04-22 10:22:49.070 - INFO: train/mse_loss: 0.002805523174075967	
24-04-22 10:29:28.266 - INFO: train/mse_loss: 0.0027468727008645734	
24-04-22 10:29:28.266 - INFO: epoch: 29	
24-04-22 10:29:28.266 - INFO: iters: 1024336	
24-04-22 10:29:28.266 - INFO: 


------------------------------Validation Start------------------------------
24-04-22 10:31:39.912 - INFO: val/mae: 0.7509543895721436	
24-04-22 10:31:39.912 - INFO: val/mse: 0.8137596845626831	
24-04-22 10:31:39.912 - INFO: val/SSIM: 0.07654204650051533	
24-04-22 10:31:39.913 - INFO: val/PSNR: 7.544475815691701	
24-04-22 10:31:39.913 - INFO: 
------------------------------Validation End------------------------------


24-04-22 11:25:30.560 - INFO: train/mse_loss: 0.002768428342426342	
24-04-22 11:25:30.678 - INFO: epoch: 30	
24-04-22 11:25:30.678 - INFO: iters: 1059658	
24-04-22 11:25:30.678 - INFO: Saving the self at the end of epoch 30
24-04-22 11:25:54.124 - INFO: 


------------------------------Validation Start------------------------------
24-04-22 11:28:05.583 - INFO: val/mae: 0.49713414907455444	
24-04-22 11:28:05.585 - INFO: val/mse: 0.4098684787750244	
24-04-22 11:28:05.585 - INFO: val/SSIM: 0.08131660769843346	
24-04-22 11:28:05.585 - INFO: val/PSNR: 9.475334130586695	
24-04-22 11:28:05.585 - INFO: 
------------------------------Validation End------------------------------


24-04-22 11:28:36.861 - INFO: train/mse_loss: 0.0024363959809039337	
24-04-22 11:44:01.401 - INFO: train/mse_loss: 0.0025967508188465284	
24-04-22 11:59:15.394 - INFO: train/mse_loss: 0.0027288665297146597	
24-04-22 12:14:35.485 - INFO: train/mse_loss: 0.002759253015023626	
24-04-22 12:22:12.466 - INFO: train/mse_loss: 0.002809244136576496	
24-04-22 12:22:12.467 - INFO: epoch: 31	
24-04-22 12:22:12.467 - INFO: iters: 1094980	
24-04-22 12:22:12.467 - INFO: 


------------------------------Validation Start------------------------------
24-04-22 12:24:24.096 - INFO: val/mae: 0.6634777784347534	
24-04-22 12:24:24.096 - INFO: val/mse: 0.626210629940033	
24-04-22 12:24:24.097 - INFO: val/SSIM: 0.07316212317564845	
24-04-22 12:24:24.097 - INFO: val/PSNR: 7.668723423919321	
24-04-22 12:24:24.097 - INFO: 
------------------------------Validation End------------------------------


24-04-22 13:18:14.909 - INFO: train/mse_loss: 0.0027086637720836397	
24-04-22 13:18:14.911 - INFO: epoch: 32	
24-04-22 13:18:14.911 - INFO: iters: 1130302	
24-04-22 13:18:14.911 - INFO: 


------------------------------Validation Start------------------------------
24-04-22 13:20:27.247 - INFO: val/mae: 0.9898414611816406	
24-04-22 13:20:27.247 - INFO: val/mse: 1.3501923084259033	
24-04-22 13:20:27.247 - INFO: val/SSIM: 0.09137439543145132	
24-04-22 13:20:27.247 - INFO: val/PSNR: 5.519838329440943	
24-04-22 13:20:27.247 - INFO: 
------------------------------Validation End------------------------------


24-04-22 13:35:27.587 - INFO: train/mse_loss: 0.002732241954834193	
24-04-22 13:50:46.207 - INFO: train/mse_loss: 0.002801545702283862	
24-04-22 14:06:07.638 - INFO: train/mse_loss: 0.0028199633252066585	
24-04-22 14:14:59.274 - INFO: train/mse_loss: 0.0028334727003486958	
24-04-22 14:14:59.274 - INFO: epoch: 33	
24-04-22 14:14:59.274 - INFO: iters: 1165624	
24-04-22 14:14:59.274 - INFO: 


------------------------------Validation Start------------------------------
24-04-22 14:17:12.069 - INFO: val/mae: 1.288622498512268	
24-04-22 14:17:12.069 - INFO: val/mse: 1.859156847000122	
24-04-22 14:17:12.069 - INFO: val/SSIM: 0.03781019581397885	
24-04-22 14:17:12.069 - INFO: val/PSNR: 4.605539005882425	
24-04-22 14:17:12.069 - INFO: 
------------------------------Validation End------------------------------


24-04-22 15:11:44.737 - INFO: train/mse_loss: 0.002676265978628377	
24-04-22 15:11:44.737 - INFO: epoch: 34	
24-04-22 15:11:44.737 - INFO: iters: 1200946	
24-04-22 15:11:44.738 - INFO: 


------------------------------Validation Start------------------------------
24-04-22 15:13:58.505 - INFO: val/mae: 1.2447307109832764	
24-04-22 15:13:58.506 - INFO: val/mse: 1.740457534790039	
24-04-22 15:13:58.506 - INFO: val/SSIM: 0.038233719960680784	
24-04-22 15:13:58.506 - INFO: val/PSNR: 4.820654904930381	
24-04-22 15:13:58.506 - INFO: 
------------------------------Validation End------------------------------


24-04-22 15:28:20.451 - INFO: train/mse_loss: 0.0028186351795067054	
24-04-22 15:43:56.524 - INFO: train/mse_loss: 0.002802983693759976	
24-04-22 15:59:38.348 - INFO: train/mse_loss: 0.0027720566845423197	
24-04-22 16:09:25.438 - INFO: train/mse_loss: 0.002762125559859289	
24-04-22 16:09:25.439 - INFO: epoch: 35	
24-04-22 16:09:25.439 - INFO: iters: 1236268	
24-04-22 16:09:25.439 - INFO: Saving the self at the end of epoch 35
24-04-22 16:10:01.749 - INFO: 


------------------------------Validation Start------------------------------
24-04-22 16:12:14.931 - INFO: val/mae: 0.3918318748474121	
24-04-22 16:12:14.932 - INFO: val/mse: 0.26201069355010986	
24-04-22 16:12:14.932 - INFO: val/SSIM: 0.17469160235626086	
24-04-22 16:12:14.932 - INFO: val/PSNR: 12.619189258092725	
24-04-22 16:12:14.932 - INFO: 
------------------------------Validation End------------------------------


24-04-22 17:07:43.088 - INFO: train/mse_loss: 0.002546238395922563	
24-04-22 17:07:43.089 - INFO: epoch: 36	
24-04-22 17:07:43.089 - INFO: iters: 1271590	
24-04-22 17:07:43.089 - INFO: 


------------------------------Validation Start------------------------------
24-04-22 17:10:01.767 - INFO: val/mae: 1.5454752445220947	
24-04-22 17:10:01.767 - INFO: val/mse: 2.5564520359039307	
24-04-22 17:10:01.767 - INFO: val/SSIM: 0.04237926362816525	
24-04-22 17:10:01.767 - INFO: val/PSNR: 2.563249275521942	
24-04-22 17:10:01.767 - INFO: 
------------------------------Validation End------------------------------


24-04-22 17:23:33.811 - INFO: train/mse_loss: 0.0026020449254017747	
24-04-22 17:39:05.228 - INFO: train/mse_loss: 0.002554705426352912	
24-04-22 17:54:32.061 - INFO: train/mse_loss: 0.0026256665246601634	
24-04-22 18:05:17.447 - INFO: train/mse_loss: 0.0025912145540163667	
24-04-22 18:05:17.447 - INFO: epoch: 37	
24-04-22 18:05:17.447 - INFO: iters: 1306912	
24-04-22 18:05:17.447 - INFO: 


------------------------------Validation Start------------------------------
24-04-22 18:07:37.651 - INFO: val/mae: 0.5048485994338989	
24-04-22 18:07:37.651 - INFO: val/mse: 0.5311470031738281	
24-04-22 18:07:37.651 - INFO: val/SSIM: 0.146519404184178	
24-04-22 18:07:37.651 - INFO: val/PSNR: 10.91820048162452	
24-04-22 18:07:37.651 - INFO: 
------------------------------Validation End------------------------------


24-04-22 19:01:54.625 - INFO: train/mse_loss: 0.0026831947623598036	
24-04-22 19:01:54.626 - INFO: epoch: 38	
24-04-22 19:01:54.627 - INFO: iters: 1342234	
24-04-22 19:01:54.627 - INFO: 


------------------------------Validation Start------------------------------
24-04-22 19:04:07.078 - INFO: val/mae: 0.6959758996963501	
24-04-22 19:04:07.078 - INFO: val/mse: 0.6590582132339478	
24-04-22 19:04:07.078 - INFO: val/SSIM: 0.11662458883575684	
24-04-22 19:04:07.078 - INFO: val/PSNR: 7.7214808153281655	
24-04-22 19:04:07.078 - INFO: 
------------------------------Validation End------------------------------


24-04-22 19:16:03.382 - INFO: train/mse_loss: 0.002803244036118089	
24-04-22 19:31:29.276 - INFO: train/mse_loss: 0.0026000598025819593	
24-04-22 19:46:43.988 - INFO: train/mse_loss: 0.0025416387826167034	
24-04-22 19:58:15.957 - INFO: train/mse_loss: 0.002552418616456513	
24-04-22 19:58:15.957 - INFO: epoch: 39	
24-04-22 19:58:15.957 - INFO: iters: 1377556	
24-04-22 19:58:15.957 - INFO: 


------------------------------Validation Start------------------------------
24-04-22 20:00:29.219 - INFO: val/mae: 1.3825464248657227	
24-04-22 20:00:29.219 - INFO: val/mse: 2.1525659561157227	
24-04-22 20:00:29.219 - INFO: val/SSIM: 0.05843341554862598	
24-04-22 20:00:29.219 - INFO: val/PSNR: 3.0794594818618455	
24-04-22 20:00:29.219 - INFO: 
------------------------------Validation End------------------------------


24-04-22 20:54:25.605 - INFO: train/mse_loss: 0.0026186694715766554	
24-04-22 20:54:25.629 - INFO: epoch: 40	
24-04-22 20:54:25.629 - INFO: iters: 1412878	
24-04-22 20:54:25.629 - INFO: Saving the self at the end of epoch 40
24-04-22 20:54:36.603 - INFO: 


------------------------------Validation Start------------------------------
24-04-22 20:56:48.696 - INFO: val/mae: 1.4562397003173828	
24-04-22 20:56:48.696 - INFO: val/mse: 2.3699216842651367	
24-04-22 20:56:48.696 - INFO: val/SSIM: 0.04898372012829808	
24-04-22 20:56:48.696 - INFO: val/PSNR: 2.6734254613917874	
24-04-22 20:56:48.696 - INFO: 
------------------------------Validation End------------------------------


24-04-22 21:07:42.805 - INFO: train/mse_loss: 0.002457364470295064	
24-04-22 21:23:00.288 - INFO: train/mse_loss: 0.0023431765295057307	
24-04-22 21:38:18.267 - INFO: train/mse_loss: 0.0024613313240903225	
24-04-22 21:50:54.581 - INFO: train/mse_loss: 0.002468725846545934	
24-04-22 21:50:54.582 - INFO: epoch: 41	
24-04-22 21:50:54.582 - INFO: iters: 1448200	
24-04-22 21:50:54.582 - INFO: 


------------------------------Validation Start------------------------------
24-04-22 21:53:06.825 - INFO: val/mae: 0.15196217596530914	
24-04-22 21:53:06.826 - INFO: val/mse: 0.07094384729862213	
24-04-22 21:53:06.826 - INFO: val/SSIM: 0.38472920058445753	
24-04-22 21:53:06.826 - INFO: val/PSNR: 22.057790659646702	
24-04-22 21:53:06.826 - INFO: 
------------------------------Validation End------------------------------


24-04-22 22:47:15.219 - INFO: train/mse_loss: 0.0024398744169811092	
24-04-22 22:47:15.220 - INFO: epoch: 42	
24-04-22 22:47:15.220 - INFO: iters: 1483522	
24-04-22 22:47:15.220 - INFO: 


------------------------------Validation Start------------------------------
24-04-22 22:49:31.171 - INFO: val/mae: 0.7539262175559998	
24-04-22 22:49:31.172 - INFO: val/mse: 0.7931376695632935	
24-04-22 22:49:31.172 - INFO: val/SSIM: 0.05523736300097214	
24-04-22 22:49:31.172 - INFO: val/PSNR: 6.526979878663177	
24-04-22 22:49:31.172 - INFO: 
------------------------------Validation End------------------------------


24-04-22 22:59:36.007 - INFO: train/mse_loss: 0.0026358947266244158	
24-04-22 23:14:53.106 - INFO: train/mse_loss: 0.002596044178271024	
24-04-22 23:30:16.391 - INFO: train/mse_loss: 0.0024923099461251447	
24-04-22 23:43:57.833 - INFO: train/mse_loss: 0.0024647347709423058	
24-04-22 23:43:57.834 - INFO: epoch: 43	
24-04-22 23:43:57.834 - INFO: iters: 1518844	
24-04-22 23:43:57.834 - INFO: 


------------------------------Validation Start------------------------------
24-04-22 23:46:14.789 - INFO: val/mae: 0.5691961050033569	
24-04-22 23:46:14.789 - INFO: val/mse: 0.45130765438079834	
24-04-22 23:46:14.789 - INFO: val/SSIM: 0.09394274913544887	
24-04-22 23:46:14.789 - INFO: val/PSNR: 8.991860298483136	
24-04-22 23:46:14.789 - INFO: 
------------------------------Validation End------------------------------


24-04-23 00:40:32.979 - INFO: train/mse_loss: 0.0024327005326688334	
24-04-23 00:40:33.017 - INFO: epoch: 44	
24-04-23 00:40:33.017 - INFO: iters: 1554166	
24-04-23 00:40:33.017 - INFO: 


------------------------------Validation Start------------------------------
24-04-23 00:42:47.582 - INFO: val/mae: 0.8411602973937988	
24-04-23 00:42:47.583 - INFO: val/mse: 0.9181532859802246	
24-04-23 00:42:47.583 - INFO: val/SSIM: 0.08089963584874058	
24-04-23 00:42:47.583 - INFO: val/PSNR: 7.280402205124345	
24-04-23 00:42:47.583 - INFO: 
------------------------------Validation End------------------------------


24-04-23 00:51:51.597 - INFO: train/mse_loss: 0.0025388986933550435	
24-04-23 01:07:17.456 - INFO: train/mse_loss: 0.0024568617939255337	
24-04-23 01:22:39.725 - INFO: train/mse_loss: 0.0024825535262989664	
24-04-23 01:37:16.896 - INFO: train/mse_loss: 0.0025046422214673692	
24-04-23 01:37:16.896 - INFO: epoch: 45	
24-04-23 01:37:16.896 - INFO: iters: 1589488	
24-04-23 01:37:16.896 - INFO: Saving the self at the end of epoch 45
24-04-23 01:37:31.700 - INFO: 


------------------------------Validation Start------------------------------
24-04-23 01:39:44.266 - INFO: val/mae: 1.2338535785675049	
24-04-23 01:39:44.267 - INFO: val/mse: 1.7701504230499268	
24-04-23 01:39:44.267 - INFO: val/SSIM: 0.056663335715145424	
24-04-23 01:39:44.267 - INFO: val/PSNR: 4.347519065044967	
24-04-23 01:39:44.267 - INFO: 
------------------------------Validation End------------------------------


24-04-23 02:35:03.512 - INFO: train/mse_loss: 0.002559330437038486	
24-04-23 02:35:03.513 - INFO: epoch: 46	
24-04-23 02:35:03.513 - INFO: iters: 1624810	
24-04-23 02:35:03.513 - INFO: 


------------------------------Validation Start------------------------------
24-04-23 02:37:26.905 - INFO: val/mae: 0.09523950517177582	
24-04-23 02:37:26.906 - INFO: val/mse: 0.019483119249343872	
24-04-23 02:37:26.906 - INFO: val/SSIM: 0.5021737294386165	
24-04-23 02:37:26.906 - INFO: val/PSNR: 21.893956308077538	
24-04-23 02:37:26.906 - INFO: 
------------------------------Validation End------------------------------


24-04-23 02:45:59.428 - INFO: train/mse_loss: 0.0026217709230960964	
24-04-23 03:01:47.350 - INFO: train/mse_loss: 0.0025307629931496625	
24-04-23 03:17:23.110 - INFO: train/mse_loss: 0.0025643510601368255	
24-04-23 03:32:54.654 - INFO: train/mse_loss: 0.002545172403835805	
24-04-23 03:33:06.857 - INFO: train/mse_loss: 0.002542500422327641	
24-04-23 03:33:06.857 - INFO: epoch: 47	
24-04-23 03:33:06.857 - INFO: iters: 1660132	
24-04-23 03:33:06.858 - INFO: 


------------------------------Validation Start------------------------------
24-04-23 03:35:18.628 - INFO: val/mae: 0.39572179317474365	
24-04-23 03:35:18.628 - INFO: val/mse: 0.24723927676677704	
24-04-23 03:35:18.628 - INFO: val/SSIM: 0.13142447188311462	
24-04-23 03:35:18.628 - INFO: val/PSNR: 12.16728510103856	
24-04-23 03:35:18.629 - INFO: 
------------------------------Validation End------------------------------


24-04-23 04:29:42.388 - INFO: train/mse_loss: 0.0025464375595662062	
24-04-23 04:29:42.390 - INFO: epoch: 48	
24-04-23 04:29:42.390 - INFO: iters: 1695454	
24-04-23 04:29:42.390 - INFO: 


------------------------------Validation Start------------------------------
24-04-23 04:31:55.446 - INFO: val/mae: 1.2199857234954834	
24-04-23 04:31:55.446 - INFO: val/mse: 1.6918784379959106	
24-04-23 04:31:55.446 - INFO: val/SSIM: 0.04925462713253437	
24-04-23 04:31:55.446 - INFO: val/PSNR: 4.341843426368234	
24-04-23 04:31:55.446 - INFO: 
------------------------------Validation End------------------------------


24-04-23 04:38:56.112 - INFO: train/mse_loss: 0.00233641447878231	
24-04-23 04:54:32.098 - INFO: train/mse_loss: 0.0024388648722375	
24-04-23 05:10:01.714 - INFO: train/mse_loss: 0.0024973898112061127	
24-04-23 05:25:51.750 - INFO: train/mse_loss: 0.0024331029201041013	
24-04-23 05:27:06.973 - INFO: train/mse_loss: 0.002411079552181213	
24-04-23 05:27:06.973 - INFO: epoch: 49	
24-04-23 05:27:06.973 - INFO: iters: 1730776	
24-04-23 05:27:06.973 - INFO: 


------------------------------Validation Start------------------------------
24-04-23 05:29:22.817 - INFO: val/mae: 0.207563579082489	
24-04-23 05:29:22.817 - INFO: val/mse: 0.1049901619553566	
24-04-23 05:29:22.817 - INFO: val/SSIM: 0.49594937642746667	
24-04-23 05:29:22.817 - INFO: val/PSNR: 15.584235708240254	
24-04-23 05:29:22.817 - INFO: 
------------------------------Validation End------------------------------


24-04-23 06:24:06.559 - INFO: train/mse_loss: 0.0024545511598291075	
24-04-23 06:24:06.560 - INFO: epoch: 50	
24-04-23 06:24:06.560 - INFO: iters: 1766098	
24-04-23 06:24:06.560 - INFO: Saving the self at the end of epoch 50
24-04-23 06:24:31.888 - INFO: 


------------------------------Validation Start------------------------------
24-04-23 06:26:50.640 - INFO: val/mae: 1.1336170434951782	
24-04-23 06:26:50.640 - INFO: val/mse: 1.6151196956634521	
24-04-23 06:26:50.640 - INFO: val/SSIM: 0.04515320081217162	
24-04-23 06:26:50.640 - INFO: val/PSNR: 4.060107648411436	
24-04-23 06:26:50.640 - INFO: 
------------------------------Validation End------------------------------


24-04-23 06:32:55.276 - INFO: train/mse_loss: 0.0025377032520974845	
24-04-23 06:48:15.030 - INFO: train/mse_loss: 0.0023050734838154655	
24-04-23 07:03:45.135 - INFO: train/mse_loss: 0.0023872067033057246	
24-04-23 07:19:14.348 - INFO: train/mse_loss: 0.002457936986102355	
24-04-23 07:21:25.753 - INFO: train/mse_loss: 0.002484203125967933	
24-04-23 07:21:25.760 - INFO: epoch: 51	
24-04-23 07:21:25.760 - INFO: iters: 1801420	
24-04-23 07:21:25.760 - INFO: 


------------------------------Validation Start------------------------------
24-04-23 07:23:41.663 - INFO: val/mae: 0.5824355483055115	
24-04-23 07:23:41.663 - INFO: val/mse: 0.5943464040756226	
24-04-23 07:23:41.663 - INFO: val/SSIM: 0.0706584528154486	
24-04-23 07:23:41.663 - INFO: val/PSNR: 8.424318477367558	
24-04-23 07:23:41.663 - INFO: 
------------------------------Validation End------------------------------


24-04-23 08:17:58.649 - INFO: train/mse_loss: 0.002422527621229113	
24-04-23 08:17:58.651 - INFO: epoch: 52	
24-04-23 08:17:58.651 - INFO: iters: 1836742	
24-04-23 08:17:58.651 - INFO: 


------------------------------Validation Start------------------------------
24-04-23 08:20:10.929 - INFO: val/mae: 0.5899869203567505	
24-04-23 08:20:10.930 - INFO: val/mse: 0.4434041380882263	
24-04-23 08:20:10.930 - INFO: val/SSIM: 0.08449750724726306	
24-04-23 08:20:10.930 - INFO: val/PSNR: 8.3424908858523	
24-04-23 08:20:10.930 - INFO: 
------------------------------Validation End------------------------------


24-04-23 08:25:12.347 - INFO: train/mse_loss: 0.002763890432280865	
24-04-23 08:40:35.046 - INFO: train/mse_loss: 0.00275309253733378	
24-04-23 08:55:54.608 - INFO: train/mse_loss: 0.0024810914454231983	
24-04-23 09:11:15.545 - INFO: train/mse_loss: 0.0025143823615734816	
24-04-23 09:14:25.868 - INFO: train/mse_loss: 0.0025010193703493065	
24-04-23 09:14:25.868 - INFO: epoch: 53	
24-04-23 09:14:25.868 - INFO: iters: 1872064	
24-04-23 09:14:25.868 - INFO: 


------------------------------Validation Start------------------------------
24-04-23 09:16:40.434 - INFO: val/mae: 0.5272336006164551	
24-04-23 09:16:40.434 - INFO: val/mse: 0.52774977684021	
24-04-23 09:16:40.435 - INFO: val/SSIM: 0.06660204482031845	
24-04-23 09:16:40.435 - INFO: val/PSNR: 8.926263276769788	
24-04-23 09:16:40.435 - INFO: 
------------------------------Validation End------------------------------


24-04-23 10:11:01.346 - INFO: train/mse_loss: 0.0023653702284041	
24-04-23 10:11:01.347 - INFO: epoch: 54	
24-04-23 10:11:01.347 - INFO: iters: 1907386	
24-04-23 10:11:01.347 - INFO: 


------------------------------Validation Start------------------------------
24-04-23 10:13:23.934 - INFO: val/mae: 1.516878604888916	
24-04-23 10:13:23.935 - INFO: val/mse: 2.463624954223633	
24-04-23 10:13:23.935 - INFO: val/SSIM: 0.04937081964292428	
24-04-23 10:13:23.935 - INFO: val/PSNR: 3.0402605750683014	
24-04-23 10:13:23.935 - INFO: 
------------------------------Validation End------------------------------


24-04-23 10:17:30.205 - INFO: train/mse_loss: 0.0020702846339115516	
24-04-23 10:33:12.637 - INFO: train/mse_loss: 0.002243622242384739	
