25-01-02 23:21:53.595 - WARNING: Warning: visualization (Tensorboard) is configured to use, but currently not installed on this machine. Please install TensorboardX with 'pip install tensorboardx', upgrade PyTorch to version >= 1.1 to use 'torch.utils.tensorboard' or turn off the option in the 'config.json' file.
25-01-02 23:21:53.596 - INFO: Create the log file in directory experiments/train_mri2ct_lr1e-4_nc1.

25-01-02 23:21:54.822 - INFO: Network [Network() form models.network] is created.
25-01-02 23:21:54.822 - INFO: Network [Network] weights initialize using [kaiming] method.
25-01-02 23:21:58.552 - INFO: Dataset [MRI2CTDataset() form data.dataset] is created.
25-01-02 23:21:58.553 - INFO: Dataset for train have 35188 samples.
25-01-02 23:21:59.573 - INFO: Dataset [MRI2CTDataset() form data.dataset] is created.
25-01-02 23:21:59.573 - INFO: Dataset for val have 9229 samples.
25-01-02 23:22:00.203 - INFO: Metric [mae() form models.metric] is created.
25-01-02 23:22:00.203 - INFO: Metric [mse() form models.metric] is created.
25-01-02 23:22:00.203 - INFO: Metric [SSIM() form models.metric] is created.
25-01-02 23:22:00.203 - INFO: Metric [PSNR() form models.metric] is created.
25-01-02 23:22:00.203 - INFO: Loss [mse_loss() form models.loss] is created.
25-01-02 23:22:07.088 - INFO: Model [Palette() form models.model] is created.
25-01-02 23:22:07.585 - INFO: Begin model train.
25-01-02 23:41:01.290 - INFO: train/mse_loss: 0.05523782996505265	
25-01-02 23:41:01.293 - INFO: epoch: 1	
25-01-02 23:41:01.294 - INFO: iters: 8796	
25-01-02 23:41:01.294 - INFO: 


------------------------------Validation Start------------------------------
25-01-02 23:55:39.845 - INFO: val/mae: 0.7730242013931274	
25-01-02 23:55:39.846 - INFO: val/mse: 0.690636932849884	
25-01-02 23:55:39.846 - INFO: val/SSIM: 0.05817846023684807	
25-01-02 23:55:39.846 - INFO: val/PSNR: 7.529487949716592	
25-01-02 23:55:39.846 - INFO: val/VAL_MSE: 0.009459694847464561	
25-01-02 23:55:39.846 - INFO: 
------------------------------Validation End------------------------------


25-01-03 00:14:54.861 - INFO: train/mse_loss: 0.012413119130673436	
25-01-03 00:14:54.862 - INFO: epoch: 2	
25-01-03 00:14:54.862 - INFO: iters: 17602	
25-01-03 00:14:54.862 - INFO: 


------------------------------Validation Start------------------------------
25-01-03 00:29:26.464 - INFO: val/mae: 1.2210439443588257	
25-01-03 00:29:26.467 - INFO: val/mse: 1.6954196691513062	
25-01-03 00:29:26.467 - INFO: val/SSIM: 0.03490103885731573	
25-01-03 00:29:26.467 - INFO: val/PSNR: 5.789964808941315	
25-01-03 00:29:26.467 - INFO: val/VAL_MSE: 0.00682429363951087	
25-01-03 00:29:26.467 - INFO: 
------------------------------Validation End------------------------------


25-01-03 00:35:05.357 - INFO: train/mse_loss: 0.011719722991849809	
25-01-03 00:48:41.958 - INFO: train/mse_loss: 0.009789239743078808	
25-01-03 00:48:41.959 - INFO: epoch: 3	
25-01-03 00:48:41.959 - INFO: iters: 26408	
25-01-03 00:48:41.959 - INFO: 


------------------------------Validation Start------------------------------
25-01-03 01:03:16.912 - INFO: val/mae: 1.1772644519805908	
25-01-03 01:03:16.914 - INFO: val/mse: 1.5579010248184204	
25-01-03 01:03:16.914 - INFO: val/SSIM: 0.045299676850615825	
25-01-03 01:03:16.914 - INFO: val/PSNR: 5.7316486668763265	
25-01-03 01:03:16.914 - INFO: val/VAL_MSE: 0.0062671867199242115	
25-01-03 01:03:16.914 - INFO: 
------------------------------Validation End------------------------------


25-01-03 01:22:29.383 - INFO: train/mse_loss: 0.008136603465063855	
25-01-03 01:22:29.384 - INFO: epoch: 4	
25-01-03 01:22:29.385 - INFO: iters: 35214	
25-01-03 01:22:29.385 - INFO: 


------------------------------Validation Start------------------------------
25-01-03 01:37:05.693 - INFO: val/mae: 0.6356214880943298	
25-01-03 01:37:05.695 - INFO: val/mse: 0.5407360196113586	
25-01-03 01:37:05.695 - INFO: val/SSIM: 0.10707391352205002	
25-01-03 01:37:05.695 - INFO: val/PSNR: 11.517408371257742	
25-01-03 01:37:05.695 - INFO: val/VAL_MSE: 0.005904898047447205	
25-01-03 01:37:05.695 - INFO: 
------------------------------Validation End------------------------------


25-01-03 01:47:42.411 - INFO: train/mse_loss: 0.0074557373883490105	
25-01-03 01:56:14.438 - INFO: train/mse_loss: 0.006854135501841164	
25-01-03 01:56:14.439 - INFO: epoch: 5	
25-01-03 01:56:14.440 - INFO: iters: 44020	
25-01-03 01:56:14.440 - INFO: Saving the self at the end of epoch 5
25-01-03 01:56:20.190 - INFO: 


------------------------------Validation Start------------------------------
25-01-03 02:10:52.994 - INFO: val/mae: 0.794244110584259	
25-01-03 02:10:52.995 - INFO: val/mse: 0.7348565459251404	
25-01-03 02:10:52.996 - INFO: val/SSIM: 0.04689812904056916	
25-01-03 02:10:52.996 - INFO: val/PSNR: 8.0393248916208	
25-01-03 02:10:52.996 - INFO: val/VAL_MSE: 0.006147174164652824	
25-01-03 02:10:52.996 - INFO: 
------------------------------Validation End------------------------------


25-01-03 02:30:01.091 - INFO: train/mse_loss: 0.006255826328857739	
25-01-03 02:30:01.092 - INFO: epoch: 6	
25-01-03 02:30:01.092 - INFO: iters: 52826	
25-01-03 02:30:01.092 - INFO: 


------------------------------Validation Start------------------------------
25-01-03 02:44:34.768 - INFO: val/mae: 0.5394896864891052	
25-01-03 02:44:34.770 - INFO: val/mse: 0.41417360305786133	
25-01-03 02:44:34.770 - INFO: val/SSIM: 0.09488501376353695	
25-01-03 02:44:34.770 - INFO: val/PSNR: 10.483718123938077	
25-01-03 02:44:34.770 - INFO: val/VAL_MSE: 0.003921349532902241	
25-01-03 02:44:34.770 - INFO: 
------------------------------Validation End------------------------------


25-01-03 03:00:21.453 - INFO: train/mse_loss: 0.005476899255085765	
25-01-03 03:03:50.062 - INFO: train/mse_loss: 0.0054369836734791946	
25-01-03 03:03:50.063 - INFO: epoch: 7	
25-01-03 03:03:50.063 - INFO: iters: 61632	
25-01-03 03:03:50.063 - INFO: 


------------------------------Validation Start------------------------------
25-01-03 03:18:22.887 - INFO: val/mae: 0.0803319588303566	
25-01-03 03:18:22.889 - INFO: val/mse: 0.02601531520485878	
25-01-03 03:18:22.889 - INFO: val/SSIM: 0.6570325978414457	
25-01-03 03:18:22.889 - INFO: val/PSNR: 21.737442803103033	
25-01-03 03:18:22.889 - INFO: val/VAL_MSE: 0.007792032789438963	
25-01-03 03:18:22.889 - INFO: 
------------------------------Validation End------------------------------


25-01-03 03:37:37.207 - INFO: train/mse_loss: 0.004882519552572168	
25-01-03 03:37:37.208 - INFO: epoch: 8	
25-01-03 03:37:37.208 - INFO: iters: 70438	
25-01-03 03:37:37.208 - INFO: 


------------------------------Validation Start------------------------------
25-01-03 03:52:10.141 - INFO: val/mae: 0.48781391978263855	
25-01-03 03:52:10.143 - INFO: val/mse: 0.36626696586608887	
25-01-03 03:52:10.143 - INFO: val/SSIM: 0.16713726011979407	
25-01-03 03:52:10.143 - INFO: val/PSNR: 13.145676452971433	
25-01-03 03:52:10.143 - INFO: val/VAL_MSE: 0.004612626973539591	
25-01-03 03:52:10.143 - INFO: 
------------------------------Validation End------------------------------


25-01-03 04:11:25.087 - INFO: train/mse_loss: 0.005061223513184616	
25-01-03 04:11:25.088 - INFO: epoch: 9	
25-01-03 04:11:25.088 - INFO: iters: 79244	
25-01-03 04:11:25.089 - INFO: 


------------------------------Validation Start------------------------------
25-01-03 04:26:02.161 - INFO: val/mae: 0.5703853964805603	
25-01-03 04:26:02.163 - INFO: val/mse: 0.47382479906082153	
25-01-03 04:26:02.163 - INFO: val/SSIM: 0.11083380016347932	
25-01-03 04:26:02.163 - INFO: val/PSNR: 13.120059304649313	
25-01-03 04:26:02.163 - INFO: val/VAL_MSE: 0.0036381129175424576	
25-01-03 04:26:02.163 - INFO: 
------------------------------Validation End------------------------------


25-01-03 04:45:12.362 - INFO: train/mse_loss: 0.004744303412712301	
25-01-03 04:45:12.363 - INFO: epoch: 10	
25-01-03 04:45:12.363 - INFO: iters: 88050	
25-01-03 04:45:12.363 - INFO: Saving the self at the end of epoch 10
25-01-03 04:45:18.069 - INFO: 


------------------------------Validation Start------------------------------
25-01-03 04:59:48.970 - INFO: val/mae: 0.4167053699493408	
25-01-03 04:59:48.971 - INFO: val/mse: 0.28078559041023254	
25-01-03 04:59:48.972 - INFO: val/SSIM: 0.17451145387157987	
25-01-03 04:59:48.972 - INFO: val/PSNR: 14.233791491525498	
25-01-03 04:59:48.972 - INFO: val/VAL_MSE: 0.005014596972614527	
25-01-03 04:59:48.972 - INFO: 
------------------------------Validation End------------------------------


25-01-03 05:04:24.457 - INFO: train/mse_loss: 0.005276180618126353	
25-01-03 05:18:59.318 - INFO: train/mse_loss: 0.004295094642454543	
25-01-03 05:18:59.319 - INFO: epoch: 11	
25-01-03 05:18:59.319 - INFO: iters: 96856	
25-01-03 05:18:59.319 - INFO: 


------------------------------Validation Start------------------------------
25-01-03 05:33:33.210 - INFO: val/mae: 1.5207502841949463	
25-01-03 05:33:33.212 - INFO: val/mse: 2.5030171871185303	
25-01-03 05:33:33.212 - INFO: val/SSIM: 0.009603312441567195	
25-01-03 05:33:33.212 - INFO: val/PSNR: 3.35662488823913	
25-01-03 05:33:33.212 - INFO: val/VAL_MSE: 0.003339692484587431	
25-01-03 05:33:33.212 - INFO: 
------------------------------Validation End------------------------------


25-01-03 05:52:45.287 - INFO: train/mse_loss: 0.004692238493073518	
25-01-03 05:52:45.288 - INFO: epoch: 12	
25-01-03 05:52:45.288 - INFO: iters: 105662	
25-01-03 05:52:45.288 - INFO: 


------------------------------Validation Start------------------------------
25-01-03 06:07:14.520 - INFO: val/mae: 1.1209211349487305	
25-01-03 06:07:14.522 - INFO: val/mse: 1.5263465642929077	
25-01-03 06:07:14.522 - INFO: val/SSIM: 0.027810998194187014	
25-01-03 06:07:14.522 - INFO: val/PSNR: 6.460704765560116	
25-01-03 06:07:14.522 - INFO: val/VAL_MSE: 0.0032295086421072483	
25-01-03 06:07:14.522 - INFO: 
------------------------------Validation End------------------------------


25-01-03 06:17:02.817 - INFO: train/mse_loss: 0.0038857517266477	
25-01-03 06:26:33.606 - INFO: train/mse_loss: 0.0041267613490974945	
25-01-03 06:26:33.607 - INFO: epoch: 13	
25-01-03 06:26:33.607 - INFO: iters: 114468	
25-01-03 06:26:33.607 - INFO: 


------------------------------Validation Start------------------------------
25-01-03 06:41:05.810 - INFO: val/mae: 0.3304865062236786	
25-01-03 06:41:05.812 - INFO: val/mse: 0.32243916392326355	
25-01-03 06:41:05.812 - INFO: val/SSIM: 0.41162988511212106	
25-01-03 06:41:05.812 - INFO: val/PSNR: 18.994819021693125	
25-01-03 06:41:05.812 - INFO: val/VAL_MSE: 0.002739772666245699	
25-01-03 06:41:05.812 - INFO: 
------------------------------Validation End------------------------------


25-01-03 07:00:23.220 - INFO: train/mse_loss: 0.004260919501483468	
25-01-03 07:00:23.222 - INFO: epoch: 14	
25-01-03 07:00:23.222 - INFO: iters: 123274	
25-01-03 07:00:23.222 - INFO: 


------------------------------Validation Start------------------------------
25-01-03 07:14:59.577 - INFO: val/mae: 0.04674970731139183	
25-01-03 07:14:59.579 - INFO: val/mse: 0.015370349399745464	
25-01-03 07:14:59.579 - INFO: val/SSIM: 0.7558038594592182	
25-01-03 07:14:59.579 - INFO: val/PSNR: 22.482457424599623	
25-01-03 07:14:59.579 - INFO: val/VAL_MSE: 0.003490306669846177	
25-01-03 07:14:59.579 - INFO: 
------------------------------Validation End------------------------------


25-01-03 07:29:48.032 - INFO: train/mse_loss: 0.0037429312115499847	
25-01-03 07:34:15.551 - INFO: train/mse_loss: 0.0038226733065203455	
25-01-03 07:34:15.553 - INFO: epoch: 15	
25-01-03 07:34:15.553 - INFO: iters: 132080	
25-01-03 07:34:15.553 - INFO: Saving the self at the end of epoch 15
25-01-03 07:34:20.915 - INFO: 


------------------------------Validation Start------------------------------
25-01-03 07:48:51.797 - INFO: val/mae: 0.5284004807472229	
25-01-03 07:48:51.798 - INFO: val/mse: 0.4455004632472992	
25-01-03 07:48:51.798 - INFO: val/SSIM: 0.1874915697894157	
25-01-03 07:48:51.798 - INFO: val/PSNR: 12.630330523481732	
25-01-03 07:48:51.798 - INFO: val/VAL_MSE: 0.00333606475032866	
25-01-03 07:48:51.798 - INFO: 
------------------------------Validation End------------------------------


25-01-03 08:08:00.127 - INFO: train/mse_loss: 0.004239308423593465	
25-01-03 08:08:00.128 - INFO: epoch: 16	
25-01-03 08:08:00.128 - INFO: iters: 140886	
25-01-03 08:08:00.129 - INFO: 


------------------------------Validation Start------------------------------
25-01-03 08:22:34.797 - INFO: val/mae: 0.31114548444747925	
25-01-03 08:22:34.799 - INFO: val/mse: 0.26365017890930176	
25-01-03 08:22:34.799 - INFO: val/SSIM: 0.46452689184376605	
25-01-03 08:22:34.799 - INFO: val/PSNR: 17.63088353318354	
25-01-03 08:22:34.799 - INFO: val/VAL_MSE: 0.003076255787163973	
25-01-03 08:22:34.799 - INFO: 
------------------------------Validation End------------------------------


25-01-03 08:41:47.914 - INFO: train/mse_loss: 0.004179068489317564	
25-01-03 08:41:47.916 - INFO: epoch: 17	
25-01-03 08:41:47.916 - INFO: iters: 149692	
25-01-03 08:41:47.916 - INFO: 


------------------------------Validation Start------------------------------
25-01-03 08:56:23.780 - INFO: val/mae: 0.7364102602005005	
25-01-03 08:56:23.781 - INFO: val/mse: 0.8340784311294556	
25-01-03 08:56:23.781 - INFO: val/SSIM: 0.15722622942989867	
25-01-03 08:56:23.781 - INFO: val/PSNR: 10.880057299108328	
25-01-03 08:56:23.781 - INFO: val/VAL_MSE: 0.0024661340285092592	
25-01-03 08:56:23.782 - INFO: 
------------------------------Validation End------------------------------


25-01-03 09:15:38.894 - INFO: train/mse_loss: 0.0038574387721115482	
25-01-03 09:15:38.895 - INFO: epoch: 18	
25-01-03 09:15:38.895 - INFO: iters: 158498	
25-01-03 09:15:38.895 - INFO: 


------------------------------Validation Start------------------------------
25-01-03 09:30:13.860 - INFO: val/mae: 0.029008835554122925	
25-01-03 09:30:13.862 - INFO: val/mse: 0.007095330394804478	
25-01-03 09:30:13.862 - INFO: val/SSIM: 0.8201710713451632	
25-01-03 09:30:13.862 - INFO: val/PSNR: 25.397938393553304	
25-01-03 09:30:13.863 - INFO: val/VAL_MSE: 0.005420047789812088	
25-01-03 09:30:13.863 - INFO: 
------------------------------Validation End------------------------------


25-01-03 09:33:55.806 - INFO: train/mse_loss: 0.003890097577004049	
25-01-03 09:49:29.787 - INFO: train/mse_loss: 0.003417098998606984	
25-01-03 09:49:29.789 - INFO: epoch: 19	
25-01-03 09:49:29.789 - INFO: iters: 167304	
25-01-03 09:49:29.789 - INFO: 


------------------------------Validation Start------------------------------
25-01-03 10:04:00.908 - INFO: val/mae: 1.092642903327942	
25-01-03 10:04:00.909 - INFO: val/mse: 1.452785611152649	
25-01-03 10:04:00.909 - INFO: val/SSIM: 0.033254158466547896	
25-01-03 10:04:00.909 - INFO: val/PSNR: 6.779097460998178	
25-01-03 10:04:00.909 - INFO: val/VAL_MSE: 0.0024631747510284185	
25-01-03 10:04:00.909 - INFO: 
------------------------------Validation End------------------------------


25-01-03 10:23:18.930 - INFO: train/mse_loss: 0.004151362210677586	
25-01-03 10:23:18.931 - INFO: epoch: 20	
25-01-03 10:23:18.931 - INFO: iters: 176110	
25-01-03 10:23:18.931 - INFO: Saving the self at the end of epoch 20
25-01-03 10:23:24.607 - INFO: 


------------------------------Validation Start------------------------------
25-01-03 10:37:56.228 - INFO: val/mae: 1.2239208221435547	
25-01-03 10:37:56.231 - INFO: val/mse: 1.744057536125183	
25-01-03 10:37:56.231 - INFO: val/SSIM: 0.018190054571980464	
25-01-03 10:37:56.231 - INFO: val/PSNR: 5.042894118115607	
25-01-03 10:37:56.231 - INFO: val/VAL_MSE: 0.003154139034450054	
25-01-03 10:37:56.231 - INFO: 
------------------------------Validation End------------------------------


25-01-03 10:46:41.092 - INFO: train/mse_loss: 0.00401705798706353	
25-01-03 10:57:08.949 - INFO: train/mse_loss: 0.0038584694682577505	
25-01-03 10:57:08.950 - INFO: epoch: 21	
25-01-03 10:57:08.950 - INFO: iters: 184916	
25-01-03 10:57:08.950 - INFO: 


------------------------------Validation Start------------------------------
25-01-03 11:11:43.009 - INFO: val/mae: 0.5214034914970398	
25-01-03 11:11:43.011 - INFO: val/mse: 0.5346029996871948	
25-01-03 11:11:43.012 - INFO: val/SSIM: 0.24933413614432207	
25-01-03 11:11:43.012 - INFO: val/PSNR: 14.20424858146211	
25-01-03 11:11:43.012 - INFO: val/VAL_MSE: 0.0032892627641558647	
25-01-03 11:11:43.012 - INFO: 
------------------------------Validation End------------------------------


25-01-03 11:30:54.287 - INFO: train/mse_loss: 0.003451540692202392	
25-01-03 11:30:54.288 - INFO: epoch: 22	
25-01-03 11:30:54.288 - INFO: iters: 193722	
25-01-03 11:30:54.288 - INFO: 


------------------------------Validation Start------------------------------
25-01-03 11:45:28.032 - INFO: val/mae: 0.4456779658794403	
25-01-03 11:45:28.034 - INFO: val/mse: 0.35481271147727966	
25-01-03 11:45:28.035 - INFO: val/SSIM: 0.21225378391750266	
25-01-03 11:45:28.035 - INFO: val/PSNR: 15.17423094192726	
25-01-03 11:45:28.035 - INFO: val/VAL_MSE: 0.0031692408956587315	
25-01-03 11:45:28.035 - INFO: 
------------------------------Validation End------------------------------


25-01-03 11:59:23.060 - INFO: train/mse_loss: 0.0037623321476232944	
25-01-03 12:04:46.495 - INFO: train/mse_loss: 0.003763351664417743	
25-01-03 12:04:46.496 - INFO: epoch: 23	
25-01-03 12:04:46.496 - INFO: iters: 202528	
25-01-03 12:04:46.496 - INFO: 


------------------------------Validation Start------------------------------
25-01-03 12:19:20.204 - INFO: val/mae: 0.40250110626220703	
25-01-03 12:19:20.206 - INFO: val/mse: 0.3601682484149933	
25-01-03 12:19:20.206 - INFO: val/SSIM: 0.2885362167229377	
25-01-03 12:19:20.206 - INFO: val/PSNR: 16.16363534570457	
25-01-03 12:19:20.206 - INFO: val/VAL_MSE: 0.00369475781917572	
25-01-03 12:19:20.206 - INFO: 
------------------------------Validation End------------------------------


25-01-03 12:38:35.187 - INFO: train/mse_loss: 0.0034589153719236008	
25-01-03 12:38:35.188 - INFO: epoch: 24	
25-01-03 12:38:35.188 - INFO: iters: 211334	
25-01-03 12:38:35.188 - INFO: 


------------------------------Validation Start------------------------------
25-01-03 12:53:10.890 - INFO: val/mae: 0.5194807648658752	
25-01-03 12:53:10.893 - INFO: val/mse: 0.5321627259254456	
25-01-03 12:53:10.893 - INFO: val/SSIM: 0.199183484522144	
25-01-03 12:53:10.893 - INFO: val/PSNR: 14.995785407494498	
25-01-03 12:53:10.893 - INFO: val/VAL_MSE: 0.002034178702160716	
25-01-03 12:53:10.893 - INFO: 
------------------------------Validation End------------------------------


25-01-03 13:12:05.504 - INFO: train/mse_loss: 0.0036622652795428355	
25-01-03 13:12:24.592 - INFO: train/mse_loss: 0.0036867590216922586	
25-01-03 13:12:24.593 - INFO: epoch: 25	
25-01-03 13:12:24.593 - INFO: iters: 220140	
25-01-03 13:12:24.593 - INFO: Saving the self at the end of epoch 25
25-01-03 13:12:30.153 - INFO: 


------------------------------Validation Start------------------------------
25-01-03 13:26:47.001 - INFO: val/mae: 1.2590543031692505	
25-01-03 13:26:47.003 - INFO: val/mse: 1.8575893640518188	
25-01-03 13:26:47.003 - INFO: val/SSIM: 0.014392899225554057	
25-01-03 13:26:47.003 - INFO: val/PSNR: 4.937495566836413	
25-01-03 13:26:47.004 - INFO: val/VAL_MSE: 0.004606925416737795	
25-01-03 13:26:47.004 - INFO: 
------------------------------Validation End------------------------------


25-01-03 13:45:34.164 - INFO: train/mse_loss: 0.0035933580524932533	
25-01-03 13:45:34.166 - INFO: epoch: 26	
25-01-03 13:45:34.166 - INFO: iters: 228946	
25-01-03 13:45:34.166 - INFO: 


------------------------------Validation Start------------------------------
25-01-03 13:59:48.263 - INFO: val/mae: 0.027764735743403435	
25-01-03 13:59:48.264 - INFO: val/mse: 0.009111772291362286	
25-01-03 13:59:48.264 - INFO: val/SSIM: 0.8817431306270738	
25-01-03 13:59:48.264 - INFO: val/PSNR: 24.66679701852395	
25-01-03 13:59:48.264 - INFO: val/VAL_MSE: 0.0036358737852424383	
25-01-03 13:59:48.264 - INFO: 
------------------------------Validation End------------------------------


25-01-03 14:02:29.712 - INFO: train/mse_loss: 0.0031790129251718356	
25-01-03 14:18:40.859 - INFO: train/mse_loss: 0.0032815204246847587	
25-01-03 14:18:40.860 - INFO: epoch: 27	
25-01-03 14:18:40.860 - INFO: iters: 237752	
25-01-03 14:18:40.860 - INFO: 


------------------------------Validation Start------------------------------
25-01-03 14:32:56.054 - INFO: val/mae: 0.8359643816947937	
25-01-03 14:32:56.056 - INFO: val/mse: 0.9480606913566589	
25-01-03 14:32:56.056 - INFO: val/SSIM: 0.06677885567201072	
25-01-03 14:32:56.056 - INFO: val/PSNR: 9.190771840457412	
25-01-03 14:32:56.056 - INFO: val/VAL_MSE: 0.0026988720055669546	
25-01-03 14:32:56.056 - INFO: 
------------------------------Validation End------------------------------


25-01-03 14:51:46.970 - INFO: train/mse_loss: 0.003607987358295889	
25-01-03 14:51:46.971 - INFO: epoch: 28	
25-01-03 14:51:46.971 - INFO: iters: 246558	
25-01-03 14:51:46.971 - INFO: 


------------------------------Validation Start------------------------------
25-01-03 15:05:58.344 - INFO: val/mae: 1.2250771522521973	
25-01-03 15:05:58.346 - INFO: val/mse: 1.814434289932251	
25-01-03 15:05:58.346 - INFO: val/SSIM: 0.021796983484428784	
25-01-03 15:05:58.346 - INFO: val/PSNR: 4.846607219116334	
25-01-03 15:05:58.346 - INFO: val/VAL_MSE: 0.004489971790462732	
25-01-03 15:05:58.346 - INFO: 
------------------------------Validation End------------------------------


25-01-03 15:13:39.522 - INFO: train/mse_loss: 0.002940291366429145	
25-01-03 15:24:51.722 - INFO: train/mse_loss: 0.002961005247819761	
25-01-03 15:24:51.723 - INFO: epoch: 29	
25-01-03 15:24:51.723 - INFO: iters: 255364	
25-01-03 15:24:51.723 - INFO: 


------------------------------Validation Start------------------------------
25-01-03 15:39:05.882 - INFO: val/mae: 0.8164265751838684	
25-01-03 15:39:05.884 - INFO: val/mse: 0.9727851152420044	
25-01-03 15:39:05.884 - INFO: val/SSIM: 0.12374637155782228	
25-01-03 15:39:05.884 - INFO: val/PSNR: 9.802292202395984	
25-01-03 15:39:05.884 - INFO: val/VAL_MSE: 0.002713344991207123	
25-01-03 15:39:05.884 - INFO: 
------------------------------Validation End------------------------------


25-01-03 15:57:56.598 - INFO: train/mse_loss: 0.003384728662320201	
25-01-03 15:57:56.599 - INFO: epoch: 30	
25-01-03 15:57:56.599 - INFO: iters: 264170	
25-01-03 15:57:56.599 - INFO: Saving the self at the end of epoch 30
25-01-03 15:58:01.508 - INFO: 


------------------------------Validation Start------------------------------
25-01-03 16:12:17.743 - INFO: val/mae: 0.84563809633255	
25-01-03 16:12:17.744 - INFO: val/mse: 1.077750563621521	
25-01-03 16:12:17.744 - INFO: val/SSIM: 0.13087695758935616	
25-01-03 16:12:17.744 - INFO: val/PSNR: 9.294514300984723	
25-01-03 16:12:17.744 - INFO: val/VAL_MSE: 0.004586481023579836	
25-01-03 16:12:17.744 - INFO: 
------------------------------Validation End------------------------------


25-01-03 16:24:52.348 - INFO: train/mse_loss: 0.003446734833542183	
25-01-03 16:31:05.463 - INFO: train/mse_loss: 0.003424997763037178	
25-01-03 16:31:05.463 - INFO: epoch: 31	
25-01-03 16:31:05.463 - INFO: iters: 272976	
25-01-03 16:31:05.464 - INFO: 


------------------------------Validation Start------------------------------
25-01-03 16:45:23.250 - INFO: val/mae: 0.0870010033249855	
25-01-03 16:45:23.252 - INFO: val/mse: 0.04458217695355415	
25-01-03 16:45:23.252 - INFO: val/SSIM: 0.7534513875472317	
25-01-03 16:45:23.252 - INFO: val/PSNR: 23.080241326347206	
25-01-03 16:45:23.252 - INFO: val/VAL_MSE: 0.0029734992422163486	
25-01-03 16:45:23.252 - INFO: 
------------------------------Validation End------------------------------


25-01-03 17:04:13.262 - INFO: train/mse_loss: 0.0031683459954732662	
25-01-03 17:04:13.263 - INFO: epoch: 32	
25-01-03 17:04:13.263 - INFO: iters: 281782	
25-01-03 17:04:13.263 - INFO: 


------------------------------Validation Start------------------------------
25-01-03 17:18:25.861 - INFO: val/mae: 0.47334012389183044	
25-01-03 17:18:25.862 - INFO: val/mse: 0.3618961274623871	
25-01-03 17:18:25.862 - INFO: val/SSIM: 0.2260583509647895	
25-01-03 17:18:25.862 - INFO: val/PSNR: 13.805441763646442	
25-01-03 17:18:25.862 - INFO: val/VAL_MSE: 0.002506182063370943	
25-01-03 17:18:25.862 - INFO: 
------------------------------Validation End------------------------------


25-01-03 17:36:06.859 - INFO: train/mse_loss: 0.003392485889893486	
25-01-03 17:37:21.117 - INFO: train/mse_loss: 0.0033044323984182237	
25-01-03 17:37:21.118 - INFO: epoch: 33	
25-01-03 17:37:21.118 - INFO: iters: 290588	
25-01-03 17:37:21.118 - INFO: 


------------------------------Validation Start------------------------------
25-01-03 17:51:35.813 - INFO: val/mae: 1.2375258207321167	
25-01-03 17:51:35.815 - INFO: val/mse: 1.8548227548599243	
25-01-03 17:51:35.815 - INFO: val/SSIM: 0.037306628263193725	
25-01-03 17:51:35.815 - INFO: val/PSNR: 5.9417184575999125	
25-01-03 17:51:35.815 - INFO: val/VAL_MSE: 0.0031715049408376217	
25-01-03 17:51:35.815 - INFO: 
------------------------------Validation End------------------------------


25-01-03 18:10:28.530 - INFO: train/mse_loss: 0.002982540362397796	
25-01-03 18:10:28.533 - INFO: epoch: 34	
25-01-03 18:10:28.533 - INFO: iters: 299394	
25-01-03 18:10:28.533 - INFO: 


------------------------------Validation Start------------------------------
25-01-03 18:24:44.064 - INFO: val/mae: 1.2614643573760986	
25-01-03 18:24:44.065 - INFO: val/mse: 1.8739103078842163	
25-01-03 18:24:44.065 - INFO: val/SSIM: 0.03170293710579911	
25-01-03 18:24:44.066 - INFO: val/PSNR: 4.951171541592013	
25-01-03 18:24:44.066 - INFO: val/VAL_MSE: 0.0035647389013320208	
25-01-03 18:24:44.066 - INFO: 
------------------------------Validation End------------------------------


25-01-03 18:26:29.109 - INFO: train/mse_loss: 0.003480280299708888	
25-01-03 18:43:36.357 - INFO: train/mse_loss: 0.0029646541416071866	
25-01-03 18:43:36.359 - INFO: epoch: 35	
25-01-03 18:43:36.360 - INFO: iters: 308200	
25-01-03 18:43:36.360 - INFO: Saving the self at the end of epoch 35
25-01-03 18:43:41.421 - INFO: 


------------------------------Validation Start------------------------------
25-01-03 18:57:55.977 - INFO: val/mae: 0.06534584611654282	
25-01-03 18:57:55.979 - INFO: val/mse: 0.020270485430955887	
25-01-03 18:57:55.979 - INFO: val/SSIM: 0.7352902511421414	
25-01-03 18:57:55.979 - INFO: val/PSNR: 23.87907366329638	
25-01-03 18:57:55.979 - INFO: val/VAL_MSE: 0.0025663620326668024	
25-01-03 18:57:55.979 - INFO: 
------------------------------Validation End------------------------------


25-01-03 19:16:43.609 - INFO: train/mse_loss: 0.0033141276544095067	
25-01-03 19:16:43.610 - INFO: epoch: 36	
25-01-03 19:16:43.610 - INFO: iters: 317006	
25-01-03 19:16:43.610 - INFO: 


------------------------------Validation Start------------------------------
25-01-03 19:31:00.221 - INFO: val/mae: 0.03729139640927315	
25-01-03 19:31:00.223 - INFO: val/mse: 0.011120556853711605	
25-01-03 19:31:00.223 - INFO: val/SSIM: 0.7560489895880551	
25-01-03 19:31:00.223 - INFO: val/PSNR: 23.702167316156057	
25-01-03 19:31:00.223 - INFO: val/VAL_MSE: 0.004056610632687807	
25-01-03 19:31:00.223 - INFO: 
------------------------------Validation End------------------------------


25-01-03 19:37:42.467 - INFO: train/mse_loss: 0.0029914259000737675	
25-01-03 19:49:51.150 - INFO: train/mse_loss: 0.0032315957311785837	
25-01-03 19:49:51.151 - INFO: epoch: 37	
25-01-03 19:49:51.151 - INFO: iters: 325812	
25-01-03 19:49:51.151 - INFO: 


------------------------------Validation Start------------------------------
25-01-03 20:04:05.922 - INFO: val/mae: 0.24539397656917572	
25-01-03 20:04:05.924 - INFO: val/mse: 0.19448737800121307	
25-01-03 20:04:05.924 - INFO: val/SSIM: 0.5589592621764227	
25-01-03 20:04:05.924 - INFO: val/PSNR: 19.841398913242713	
25-01-03 20:04:05.924 - INFO: val/VAL_MSE: 0.003311736509203911	
25-01-03 20:04:05.924 - INFO: 
------------------------------Validation End------------------------------


25-01-03 20:22:58.323 - INFO: train/mse_loss: 0.00298780209812585	
25-01-03 20:22:58.324 - INFO: epoch: 38	
25-01-03 20:22:58.324 - INFO: iters: 334618	
25-01-03 20:22:58.324 - INFO: 


------------------------------Validation Start------------------------------
25-01-03 20:37:10.202 - INFO: val/mae: 0.6356724500656128	
25-01-03 20:37:10.204 - INFO: val/mse: 0.6559359431266785	
25-01-03 20:37:10.204 - INFO: val/SSIM: 0.14704710825243597	
25-01-03 20:37:10.204 - INFO: val/PSNR: 12.23086790142296	
25-01-03 20:37:10.204 - INFO: val/VAL_MSE: 0.0043448046781122684	
25-01-03 20:37:10.204 - INFO: 
------------------------------Validation End------------------------------


25-01-03 20:48:55.482 - INFO: train/mse_loss: 0.0032584091871313402	
25-01-03 20:56:05.321 - INFO: train/mse_loss: 0.0032510647040390403	
25-01-03 20:56:05.322 - INFO: epoch: 39	
25-01-03 20:56:05.322 - INFO: iters: 343424	
25-01-03 20:56:05.322 - INFO: 


------------------------------Validation Start------------------------------
25-01-03 21:10:18.497 - INFO: val/mae: 0.9520706534385681	
25-01-03 21:10:18.499 - INFO: val/mse: 1.1829146146774292	
25-01-03 21:10:18.499 - INFO: val/SSIM: 0.051290654038561	
25-01-03 21:10:18.499 - INFO: val/PSNR: 7.965477735419422	
25-01-03 21:10:18.499 - INFO: val/VAL_MSE: 0.002476440742611885	
25-01-03 21:10:18.499 - INFO: 
------------------------------Validation End------------------------------


25-01-03 21:29:12.229 - INFO: train/mse_loss: 0.003323825973986749	
25-01-03 21:29:12.230 - INFO: epoch: 40	
25-01-03 21:29:12.230 - INFO: iters: 352230	
25-01-03 21:29:12.230 - INFO: Saving the self at the end of epoch 40
25-01-03 21:29:17.391 - INFO: 


------------------------------Validation Start------------------------------
25-01-03 21:43:32.312 - INFO: val/mae: 0.4029630720615387	
25-01-03 21:43:32.314 - INFO: val/mse: 0.32906028628349304	
25-01-03 21:43:32.314 - INFO: val/SSIM: 0.3566724918948251	
25-01-03 21:43:32.314 - INFO: val/PSNR: 17.064523024066556	
25-01-03 21:43:32.314 - INFO: val/VAL_MSE: 0.0024178102612495422	
25-01-03 21:43:32.314 - INFO: 
------------------------------Validation End------------------------------


25-01-03 22:00:07.613 - INFO: train/mse_loss: 0.0028346529081918373	
25-01-03 22:02:17.839 - INFO: train/mse_loss: 0.0028521491519746746	
25-01-03 22:02:17.840 - INFO: epoch: 41	
25-01-03 22:02:17.840 - INFO: iters: 361036	
25-01-03 22:02:17.840 - INFO: 


------------------------------Validation Start------------------------------
25-01-03 22:16:33.247 - INFO: val/mae: 0.43059149384498596	
25-01-03 22:16:33.249 - INFO: val/mse: 0.3342355191707611	
25-01-03 22:16:33.249 - INFO: val/SSIM: 0.2788344579417922	
25-01-03 22:16:33.249 - INFO: val/PSNR: 15.136588855184552	
25-01-03 22:16:33.249 - INFO: val/VAL_MSE: 0.003186421934515238	
25-01-03 22:16:33.250 - INFO: 
------------------------------Validation End------------------------------


25-01-03 22:35:23.975 - INFO: train/mse_loss: 0.0031182350846218143	
25-01-03 22:35:23.976 - INFO: epoch: 42	
25-01-03 22:35:23.976 - INFO: iters: 369842	
25-01-03 22:35:23.976 - INFO: 


------------------------------Validation Start------------------------------
25-01-03 22:49:37.105 - INFO: val/mae: 0.34117385745048523	
25-01-03 22:49:37.107 - INFO: val/mse: 0.26019665598869324	
25-01-03 22:49:37.107 - INFO: val/SSIM: 0.33140805517185823	
25-01-03 22:49:37.107 - INFO: val/PSNR: 17.182746147409958	
25-01-03 22:49:37.107 - INFO: val/VAL_MSE: 0.003706592135131359	
25-01-03 22:49:37.107 - INFO: 
------------------------------Validation End------------------------------


25-01-03 22:50:27.116 - INFO: train/mse_loss: 0.002393793358744399	
25-01-03 23:08:30.581 - INFO: train/mse_loss: 0.0032433865432538863	
25-01-03 23:08:30.582 - INFO: epoch: 43	
25-01-03 23:08:30.582 - INFO: iters: 378648	
25-01-03 23:08:30.582 - INFO: 


------------------------------Validation Start------------------------------
25-01-03 23:22:45.351 - INFO: val/mae: 0.0956205427646637	
25-01-03 23:22:45.353 - INFO: val/mse: 0.04725584015250206	
25-01-03 23:22:45.353 - INFO: val/SSIM: 0.6477125269028218	
25-01-03 23:22:45.353 - INFO: val/PSNR: 24.384827925835786	
25-01-03 23:22:45.353 - INFO: val/VAL_MSE: 0.0030520791187882423	
25-01-03 23:22:45.353 - INFO: 
------------------------------Validation End------------------------------


25-01-03 23:41:37.184 - INFO: train/mse_loss: 0.002962819620225359	
25-01-03 23:41:37.186 - INFO: epoch: 44	
25-01-03 23:41:37.186 - INFO: iters: 387454	
25-01-03 23:41:37.186 - INFO: 


------------------------------Validation Start------------------------------
25-01-03 23:55:53.099 - INFO: val/mae: 0.6200928688049316	
25-01-03 23:55:53.101 - INFO: val/mse: 0.5995061993598938	
25-01-03 23:55:53.101 - INFO: val/SSIM: 0.12235949809861953	
25-01-03 23:55:53.102 - INFO: val/PSNR: 11.702892552179517	
25-01-03 23:55:53.102 - INFO: val/VAL_MSE: 0.002798217348754406	
25-01-03 23:55:53.102 - INFO: 
------------------------------Validation End------------------------------


25-01-04 00:01:39.241 - INFO: train/mse_loss: 0.0029747196926344873	
25-01-04 00:14:42.963 - INFO: train/mse_loss: 0.003015660484645978	
25-01-04 00:14:42.964 - INFO: epoch: 45	
25-01-04 00:14:42.964 - INFO: iters: 396260	
25-01-04 00:14:42.964 - INFO: Saving the self at the end of epoch 45
25-01-04 00:14:48.462 - INFO: 


------------------------------Validation Start------------------------------
25-01-04 00:29:01.753 - INFO: val/mae: 0.47878995537757874	
25-01-04 00:29:01.756 - INFO: val/mse: 0.4029095768928528	
25-01-04 00:29:01.756 - INFO: val/SSIM: 0.2130200741322082	
25-01-04 00:29:01.756 - INFO: val/PSNR: 14.824647215190856	
25-01-04 00:29:01.756 - INFO: val/VAL_MSE: 0.0029883491806685925	
25-01-04 00:29:01.756 - INFO: 
------------------------------Validation End------------------------------


25-01-04 00:47:46.564 - INFO: train/mse_loss: 0.003329752751377765	
25-01-04 00:47:46.566 - INFO: epoch: 46	
25-01-04 00:47:46.566 - INFO: iters: 405066	
25-01-04 00:47:46.566 - INFO: 


------------------------------Validation Start------------------------------
25-01-04 01:02:00.606 - INFO: val/mae: 0.46826544404029846	
25-01-04 01:02:00.608 - INFO: val/mse: 0.34985870122909546	
25-01-04 01:02:00.608 - INFO: val/SSIM: 0.18580765849116304	
25-01-04 01:02:00.608 - INFO: val/PSNR: 14.771511885202424	
25-01-04 01:02:00.608 - INFO: val/VAL_MSE: 0.0034059614408761263	
25-01-04 01:02:00.608 - INFO: 
------------------------------Validation End------------------------------


25-01-04 01:12:47.589 - INFO: train/mse_loss: 0.0032566474324731464	
25-01-04 01:20:52.520 - INFO: train/mse_loss: 0.002998297661115401	
25-01-04 01:20:52.521 - INFO: epoch: 47	
25-01-04 01:20:52.521 - INFO: iters: 413872	
25-01-04 01:20:52.522 - INFO: 


------------------------------Validation Start------------------------------
25-01-04 01:35:09.314 - INFO: val/mae: 0.7337700724601746	
25-01-04 01:35:09.316 - INFO: val/mse: 0.7555727958679199	
25-01-04 01:35:09.316 - INFO: val/SSIM: 0.09151265024515085	
25-01-04 01:35:09.316 - INFO: val/PSNR: 11.127884761269476	
25-01-04 01:35:09.316 - INFO: val/VAL_MSE: 0.0048698559403419495	
25-01-04 01:35:09.316 - INFO: 
------------------------------Validation End------------------------------


25-01-04 01:53:57.086 - INFO: train/mse_loss: 0.0028884158182369336	
25-01-04 01:53:57.088 - INFO: epoch: 48	
25-01-04 01:53:57.088 - INFO: iters: 422678	
25-01-04 01:53:57.088 - INFO: 


------------------------------Validation Start------------------------------
25-01-04 02:08:11.535 - INFO: val/mae: 0.10285897552967072	
25-01-04 02:08:11.537 - INFO: val/mse: 0.03995809704065323	
25-01-04 02:08:11.537 - INFO: val/SSIM: 0.6374932450630819	
25-01-04 02:08:11.537 - INFO: val/PSNR: 23.15620722712946	
25-01-04 02:08:11.537 - INFO: val/VAL_MSE: 0.0026316496077924967	
25-01-04 02:08:11.537 - INFO: 
------------------------------Validation End------------------------------


25-01-04 02:23:53.580 - INFO: train/mse_loss: 0.0025078128084209494	
25-01-04 02:27:00.207 - INFO: train/mse_loss: 0.002654357190024754	
25-01-04 02:27:00.208 - INFO: epoch: 49	
25-01-04 02:27:00.208 - INFO: iters: 431484	
25-01-04 02:27:00.208 - INFO: 


------------------------------Validation Start------------------------------
25-01-04 02:41:17.229 - INFO: val/mae: 0.6513944268226624	
25-01-04 02:41:17.246 - INFO: val/mse: 0.5904030203819275	
25-01-04 02:41:17.247 - INFO: val/SSIM: 0.09860348957583386	
25-01-04 02:41:17.247 - INFO: val/PSNR: 11.048733224742103	
25-01-04 02:41:17.247 - INFO: val/VAL_MSE: 0.00579953333362937	
25-01-04 02:41:17.247 - INFO: 
------------------------------Validation End------------------------------


25-01-04 03:00:05.790 - INFO: train/mse_loss: 0.0029396412781173735	
25-01-04 03:00:05.791 - INFO: epoch: 50	
25-01-04 03:00:05.791 - INFO: iters: 440290	
25-01-04 03:00:05.791 - INFO: Saving the self at the end of epoch 50
25-01-04 03:00:11.453 - INFO: 


------------------------------Validation Start------------------------------
25-01-04 03:14:28.474 - INFO: val/mae: 0.25937822461128235	
25-01-04 03:14:28.476 - INFO: val/mse: 0.16574880480766296	
25-01-04 03:14:28.476 - INFO: val/SSIM: 0.46597240037954313	
25-01-04 03:14:28.476 - INFO: val/PSNR: 19.43651653547561	
25-01-04 03:14:28.476 - INFO: val/VAL_MSE: 0.003852382767945528	
25-01-04 03:14:28.476 - INFO: 
------------------------------Validation End------------------------------


25-01-04 03:33:14.034 - INFO: train/mse_loss: 0.0029288404529200416	
25-01-04 03:33:14.036 - INFO: epoch: 51	
25-01-04 03:33:14.036 - INFO: iters: 449096	
25-01-04 03:33:14.036 - INFO: 


------------------------------Validation Start------------------------------
25-01-04 03:47:28.273 - INFO: val/mae: 0.707927405834198	
25-01-04 03:47:28.275 - INFO: val/mse: 0.6426777243614197	
25-01-04 03:47:28.275 - INFO: val/SSIM: 0.1076525569596914	
25-01-04 03:47:28.275 - INFO: val/PSNR: 10.50074880991022	
25-01-04 03:47:28.275 - INFO: val/VAL_MSE: 0.004528000485152006	
25-01-04 03:47:28.275 - INFO: 
------------------------------Validation End------------------------------


25-01-04 04:06:19.791 - INFO: train/mse_loss: 0.0028107000355013885	
25-01-04 04:06:19.795 - INFO: epoch: 52	
25-01-04 04:06:19.795 - INFO: iters: 457902	
25-01-04 04:06:19.795 - INFO: 


------------------------------Validation Start------------------------------
25-01-04 04:20:34.475 - INFO: val/mae: 0.24092908203601837	
25-01-04 04:20:34.477 - INFO: val/mse: 0.12608717381954193	
25-01-04 04:20:34.477 - INFO: val/SSIM: 0.3784159202617415	
25-01-04 04:20:34.477 - INFO: val/PSNR: 18.909438119154807	
25-01-04 04:20:34.478 - INFO: val/VAL_MSE: 0.002496449276804924	
25-01-04 04:20:34.478 - INFO: 
------------------------------Validation End------------------------------


25-01-04 04:25:24.780 - INFO: train/mse_loss: 0.0031429409130978316	
25-01-04 04:39:24.310 - INFO: train/mse_loss: 0.00320640746590063	
25-01-04 04:39:24.310 - INFO: epoch: 53	
25-01-04 04:39:24.310 - INFO: iters: 466708	
25-01-04 04:39:24.310 - INFO: 


------------------------------Validation Start------------------------------
25-01-04 04:53:39.577 - INFO: val/mae: 0.38399291038513184	
25-01-04 04:53:39.579 - INFO: val/mse: 0.2469615489244461	
25-01-04 04:53:39.579 - INFO: val/SSIM: 0.25872907260862577	
25-01-04 04:53:39.579 - INFO: val/PSNR: 16.535122814159244	
25-01-04 04:53:39.579 - INFO: val/VAL_MSE: 0.0043497104197740555	
25-01-04 04:53:39.579 - INFO: 
------------------------------Validation End------------------------------


25-01-04 05:12:29.824 - INFO: train/mse_loss: 0.002760051408997677	
25-01-04 05:12:29.825 - INFO: epoch: 54	
25-01-04 05:12:29.825 - INFO: iters: 475514	
25-01-04 05:12:29.825 - INFO: 


------------------------------Validation Start------------------------------
25-01-04 05:26:44.424 - INFO: val/mae: 0.19315163791179657	
25-01-04 05:26:44.425 - INFO: val/mse: 0.08909964561462402	
25-01-04 05:26:44.425 - INFO: val/SSIM: 0.48492928732715634	
25-01-04 05:26:44.425 - INFO: val/PSNR: 20.85285331459537	
25-01-04 05:26:44.425 - INFO: val/VAL_MSE: 0.0037453831173479557	
25-01-04 05:26:44.425 - INFO: 
------------------------------Validation End------------------------------


25-01-04 05:36:34.153 - INFO: train/mse_loss: 0.003236273985353986	
25-01-04 05:45:34.255 - INFO: train/mse_loss: 0.003173964953041593	
25-01-04 05:45:34.256 - INFO: epoch: 55	
25-01-04 05:45:34.256 - INFO: iters: 484320	
25-01-04 05:45:34.256 - INFO: Saving the self at the end of epoch 55
25-01-04 05:45:39.811 - INFO: 


------------------------------Validation Start------------------------------
25-01-04 05:59:54.232 - INFO: val/mae: 0.3152047097682953	
25-01-04 05:59:54.234 - INFO: val/mse: 0.2006201297044754	
25-01-04 05:59:54.234 - INFO: val/SSIM: 0.3328062034136161	
25-01-04 05:59:54.234 - INFO: val/PSNR: 16.79840881621122	
25-01-04 05:59:54.234 - INFO: val/VAL_MSE: 0.003766024485230446	
25-01-04 05:59:54.234 - INFO: 
------------------------------Validation End------------------------------


25-01-04 06:18:39.762 - INFO: train/mse_loss: 0.002698051496730094	
25-01-04 06:18:39.764 - INFO: epoch: 56	
25-01-04 06:18:39.764 - INFO: iters: 493126	
25-01-04 06:18:39.764 - INFO: 


------------------------------Validation Start------------------------------
25-01-04 06:32:54.874 - INFO: val/mae: 0.6345717310905457	
25-01-04 06:32:54.876 - INFO: val/mse: 0.5908183455467224	
25-01-04 06:32:54.876 - INFO: val/SSIM: 0.11509668661512554	
25-01-04 06:32:54.876 - INFO: val/PSNR: 12.602593836421665	
25-01-04 06:32:54.876 - INFO: val/VAL_MSE: 0.0050110951997339725	
25-01-04 06:32:54.876 - INFO: 
------------------------------Validation End------------------------------


25-01-04 06:47:41.698 - INFO: train/mse_loss: 0.0032000525353727094	
25-01-04 06:51:43.789 - INFO: train/mse_loss: 0.003130866190091107	
25-01-04 06:51:43.790 - INFO: epoch: 57	
25-01-04 06:51:43.790 - INFO: iters: 501932	
25-01-04 06:51:43.790 - INFO: 


------------------------------Validation Start------------------------------
25-01-04 07:06:02.123 - INFO: val/mae: 0.378377765417099	
25-01-04 07:06:02.125 - INFO: val/mse: 0.22145700454711914	
25-01-04 07:06:02.126 - INFO: val/SSIM: 0.23922607805942597	
25-01-04 07:06:02.126 - INFO: val/PSNR: 15.297369479379006	
25-01-04 07:06:02.126 - INFO: val/VAL_MSE: 0.0029738631565123796	
25-01-04 07:06:02.126 - INFO: 
------------------------------Validation End------------------------------


25-01-04 07:24:49.943 - INFO: train/mse_loss: 0.0029745625666284946	
25-01-04 07:24:49.944 - INFO: epoch: 58	
25-01-04 07:24:49.945 - INFO: iters: 510738	
25-01-04 07:24:49.945 - INFO: 


------------------------------Validation Start------------------------------
25-01-04 07:39:04.889 - INFO: val/mae: 0.42236328125	
25-01-04 07:39:04.891 - INFO: val/mse: 0.3108101487159729	
25-01-04 07:39:04.891 - INFO: val/SSIM: 0.2166802183187489	
25-01-04 07:39:04.891 - INFO: val/PSNR: 15.26509578829907	
25-01-04 07:39:04.891 - INFO: val/VAL_MSE: 0.0030003234278410673	
25-01-04 07:39:04.891 - INFO: 
------------------------------Validation End------------------------------


25-01-04 07:57:52.968 - INFO: train/mse_loss: 0.0027113685864763107	
25-01-04 07:57:52.970 - INFO: epoch: 59	
25-01-04 07:57:52.970 - INFO: iters: 519544	
25-01-04 07:57:52.970 - INFO: 


------------------------------Validation Start------------------------------
25-01-04 08:12:08.185 - INFO: val/mae: 0.1811218559741974	
25-01-04 08:12:08.187 - INFO: val/mse: 0.05896677449345589	
25-01-04 08:12:08.187 - INFO: val/SSIM: 0.3970082663584764	
25-01-04 08:12:08.187 - INFO: val/PSNR: 21.10395709643678	
25-01-04 08:12:08.188 - INFO: val/VAL_MSE: 0.0026228702627122402	
25-01-04 08:12:08.188 - INFO: 
------------------------------Validation End------------------------------


25-01-04 08:30:54.550 - INFO: train/mse_loss: 0.002868729557750774	
25-01-04 08:30:54.551 - INFO: epoch: 60	
25-01-04 08:30:54.551 - INFO: iters: 528350	
25-01-04 08:30:54.551 - INFO: Saving the self at the end of epoch 60
25-01-04 08:30:59.980 - INFO: 


------------------------------Validation Start------------------------------
25-01-04 08:45:18.794 - INFO: val/mae: 0.12882696092128754	
25-01-04 08:45:18.796 - INFO: val/mse: 0.042377542704343796	
25-01-04 08:45:18.796 - INFO: val/SSIM: 0.5945773481434088	
25-01-04 08:45:18.796 - INFO: val/PSNR: 22.20028015598525	
25-01-04 08:45:18.796 - INFO: val/VAL_MSE: 0.005521357990801334	
25-01-04 08:45:18.796 - INFO: 
------------------------------Validation End------------------------------


25-01-04 08:49:03.813 - INFO: train/mse_loss: 0.0031476304943347847	
25-01-04 09:03:59.282 - INFO: train/mse_loss: 0.003041697654025806	
25-01-04 09:03:59.283 - INFO: epoch: 61	
25-01-04 09:03:59.283 - INFO: iters: 537156	
25-01-04 09:03:59.283 - INFO: 


------------------------------Validation Start------------------------------
25-01-04 09:18:12.028 - INFO: val/mae: 0.3023177981376648	
25-01-04 09:18:12.030 - INFO: val/mse: 0.17070944607257843	
25-01-04 09:18:12.030 - INFO: val/SSIM: 0.33646312741625933	
25-01-04 09:18:12.030 - INFO: val/PSNR: 18.01721933072738	
25-01-04 09:18:12.030 - INFO: val/VAL_MSE: 0.003384492825716734	
25-01-04 09:18:12.030 - INFO: 
------------------------------Validation End------------------------------


25-01-04 09:37:01.020 - INFO: train/mse_loss: 0.0026283038045636724	
25-01-04 09:37:01.022 - INFO: epoch: 62	
25-01-04 09:37:01.022 - INFO: iters: 545962	
25-01-04 09:37:01.022 - INFO: 


------------------------------Validation Start------------------------------
25-01-04 09:51:12.450 - INFO: val/mae: 0.6513578295707703	
25-01-04 09:51:12.452 - INFO: val/mse: 0.5436439514160156	
25-01-04 09:51:12.453 - INFO: val/SSIM: 0.0814014826350227	
25-01-04 09:51:12.453 - INFO: val/PSNR: 10.58543696832203	
25-01-04 09:51:12.453 - INFO: val/VAL_MSE: 0.003757007420063019	
25-01-04 09:51:12.453 - INFO: 
------------------------------Validation End------------------------------


25-01-04 10:00:06.685 - INFO: train/mse_loss: 0.002774881910265056	
25-01-04 10:10:36.371 - INFO: train/mse_loss: 0.0026851927925278128	
25-01-04 10:10:36.372 - INFO: epoch: 63	
25-01-04 10:10:36.372 - INFO: iters: 554768	
25-01-04 10:10:36.372 - INFO: 


------------------------------Validation Start------------------------------
25-01-04 10:24:50.081 - INFO: val/mae: 0.660666286945343	
25-01-04 10:24:50.083 - INFO: val/mse: 0.5482820272445679	
25-01-04 10:24:50.083 - INFO: val/SSIM: 0.06893661509247817	
25-01-04 10:24:50.084 - INFO: val/PSNR: 10.999815447656928	
25-01-04 10:24:50.084 - INFO: val/VAL_MSE: 0.0033130249939858913	
25-01-04 10:24:50.084 - INFO: 
------------------------------Validation End------------------------------


25-01-04 10:43:38.132 - INFO: train/mse_loss: 0.0029223741967242985	
25-01-04 10:43:38.133 - INFO: epoch: 64	
25-01-04 10:43:38.133 - INFO: iters: 563574	
25-01-04 10:43:38.133 - INFO: 


------------------------------Validation Start------------------------------
25-01-04 10:57:51.258 - INFO: val/mae: 0.1606302410364151	
25-01-04 10:57:51.261 - INFO: val/mse: 0.07041089236736298	
25-01-04 10:57:51.261 - INFO: val/SSIM: 0.5246024465059963	
25-01-04 10:57:51.261 - INFO: val/PSNR: 21.01286012704507	
25-01-04 10:57:51.261 - INFO: val/VAL_MSE: 0.0029646807815879583	
25-01-04 10:57:51.261 - INFO: 
------------------------------Validation End------------------------------


25-01-04 11:11:41.519 - INFO: train/mse_loss: 0.0025487771236837493	
25-01-04 11:16:39.756 - INFO: train/mse_loss: 0.0026340695171308305	
25-01-04 11:16:39.757 - INFO: epoch: 65	
25-01-04 11:16:39.757 - INFO: iters: 572380	
25-01-04 11:16:39.757 - INFO: Saving the self at the end of epoch 65
25-01-04 11:16:45.355 - INFO: 


------------------------------Validation Start------------------------------
25-01-04 11:31:00.769 - INFO: val/mae: 0.2004489153623581	
25-01-04 11:31:00.770 - INFO: val/mse: 0.09902845323085785	
25-01-04 11:31:00.771 - INFO: val/SSIM: 0.4787659279005384	
25-01-04 11:31:00.771 - INFO: val/PSNR: 20.819359282963926	
25-01-04 11:31:00.771 - INFO: val/VAL_MSE: 0.0032806708477437496	
25-01-04 11:31:00.771 - INFO: 
------------------------------Validation End------------------------------


25-01-04 11:49:45.156 - INFO: train/mse_loss: 0.0025676152247314627	
25-01-04 11:49:45.158 - INFO: epoch: 66	
25-01-04 11:49:45.158 - INFO: iters: 581186	
25-01-04 11:49:45.158 - INFO: 


------------------------------Validation Start------------------------------
25-01-04 12:03:57.588 - INFO: val/mae: 0.09781712293624878	
25-01-04 12:03:57.590 - INFO: val/mse: 0.032194264233112335	
25-01-04 12:03:57.591 - INFO: val/SSIM: 0.5911555330925478	
25-01-04 12:03:57.591 - INFO: val/PSNR: 23.08393409586838	
25-01-04 12:03:57.591 - INFO: val/VAL_MSE: 0.0032062886748462915	
25-01-04 12:03:57.591 - INFO: 
------------------------------Validation End------------------------------


25-01-04 12:22:47.255 - INFO: train/mse_loss: 0.0027797730444527316	
25-01-04 12:22:47.256 - INFO: epoch: 67	
25-01-04 12:22:47.256 - INFO: iters: 589992	
25-01-04 12:22:47.256 - INFO: 


------------------------------Validation Start------------------------------
25-01-04 12:37:01.992 - INFO: val/mae: 0.4732917249202728	
25-01-04 12:37:01.994 - INFO: val/mse: 0.30811965465545654	
25-01-04 12:37:01.994 - INFO: val/SSIM: 0.16913149278466647	
25-01-04 12:37:01.994 - INFO: val/PSNR: 13.270000973986162	
25-01-04 12:37:01.994 - INFO: val/VAL_MSE: 0.004544162191450596	
25-01-04 12:37:01.994 - INFO: 
------------------------------Validation End------------------------------


25-01-04 12:55:48.506 - INFO: train/mse_loss: 0.002832594144405342	
25-01-04 12:55:48.512 - INFO: epoch: 68	
25-01-04 12:55:48.512 - INFO: iters: 598798	
25-01-04 12:55:48.512 - INFO: 


------------------------------Validation Start------------------------------
25-01-04 13:10:01.842 - INFO: val/mae: 0.3215073347091675	
25-01-04 13:10:01.843 - INFO: val/mse: 0.18434718251228333	
25-01-04 13:10:01.843 - INFO: val/SSIM: 0.23803335625324382	
25-01-04 13:10:01.844 - INFO: val/PSNR: 16.991038365481845	
25-01-04 13:10:01.844 - INFO: val/VAL_MSE: 0.004763389937579632	
25-01-04 13:10:01.844 - INFO: 
------------------------------Validation End------------------------------


25-01-04 13:12:58.811 - INFO: train/mse_loss: 0.0027774234937755224	
25-01-04 13:28:50.666 - INFO: train/mse_loss: 0.0025731313922727744	
25-01-04 13:28:50.667 - INFO: epoch: 69	
25-01-04 13:28:50.667 - INFO: iters: 607604	
25-01-04 13:28:50.667 - INFO: 


------------------------------Validation Start------------------------------
25-01-04 13:43:01.943 - INFO: val/mae: 0.15649643540382385	
25-01-04 13:43:01.945 - INFO: val/mse: 0.057961490005254745	
25-01-04 13:43:01.945 - INFO: val/SSIM: 0.5136992873875308	
25-01-04 13:43:01.945 - INFO: val/PSNR: 22.357511312633246	
25-01-04 13:43:01.945 - INFO: val/VAL_MSE: 0.004173595923930407	
25-01-04 13:43:01.945 - INFO: 
------------------------------Validation End------------------------------


25-01-04 14:01:55.018 - INFO: train/mse_loss: 0.0027678287968773804	
25-01-04 14:01:55.020 - INFO: epoch: 70	
25-01-04 14:01:55.020 - INFO: iters: 616410	
25-01-04 14:01:55.020 - INFO: Saving the self at the end of epoch 70
25-01-04 14:02:00.879 - INFO: 


------------------------------Validation Start------------------------------
25-01-04 14:16:15.169 - INFO: val/mae: 0.28204748034477234	
25-01-04 14:16:15.170 - INFO: val/mse: 0.14757472276687622	
25-01-04 14:16:15.170 - INFO: val/SSIM: 0.32896804264088925	
25-01-04 14:16:15.170 - INFO: val/PSNR: 18.141554224735593	
25-01-04 14:16:15.170 - INFO: val/VAL_MSE: 0.002928143134340644	
25-01-04 14:16:15.171 - INFO: 
------------------------------Validation End------------------------------


25-01-04 14:24:08.319 - INFO: train/mse_loss: 0.0028310948305378127	
25-01-04 14:35:00.085 - INFO: train/mse_loss: 0.0026429808029201506	
25-01-04 14:35:00.087 - INFO: epoch: 71	
25-01-04 14:35:00.087 - INFO: iters: 625216	
25-01-04 14:35:00.087 - INFO: 


------------------------------Validation Start------------------------------
25-01-04 14:49:13.101 - INFO: val/mae: 0.4141453802585602	
25-01-04 14:49:13.103 - INFO: val/mse: 0.26924270391464233	
25-01-04 14:49:13.103 - INFO: val/SSIM: 0.19798893407618906	
25-01-04 14:49:13.103 - INFO: val/PSNR: 14.364657584195015	
25-01-04 14:49:13.103 - INFO: val/VAL_MSE: 0.0039058083202689886	
25-01-04 14:49:13.103 - INFO: 
------------------------------Validation End------------------------------


25-01-04 15:08:02.836 - INFO: train/mse_loss: 0.0027591071136578178	
25-01-04 15:08:02.838 - INFO: epoch: 72	
25-01-04 15:08:02.838 - INFO: iters: 634022	
25-01-04 15:08:02.838 - INFO: 


------------------------------Validation Start------------------------------
25-01-04 15:22:16.398 - INFO: val/mae: 0.046451136469841	
25-01-04 15:22:16.400 - INFO: val/mse: 0.01255643367767334	
25-01-04 15:22:16.400 - INFO: val/SSIM: 0.7472414864403842	
25-01-04 15:22:16.400 - INFO: val/PSNR: 24.0083357572466	
25-01-04 15:22:16.400 - INFO: val/VAL_MSE: 0.004114172887057066	
25-01-04 15:22:16.400 - INFO: 
------------------------------Validation End------------------------------


25-01-04 15:35:11.399 - INFO: train/mse_loss: 0.002771540074227037	
25-01-04 15:41:05.956 - INFO: train/mse_loss: 0.0027998492064756067	
25-01-04 15:41:05.957 - INFO: epoch: 73	
25-01-04 15:41:05.957 - INFO: iters: 642828	
25-01-04 15:41:05.957 - INFO: 


------------------------------Validation Start------------------------------
25-01-04 15:55:19.191 - INFO: val/mae: 0.4612747132778168	
25-01-04 15:55:19.193 - INFO: val/mse: 0.32861828804016113	
25-01-04 15:55:19.193 - INFO: val/SSIM: 0.20717793777627982	
25-01-04 15:55:19.193 - INFO: val/PSNR: 13.99819322393304	
25-01-04 15:55:19.193 - INFO: val/VAL_MSE: 0.002532731043174863	
25-01-04 15:55:19.193 - INFO: 
------------------------------Validation End------------------------------


25-01-04 16:14:07.545 - INFO: train/mse_loss: 0.002789761938659336	
25-01-04 16:14:07.546 - INFO: epoch: 74	
25-01-04 16:14:07.546 - INFO: iters: 651634	
25-01-04 16:14:07.546 - INFO: 


------------------------------Validation Start------------------------------
25-01-04 16:28:20.994 - INFO: val/mae: 0.029811829328536987	
25-01-04 16:28:20.995 - INFO: val/mse: 0.007929923944175243	
25-01-04 16:28:20.995 - INFO: val/SSIM: 0.8328188985663851	
25-01-04 16:28:20.995 - INFO: val/PSNR: 25.37378073369629	
25-01-04 16:28:20.995 - INFO: val/VAL_MSE: 0.0033924130257219076	
25-01-04 16:28:20.995 - INFO: 
------------------------------Validation End------------------------------


25-01-04 16:46:14.697 - INFO: train/mse_loss: 0.0026261114302835852	
25-01-04 16:47:10.107 - INFO: train/mse_loss: 0.002640365486246292	
25-01-04 16:47:10.108 - INFO: epoch: 75	
25-01-04 16:47:10.108 - INFO: iters: 660440	
25-01-04 16:47:10.108 - INFO: Saving the self at the end of epoch 75
25-01-04 16:47:15.328 - INFO: 


------------------------------Validation Start------------------------------
25-01-04 17:01:32.415 - INFO: val/mae: 0.053653836250305176	
25-01-04 17:01:32.416 - INFO: val/mse: 0.01328424271196127	
25-01-04 17:01:32.416 - INFO: val/SSIM: 0.6751032067849703	
25-01-04 17:01:32.416 - INFO: val/PSNR: 24.5810893826964	
25-01-04 17:01:32.416 - INFO: val/VAL_MSE: 0.0049170381389558315	
25-01-04 17:01:32.416 - INFO: 
------------------------------Validation End------------------------------


25-01-04 17:20:14.668 - INFO: train/mse_loss: 0.0025802228892784673	
25-01-04 17:20:14.669 - INFO: epoch: 76	
25-01-04 17:20:14.669 - INFO: iters: 669246	
25-01-04 17:20:14.669 - INFO: 


------------------------------Validation Start------------------------------
25-01-04 17:34:28.979 - INFO: val/mae: 0.10816184431314468	
25-01-04 17:34:28.980 - INFO: val/mse: 0.023946668952703476	
25-01-04 17:34:28.980 - INFO: val/SSIM: 0.4753133436486349	
25-01-04 17:34:28.981 - INFO: val/PSNR: 22.859290444103912	
25-01-04 17:34:28.981 - INFO: val/VAL_MSE: 0.004089731723070145	
25-01-04 17:34:28.981 - INFO: 
------------------------------Validation End------------------------------


25-01-04 17:36:30.987 - INFO: train/mse_loss: 0.0020491104436763225	
25-01-04 17:53:19.291 - INFO: train/mse_loss: 0.0026118417383065367	
25-01-04 17:53:19.293 - INFO: epoch: 77	
25-01-04 17:53:19.293 - INFO: iters: 678052	
25-01-04 17:53:19.293 - INFO: 


------------------------------Validation Start------------------------------
25-01-04 18:07:32.092 - INFO: val/mae: 0.3539663255214691	
25-01-04 18:07:32.094 - INFO: val/mse: 0.23141460120677948	
25-01-04 18:07:32.094 - INFO: val/SSIM: 0.24867571819016293	
25-01-04 18:07:32.094 - INFO: val/PSNR: 17.260533319029058	
25-01-04 18:07:32.094 - INFO: val/VAL_MSE: 0.0028000525198876858	
25-01-04 18:07:32.094 - INFO: 
------------------------------Validation End------------------------------


25-01-04 18:26:21.488 - INFO: train/mse_loss: 0.0026623801948111063	
25-01-04 18:26:21.490 - INFO: epoch: 78	
25-01-04 18:26:21.490 - INFO: iters: 686858	
25-01-04 18:26:21.490 - INFO: 


------------------------------Validation Start------------------------------
25-01-04 18:40:42.050 - INFO: val/mae: 0.02974173240363598	
25-01-04 18:40:42.053 - INFO: val/mse: 0.008761941455304623	
25-01-04 18:40:42.053 - INFO: val/SSIM: 0.8579924237423588	
25-01-04 18:40:42.053 - INFO: val/PSNR: 25.191955522027136	
25-01-04 18:40:42.053 - INFO: val/VAL_MSE: 0.002694567898288369	
25-01-04 18:40:42.053 - INFO: 
------------------------------Validation End------------------------------


25-01-04 18:47:42.814 - INFO: train/mse_loss: 0.0027245046888288685	
25-01-04 18:59:31.860 - INFO: train/mse_loss: 0.0029759778206069317	
25-01-04 18:59:31.860 - INFO: epoch: 79	
25-01-04 18:59:31.860 - INFO: iters: 695664	
25-01-04 18:59:31.860 - INFO: 


------------------------------Validation Start------------------------------
25-01-04 19:13:46.155 - INFO: val/mae: 0.15556980669498444	
25-01-04 19:13:46.157 - INFO: val/mse: 0.07797591388225555	
25-01-04 19:13:46.157 - INFO: val/SSIM: 0.5520799014778633	
25-01-04 19:13:46.157 - INFO: val/PSNR: 22.611579663751563	
25-01-04 19:13:46.157 - INFO: val/VAL_MSE: 0.004450891632586718	
25-01-04 19:13:46.158 - INFO: 
------------------------------Validation End------------------------------


25-01-04 19:32:32.972 - INFO: train/mse_loss: 0.0028757337969190803	
25-01-04 19:32:32.974 - INFO: epoch: 80	
25-01-04 19:32:32.974 - INFO: iters: 704470	
25-01-04 19:32:32.974 - INFO: Saving the self at the end of epoch 80
25-01-04 19:32:38.261 - INFO: 


------------------------------Validation Start------------------------------
25-01-04 19:46:51.822 - INFO: val/mae: 0.06887593865394592	
25-01-04 19:46:51.824 - INFO: val/mse: 0.014236981980502605	
25-01-04 19:46:51.824 - INFO: val/SSIM: 0.6558146001576924	
25-01-04 19:46:51.824 - INFO: val/PSNR: 25.96498950106715	
25-01-04 19:46:51.824 - INFO: val/VAL_MSE: 0.00408021779730916	
25-01-04 19:46:51.824 - INFO: 
------------------------------Validation End------------------------------


25-01-04 19:58:46.696 - INFO: train/mse_loss: 0.002759488323784393	
25-01-04 20:05:37.139 - INFO: train/mse_loss: 0.002799633094144535	
25-01-04 20:05:37.140 - INFO: epoch: 81	
25-01-04 20:05:37.140 - INFO: iters: 713276	
25-01-04 20:05:37.140 - INFO: 


------------------------------Validation Start------------------------------
25-01-04 20:19:53.174 - INFO: val/mae: 0.2159785032272339	
25-01-04 20:19:53.176 - INFO: val/mse: 0.0927232876420021	
25-01-04 20:19:53.176 - INFO: val/SSIM: 0.3607060157502984	
25-01-04 20:19:53.176 - INFO: val/PSNR: 20.376648753793155	
25-01-04 20:19:53.176 - INFO: val/VAL_MSE: 0.004186634439975023	
25-01-04 20:19:53.176 - INFO: 
------------------------------Validation End------------------------------


25-01-04 20:38:41.924 - INFO: train/mse_loss: 0.0026326613868302364	
25-01-04 20:38:41.925 - INFO: epoch: 82	
25-01-04 20:38:41.925 - INFO: iters: 722082	
25-01-04 20:38:41.925 - INFO: 


------------------------------Validation Start------------------------------
25-01-04 20:52:56.411 - INFO: val/mae: 0.17823544144630432	
25-01-04 20:52:56.413 - INFO: val/mse: 0.0714152529835701	
25-01-04 20:52:56.413 - INFO: val/SSIM: 0.4828724238046572	
25-01-04 20:52:56.413 - INFO: val/PSNR: 21.109953075566033	
25-01-04 20:52:56.413 - INFO: val/VAL_MSE: 0.0030502118170261383	
25-01-04 20:52:56.413 - INFO: 
------------------------------Validation End------------------------------


25-01-04 21:09:52.372 - INFO: train/mse_loss: 0.002326172705400251	
25-01-04 21:11:43.981 - INFO: train/mse_loss: 0.0023120962656700207	
25-01-04 21:11:43.982 - INFO: epoch: 83	
25-01-04 21:11:43.982 - INFO: iters: 730888	
25-01-04 21:11:43.982 - INFO: 


------------------------------Validation Start------------------------------
25-01-04 21:26:00.067 - INFO: val/mae: 0.09166256338357925	
25-01-04 21:26:00.069 - INFO: val/mse: 0.022126853466033936	
25-01-04 21:26:00.069 - INFO: val/SSIM: 0.5605485732994079	
25-01-04 21:26:00.069 - INFO: val/PSNR: 23.846899791881903	
25-01-04 21:26:00.069 - INFO: val/VAL_MSE: 0.0025259284302592278	
25-01-04 21:26:00.070 - INFO: 
------------------------------Validation End------------------------------


25-01-04 21:44:47.564 - INFO: train/mse_loss: 0.0029905566649319868	
25-01-04 21:44:47.565 - INFO: epoch: 84	
25-01-04 21:44:47.565 - INFO: iters: 739694	
25-01-04 21:44:47.565 - INFO: 


------------------------------Validation Start------------------------------
25-01-04 21:59:01.723 - INFO: val/mae: 0.20062008500099182	
25-01-04 21:59:01.725 - INFO: val/mse: 0.07716194540262222	
25-01-04 21:59:01.725 - INFO: val/SSIM: 0.38931380377930747	
25-01-04 21:59:01.725 - INFO: val/PSNR: 20.218958038583885	
25-01-04 21:59:01.725 - INFO: val/VAL_MSE: 0.003774752374738455	
25-01-04 21:59:01.725 - INFO: 
------------------------------Validation End------------------------------


25-01-04 22:00:07.312 - INFO: train/mse_loss: 0.00342308688642653	
25-01-04 22:17:51.293 - INFO: train/mse_loss: 0.002849861993205148	
25-01-04 22:17:51.294 - INFO: epoch: 85	
25-01-04 22:17:51.294 - INFO: iters: 748500	
25-01-04 22:17:51.294 - INFO: Saving the self at the end of epoch 85
25-01-04 22:17:56.422 - INFO: 


------------------------------Validation Start------------------------------
25-01-04 22:32:11.263 - INFO: val/mae: 0.1034412607550621	
25-01-04 22:32:11.264 - INFO: val/mse: 0.02668134681880474	
25-01-04 22:32:11.264 - INFO: val/SSIM: 0.5521972289439503	
25-01-04 22:32:11.264 - INFO: val/PSNR: 22.92689754901188	
25-01-04 22:32:11.264 - INFO: val/VAL_MSE: 0.0033982088789343834	
25-01-04 22:32:11.264 - INFO: 
------------------------------Validation End------------------------------


25-01-04 22:50:55.624 - INFO: train/mse_loss: 0.0028307693154295548	
25-01-04 22:50:55.626 - INFO: epoch: 86	
25-01-04 22:50:55.626 - INFO: iters: 757306	
25-01-04 22:50:55.626 - INFO: 


------------------------------Validation Start------------------------------
25-01-04 23:05:11.797 - INFO: val/mae: 0.12996384501457214	
25-01-04 23:05:11.799 - INFO: val/mse: 0.04390227049589157	
25-01-04 23:05:11.799 - INFO: val/SSIM: 0.5569989714857865	
25-01-04 23:05:11.799 - INFO: val/PSNR: 22.013626814907248	
25-01-04 23:05:11.799 - INFO: val/VAL_MSE: 0.004268371965736151	
25-01-04 23:05:11.799 - INFO: 
------------------------------Validation End------------------------------


25-01-04 23:11:13.273 - INFO: train/mse_loss: 0.0028597929001870264	
