25-01-02 23:22:13.434 - WARNING: Warning: visualization (Tensorboard) is configured to use, but currently not installed on this machine. Please install TensorboardX with 'pip install tensorboardx', upgrade PyTorch to version >= 1.1 to use 'torch.utils.tensorboard' or turn off the option in the 'config.json' file.
25-01-02 23:22:13.434 - INFO: Create the log file in directory experiments/train_mr2ct_lr4e-4_nc1.

25-01-02 23:22:14.744 - INFO: Network [Network() form models.network] is created.
25-01-02 23:22:14.744 - INFO: Network [Network] weights initialize using [kaiming] method.
25-01-02 23:22:47.667 - INFO: Dataset [MR2CTDataset() form data.dataset] is created.
25-01-02 23:22:47.858 - INFO: Dataset for train have 35188 samples.
25-01-02 23:22:55.620 - INFO: Dataset [MR2CTDataset() form data.dataset] is created.
25-01-02 23:22:55.620 - INFO: Dataset for val have 9229 samples.
25-01-02 23:22:57.271 - INFO: Metric [mae() form models.metric] is created.
25-01-02 23:22:57.271 - INFO: Metric [mse() form models.metric] is created.
25-01-02 23:22:57.272 - INFO: Metric [SSIM() form models.metric] is created.
25-01-02 23:22:57.272 - INFO: Metric [PSNR() form models.metric] is created.
25-01-02 23:22:57.274 - INFO: Loss [mse_loss() form models.loss] is created.
25-01-02 23:23:05.761 - INFO: Model [Palette() form models.model] is created.
25-01-02 23:23:05.761 - INFO: Begin model train.
25-01-02 23:42:04.750 - INFO: train/mse_loss: 0.0677500434291624	
25-01-02 23:42:04.776 - INFO: epoch: 1	
25-01-02 23:42:04.776 - INFO: iters: 8796	
25-01-02 23:42:04.776 - INFO: 


------------------------------Validation Start------------------------------
25-01-02 23:56:49.559 - INFO: val/mae: 0.8863655924797058	
25-01-02 23:56:49.560 - INFO: val/mse: 0.9643177390098572	
25-01-02 23:56:49.560 - INFO: val/SSIM: 0.04908143208553197	
25-01-02 23:56:49.560 - INFO: val/PSNR: 8.05143270896367	
25-01-02 23:56:49.560 - INFO: val/VAL_MSE: 0.008295755833387375	
25-01-02 23:56:49.560 - INFO: 
------------------------------Validation End------------------------------


25-01-03 00:16:22.769 - INFO: train/mse_loss: 0.009763535980678157	
25-01-03 00:16:22.770 - INFO: epoch: 2	
25-01-03 00:16:22.770 - INFO: iters: 17602	
25-01-03 00:16:22.770 - INFO: 


------------------------------Validation Start------------------------------
25-01-03 00:31:03.294 - INFO: val/mae: 1.3609256744384766	
25-01-03 00:31:03.295 - INFO: val/mse: 2.0096256732940674	
25-01-03 00:31:03.296 - INFO: val/SSIM: 0.019408820685586074	
25-01-03 00:31:03.296 - INFO: val/PSNR: 4.87155803664339	
25-01-03 00:31:03.296 - INFO: val/VAL_MSE: 0.006401874125003815	
25-01-03 00:31:03.296 - INFO: 
------------------------------Validation End------------------------------


25-01-03 00:37:04.517 - INFO: train/mse_loss: 0.007818410143613428	
25-01-03 00:50:38.909 - INFO: train/mse_loss: 0.007160183946041834	
25-01-03 00:50:39.143 - INFO: epoch: 3	
25-01-03 00:50:39.143 - INFO: iters: 26408	
25-01-03 00:50:39.143 - INFO: 


------------------------------Validation Start------------------------------
25-01-03 01:05:25.070 - INFO: val/mae: 0.5342262983322144	
25-01-03 01:05:25.072 - INFO: val/mse: 0.48810824751853943	
25-01-03 01:05:25.072 - INFO: val/SSIM: 0.1473856002206828	
25-01-03 01:05:25.072 - INFO: val/PSNR: 13.344704777809174	
25-01-03 01:05:25.072 - INFO: val/VAL_MSE: 0.005389473866671324	
25-01-03 01:05:25.072 - INFO: 
------------------------------Validation End------------------------------


25-01-03 01:24:53.182 - INFO: train/mse_loss: 0.0059760206981203465	
25-01-03 01:24:53.183 - INFO: epoch: 4	
25-01-03 01:24:53.183 - INFO: iters: 35214	
25-01-03 01:24:53.183 - INFO: 


------------------------------Validation Start------------------------------
25-01-03 01:39:34.717 - INFO: val/mae: 0.9859132170677185	
25-01-03 01:39:34.718 - INFO: val/mse: 1.1448720693588257	
25-01-03 01:39:34.718 - INFO: val/SSIM: 0.04750411616996314	
25-01-03 01:39:34.718 - INFO: val/PSNR: 8.31517996168619	
25-01-03 01:39:34.719 - INFO: val/VAL_MSE: 0.004895971156656742	
25-01-03 01:39:34.719 - INFO: 
------------------------------Validation End------------------------------


25-01-03 01:50:28.739 - INFO: train/mse_loss: 0.0047391178489563646	
25-01-03 01:58:59.935 - INFO: train/mse_loss: 0.004943383889841757	
25-01-03 01:58:59.936 - INFO: epoch: 5	
25-01-03 01:58:59.936 - INFO: iters: 44020	
25-01-03 01:58:59.936 - INFO: Saving the self at the end of epoch 5
25-01-03 01:59:05.678 - INFO: 


------------------------------Validation Start------------------------------
25-01-03 02:13:43.520 - INFO: val/mae: 1.537583589553833	
25-01-03 02:13:43.680 - INFO: val/mse: 2.53330397605896	
25-01-03 02:13:43.680 - INFO: val/SSIM: 0.015623711345170594	
25-01-03 02:13:43.680 - INFO: val/PSNR: 3.7139835049223597	
25-01-03 02:13:43.680 - INFO: val/VAL_MSE: 0.003716423874720931	
25-01-03 02:13:43.680 - INFO: 
------------------------------Validation End------------------------------


25-01-03 02:33:05.714 - INFO: train/mse_loss: 0.22364357869086235	
25-01-03 02:33:06.044 - INFO: epoch: 6	
25-01-03 02:33:06.044 - INFO: iters: 52826	
25-01-03 02:33:06.044 - INFO: 


------------------------------Validation Start------------------------------
25-01-03 02:47:47.157 - INFO: val/mae: 0.9215594530105591	
25-01-03 02:47:47.161 - INFO: val/mse: 1.3330211639404297	
25-01-03 02:47:47.161 - INFO: val/SSIM: 0.0017356911569488432	
25-01-03 02:47:47.161 - INFO: val/PSNR: 4.815460061766254	
25-01-03 02:47:47.161 - INFO: val/VAL_MSE: 0.9864959716796875	
25-01-03 02:47:47.161 - INFO: 
------------------------------Validation End------------------------------


25-01-03 03:03:46.088 - INFO: train/mse_loss: 0.9861143816455924	
25-01-03 03:07:14.594 - INFO: train/mse_loss: 0.9861724526842056	
25-01-03 03:07:14.595 - INFO: epoch: 7	
25-01-03 03:07:14.595 - INFO: iters: 61632	
25-01-03 03:07:14.595 - INFO: 


------------------------------Validation Start------------------------------
25-01-03 03:21:55.208 - INFO: val/mae: 0.9243130087852478	
25-01-03 03:21:55.209 - INFO: val/mse: 1.3417264223098755	
25-01-03 03:21:55.209 - INFO: val/SSIM: 0.0015516037612859656	
25-01-03 03:21:55.209 - INFO: val/PSNR: 4.792901326379413	
25-01-03 03:21:55.209 - INFO: val/VAL_MSE: 0.9856030344963074	
25-01-03 03:21:55.209 - INFO: 
------------------------------Validation End------------------------------


25-01-03 03:41:43.032 - INFO: train/mse_loss: 0.9861184827248147	
25-01-03 03:41:43.034 - INFO: epoch: 8	
25-01-03 03:41:43.034 - INFO: iters: 70438	
25-01-03 03:41:43.034 - INFO: 


------------------------------Validation Start------------------------------
25-01-03 03:56:18.388 - INFO: val/mae: 0.9307894110679626	
25-01-03 03:56:18.389 - INFO: val/mse: 1.3499464988708496	
25-01-03 03:56:18.389 - INFO: val/SSIM: 0.0014459299697789254	
25-01-03 03:56:18.389 - INFO: val/PSNR: 4.772131916967461	
25-01-03 03:56:18.389 - INFO: val/VAL_MSE: 0.9853225350379944	
25-01-03 03:56:18.389 - INFO: 
------------------------------Validation End------------------------------


25-01-03 04:15:55.056 - INFO: train/mse_loss: 0.9803539749544932	
25-01-03 04:15:55.057 - INFO: epoch: 9	
25-01-03 04:15:55.057 - INFO: iters: 79244	
25-01-03 04:15:55.057 - INFO: 


------------------------------Validation Start------------------------------
25-01-03 04:30:26.485 - INFO: val/mae: 0.9127823114395142	
25-01-03 04:30:26.486 - INFO: val/mse: 1.2948291301727295	
25-01-03 04:30:26.486 - INFO: val/SSIM: 0.002023211277823659	
25-01-03 04:30:26.486 - INFO: val/PSNR: 4.938457869941088	
25-01-03 04:30:26.486 - INFO: val/VAL_MSE: 0.985694169998169	
25-01-03 04:30:26.487 - INFO: 
------------------------------Validation End------------------------------


25-01-03 04:50:02.844 - INFO: train/mse_loss: 0.9813770972473506	
25-01-03 04:50:02.845 - INFO: epoch: 10	
25-01-03 04:50:02.845 - INFO: iters: 88050	
25-01-03 04:50:02.845 - INFO: Saving the self at the end of epoch 10
25-01-03 04:50:08.776 - INFO: 


------------------------------Validation Start------------------------------
25-01-03 05:04:52.529 - INFO: val/mae: 0.9236680269241333	
25-01-03 05:04:52.530 - INFO: val/mse: 1.3279253244400024	
25-01-03 05:04:52.530 - INFO: val/SSIM: 0.002613285373212677	
25-01-03 05:04:52.530 - INFO: val/PSNR: 4.842972575327491	
25-01-03 05:04:52.530 - INFO: val/VAL_MSE: 0.9370852112770081	
25-01-03 05:04:52.531 - INFO: 
------------------------------Validation End------------------------------


25-01-03 05:09:50.236 - INFO: train/mse_loss: 0.9835584091157028	
25-01-03 05:24:23.075 - INFO: train/mse_loss: 0.5019415602956828	
25-01-03 05:24:23.076 - INFO: epoch: 11	
25-01-03 05:24:23.076 - INFO: iters: 96856	
25-01-03 05:24:23.076 - INFO: 


------------------------------Validation Start------------------------------
25-01-03 05:38:59.906 - INFO: val/mae: 0.4930652678012848	
25-01-03 05:38:59.907 - INFO: val/mse: 0.295632541179657	
25-01-03 05:38:59.908 - INFO: val/SSIM: 0.13394249297862906	
25-01-03 05:38:59.908 - INFO: val/PSNR: 15.755134131233751	
25-01-03 05:38:59.908 - INFO: val/VAL_MSE: 0.012135911732912064	
25-01-03 05:38:59.908 - INFO: 
------------------------------Validation End------------------------------


25-01-03 05:58:37.644 - INFO: train/mse_loss: 0.010136607756172004	
25-01-03 05:58:37.645 - INFO: epoch: 12	
25-01-03 05:58:37.645 - INFO: iters: 105662	
25-01-03 05:58:37.645 - INFO: 


------------------------------Validation Start------------------------------
25-01-03 06:13:14.370 - INFO: val/mae: 0.2999798357486725	
25-01-03 06:13:14.553 - INFO: val/mse: 0.13410276174545288	
25-01-03 06:13:14.553 - INFO: val/SSIM: 0.19956886170825378	
25-01-03 06:13:14.553 - INFO: val/PSNR: 17.317822857538097	
25-01-03 06:13:14.553 - INFO: val/VAL_MSE: 0.006974684540182352	
25-01-03 06:13:14.553 - INFO: 
------------------------------Validation End------------------------------


25-01-03 06:23:05.783 - INFO: train/mse_loss: 0.008255525377007501	
25-01-03 06:32:35.259 - INFO: train/mse_loss: 0.007942266669002603	
25-01-03 06:32:35.260 - INFO: epoch: 13	
25-01-03 06:32:35.260 - INFO: iters: 114468	
25-01-03 06:32:35.260 - INFO: 


------------------------------Validation Start------------------------------
25-01-03 06:47:08.640 - INFO: val/mae: 0.09493344277143478	
25-01-03 06:47:08.711 - INFO: val/mse: 0.04004080221056938	
25-01-03 06:47:08.712 - INFO: val/SSIM: 0.5205055543194724	
25-01-03 06:47:08.712 - INFO: val/PSNR: 20.15236768247221	
25-01-03 06:47:08.712 - INFO: val/VAL_MSE: 0.006089452188462019	
25-01-03 06:47:08.712 - INFO: 
------------------------------Validation End------------------------------


25-01-03 07:06:40.258 - INFO: train/mse_loss: 0.0064263612084559125	
25-01-03 07:06:40.260 - INFO: epoch: 14	
25-01-03 07:06:40.260 - INFO: iters: 123274	
25-01-03 07:06:40.260 - INFO: 


------------------------------Validation Start------------------------------
25-01-03 07:21:33.476 - INFO: val/mae: 0.08484604209661484	
25-01-03 07:21:33.679 - INFO: val/mse: 0.03068462572991848	
25-01-03 07:21:33.679 - INFO: val/SSIM: 0.6114866533267168	
25-01-03 07:21:33.679 - INFO: val/PSNR: 20.58523566422564	
25-01-03 07:21:33.679 - INFO: val/VAL_MSE: 0.006069992668926716	
25-01-03 07:21:33.679 - INFO: 
------------------------------Validation End------------------------------


25-01-03 07:36:23.722 - INFO: train/mse_loss: 0.006078702043285016	
25-01-03 07:40:50.398 - INFO: train/mse_loss: 0.006003923547253959	
25-01-03 07:40:50.400 - INFO: epoch: 15	
25-01-03 07:40:50.400 - INFO: iters: 132080	
25-01-03 07:40:50.400 - INFO: Saving the self at the end of epoch 15
25-01-03 07:40:56.967 - INFO: 


------------------------------Validation Start------------------------------
25-01-03 07:55:41.499 - INFO: val/mae: 0.2940143048763275	
25-01-03 07:55:41.668 - INFO: val/mse: 0.17335045337677002	
25-01-03 07:55:41.668 - INFO: val/SSIM: 0.2887172882255976	
25-01-03 07:55:41.668 - INFO: val/PSNR: 16.34563726822571	
25-01-03 07:55:41.668 - INFO: val/VAL_MSE: 0.004771256819367409	
25-01-03 07:55:41.668 - INFO: 
------------------------------Validation End------------------------------


25-01-03 08:15:03.203 - INFO: train/mse_loss: 0.0054080421726610374	
25-01-03 08:15:03.204 - INFO: epoch: 16	
25-01-03 08:15:03.204 - INFO: iters: 140886	
25-01-03 08:15:03.204 - INFO: 


------------------------------Validation Start------------------------------
25-01-03 08:29:52.673 - INFO: val/mae: 0.11886105686426163	
25-01-03 08:29:52.674 - INFO: val/mse: 0.05489414930343628	
25-01-03 08:29:52.674 - INFO: val/SSIM: 0.5713401797449025	
25-01-03 08:29:52.674 - INFO: val/PSNR: 20.612686806108332	
25-01-03 08:29:52.674 - INFO: val/VAL_MSE: 0.00410575931891799	
25-01-03 08:29:52.674 - INFO: 
------------------------------Validation End------------------------------


25-01-03 08:49:27.501 - INFO: train/mse_loss: 0.00467092682754619	
25-01-03 08:49:27.998 - INFO: epoch: 17	
25-01-03 08:49:27.999 - INFO: iters: 149692	
25-01-03 08:49:27.999 - INFO: 


------------------------------Validation Start------------------------------
25-01-03 09:04:12.836 - INFO: val/mae: 0.6911129355430603	
25-01-03 09:04:13.052 - INFO: val/mse: 0.6701013445854187	
25-01-03 09:04:13.052 - INFO: val/SSIM: 0.1885816281888853	
25-01-03 09:04:13.053 - INFO: val/PSNR: 12.612890686555225	
25-01-03 09:04:13.053 - INFO: val/VAL_MSE: 0.004288463853299618	
25-01-03 09:04:13.053 - INFO: 
------------------------------Validation End------------------------------


25-01-03 09:23:41.753 - INFO: train/mse_loss: 0.004943121913333191	
25-01-03 09:23:41.845 - INFO: epoch: 18	
25-01-03 09:23:41.845 - INFO: iters: 158498	
25-01-03 09:23:41.845 - INFO: 


------------------------------Validation Start------------------------------
25-01-03 09:38:25.644 - INFO: val/mae: 0.5466980934143066	
25-01-03 09:38:25.645 - INFO: val/mse: 0.4381798803806305	
25-01-03 09:38:25.645 - INFO: val/SSIM: 0.2046392310988978	
25-01-03 09:38:25.645 - INFO: val/PSNR: 13.649359793758103	
25-01-03 09:38:25.645 - INFO: val/VAL_MSE: 0.00328195933252573	
25-01-03 09:38:25.645 - INFO: 
------------------------------Validation End------------------------------


25-01-03 09:42:34.292 - INFO: train/mse_loss: 0.005399308400774804	
25-01-03 09:58:36.519 - INFO: train/mse_loss: 0.00434955817158191	
25-01-03 09:58:36.520 - INFO: epoch: 19	
25-01-03 09:58:36.521 - INFO: iters: 167304	
25-01-03 09:58:36.521 - INFO: 


------------------------------Validation Start------------------------------
25-01-03 10:13:18.103 - INFO: val/mae: 1.4594768285751343	
25-01-03 10:13:18.104 - INFO: val/mse: 2.3602845668792725	
25-01-03 10:13:18.104 - INFO: val/SSIM: 0.06436096855898955	
25-01-03 10:13:18.104 - INFO: val/PSNR: 4.085584802490943	
25-01-03 10:13:18.104 - INFO: val/VAL_MSE: 0.002161781070753932	
25-01-03 10:13:18.104 - INFO: 
------------------------------Validation End------------------------------


25-01-03 10:32:46.696 - INFO: train/mse_loss: 0.004069693254237508	
25-01-03 10:32:46.698 - INFO: epoch: 20	
25-01-03 10:32:46.699 - INFO: iters: 176110	
25-01-03 10:32:46.699 - INFO: Saving the self at the end of epoch 20
25-01-03 10:32:52.891 - INFO: 


------------------------------Validation Start------------------------------
25-01-03 10:47:36.118 - INFO: val/mae: 1.4388294219970703	
25-01-03 10:47:36.120 - INFO: val/mse: 2.278745412826538	
25-01-03 10:47:36.120 - INFO: val/SSIM: 0.09315380816201553	
25-01-03 10:47:36.120 - INFO: val/PSNR: 4.531438465574913	
25-01-03 10:47:36.120 - INFO: val/VAL_MSE: 0.0031793147791177034	
25-01-03 10:47:36.120 - INFO: 
------------------------------Validation End------------------------------


25-01-03 10:56:45.993 - INFO: train/mse_loss: 0.0034822127970083154	
25-01-03 11:07:12.618 - INFO: train/mse_loss: 0.0038719583389253674	
25-01-03 11:07:12.619 - INFO: epoch: 21	
25-01-03 11:07:12.619 - INFO: iters: 184916	
25-01-03 11:07:12.619 - INFO: 


------------------------------Validation Start------------------------------
25-01-03 11:21:45.546 - INFO: val/mae: 1.2922452688217163	
25-01-03 11:21:45.547 - INFO: val/mse: 1.951032042503357	
25-01-03 11:21:45.547 - INFO: val/SSIM: 0.10644811956657793	
25-01-03 11:21:45.547 - INFO: val/PSNR: 5.81288023988992	
25-01-03 11:21:45.547 - INFO: val/VAL_MSE: 0.003254768904298544	
25-01-03 11:21:45.547 - INFO: 
------------------------------Validation End------------------------------


25-01-03 11:41:22.105 - INFO: train/mse_loss: 0.003979470372543223	
25-01-03 11:41:22.106 - INFO: epoch: 22	
25-01-03 11:41:22.106 - INFO: iters: 193722	
25-01-03 11:41:22.106 - INFO: 


------------------------------Validation Start------------------------------
25-01-03 12:27:58.942 - INFO: val/mae: 0.8414764404296875	
25-01-03 12:27:58.944 - INFO: val/mse: 0.9463615417480469	
25-01-03 12:27:58.944 - INFO: val/SSIM: 0.11885828756228549	
25-01-03 12:27:58.944 - INFO: val/PSNR: 10.135366299640088	
25-01-03 12:27:58.944 - INFO: val/VAL_MSE: 0.0025377152487635612	
25-01-03 12:27:58.944 - INFO: 
------------------------------Validation End------------------------------


25-01-03 12:42:01.063 - INFO: train/mse_loss: 0.004087881549404448	
25-01-03 12:47:22.967 - INFO: train/mse_loss: 0.003933978693175367	
25-01-03 12:47:22.969 - INFO: epoch: 23	
25-01-03 12:47:22.969 - INFO: iters: 202528	
25-01-03 12:47:22.969 - INFO: 


------------------------------Validation Start------------------------------
25-01-03 13:02:02.961 - INFO: val/mae: 0.611099898815155	
25-01-03 13:02:02.962 - INFO: val/mse: 0.6500034928321838	
25-01-03 13:02:02.962 - INFO: val/SSIM: 0.2108801300707852	
25-01-03 13:02:02.963 - INFO: val/PSNR: 14.266101943450536	
25-01-03 13:02:02.963 - INFO: val/VAL_MSE: 0.004033233039081097	
25-01-03 13:02:02.963 - INFO: 
------------------------------Validation End------------------------------


25-01-03 13:21:34.138 - INFO: train/mse_loss: 0.003995570485848884	
25-01-03 13:21:34.141 - INFO: epoch: 24	
25-01-03 13:21:34.141 - INFO: iters: 211334	
25-01-03 13:21:34.141 - INFO: 


------------------------------Validation Start------------------------------
25-01-03 13:38:23.879 - INFO: val/mae: 0.11570721119642258	
25-01-03 13:38:23.881 - INFO: val/mse: 0.05703197792172432	
25-01-03 13:38:23.881 - INFO: val/SSIM: 0.7353126880662623	
25-01-03 13:38:23.881 - INFO: val/PSNR: 24.31521317757562	
25-01-03 13:38:23.881 - INFO: val/VAL_MSE: 0.0035171760246157646	
25-01-03 13:38:23.881 - INFO: 
------------------------------Validation End------------------------------


25-01-03 13:57:38.813 - INFO: train/mse_loss: 0.003923012909658635	
25-01-03 13:57:58.611 - INFO: train/mse_loss: 0.0039019307912943678	
25-01-03 13:57:58.611 - INFO: epoch: 25	
25-01-03 13:57:58.611 - INFO: iters: 220140	
25-01-03 13:57:58.611 - INFO: Saving the self at the end of epoch 25
25-01-03 13:58:04.044 - INFO: 


------------------------------Validation Start------------------------------
25-01-03 14:12:43.379 - INFO: val/mae: 0.2909022271633148	
25-01-03 14:12:43.380 - INFO: val/mse: 0.17880034446716309	
25-01-03 14:12:43.380 - INFO: val/SSIM: 0.43292836461950895	
25-01-03 14:12:43.380 - INFO: val/PSNR: 18.803212921830895	
25-01-03 14:12:43.381 - INFO: val/VAL_MSE: 0.0036492503713816404	
25-01-03 14:12:43.381 - INFO: 
------------------------------Validation End------------------------------


25-01-03 14:32:09.760 - INFO: train/mse_loss: 0.0039481023140722805	
25-01-03 14:32:09.761 - INFO: epoch: 26	
25-01-03 14:32:09.761 - INFO: iters: 228946	
25-01-03 14:32:09.761 - INFO: 


------------------------------Validation Start------------------------------
25-01-03 14:46:48.846 - INFO: val/mae: 0.79551100730896	
25-01-03 14:46:48.847 - INFO: val/mse: 0.9017723202705383	
25-01-03 14:46:48.847 - INFO: val/SSIM: 0.22728989551732268	
25-01-03 14:46:48.847 - INFO: val/PSNR: 10.40211755023296	
25-01-03 14:46:48.847 - INFO: val/VAL_MSE: 0.003099703462794423	
25-01-03 14:46:48.847 - INFO: 
------------------------------Validation End------------------------------


25-01-03 14:49:59.711 - INFO: train/mse_loss: 0.0035264995063399055	
25-01-03 15:06:29.945 - INFO: train/mse_loss: 0.003909296406160053	
25-01-03 15:06:29.946 - INFO: epoch: 27	
25-01-03 15:06:29.946 - INFO: iters: 237752	
25-01-03 15:06:29.946 - INFO: 


------------------------------Validation Start------------------------------
25-01-03 15:21:09.088 - INFO: val/mae: 0.05531312897801399	
25-01-03 15:21:09.090 - INFO: val/mse: 0.018038006499409676	
25-01-03 15:21:09.090 - INFO: val/SSIM: 0.7705993271897762	
25-01-03 15:21:09.091 - INFO: val/PSNR: 22.762987293004493	
25-01-03 15:21:09.091 - INFO: val/VAL_MSE: 0.003546664258465171	
25-01-03 15:21:09.091 - INFO: 
------------------------------Validation End------------------------------


25-01-03 15:41:05.036 - INFO: train/mse_loss: 0.0035174164682603005	
25-01-03 15:41:05.037 - INFO: epoch: 28	
25-01-03 15:41:05.037 - INFO: iters: 246558	
25-01-03 15:41:05.038 - INFO: 


------------------------------Validation Start------------------------------
25-01-03 15:55:48.156 - INFO: val/mae: 1.5560238361358643	
25-01-03 15:55:48.156 - INFO: val/mse: 2.614046096801758	
25-01-03 15:55:48.157 - INFO: val/SSIM: 0.06838537026798983	
25-01-03 15:55:48.157 - INFO: val/PSNR: 3.1014276385373307	
25-01-03 15:55:48.157 - INFO: val/VAL_MSE: 0.0025143667589873075	
25-01-03 15:55:48.157 - INFO: 
------------------------------Validation End------------------------------


25-01-03 16:03:58.222 - INFO: train/mse_loss: 0.0034366792981297923	
25-01-03 16:15:23.488 - INFO: train/mse_loss: 0.0032762353428679547	
25-01-03 16:15:23.489 - INFO: epoch: 29	
25-01-03 16:15:23.489 - INFO: iters: 255364	
25-01-03 16:15:23.489 - INFO: 


------------------------------Validation Start------------------------------
25-01-03 16:33:20.475 - INFO: val/mae: 1.0641815662384033	
25-01-03 16:33:20.475 - INFO: val/mse: 1.4205914735794067	
25-01-03 16:33:20.475 - INFO: val/SSIM: 0.136573439956622	
25-01-03 16:33:20.475 - INFO: val/PSNR: 8.176448325101065	
25-01-03 16:33:20.475 - INFO: val/VAL_MSE: 0.003449283540248871	
25-01-03 16:33:20.476 - INFO: 
------------------------------Validation End------------------------------


25-01-03 16:53:04.503 - INFO: train/mse_loss: 0.0034742378701610264	
25-01-03 16:53:04.847 - INFO: epoch: 30	
25-01-03 16:53:04.847 - INFO: iters: 264170	
25-01-03 16:53:04.847 - INFO: Saving the self at the end of epoch 30
25-01-03 16:53:10.326 - INFO: 


------------------------------Validation Start------------------------------
25-01-03 17:08:01.157 - INFO: val/mae: 0.7915067076683044	
25-01-03 17:08:01.372 - INFO: val/mse: 1.0150178670883179	
25-01-03 17:08:01.372 - INFO: val/SSIM: 0.28831699880080136	
25-01-03 17:08:01.372 - INFO: val/PSNR: 12.033016929366122	
25-01-03 17:08:01.372 - INFO: val/VAL_MSE: 0.0035051824524998665	
25-01-03 17:08:01.372 - INFO: 
------------------------------Validation End------------------------------


25-01-03 17:20:59.587 - INFO: train/mse_loss: 0.003900594730565246	
25-01-03 17:27:20.544 - INFO: train/mse_loss: 0.003581417415571336	
25-01-03 17:27:20.545 - INFO: epoch: 31	
25-01-03 17:27:20.545 - INFO: iters: 272976	
25-01-03 17:27:20.545 - INFO: 


------------------------------Validation Start------------------------------
25-01-03 17:42:02.552 - INFO: val/mae: 0.37568771839141846	
25-01-03 17:42:02.553 - INFO: val/mse: 0.3218417465686798	
25-01-03 17:42:02.553 - INFO: val/SSIM: 0.4694130609830644	
25-01-03 17:42:02.553 - INFO: val/PSNR: 19.070563259343043	
25-01-03 17:42:02.553 - INFO: val/VAL_MSE: 0.0026000221259891987	
25-01-03 17:42:02.553 - INFO: 
------------------------------Validation End------------------------------


25-01-03 18:01:37.201 - INFO: train/mse_loss: 0.003144605364612106	
25-01-03 18:01:37.202 - INFO: epoch: 32	
25-01-03 18:01:37.202 - INFO: iters: 281782	
25-01-03 18:01:37.202 - INFO: 


------------------------------Validation Start------------------------------
25-01-03 18:16:32.120 - INFO: val/mae: 0.22336189448833466	
25-01-03 18:16:32.120 - INFO: val/mse: 0.15442980825901031	
25-01-03 18:16:32.120 - INFO: val/SSIM: 0.498537979608883	
25-01-03 18:16:32.121 - INFO: val/PSNR: 20.16042989133573	
25-01-03 18:16:32.121 - INFO: val/VAL_MSE: 0.003813183633610606	
25-01-03 18:16:32.121 - INFO: 
------------------------------Validation End------------------------------


25-01-03 18:34:45.580 - INFO: train/mse_loss: 0.0032291668663394384	
25-01-03 18:36:02.265 - INFO: train/mse_loss: 0.003200825276052331	
25-01-03 18:36:02.268 - INFO: epoch: 33	
25-01-03 18:36:02.268 - INFO: iters: 290588	
25-01-03 18:36:02.268 - INFO: 


------------------------------Validation Start------------------------------
25-01-03 18:50:50.460 - INFO: val/mae: 0.3241940438747406	
25-01-03 18:50:50.461 - INFO: val/mse: 0.28404566645622253	
25-01-03 18:50:50.461 - INFO: val/SSIM: 0.4845228858972579	
25-01-03 18:50:50.461 - INFO: val/PSNR: 18.664370508255026	
25-01-03 18:50:50.461 - INFO: val/VAL_MSE: 0.004301643930375576	
25-01-03 18:50:50.461 - INFO: 
------------------------------Validation End------------------------------


25-01-03 19:10:15.720 - INFO: train/mse_loss: 0.0035753261335035686	
25-01-03 19:10:15.721 - INFO: epoch: 34	
25-01-03 19:10:15.721 - INFO: iters: 299394	
25-01-03 19:10:15.721 - INFO: 


------------------------------Validation Start------------------------------
25-01-03 19:24:51.400 - INFO: val/mae: 1.5686194896697998	
25-01-03 19:24:51.401 - INFO: val/mse: 2.6562867164611816	
25-01-03 19:24:51.401 - INFO: val/SSIM: 0.061585331726465464	
25-01-03 19:24:51.401 - INFO: val/PSNR: 2.8771787679606105	
25-01-03 19:24:51.401 - INFO: val/VAL_MSE: 0.0035281714517623186	
25-01-03 19:24:51.401 - INFO: 
------------------------------Validation End------------------------------


25-01-03 19:27:03.023 - INFO: train/mse_loss: 0.0026895933313414006	
25-01-03 19:44:29.648 - INFO: train/mse_loss: 0.0032836765960462173	
25-01-03 19:44:29.649 - INFO: epoch: 35	
25-01-03 19:44:29.650 - INFO: iters: 308200	
25-01-03 19:44:29.650 - INFO: Saving the self at the end of epoch 35
25-01-03 19:44:35.366 - INFO: 


------------------------------Validation Start------------------------------
25-01-03 19:59:13.909 - INFO: val/mae: 1.0195294618606567	
25-01-03 19:59:14.133 - INFO: val/mse: 1.454606533050537	
25-01-03 19:59:14.133 - INFO: val/SSIM: 0.19620600218289158	
25-01-03 19:59:14.133 - INFO: val/PSNR: 8.984532963119035	
25-01-03 19:59:14.133 - INFO: val/VAL_MSE: 0.0029472410678863525	
25-01-03 19:59:14.133 - INFO: 
------------------------------Validation End------------------------------


25-01-03 20:18:46.164 - INFO: train/mse_loss: 0.0033535526086298584	
25-01-03 20:18:46.165 - INFO: epoch: 36	
25-01-03 20:18:46.165 - INFO: iters: 317006	
25-01-03 20:18:46.165 - INFO: 


------------------------------Validation Start------------------------------
25-01-03 20:33:23.168 - INFO: val/mae: 0.7021462917327881	
25-01-03 20:33:23.169 - INFO: val/mse: 0.7711170315742493	
25-01-03 20:33:23.169 - INFO: val/SSIM: 0.24352752881710527	
25-01-03 20:33:23.169 - INFO: val/PSNR: 14.51501154099247	
25-01-03 20:33:23.169 - INFO: val/VAL_MSE: 0.002666778862476349	
25-01-03 20:33:23.169 - INFO: 
------------------------------Validation End------------------------------


25-01-03 20:40:49.585 - INFO: train/mse_loss: 0.0033334784697431974	
25-01-03 20:53:10.562 - INFO: train/mse_loss: 0.003268879676823776	
25-01-03 20:53:10.563 - INFO: epoch: 37	
25-01-03 20:53:10.563 - INFO: iters: 325812	
25-01-03 20:53:10.564 - INFO: 


------------------------------Validation Start------------------------------
25-01-03 21:07:46.784 - INFO: val/mae: 0.15043970942497253	
25-01-03 21:07:46.785 - INFO: val/mse: 0.08411645144224167	
25-01-03 21:07:46.785 - INFO: val/SSIM: 0.6394336146081654	
25-01-03 21:07:46.785 - INFO: val/PSNR: 21.271410877900276	
25-01-03 21:07:46.785 - INFO: val/VAL_MSE: 0.002241518348455429	
25-01-03 21:07:46.785 - INFO: 
------------------------------Validation End------------------------------


25-01-03 21:27:26.748 - INFO: train/mse_loss: 0.003054019267492574	
25-01-03 21:27:26.749 - INFO: epoch: 38	
25-01-03 21:27:26.749 - INFO: iters: 334618	
25-01-03 21:27:26.749 - INFO: 


------------------------------Validation Start------------------------------
25-01-03 21:42:04.611 - INFO: val/mae: 1.0335513353347778	
25-01-03 21:42:04.612 - INFO: val/mse: 1.3749406337738037	
25-01-03 21:42:04.612 - INFO: val/SSIM: 0.13438359007163064	
25-01-03 21:42:04.612 - INFO: val/PSNR: 8.881759311975319	
25-01-03 21:42:04.612 - INFO: val/VAL_MSE: 0.0033871319610625505	
25-01-03 21:42:04.612 - INFO: 
------------------------------Validation End------------------------------


25-01-03 21:54:23.506 - INFO: train/mse_loss: 0.003124907967179825	
25-01-03 22:01:40.409 - INFO: train/mse_loss: 0.003111559294061133	
25-01-03 22:01:40.410 - INFO: epoch: 39	
25-01-03 22:01:40.411 - INFO: iters: 343424	
25-01-03 22:01:40.411 - INFO: 


------------------------------Validation Start------------------------------
25-01-03 22:16:25.961 - INFO: val/mae: 0.8716455698013306	
25-01-03 22:16:26.036 - INFO: val/mse: 1.1353930234909058	
25-01-03 22:16:26.036 - INFO: val/SSIM: 0.26215329290260264	
25-01-03 22:16:26.036 - INFO: val/PSNR: 11.201733120121157	
25-01-03 22:16:26.036 - INFO: val/VAL_MSE: 0.004332719836384058	
25-01-03 22:16:26.036 - INFO: 
------------------------------Validation End------------------------------


25-01-03 22:35:54.004 - INFO: train/mse_loss: 0.003249722019609015	
25-01-03 22:35:54.005 - INFO: epoch: 40	
25-01-03 22:35:54.005 - INFO: iters: 352230	
25-01-03 22:35:54.005 - INFO: Saving the self at the end of epoch 40
25-01-03 22:36:00.044 - INFO: 


------------------------------Validation Start------------------------------
25-01-03 22:50:42.887 - INFO: val/mae: 0.46109166741371155	
25-01-03 22:50:42.888 - INFO: val/mse: 0.415365606546402	
25-01-03 22:50:42.888 - INFO: val/SSIM: 0.4105177556915686	
25-01-03 22:50:42.888 - INFO: val/PSNR: 16.811565590084392	
25-01-03 22:50:42.888 - INFO: val/VAL_MSE: 0.0038214786909520626	
25-01-03 22:50:42.888 - INFO: 
------------------------------Validation End------------------------------


25-01-03 23:08:06.046 - INFO: train/mse_loss: 0.003431799700607821	
25-01-03 23:10:18.730 - INFO: train/mse_loss: 0.0034048196659110666	
25-01-03 23:10:18.731 - INFO: epoch: 41	
25-01-03 23:10:18.731 - INFO: iters: 361036	
25-01-03 23:10:18.731 - INFO: 


------------------------------Validation Start------------------------------
25-01-03 23:25:10.682 - INFO: val/mae: 0.3944360911846161	
25-01-03 23:25:10.970 - INFO: val/mse: 0.35806599259376526	
25-01-03 23:25:10.970 - INFO: val/SSIM: 0.462806741005431	
25-01-03 23:25:10.970 - INFO: val/PSNR: 19.087794546852056	
25-01-03 23:25:10.970 - INFO: val/VAL_MSE: 0.004247923381626606	
25-01-03 23:25:10.970 - INFO: 
------------------------------Validation End------------------------------


25-01-03 23:44:34.576 - INFO: train/mse_loss: 0.0034086015966675537	
25-01-03 23:44:34.578 - INFO: epoch: 42	
25-01-03 23:44:34.578 - INFO: iters: 369842	
25-01-03 23:44:34.578 - INFO: 


------------------------------Validation Start------------------------------
25-01-03 23:59:18.177 - INFO: val/mae: 0.997677743434906	
25-01-03 23:59:18.178 - INFO: val/mse: 1.3073359727859497	
25-01-03 23:59:18.179 - INFO: val/SSIM: 0.13250287987807702	
25-01-03 23:59:18.179 - INFO: val/PSNR: 8.775622624882304	
25-01-03 23:59:18.179 - INFO: val/VAL_MSE: 0.0032512436155229807	
25-01-03 23:59:18.179 - INFO: 
------------------------------Validation End------------------------------


25-01-04 00:00:31.080 - INFO: train/mse_loss: 0.0020129288032704434	
25-01-04 00:19:22.037 - INFO: train/mse_loss: 0.0033274913747506295	
25-01-04 00:19:22.039 - INFO: epoch: 43	
25-01-04 00:19:22.039 - INFO: iters: 378648	
25-01-04 00:19:22.039 - INFO: 


------------------------------Validation Start------------------------------
25-01-04 00:34:56.244 - INFO: val/mae: 1.5860531330108643	
25-01-04 00:34:56.245 - INFO: val/mse: 2.688250780105591	
25-01-04 00:34:56.246 - INFO: val/SSIM: 0.046899064720794456	
25-01-04 00:34:56.246 - INFO: val/PSNR: 2.790228090966804	
25-01-04 00:34:56.246 - INFO: val/VAL_MSE: 0.0038172060158103704	
25-01-04 00:34:56.246 - INFO: 
------------------------------Validation End------------------------------


25-01-04 00:54:20.263 - INFO: train/mse_loss: 0.003151266659948155	
25-01-04 00:54:20.265 - INFO: epoch: 44	
25-01-04 00:54:20.265 - INFO: iters: 387454	
25-01-04 00:54:20.265 - INFO: 


------------------------------Validation Start------------------------------
25-01-04 01:09:03.733 - INFO: val/mae: 0.9582219123840332	
25-01-04 01:09:03.734 - INFO: val/mse: 1.0837537050247192	
25-01-04 01:09:03.734 - INFO: val/SSIM: 0.10256907799971449	
25-01-04 01:09:03.734 - INFO: val/PSNR: 8.1705427255073	
25-01-04 01:09:03.734 - INFO: val/VAL_MSE: 0.003064045449718833	
25-01-04 01:09:03.734 - INFO: 
------------------------------Validation End------------------------------


25-01-04 01:15:18.594 - INFO: train/mse_loss: 0.004208035628863896	
25-01-04 01:28:35.393 - INFO: train/mse_loss: 0.003223253916661569	
25-01-04 01:28:35.394 - INFO: epoch: 45	
25-01-04 01:28:35.394 - INFO: iters: 396260	
25-01-04 01:28:35.394 - INFO: Saving the self at the end of epoch 45
25-01-04 01:28:41.711 - INFO: 


------------------------------Validation Start------------------------------
25-01-04 01:43:25.364 - INFO: val/mae: 0.6290368437767029	
25-01-04 01:43:25.366 - INFO: val/mse: 0.7295517325401306	
25-01-04 01:43:25.366 - INFO: val/SSIM: 0.36009641559431577	
25-01-04 01:43:25.366 - INFO: val/PSNR: 14.069646059128118	
25-01-04 01:43:25.366 - INFO: val/VAL_MSE: 0.0023352932184934616	
25-01-04 01:43:25.366 - INFO: 
------------------------------Validation End------------------------------


25-01-04 02:02:53.614 - INFO: train/mse_loss: 0.0029644499146025097	
25-01-04 02:02:53.615 - INFO: epoch: 46	
25-01-04 02:02:53.615 - INFO: iters: 405066	
25-01-04 02:02:53.615 - INFO: 


------------------------------Validation Start------------------------------
25-01-04 02:17:33.461 - INFO: val/mae: 0.034630101174116135	
25-01-04 02:17:33.462 - INFO: val/mse: 0.00994224101305008	
25-01-04 02:17:33.462 - INFO: val/SSIM: 0.8390863409991919	
25-01-04 02:17:33.462 - INFO: val/PSNR: 24.15555138436953	
25-01-04 02:17:33.462 - INFO: val/VAL_MSE: 0.003933750558644533	
25-01-04 02:17:33.462 - INFO: 
------------------------------Validation End------------------------------


25-01-04 02:28:55.292 - INFO: train/mse_loss: 0.003097925972958832	
25-01-04 02:37:08.891 - INFO: train/mse_loss: 0.0030576949176727847	
25-01-04 02:37:08.893 - INFO: epoch: 47	
25-01-04 02:37:08.893 - INFO: iters: 413872	
25-01-04 02:37:08.893 - INFO: 


------------------------------Validation Start------------------------------
25-01-04 02:51:49.327 - INFO: val/mae: 0.24365882575511932	
25-01-04 02:51:49.338 - INFO: val/mse: 0.15781629085540771	
25-01-04 02:51:49.338 - INFO: val/SSIM: 0.5562906646941531	
25-01-04 02:51:49.339 - INFO: val/PSNR: 20.3747129120733	
25-01-04 02:51:49.339 - INFO: val/VAL_MSE: 0.003467106493189931	
25-01-04 02:51:49.339 - INFO: 
------------------------------Validation End------------------------------


25-01-04 03:11:15.645 - INFO: train/mse_loss: 0.0030373196556182204	
25-01-04 03:11:15.647 - INFO: epoch: 48	
25-01-04 03:11:15.647 - INFO: iters: 422678	
25-01-04 03:11:15.647 - INFO: 


------------------------------Validation Start------------------------------
25-01-04 03:26:02.100 - INFO: val/mae: 0.6156358122825623	
25-01-04 03:26:02.101 - INFO: val/mse: 0.6543823480606079	
25-01-04 03:26:02.101 - INFO: val/SSIM: 0.2986410371996552	
25-01-04 03:26:02.101 - INFO: val/PSNR: 14.139456743266624	
25-01-04 03:26:02.102 - INFO: val/VAL_MSE: 0.002460046438500285	
25-01-04 03:26:02.102 - INFO: 
------------------------------Validation End------------------------------


25-01-04 03:42:25.567 - INFO: train/mse_loss: 0.002755584937461624	
25-01-04 03:45:34.786 - INFO: train/mse_loss: 0.0027067018086760243	
25-01-04 03:45:34.788 - INFO: epoch: 49	
25-01-04 03:45:34.788 - INFO: iters: 431484	
25-01-04 03:45:34.788 - INFO: 


------------------------------Validation Start------------------------------
25-01-04 04:00:24.384 - INFO: val/mae: 1.3483091592788696	
25-01-04 04:00:24.385 - INFO: val/mse: 2.094719171524048	
25-01-04 04:00:24.385 - INFO: val/SSIM: 0.0793930137221238	
25-01-04 04:00:24.385 - INFO: val/PSNR: 4.570625795250413	
25-01-04 04:00:24.385 - INFO: val/VAL_MSE: 0.0029500480741262436	
25-01-04 04:00:24.385 - INFO: 
------------------------------Validation End------------------------------


25-01-04 04:57:56.543 - INFO: train/mse_loss: 0.0032852914077554983	
25-01-04 04:57:56.546 - INFO: epoch: 50	
25-01-04 04:57:56.546 - INFO: iters: 440290	
25-01-04 04:57:56.547 - INFO: Saving the self at the end of epoch 50
25-01-04 04:58:04.095 - INFO: 


------------------------------Validation Start------------------------------
25-01-04 05:12:46.655 - INFO: val/mae: 1.080820918083191	
25-01-04 05:12:46.656 - INFO: val/mse: 1.5017764568328857	
25-01-04 05:12:46.656 - INFO: val/SSIM: 0.14316141388901577	
25-01-04 05:12:46.656 - INFO: val/PSNR: 7.872205902790815	
25-01-04 05:12:46.656 - INFO: val/VAL_MSE: 0.0027330704033374786	
25-01-04 05:12:46.656 - INFO: 
------------------------------Validation End------------------------------


25-01-04 05:32:12.471 - INFO: train/mse_loss: 0.003231557913795789	
25-01-04 05:32:12.473 - INFO: epoch: 51	
25-01-04 05:32:12.473 - INFO: iters: 449096	
25-01-04 05:32:12.473 - INFO: 


------------------------------Validation Start------------------------------
25-01-04 05:46:48.508 - INFO: val/mae: 0.6992313861846924	
25-01-04 05:46:48.509 - INFO: val/mse: 0.7324277758598328	
25-01-04 05:46:48.509 - INFO: val/SSIM: 0.25505528133271654	
25-01-04 05:46:48.509 - INFO: val/PSNR: 11.46554486453195	
25-01-04 05:46:48.509 - INFO: val/VAL_MSE: 0.0028965880628675222	
25-01-04 05:46:48.509 - INFO: 
------------------------------Validation End------------------------------


25-01-04 06:06:25.018 - INFO: train/mse_loss: 0.0028475923764650236	
25-01-04 06:06:25.019 - INFO: epoch: 52	
25-01-04 06:06:25.019 - INFO: iters: 457902	
25-01-04 06:06:25.020 - INFO: 


------------------------------Validation Start------------------------------
25-01-04 06:21:07.079 - INFO: val/mae: 0.6386333703994751	
25-01-04 06:21:07.080 - INFO: val/mse: 0.6352394819259644	
25-01-04 06:21:07.080 - INFO: val/SSIM: 0.28537771165529646	
25-01-04 06:21:07.080 - INFO: val/PSNR: 12.7037561091745	
25-01-04 06:21:07.080 - INFO: val/VAL_MSE: 0.0029051487799733877	
25-01-04 06:21:07.080 - INFO: 
------------------------------Validation End------------------------------


25-01-04 06:26:29.777 - INFO: train/mse_loss: 0.0032417337742364936	
25-01-04 06:40:42.301 - INFO: train/mse_loss: 0.0030365130324518075	
25-01-04 06:40:42.303 - INFO: epoch: 53	
25-01-04 06:40:42.303 - INFO: iters: 466708	
25-01-04 06:40:42.303 - INFO: 


------------------------------Validation Start------------------------------
25-01-04 06:55:35.195 - INFO: val/mae: 1.0626369714736938	
25-01-04 06:55:35.197 - INFO: val/mse: 1.4897871017456055	
25-01-04 06:55:35.197 - INFO: val/SSIM: 0.15500726542794335	
25-01-04 06:55:35.197 - INFO: val/PSNR: 7.58173808681082	
25-01-04 06:55:35.197 - INFO: val/VAL_MSE: 0.004693834576755762	
25-01-04 06:55:35.197 - INFO: 
------------------------------Validation End------------------------------


25-01-04 07:14:55.993 - INFO: train/mse_loss: 0.0032054594949059694	
25-01-04 07:14:55.994 - INFO: epoch: 54	
25-01-04 07:14:55.994 - INFO: iters: 475514	
25-01-04 07:14:55.994 - INFO: 


------------------------------Validation Start------------------------------
25-01-04 07:29:38.537 - INFO: val/mae: 0.23827047646045685	
25-01-04 07:29:38.539 - INFO: val/mse: 0.2488981932401657	
25-01-04 07:29:38.539 - INFO: val/SSIM: 0.6856515983090329	
25-01-04 07:29:38.539 - INFO: val/PSNR: 21.675307044640267	
25-01-04 07:29:38.539 - INFO: val/VAL_MSE: 0.002455175621435046	
25-01-04 07:29:38.539 - INFO: 
------------------------------Validation End------------------------------


25-01-04 07:39:58.060 - INFO: train/mse_loss: 0.0028236435857245715	
25-01-04 07:49:07.211 - INFO: train/mse_loss: 0.0028753944510875678	
25-01-04 07:49:07.212 - INFO: epoch: 55	
25-01-04 07:49:07.212 - INFO: iters: 484320	
25-01-04 07:49:07.212 - INFO: Saving the self at the end of epoch 55
25-01-04 07:49:13.411 - INFO: 


------------------------------Validation Start------------------------------
25-01-04 08:03:56.904 - INFO: val/mae: 1.047010898590088	
25-01-04 08:03:56.905 - INFO: val/mse: 1.406978964805603	
25-01-04 08:03:56.905 - INFO: val/SSIM: 0.11877040224361075	
25-01-04 08:03:56.905 - INFO: val/PSNR: 8.110439254391729	
25-01-04 08:03:56.905 - INFO: val/VAL_MSE: 0.0030835364013910294	
25-01-04 08:03:56.905 - INFO: 
------------------------------Validation End------------------------------


25-01-04 08:23:33.537 - INFO: train/mse_loss: 0.003128651644518293	
25-01-04 08:23:33.542 - INFO: epoch: 56	
25-01-04 08:23:33.542 - INFO: iters: 493126	
25-01-04 08:23:33.543 - INFO: 


------------------------------Validation Start------------------------------
25-01-04 08:38:22.530 - INFO: val/mae: 1.0484455823898315	
25-01-04 08:38:22.629 - INFO: val/mse: 1.4298690557479858	
25-01-04 08:38:22.629 - INFO: val/SSIM: 0.16774822590387256	
25-01-04 08:38:22.629 - INFO: val/PSNR: 9.157677228465483	
25-01-04 08:38:22.629 - INFO: val/VAL_MSE: 0.0029643704183399677	
25-01-04 08:38:22.629 - INFO: 
------------------------------Validation End------------------------------


25-01-04 08:53:49.508 - INFO: train/mse_loss: 0.0029569900525180295	
25-01-04 08:57:59.927 - INFO: train/mse_loss: 0.0030542789823074347	
25-01-04 08:57:59.928 - INFO: epoch: 57	
25-01-04 08:57:59.928 - INFO: iters: 501932	
25-01-04 08:57:59.928 - INFO: 


------------------------------Validation Start------------------------------
25-01-04 09:12:38.405 - INFO: val/mae: 0.4850224554538727	
25-01-04 09:12:38.406 - INFO: val/mse: 0.49216610193252563	
25-01-04 09:12:38.406 - INFO: val/SSIM: 0.4255714999116666	
25-01-04 09:12:38.406 - INFO: val/PSNR: 16.82865935941691	
25-01-04 09:12:38.406 - INFO: val/VAL_MSE: 0.004431311506778002	
25-01-04 09:12:38.406 - INFO: 
------------------------------Validation End------------------------------


25-01-04 09:32:10.932 - INFO: train/mse_loss: 0.0031122744539735132	
25-01-04 09:32:10.934 - INFO: epoch: 58	
25-01-04 09:32:10.934 - INFO: iters: 510738	
25-01-04 09:32:10.934 - INFO: 


------------------------------Validation Start------------------------------
25-01-04 09:46:56.447 - INFO: val/mae: 0.5250449180603027	
25-01-04 09:46:56.448 - INFO: val/mse: 0.427069753408432	
25-01-04 09:46:56.448 - INFO: val/SSIM: 0.34705632427391575	
25-01-04 09:46:56.448 - INFO: val/PSNR: 14.558800175847797	
25-01-04 09:46:56.448 - INFO: val/VAL_MSE: 0.003895264584571123	
25-01-04 09:46:56.448 - INFO: 
------------------------------Validation End------------------------------


25-01-04 10:07:23.876 - INFO: train/mse_loss: 0.0029127676577580773	
25-01-04 10:07:23.878 - INFO: epoch: 59	
25-01-04 10:07:23.878 - INFO: iters: 519544	
25-01-04 10:07:23.878 - INFO: 


------------------------------Validation Start------------------------------
25-01-04 10:22:09.812 - INFO: val/mae: 1.1407191753387451	
25-01-04 10:22:09.814 - INFO: val/mse: 1.5741140842437744	
25-01-04 10:22:09.814 - INFO: val/SSIM: 0.08904840635056323	
25-01-04 10:22:09.814 - INFO: val/PSNR: 7.061865744565457	
25-01-04 10:22:09.814 - INFO: val/VAL_MSE: 0.004363085608929396	
25-01-04 10:22:09.814 - INFO: 
------------------------------Validation End------------------------------


25-01-04 10:41:35.037 - INFO: train/mse_loss: 0.002513669706094515	
25-01-04 10:41:35.039 - INFO: epoch: 60	
25-01-04 10:41:35.039 - INFO: iters: 528350	
25-01-04 10:41:35.039 - INFO: Saving the self at the end of epoch 60
25-01-04 10:41:40.737 - INFO: 


------------------------------Validation Start------------------------------
25-01-04 10:56:21.072 - INFO: val/mae: 0.08112683892250061	
25-01-04 10:56:21.292 - INFO: val/mse: 0.03914477676153183	
25-01-04 10:56:21.292 - INFO: val/SSIM: 0.7683020510320018	
25-01-04 10:56:21.292 - INFO: val/PSNR: 23.46640232643173	
25-01-04 10:56:21.292 - INFO: val/VAL_MSE: 0.003836648538708687	
25-01-04 10:56:21.292 - INFO: 
------------------------------Validation End------------------------------


25-01-04 11:00:33.953 - INFO: train/mse_loss: 0.003667790612394683	
25-01-04 11:15:46.661 - INFO: train/mse_loss: 0.0030980924747158476	
25-01-04 11:15:46.662 - INFO: epoch: 61	
25-01-04 11:15:46.662 - INFO: iters: 537156	
25-01-04 11:15:46.662 - INFO: 


------------------------------Validation Start------------------------------
25-01-04 11:30:29.489 - INFO: val/mae: 1.3114032745361328	
25-01-04 11:30:29.490 - INFO: val/mse: 1.9328501224517822	
25-01-04 11:30:29.490 - INFO: val/SSIM: 0.05929156532949866	
25-01-04 11:30:29.490 - INFO: val/PSNR: 5.2840462493718485	
25-01-04 11:30:29.490 - INFO: val/VAL_MSE: 0.003118982305750251	
25-01-04 11:30:29.490 - INFO: 
------------------------------Validation End------------------------------


25-01-04 11:49:58.083 - INFO: train/mse_loss: 0.0032010651389123277	
25-01-04 11:49:58.084 - INFO: epoch: 62	
25-01-04 11:49:58.085 - INFO: iters: 545962	
25-01-04 11:49:58.085 - INFO: 


------------------------------Validation Start------------------------------
25-01-04 12:04:33.709 - INFO: val/mae: 0.4126703441143036	
25-01-04 12:04:33.710 - INFO: val/mse: 0.3109286427497864	
25-01-04 12:04:33.710 - INFO: val/SSIM: 0.3615400870733358	
25-01-04 12:04:33.710 - INFO: val/PSNR: 17.098792807482116	
25-01-04 12:04:33.710 - INFO: val/VAL_MSE: 0.004282644484192133	
25-01-04 12:04:33.710 - INFO: 
------------------------------Validation End------------------------------


25-01-04 12:14:09.693 - INFO: train/mse_loss: 0.003163980262199046	
25-01-04 12:24:17.440 - INFO: train/mse_loss: 0.003030865625819725	
25-01-04 12:24:17.441 - INFO: epoch: 63	
25-01-04 12:24:17.441 - INFO: iters: 554768	
25-01-04 12:24:17.441 - INFO: 


------------------------------Validation Start------------------------------
25-01-04 12:38:58.953 - INFO: val/mae: 0.0562695749104023	
25-01-04 12:38:58.956 - INFO: val/mse: 0.01193273812532425	
25-01-04 12:38:58.956 - INFO: val/SSIM: 0.8076485647583983	
25-01-04 12:38:58.956 - INFO: val/PSNR: 26.409640204522674	
25-01-04 12:38:58.956 - INFO: val/VAL_MSE: 0.0032218503765761852	
25-01-04 12:38:58.956 - INFO: 
------------------------------Validation End------------------------------


25-01-04 12:58:34.720 - INFO: train/mse_loss: 0.002845601220198338	
25-01-04 12:58:34.722 - INFO: epoch: 64	
25-01-04 12:58:34.722 - INFO: iters: 563574	
25-01-04 12:58:34.722 - INFO: 


------------------------------Validation Start------------------------------
25-01-04 13:13:15.346 - INFO: val/mae: 0.9953811764717102	
25-01-04 13:13:15.347 - INFO: val/mse: 1.2418307065963745	
25-01-04 13:13:15.347 - INFO: val/SSIM: 0.11075426448557743	
25-01-04 13:13:15.347 - INFO: val/PSNR: 8.690500224287046	
25-01-04 13:13:15.347 - INFO: val/VAL_MSE: 0.0038006845861673355	
25-01-04 13:13:15.347 - INFO: 
------------------------------Validation End------------------------------


25-01-04 13:27:51.678 - INFO: train/mse_loss: 0.0026353014399344314	
25-01-04 13:32:55.547 - INFO: train/mse_loss: 0.0027736179183376407	
25-01-04 13:32:55.548 - INFO: epoch: 65	
25-01-04 13:32:55.548 - INFO: iters: 572380	
25-01-04 13:32:55.548 - INFO: Saving the self at the end of epoch 65
25-01-04 13:33:01.228 - INFO: 


------------------------------Validation Start------------------------------
25-01-04 13:47:50.963 - INFO: val/mae: 0.10344936698675156	
25-01-04 13:47:50.964 - INFO: val/mse: 0.026979973539710045	
25-01-04 13:47:50.964 - INFO: val/SSIM: 0.705755287679376	
25-01-04 13:47:50.964 - INFO: val/PSNR: 24.467210864640514	
25-01-04 13:47:50.964 - INFO: val/VAL_MSE: 0.0034287944436073303	
25-01-04 13:47:50.964 - INFO: 
------------------------------Validation End------------------------------


25-01-04 14:07:17.363 - INFO: train/mse_loss: 0.002829221363750464	
25-01-04 14:07:17.366 - INFO: epoch: 66	
25-01-04 14:07:17.366 - INFO: iters: 581186	
25-01-04 14:07:17.366 - INFO: 


------------------------------Validation Start------------------------------
25-01-04 14:21:57.127 - INFO: val/mae: 0.06449653208255768	
25-01-04 14:21:57.128 - INFO: val/mse: 0.017399275675415993	
25-01-04 14:21:57.128 - INFO: val/SSIM: 0.7553144879607948	
25-01-04 14:21:57.128 - INFO: val/PSNR: 23.758006394549717	
25-01-04 14:21:57.128 - INFO: val/VAL_MSE: 0.002986700041219592	
25-01-04 14:21:57.129 - INFO: 
------------------------------Validation End------------------------------


25-01-04 14:41:34.054 - INFO: train/mse_loss: 0.0027453334052275954	
25-01-04 14:41:34.055 - INFO: epoch: 67	
25-01-04 14:41:34.055 - INFO: iters: 589992	
25-01-04 14:41:34.055 - INFO: 


------------------------------Validation Start------------------------------
25-01-04 14:56:13.601 - INFO: val/mae: 1.434162974357605	
25-01-04 14:56:13.603 - INFO: val/mse: 2.2545323371887207	
25-01-04 14:56:13.603 - INFO: val/SSIM: 0.028188636739658317	
25-01-04 14:56:13.603 - INFO: val/PSNR: 4.481609057442243	
25-01-04 14:56:13.603 - INFO: val/VAL_MSE: 0.0036707704421132803	
25-01-04 14:56:13.603 - INFO: 
------------------------------Validation End------------------------------


25-01-04 15:15:43.060 - INFO: train/mse_loss: 0.0029773597627590896	
25-01-04 15:15:43.062 - INFO: epoch: 68	
25-01-04 15:15:43.062 - INFO: iters: 598798	
25-01-04 15:15:43.062 - INFO: 


------------------------------Validation Start------------------------------
25-01-04 15:30:25.309 - INFO: val/mae: 0.4542539119720459	
25-01-04 15:30:25.310 - INFO: val/mse: 0.3809736669063568	
25-01-04 15:30:25.310 - INFO: val/SSIM: 0.43952639646988356	
25-01-04 15:30:25.310 - INFO: val/PSNR: 16.616493384588928	
25-01-04 15:30:25.310 - INFO: val/VAL_MSE: 0.0036857512313872576	
25-01-04 15:30:25.310 - INFO: 
------------------------------Validation End------------------------------


25-01-04 15:33:45.948 - INFO: train/mse_loss: 0.0029986520836221783	
25-01-04 15:49:53.596 - INFO: train/mse_loss: 0.0028687044191186913	
25-01-04 15:49:53.597 - INFO: epoch: 69	
25-01-04 15:49:53.597 - INFO: iters: 607604	
25-01-04 15:49:53.597 - INFO: 


------------------------------Validation Start------------------------------
25-01-04 16:04:32.547 - INFO: val/mae: 0.49505868554115295	
25-01-04 16:04:32.548 - INFO: val/mse: 0.495913565158844	
25-01-04 16:04:32.548 - INFO: val/SSIM: 0.43137204383336325	
25-01-04 16:04:32.548 - INFO: val/PSNR: 15.215274909509551	
25-01-04 16:04:32.548 - INFO: val/VAL_MSE: 0.004575796891003847	
25-01-04 16:04:32.548 - INFO: 
------------------------------Validation End------------------------------


25-01-04 16:24:15.398 - INFO: train/mse_loss: 0.0025795667636882005	
25-01-04 16:24:15.400 - INFO: epoch: 70	
25-01-04 16:24:15.400 - INFO: iters: 616410	
25-01-04 16:24:15.400 - INFO: Saving the self at the end of epoch 70
25-01-04 16:24:21.250 - INFO: 


------------------------------Validation Start------------------------------
25-01-04 16:39:05.193 - INFO: val/mae: 0.5393881797790527	
25-01-04 16:39:05.200 - INFO: val/mse: 0.47731396555900574	
25-01-04 16:39:05.200 - INFO: val/SSIM: 0.3185550975268421	
25-01-04 16:39:05.200 - INFO: val/PSNR: 15.008867821777375	
25-01-04 16:39:05.200 - INFO: val/VAL_MSE: 0.002849116688594222	
25-01-04 16:39:05.200 - INFO: 
------------------------------Validation End------------------------------


25-01-04 16:47:23.972 - INFO: train/mse_loss: 0.0029238969707357835	
25-01-04 16:58:27.355 - INFO: train/mse_loss: 0.0030077230728220864	
25-01-04 16:58:27.357 - INFO: epoch: 71	
25-01-04 16:58:27.357 - INFO: iters: 625216	
25-01-04 16:58:27.357 - INFO: 


------------------------------Validation Start------------------------------
25-01-04 17:13:14.335 - INFO: val/mae: 0.5632825493812561	
25-01-04 17:13:14.337 - INFO: val/mse: 0.4170593321323395	
25-01-04 17:13:14.337 - INFO: val/SSIM: 0.1890152781126337	
25-01-04 17:13:14.337 - INFO: val/PSNR: 11.607557363921465	
25-01-04 17:13:14.337 - INFO: val/VAL_MSE: 0.0026977905072271824	
25-01-04 17:13:14.337 - INFO: 
------------------------------Validation End------------------------------


25-01-04 17:32:42.922 - INFO: train/mse_loss: 0.0029636207175923078	
25-01-04 17:32:42.924 - INFO: epoch: 72	
25-01-04 17:32:42.924 - INFO: iters: 634022	
25-01-04 17:32:42.924 - INFO: 


------------------------------Validation Start------------------------------
25-01-04 17:47:31.528 - INFO: val/mae: 0.12151698023080826	
25-01-04 17:47:31.531 - INFO: val/mse: 0.026448721066117287	
25-01-04 17:47:31.531 - INFO: val/SSIM: 0.7236655472888331	
25-01-04 17:47:31.531 - INFO: val/PSNR: 26.32027042353402	
25-01-04 17:47:31.531 - INFO: val/VAL_MSE: 0.0039415122009813786	
25-01-04 17:47:31.531 - INFO: 
------------------------------Validation End------------------------------


25-01-04 18:01:13.680 - INFO: train/mse_loss: 0.002612531221370224	
25-01-04 18:07:15.334 - INFO: train/mse_loss: 0.0025798447587038406	
25-01-04 18:07:15.657 - INFO: epoch: 73	
25-01-04 18:07:15.657 - INFO: iters: 642828	
25-01-04 18:07:15.657 - INFO: 


------------------------------Validation Start------------------------------
25-01-04 18:21:52.319 - INFO: val/mae: 1.36802339553833	
25-01-04 18:21:52.320 - INFO: val/mse: 2.05230975151062	
25-01-04 18:21:52.321 - INFO: val/SSIM: 0.02620950385441073	
25-01-04 18:21:52.321 - INFO: val/PSNR: 5.414021106329509	
25-01-04 18:21:52.321 - INFO: val/VAL_MSE: 0.0031155645847320557	
25-01-04 18:21:52.321 - INFO: 
------------------------------Validation End------------------------------


25-01-04 18:41:24.752 - INFO: train/mse_loss: 0.002548087862709857	
25-01-04 18:41:24.754 - INFO: epoch: 74	
25-01-04 18:41:24.754 - INFO: iters: 651634	
25-01-04 18:41:24.754 - INFO: 


------------------------------Validation Start------------------------------
25-01-04 18:56:05.173 - INFO: val/mae: 0.41036033630371094	
25-01-04 18:56:05.174 - INFO: val/mse: 0.296411395072937	
25-01-04 18:56:05.174 - INFO: val/SSIM: 0.35501630627043534	
25-01-04 18:56:05.175 - INFO: val/PSNR: 14.310510743866889	
25-01-04 18:56:05.175 - INFO: val/VAL_MSE: 0.003523399820551276	
25-01-04 18:56:05.175 - INFO: 
------------------------------Validation End------------------------------


25-01-04 19:14:49.162 - INFO: train/mse_loss: 0.0027179797760567186	
25-01-04 19:15:46.703 - INFO: train/mse_loss: 0.0027656841712248347	
25-01-04 19:15:46.705 - INFO: epoch: 75	
25-01-04 19:15:46.705 - INFO: iters: 660440	
25-01-04 19:15:46.705 - INFO: Saving the self at the end of epoch 75
25-01-04 19:15:52.259 - INFO: 


------------------------------Validation Start------------------------------
25-01-04 19:30:34.947 - INFO: val/mae: 0.8619062304496765	
25-01-04 19:30:34.948 - INFO: val/mse: 1.0469651222229004	
25-01-04 19:30:34.948 - INFO: val/SSIM: 0.1487355112163384	
25-01-04 19:30:34.948 - INFO: val/PSNR: 10.268565872799524	
25-01-04 19:30:34.948 - INFO: val/VAL_MSE: 0.00459522008895874	
25-01-04 19:30:34.948 - INFO: 
------------------------------Validation End------------------------------


25-01-04 19:50:06.244 - INFO: train/mse_loss: 0.0029600159012318503	
25-01-04 19:50:06.245 - INFO: epoch: 76	
25-01-04 19:50:06.245 - INFO: iters: 669246	
25-01-04 19:50:06.246 - INFO: 


------------------------------Validation Start------------------------------
25-01-04 20:04:52.473 - INFO: val/mae: 0.17269429564476013	
25-01-04 20:04:52.554 - INFO: val/mse: 0.07098224014043808	
25-01-04 20:04:52.554 - INFO: val/SSIM: 0.6181895338572866	
25-01-04 20:04:52.554 - INFO: val/PSNR: 22.24089020191934	
25-01-04 20:04:52.554 - INFO: val/VAL_MSE: 0.0029461446683853865	
25-01-04 20:04:52.554 - INFO: 
------------------------------Validation End------------------------------


25-01-04 20:07:12.641 - INFO: train/mse_loss: 0.0033132014415910346	
25-01-04 20:24:20.484 - INFO: train/mse_loss: 0.0027910243975386288	
25-01-04 20:24:20.485 - INFO: epoch: 77	
25-01-04 20:24:20.485 - INFO: iters: 678052	
25-01-04 20:24:20.485 - INFO: 


------------------------------Validation Start------------------------------
25-01-04 20:39:05.661 - INFO: val/mae: 0.36527737975120544	
25-01-04 20:39:05.924 - INFO: val/mse: 0.2799263894557953	
25-01-04 20:39:05.924 - INFO: val/SSIM: 0.38897398108884623	
25-01-04 20:39:05.924 - INFO: val/PSNR: 17.549259656424926	
25-01-04 20:39:05.924 - INFO: val/VAL_MSE: 0.0037045993376523256	
25-01-04 20:39:05.924 - INFO: 
------------------------------Validation End------------------------------


25-01-04 20:58:41.830 - INFO: train/mse_loss: 0.002684517225062221	
25-01-04 20:58:41.832 - INFO: epoch: 78	
25-01-04 20:58:41.832 - INFO: iters: 686858	
25-01-04 20:58:41.832 - INFO: 


------------------------------Validation Start------------------------------
25-01-04 21:13:31.053 - INFO: val/mae: 0.42975112795829773	
25-01-04 21:13:31.054 - INFO: val/mse: 0.31076252460479736	
25-01-04 21:13:31.055 - INFO: val/SSIM: 0.397268650850029	
25-01-04 21:13:31.055 - INFO: val/PSNR: 17.068487464029367	
25-01-04 21:13:31.055 - INFO: val/VAL_MSE: 0.004972690250724554	
25-01-04 21:13:31.055 - INFO: 
------------------------------Validation End------------------------------


25-01-04 21:20:53.526 - INFO: train/mse_loss: 0.002536507385058015	
25-01-04 21:32:54.333 - INFO: train/mse_loss: 0.002912380449766643	
25-01-04 21:32:54.341 - INFO: epoch: 79	
25-01-04 21:32:54.342 - INFO: iters: 695664	
25-01-04 21:32:54.342 - INFO: 


------------------------------Validation Start------------------------------
25-01-04 21:47:48.600 - INFO: val/mae: 0.4220448434352875	
25-01-04 21:47:48.734 - INFO: val/mse: 0.3319070339202881	
25-01-04 21:47:48.734 - INFO: val/SSIM: 0.39819699810243475	
25-01-04 21:47:48.734 - INFO: val/PSNR: 15.706091370829792	
25-01-04 21:47:48.734 - INFO: val/VAL_MSE: 0.0028312329668551683	
25-01-04 21:47:48.734 - INFO: 
------------------------------Validation End------------------------------


25-01-04 22:07:15.266 - INFO: train/mse_loss: 0.002464520037599301	
25-01-04 22:07:15.267 - INFO: epoch: 80	
25-01-04 22:07:15.268 - INFO: iters: 704470	
25-01-04 22:07:15.268 - INFO: Saving the self at the end of epoch 80
25-01-04 22:07:21.221 - INFO: 


------------------------------Validation Start------------------------------
25-01-04 22:22:08.886 - INFO: val/mae: 0.04049639031291008	
25-01-04 22:22:09.101 - INFO: val/mse: 0.008696689270436764	
25-01-04 22:22:09.101 - INFO: val/SSIM: 0.8595495194066928	
25-01-04 22:22:09.101 - INFO: val/PSNR: 25.988770167968845	
25-01-04 22:22:09.101 - INFO: val/VAL_MSE: 0.003887172555550933	
25-01-04 22:22:09.101 - INFO: 
------------------------------Validation End------------------------------


25-01-04 22:34:39.118 - INFO: train/mse_loss: 0.0026107048954501174	
25-01-04 22:41:36.575 - INFO: train/mse_loss: 0.0026319287076055553	
25-01-04 22:41:36.576 - INFO: epoch: 81	
25-01-04 22:41:36.576 - INFO: iters: 713276	
25-01-04 22:41:36.576 - INFO: 


------------------------------Validation Start------------------------------
25-01-04 22:56:16.007 - INFO: val/mae: 0.4934111535549164	
25-01-04 22:56:16.008 - INFO: val/mse: 0.49191877245903015	
25-01-04 22:56:16.009 - INFO: val/SSIM: 0.37023290622777666	
25-01-04 22:56:16.009 - INFO: val/PSNR: 17.33662165173901	
25-01-04 22:56:16.009 - INFO: val/VAL_MSE: 0.0051694572903215885	
25-01-04 22:56:16.009 - INFO: 
------------------------------Validation End------------------------------


25-01-04 23:15:58.884 - INFO: train/mse_loss: 0.0027566395467243186	
25-01-04 23:15:58.886 - INFO: epoch: 82	
25-01-04 23:15:58.886 - INFO: iters: 722082	
25-01-04 23:15:58.886 - INFO: 


------------------------------Validation Start------------------------------
