24-04-20 15:37:39.012 - INFO: Create the log file in directory experiments/train_mr2ct_nc3_240420_153738.

24-04-20 15:37:48.178 - INFO: Dataset [MR2CTDataset() form data.dataset] is created.
24-04-20 15:37:48.181 - INFO: Dataset for train have 29069 samples.
24-04-20 15:37:48.181 - INFO: Dataset for val have 5724 samples.
24-04-20 15:37:48.625 - INFO: Network [Network() form models.network] is created.
24-04-20 15:37:48.625 - INFO: Network [Network] weights initialize using [kaiming] method.
24-04-20 15:37:48.953 - WARNING: Config is a str, converts to a dict {'name': 'mae'}
24-04-20 15:37:49.659 - INFO: Metric [mae() form models.metric] is created.
24-04-20 15:37:49.659 - WARNING: Config is a str, converts to a dict {'name': 'mse'}
24-04-20 15:37:49.659 - INFO: Metric [mse() form models.metric] is created.
24-04-20 15:37:49.659 - WARNING: Config is a str, converts to a dict {'name': 'SSIM'}
24-04-20 15:37:49.659 - INFO: Metric [SSIM() form models.metric] is created.
24-04-20 15:37:49.659 - WARNING: Config is a str, converts to a dict {'name': 'PSNR'}
24-04-20 15:37:49.659 - INFO: Metric [PSNR() form models.metric] is created.
24-04-20 15:37:49.659 - WARNING: Config is a str, converts to a dict {'name': 'mse_loss'}
24-04-20 15:37:49.661 - INFO: Loss [mse_loss() form models.loss] is created.
24-04-20 15:37:53.318 - INFO: Model [Palette() form models.model] is created.
24-04-20 15:37:53.318 - INFO: Begin model train.
24-04-20 15:53:38.262 - INFO: train/mse_loss: 0.11522003548368812	
24-04-20 16:09:20.335 - INFO: train/mse_loss: 0.07046387866279111	
24-04-20 16:23:34.606 - INFO: train/mse_loss: 0.0545076705315843	
24-04-20 16:23:34.607 - INFO: epoch: 1	
24-04-20 16:23:34.607 - INFO: iters: 29068	
24-04-20 16:23:34.607 - INFO: 


------------------------------Validation Start------------------------------
