25-01-05 01:00:30.336 - WARNING: Warning: visualization (Tensorboard) is configured to use, but currently not installed on this machine. Please install TensorboardX with 'pip install tensorboardx', upgrade PyTorch to version >= 1.1 to use 'torch.utils.tensorboard' or turn off the option in the 'config.json' file.
25-01-05 01:00:30.336 - INFO: Create the log file in directory experiments/train_mri2ct_L2_nc1.

25-01-05 01:00:31.510 - INFO: Network [Network() form models.network] is created.
25-01-05 01:00:31.510 - INFO: Network [Network] weights initialize using [kaiming] method.
25-01-05 01:00:37.902 - INFO: Dataset [MRI2CTDataset() form data.dataset] is created.
25-01-05 01:00:37.902 - INFO: Dataset for train have 40012 samples.
25-01-05 01:00:39.321 - INFO: Dataset [MRI2CTDataset() form data.dataset] is created.
25-01-05 01:00:39.321 - INFO: Dataset for val have 10186 samples.
25-01-05 01:00:41.555 - INFO: Metric [mae() form models.metric] is created.
25-01-05 01:00:41.555 - INFO: Metric [mse() form models.metric] is created.
25-01-05 01:00:41.556 - INFO: Metric [SSIM() form models.metric] is created.
25-01-05 01:00:41.556 - INFO: Metric [PSNR() form models.metric] is created.
25-01-05 01:00:41.556 - INFO: Loss [mse_loss() form models.loss] is created.
25-01-05 01:00:49.069 - INFO: Model [Palette() form models.model] is created.
25-01-05 01:00:49.070 - INFO: Begin model train.
25-01-05 01:26:54.479 - INFO: train/mse_loss: 0.04899202771214768	
25-01-05 01:26:55.371 - INFO: train/mse_loss: 0.04899202771214768	
25-01-05 01:26:55.372 - INFO: epoch: 1	
25-01-05 01:26:55.372 - INFO: iters: 10000	
25-01-05 01:26:55.372 - INFO: 


------------------------------Validation Start------------------------------
25-01-05 01:46:58.011 - INFO: val/mae: 0.7132056355476379	
25-01-05 01:46:58.013 - INFO: val/mse: 0.6257458329200745	
25-01-05 01:46:58.013 - INFO: val/SSIM: 0.10538931900524748	
25-01-05 01:46:58.013 - INFO: val/PSNR: 11.68835262542528	
25-01-05 01:46:58.013 - INFO: val/VAL_MSE: 0.007663287688046694	
25-01-05 01:46:58.013 - INFO: 
------------------------------Validation End------------------------------


25-01-05 02:13:38.054 - INFO: train/mse_loss: 0.011219060192303731	
25-01-05 02:13:38.055 - INFO: epoch: 2	
25-01-05 02:13:38.055 - INFO: iters: 20010	
25-01-05 02:13:38.055 - INFO: 


------------------------------Validation Start------------------------------
25-01-05 02:33:34.905 - INFO: val/mae: 1.025512933731079	
25-01-05 02:33:34.906 - INFO: val/mse: 1.2620829343795776	
25-01-05 02:33:34.906 - INFO: val/SSIM: 0.046350543342484174	
25-01-05 02:33:34.906 - INFO: val/PSNR: 8.184443609446502	
25-01-05 02:33:34.906 - INFO: val/VAL_MSE: 0.007426095195114613	
25-01-05 02:33:34.906 - INFO: 
------------------------------Validation End------------------------------


25-01-05 03:00:09.215 - INFO: train/mse_loss: 0.007969002785414965	
25-01-05 03:00:13.096 - INFO: train/mse_loss: 0.007968204464484006	
25-01-05 03:00:13.097 - INFO: epoch: 3	
25-01-05 03:00:13.097 - INFO: iters: 30020	
25-01-05 03:00:13.097 - INFO: 


------------------------------Validation Start------------------------------
25-01-05 03:20:17.259 - INFO: val/mae: 0.31323930621147156	
25-01-05 03:20:17.260 - INFO: val/mse: 0.1599438488483429	
25-01-05 03:20:17.260 - INFO: val/SSIM: nan	
25-01-05 03:20:17.260 - INFO: val/PSNR: nan	
25-01-05 03:20:17.260 - INFO: val/VAL_MSE: 0.006057536695152521	
25-01-05 03:20:17.260 - INFO: 
------------------------------Validation End------------------------------


25-01-05 03:46:59.508 - INFO: train/mse_loss: 0.00678477852618089	
25-01-05 03:46:59.509 - INFO: epoch: 4	
25-01-05 03:46:59.509 - INFO: iters: 40030	
25-01-05 03:46:59.509 - INFO: 


------------------------------Validation Start------------------------------
25-01-05 04:06:55.543 - INFO: val/mae: 0.17907439172267914	
25-01-05 04:06:55.544 - INFO: val/mse: 0.15674971044063568	
25-01-05 04:06:55.545 - INFO: val/SSIM: 0.625978343699307	
25-01-05 04:06:55.545 - INFO: val/PSNR: 18.333706036835586	
25-01-05 04:06:55.545 - INFO: val/VAL_MSE: 0.008703898638486862	
25-01-05 04:06:55.545 - INFO: 
------------------------------Validation End------------------------------


25-01-05 04:33:30.859 - INFO: train/mse_loss: 0.00583442776260199	
25-01-05 04:33:38.054 - INFO: train/mse_loss: 0.00582277809905936	
25-01-05 04:33:38.054 - INFO: epoch: 5	
25-01-05 04:33:38.054 - INFO: iters: 50040	
25-01-05 04:33:38.054 - INFO: Saving the self at the end of epoch 5
25-01-05 04:33:44.144 - INFO: 


------------------------------Validation Start------------------------------
25-01-05 04:53:37.891 - INFO: val/mae: 0.40954193472862244	
25-01-05 04:53:37.892 - INFO: val/mse: 0.29236671328544617	
25-01-05 04:53:37.892 - INFO: val/SSIM: 0.22694080190954438	
25-01-05 04:53:37.892 - INFO: val/PSNR: 15.642621432858814	
25-01-05 04:53:37.892 - INFO: val/VAL_MSE: 0.004081977065652609	
25-01-05 04:53:37.892 - INFO: 
------------------------------Validation End------------------------------


25-01-05 05:20:18.137 - INFO: train/mse_loss: 0.005531803766678786	
25-01-05 05:20:18.138 - INFO: epoch: 6	
25-01-05 05:20:18.138 - INFO: iters: 60050	
25-01-05 05:20:18.138 - INFO: 


------------------------------Validation Start------------------------------
25-01-05 05:40:15.503 - INFO: val/mae: 0.15393833816051483	
25-01-05 05:40:15.504 - INFO: val/mse: 0.07074422389268875	
25-01-05 05:40:15.504 - INFO: val/SSIM: 0.3878997970196244	
25-01-05 05:40:15.504 - INFO: val/PSNR: 20.661577612550552	
25-01-05 05:40:15.504 - INFO: val/VAL_MSE: 0.00480921333655715	
25-01-05 05:40:15.504 - INFO: 
------------------------------Validation End------------------------------


25-01-05 06:06:48.029 - INFO: train/mse_loss: 0.005012357063901024	
25-01-05 06:06:58.666 - INFO: train/mse_loss: 0.005011585236372775	
25-01-05 06:06:58.666 - INFO: epoch: 7	
25-01-05 06:06:58.666 - INFO: iters: 70060	
25-01-05 06:06:58.666 - INFO: 


------------------------------Validation Start------------------------------
25-01-05 06:26:59.543 - INFO: val/mae: 0.36826199293136597	
25-01-05 06:26:59.544 - INFO: val/mse: 0.26072901487350464	
25-01-05 06:26:59.544 - INFO: val/SSIM: 0.22334163016111205	
25-01-05 06:26:59.544 - INFO: val/PSNR: 15.848317386631493	
25-01-05 06:26:59.544 - INFO: val/VAL_MSE: 0.0033417826052755117	
25-01-05 06:26:59.544 - INFO: 
------------------------------Validation End------------------------------


25-01-05 06:53:42.115 - INFO: train/mse_loss: 0.004804377364661196	
25-01-05 06:53:42.116 - INFO: epoch: 8	
25-01-05 06:53:42.116 - INFO: iters: 80070	
25-01-05 06:53:42.116 - INFO: 


------------------------------Validation Start------------------------------
25-01-05 07:13:42.761 - INFO: val/mae: 1.095241665840149	
25-01-05 07:13:42.764 - INFO: val/mse: 1.3576291799545288	
25-01-05 07:13:42.764 - INFO: val/SSIM: 0.026415379878466677	
25-01-05 07:13:42.764 - INFO: val/PSNR: 7.563234379859874	
25-01-05 07:13:42.764 - INFO: val/VAL_MSE: 0.0026212292723357677	
25-01-05 07:13:42.764 - INFO: 
------------------------------Validation End------------------------------


25-01-05 07:40:15.280 - INFO: train/mse_loss: 0.0046192910653131075	
25-01-05 07:40:29.093 - INFO: train/mse_loss: 0.004612397243746091	
25-01-05 07:40:29.093 - INFO: epoch: 9	
25-01-05 07:40:29.093 - INFO: iters: 90080	
25-01-05 07:40:29.093 - INFO: 


------------------------------Validation Start------------------------------
25-01-05 08:00:24.985 - INFO: val/mae: 0.32928797602653503	
25-01-05 08:00:24.985 - INFO: val/mse: 0.22294838726520538	
25-01-05 08:00:24.985 - INFO: val/SSIM: 0.3650992616674159	
25-01-05 08:00:24.985 - INFO: val/PSNR: 16.60122824113135	
25-01-05 08:00:24.985 - INFO: val/VAL_MSE: 0.0028340532444417477	
25-01-05 08:00:24.985 - INFO: 
------------------------------Validation End------------------------------


25-01-05 08:27:06.914 - INFO: train/mse_loss: 0.004160420673969201	
25-01-05 08:27:06.915 - INFO: epoch: 10	
25-01-05 08:27:06.916 - INFO: iters: 100090	
25-01-05 08:27:06.916 - INFO: Saving the self at the end of epoch 10
25-01-05 08:27:12.267 - INFO: 


------------------------------Validation Start------------------------------
25-01-05 08:47:07.776 - INFO: val/mae: 0.26642268896102905	
25-01-05 08:47:07.777 - INFO: val/mse: 0.14043296873569489	
25-01-05 08:47:07.777 - INFO: val/SSIM: 0.3202714439006045	
25-01-05 08:47:07.777 - INFO: val/PSNR: 17.49611362458894	
25-01-05 08:47:07.777 - INFO: val/VAL_MSE: 0.002737439936026931	
25-01-05 08:47:07.777 - INFO: 
------------------------------Validation End------------------------------


25-01-05 09:13:37.321 - INFO: train/mse_loss: 0.004194565835291863	
25-01-05 09:13:54.459 - INFO: train/mse_loss: 0.004200566025325679	
25-01-05 09:13:54.459 - INFO: epoch: 11	
25-01-05 09:13:54.459 - INFO: iters: 110100	
25-01-05 09:13:54.460 - INFO: 


------------------------------Validation Start------------------------------
25-01-05 09:33:55.336 - INFO: val/mae: 1.2237156629562378	
25-01-05 09:33:55.338 - INFO: val/mse: 1.6954869031906128	
25-01-05 09:33:55.339 - INFO: val/SSIM: 0.02115738149060916	
25-01-05 09:33:55.339 - INFO: val/PSNR: 6.1835213591643745	
25-01-05 09:33:55.339 - INFO: val/VAL_MSE: 0.003760025603696704	
25-01-05 09:33:55.339 - INFO: 
------------------------------Validation End------------------------------


25-01-05 10:00:43.836 - INFO: train/mse_loss: 0.003953463754430413	
25-01-05 10:00:43.837 - INFO: epoch: 12	
25-01-05 10:00:43.838 - INFO: iters: 120110	
25-01-05 10:00:43.838 - INFO: 


------------------------------Validation Start------------------------------
25-01-05 10:20:40.620 - INFO: val/mae: 0.6321536302566528	
25-01-05 10:20:40.621 - INFO: val/mse: 0.739678680896759	
25-01-05 10:20:40.621 - INFO: val/SSIM: 0.26838067856845604	
25-01-05 10:20:40.621 - INFO: val/PSNR: 13.858744408064666	
25-01-05 10:20:40.621 - INFO: val/VAL_MSE: 0.0034840537700802088	
25-01-05 10:20:40.621 - INFO: 
------------------------------Validation End------------------------------


25-01-05 10:47:07.449 - INFO: train/mse_loss: 0.004328820188843215	
25-01-05 10:47:27.834 - INFO: train/mse_loss: 0.0043193428624828814	
25-01-05 10:47:27.836 - INFO: epoch: 13	
25-01-05 10:47:27.836 - INFO: iters: 130120	
25-01-05 10:47:27.836 - INFO: 


------------------------------Validation Start------------------------------
25-01-05 11:07:24.105 - INFO: val/mae: 0.8807653784751892	
25-01-05 11:07:24.106 - INFO: val/mse: 1.0469831228256226	
25-01-05 11:07:24.107 - INFO: val/SSIM: 0.07529418234182682	
25-01-05 11:07:24.107 - INFO: val/PSNR: 9.207810891039808	
25-01-05 11:07:24.107 - INFO: val/VAL_MSE: 0.0026955553330481052	
25-01-05 11:07:24.107 - INFO: 
------------------------------Validation End------------------------------


25-01-05 11:34:13.499 - INFO: train/mse_loss: 0.0039651422210692545	
25-01-05 11:34:13.501 - INFO: epoch: 14	
25-01-05 11:34:13.501 - INFO: iters: 140130	
25-01-05 11:34:13.501 - INFO: 


------------------------------Validation Start------------------------------
25-01-05 11:54:20.063 - INFO: val/mae: 0.9106106758117676	
25-01-05 11:54:20.064 - INFO: val/mse: 1.158394455909729	
25-01-05 11:54:20.064 - INFO: val/SSIM: 0.11992489050787838	
25-01-05 11:54:20.064 - INFO: val/PSNR: 9.053582330476367	
25-01-05 11:54:20.064 - INFO: val/VAL_MSE: 0.004441512282937765	
25-01-05 11:54:20.064 - INFO: 
------------------------------Validation End------------------------------


25-01-05 12:21:13.933 - INFO: train/mse_loss: 0.003858253707803817	
25-01-05 12:21:37.505 - INFO: train/mse_loss: 0.0038640277674334357	
25-01-05 12:21:37.506 - INFO: epoch: 15	
25-01-05 12:21:37.506 - INFO: iters: 150140	
25-01-05 12:21:37.506 - INFO: Saving the self at the end of epoch 15
25-01-05 12:21:42.639 - INFO: 


------------------------------Validation Start------------------------------
25-01-05 12:41:48.321 - INFO: val/mae: 0.2998993694782257	
25-01-05 12:41:48.323 - INFO: val/mse: 0.2748695909976959	
25-01-05 12:41:48.323 - INFO: val/SSIM: 0.4648476397177104	
25-01-05 12:41:48.323 - INFO: val/PSNR: 18.585865850309453	
25-01-05 12:41:48.323 - INFO: val/VAL_MSE: 0.002701134653761983	
25-01-05 12:41:48.323 - INFO: 
------------------------------Validation End------------------------------


25-01-05 13:08:43.180 - INFO: train/mse_loss: 0.0037096839560588706	
25-01-05 13:08:43.191 - INFO: epoch: 16	
25-01-05 13:08:43.191 - INFO: iters: 160150	
25-01-05 13:08:43.191 - INFO: 


------------------------------Validation Start------------------------------
25-01-05 13:28:50.854 - INFO: val/mae: 0.4293910562992096	
25-01-05 13:28:50.856 - INFO: val/mse: 0.37025025486946106	
25-01-05 13:28:50.856 - INFO: val/SSIM: 0.24752385604855967	
25-01-05 13:28:50.856 - INFO: val/PSNR: 16.82539948957745	
25-01-05 13:28:50.856 - INFO: val/VAL_MSE: 0.0028816317208111286	
25-01-05 13:28:50.856 - INFO: 
------------------------------Validation End------------------------------


25-01-05 13:55:18.326 - INFO: train/mse_loss: 0.003747901334531704	
25-01-05 13:55:45.285 - INFO: train/mse_loss: 0.003724284894422453	
25-01-05 13:55:45.286 - INFO: epoch: 17	
25-01-05 13:55:45.286 - INFO: iters: 170160	
25-01-05 13:55:45.286 - INFO: 


------------------------------Validation Start------------------------------
25-01-05 14:15:52.134 - INFO: val/mae: 1.0008978843688965	
25-01-05 14:15:52.136 - INFO: val/mse: 1.168256163597107	
25-01-05 14:15:52.136 - INFO: val/SSIM: 0.020545772026205986	
25-01-05 14:15:52.136 - INFO: val/PSNR: 7.374576082492669	
25-01-05 14:15:52.136 - INFO: val/VAL_MSE: 0.0035548137966543436	
25-01-05 14:15:52.137 - INFO: 
------------------------------Validation End------------------------------


25-01-05 14:42:50.641 - INFO: train/mse_loss: 0.0034700676515101803	
25-01-05 14:42:50.643 - INFO: epoch: 18	
25-01-05 14:42:50.643 - INFO: iters: 180170	
25-01-05 14:42:50.643 - INFO: 


------------------------------Validation Start------------------------------
25-01-05 15:03:01.827 - INFO: val/mae: 0.17816399037837982	
25-01-05 15:03:01.829 - INFO: val/mse: 0.10205256938934326	
25-01-05 15:03:01.829 - INFO: val/SSIM: 0.5816386537911912	
25-01-05 15:03:01.829 - INFO: val/PSNR: 19.98714167067893	
25-01-05 15:03:01.829 - INFO: val/VAL_MSE: 0.0053341262973845005	
25-01-05 15:03:01.829 - INFO: 
------------------------------Validation End------------------------------


25-01-05 15:29:30.489 - INFO: train/mse_loss: 0.00353902736906334	
25-01-05 15:30:00.732 - INFO: train/mse_loss: 0.0035325477350779694	
25-01-05 15:30:00.736 - INFO: epoch: 19	
25-01-05 15:30:00.736 - INFO: iters: 190180	
25-01-05 15:30:00.736 - INFO: 


------------------------------Validation Start------------------------------
25-01-05 15:50:10.617 - INFO: val/mae: 0.31107279658317566	
25-01-05 15:50:10.619 - INFO: val/mse: 0.2276412695646286	
25-01-05 15:50:10.619 - INFO: val/SSIM: 0.38397450733022964	
25-01-05 15:50:10.619 - INFO: val/PSNR: 17.684951112417323	
25-01-05 15:50:10.619 - INFO: val/VAL_MSE: 0.002485850127413869	
25-01-05 15:50:10.619 - INFO: 
------------------------------Validation End------------------------------


