25-01-05 01:00:15.866 - WARNING: Warning: visualization (Tensorboard) is configured to use, but currently not installed on this machine. Please install TensorboardX with 'pip install tensorboardx', upgrade PyTorch to version >= 1.1 to use 'torch.utils.tensorboard' or turn off the option in the 'config.json' file.
25-01-05 01:00:15.866 - INFO: Create the log file in directory experiments/train_mri2ct_L1_nc1.

25-01-05 01:00:17.139 - INFO: Network [Network() form models.network] is created.
25-01-05 01:00:17.139 - INFO: Network [Network] weights initialize using [kaiming] method.
25-01-05 01:01:02.581 - INFO: Dataset [MRI2CTDataset() form data.dataset] is created.
25-01-05 01:01:02.581 - INFO: Dataset for train have 40012 samples.
25-01-05 01:01:08.210 - INFO: Dataset [MRI2CTDataset() form data.dataset] is created.
25-01-05 01:01:08.210 - INFO: Dataset for val have 10186 samples.
25-01-05 01:01:09.205 - INFO: Metric [mae() form models.metric] is created.
25-01-05 01:01:09.206 - INFO: Metric [mse() form models.metric] is created.
25-01-05 01:01:09.206 - INFO: Metric [SSIM() form models.metric] is created.
25-01-05 01:01:09.206 - INFO: Metric [PSNR() form models.metric] is created.
25-01-05 01:01:09.207 - INFO: Loss [mae_loss() form models.loss] is created.
25-01-05 01:01:16.587 - INFO: Model [Palette() form models.model] is created.
25-01-05 01:01:16.587 - INFO: Begin model train.
25-01-05 01:37:46.500 - INFO: train/mae_loss: 0.09608214051946998	
25-01-05 01:37:47.361 - INFO: train/mae_loss: 0.09608214051946998	
25-01-05 01:37:47.361 - INFO: epoch: 1	
25-01-05 01:37:47.361 - INFO: iters: 10000	
25-01-05 01:37:47.361 - INFO: 


------------------------------Validation Start------------------------------
25-01-05 02:07:23.253 - INFO: val/mae: 0.35048311948776245	
25-01-05 02:07:23.254 - INFO: val/mse: 0.2887236773967743	
25-01-05 02:07:23.254 - INFO: val/SSIM: 0.22784116364813672	
25-01-05 02:07:23.254 - INFO: val/PSNR: 14.739854572656336	
25-01-05 02:07:23.254 - INFO: val/VAL_MSE: 0.03309612721204758	
25-01-05 02:07:23.254 - INFO: 
------------------------------Validation End------------------------------


25-01-05 02:44:22.171 - INFO: train/mae_loss: 0.040444690968096254	
25-01-05 02:44:22.172 - INFO: epoch: 2	
25-01-05 02:44:22.172 - INFO: iters: 20010	
25-01-05 02:44:22.172 - INFO: 


------------------------------Validation Start------------------------------
25-01-05 03:14:01.500 - INFO: val/mae: 0.8280411958694458	
25-01-05 03:14:01.504 - INFO: val/mse: 0.8426350951194763	
25-01-05 03:14:01.504 - INFO: val/SSIM: 0.031904758920042735	
25-01-05 03:14:01.504 - INFO: val/PSNR: 8.137169802158692	
25-01-05 03:14:01.504 - INFO: val/VAL_MSE: 0.042342010885477066	
25-01-05 03:14:01.504 - INFO: 
------------------------------Validation End------------------------------


25-01-05 03:50:50.931 - INFO: train/mae_loss: 0.0324660992455148	
25-01-05 03:50:56.508 - INFO: train/mae_loss: 0.03245010239854455	
25-01-05 03:50:56.508 - INFO: epoch: 3	
25-01-05 03:50:56.508 - INFO: iters: 30020	
25-01-05 03:50:56.508 - INFO: 


------------------------------Validation Start------------------------------
25-01-05 04:20:33.097 - INFO: val/mae: 0.5038408041000366	
25-01-05 04:20:33.098 - INFO: val/mse: 0.5075084567070007	
25-01-05 04:20:33.098 - INFO: val/SSIM: 0.20969403085911292	
25-01-05 04:20:33.098 - INFO: val/PSNR: 13.08527951321864	
25-01-05 04:20:33.098 - INFO: val/VAL_MSE: 0.027055446058511734	
25-01-05 04:20:33.098 - INFO: 
------------------------------Validation End------------------------------


25-01-05 04:57:25.206 - INFO: train/mae_loss: 0.027645547765120865	
25-01-05 04:57:25.208 - INFO: epoch: 4	
25-01-05 04:57:25.208 - INFO: iters: 40030	
25-01-05 04:57:25.208 - INFO: 


------------------------------Validation Start------------------------------
25-01-05 05:26:46.592 - INFO: val/mae: 0.996155858039856	
25-01-05 05:26:46.594 - INFO: val/mse: 1.2550400495529175	
25-01-05 05:26:46.594 - INFO: val/SSIM: 0.02597537077732017	
25-01-05 05:26:46.594 - INFO: val/PSNR: 6.412874481477083	
25-01-05 05:26:46.594 - INFO: val/VAL_MSE: 0.022132758051156998	
25-01-05 05:26:46.594 - INFO: 
------------------------------Validation End------------------------------


25-01-05 06:03:27.547 - INFO: train/mae_loss: 0.025513374250210132	
25-01-05 06:03:37.230 - INFO: train/mae_loss: 0.025491037586890163	
25-01-05 06:03:37.231 - INFO: epoch: 5	
25-01-05 06:03:37.231 - INFO: iters: 50040	
25-01-05 06:03:37.231 - INFO: Saving the self at the end of epoch 5
25-01-05 06:03:42.474 - INFO: 


------------------------------Validation Start------------------------------
25-01-05 06:32:59.143 - INFO: val/mae: 0.8405331969261169	
25-01-05 06:32:59.144 - INFO: val/mse: 0.9571214914321899	
25-01-05 06:32:59.144 - INFO: val/SSIM: 0.03670624073255895	
25-01-05 06:32:59.144 - INFO: val/PSNR: 8.327880041430056	
25-01-05 06:32:59.144 - INFO: val/VAL_MSE: 0.023901544511318207	
25-01-05 06:32:59.144 - INFO: 
------------------------------Validation End------------------------------


25-01-05 07:09:42.729 - INFO: train/mae_loss: 0.024098598041199147	
25-01-05 07:09:42.729 - INFO: epoch: 6	
25-01-05 07:09:42.730 - INFO: iters: 60050	
25-01-05 07:09:42.730 - INFO: 


------------------------------Validation Start------------------------------
25-01-05 07:39:00.982 - INFO: val/mae: 0.7827924489974976	
25-01-05 07:39:00.983 - INFO: val/mse: 0.9184203147888184	
25-01-05 07:39:00.983 - INFO: val/SSIM: 0.06184426718604448	
25-01-05 07:39:00.983 - INFO: val/PSNR: 8.785541582655084	
25-01-05 07:39:00.983 - INFO: val/VAL_MSE: 0.02252257987856865	
25-01-05 07:39:00.983 - INFO: 
------------------------------Validation End------------------------------


25-01-05 08:15:32.239 - INFO: train/mae_loss: 0.023393340179625473	
25-01-05 08:15:46.162 - INFO: train/mae_loss: 0.023467196912504734	
25-01-05 08:15:46.162 - INFO: epoch: 7	
25-01-05 08:15:46.163 - INFO: iters: 70060	
25-01-05 08:15:46.163 - INFO: 


------------------------------Validation Start------------------------------
25-01-05 08:45:06.531 - INFO: val/mae: 0.5355783700942993	
25-01-05 08:45:06.532 - INFO: val/mse: 0.5413919687271118	
25-01-05 08:45:06.532 - INFO: val/SSIM: 0.2878108880245373	
25-01-05 08:45:06.532 - INFO: val/PSNR: 13.639674664465309	
25-01-05 08:45:06.532 - INFO: val/VAL_MSE: 0.017227474600076675	
25-01-05 08:45:06.532 - INFO: 
------------------------------Validation End------------------------------


25-01-05 09:21:58.714 - INFO: train/mae_loss: 0.02211033911332488	
25-01-05 09:21:58.715 - INFO: epoch: 8	
25-01-05 09:21:58.715 - INFO: iters: 80070	
25-01-05 09:21:58.715 - INFO: 


------------------------------Validation Start------------------------------
25-01-05 09:51:17.030 - INFO: val/mae: 0.9135939478874207	
25-01-05 09:51:17.031 - INFO: val/mse: 1.103776454925537	
25-01-05 09:51:17.031 - INFO: val/SSIM: 0.03505672413125056	
25-01-05 09:51:17.031 - INFO: val/PSNR: 7.37096350408819	
25-01-05 09:51:17.031 - INFO: val/VAL_MSE: 0.01670788787305355	
25-01-05 09:51:17.031 - INFO: 
------------------------------Validation End------------------------------


25-01-05 10:27:45.717 - INFO: train/mae_loss: 0.021533990405394787	
25-01-05 10:28:04.149 - INFO: train/mae_loss: 0.021532551777921616	
25-01-05 10:28:04.149 - INFO: epoch: 9	
25-01-05 10:28:04.149 - INFO: iters: 90080	
25-01-05 10:28:04.149 - INFO: 


------------------------------Validation Start------------------------------
25-01-05 10:57:24.984 - INFO: val/mae: 0.21044643223285675	
25-01-05 10:57:24.985 - INFO: val/mse: 0.13718198239803314	
25-01-05 10:57:24.985 - INFO: val/SSIM: 0.4627485772899357	
25-01-05 10:57:24.985 - INFO: val/PSNR: 18.877770527920948	
25-01-05 10:57:24.985 - INFO: val/VAL_MSE: 0.016609476879239082	
25-01-05 10:57:24.985 - INFO: 
------------------------------Validation End------------------------------


25-01-05 11:34:22.629 - INFO: train/mae_loss: 0.02080115566197783	
25-01-05 11:34:22.631 - INFO: epoch: 10	
25-01-05 11:34:22.631 - INFO: iters: 100090	
25-01-05 11:34:22.631 - INFO: Saving the self at the end of epoch 10
25-01-05 11:34:28.049 - INFO: 


------------------------------Validation Start------------------------------
25-01-05 12:03:56.152 - INFO: val/mae: 0.8519811630249023	
25-01-05 12:03:56.154 - INFO: val/mse: 1.0455756187438965	
25-01-05 12:03:56.154 - INFO: val/SSIM: 0.052788161456265636	
25-01-05 12:03:56.154 - INFO: val/PSNR: 8.743435198273907	
25-01-05 12:03:56.154 - INFO: val/VAL_MSE: 0.020370669662952423	
25-01-05 12:03:56.155 - INFO: 
------------------------------Validation End------------------------------


25-01-05 12:41:07.811 - INFO: train/mae_loss: 0.020418523811180183	
25-01-05 12:41:30.840 - INFO: train/mae_loss: 0.02042666793242097	
25-01-05 12:41:30.844 - INFO: epoch: 11	
25-01-05 12:41:30.844 - INFO: iters: 110100	
25-01-05 12:41:30.844 - INFO: 


------------------------------Validation Start------------------------------
25-01-05 13:11:02.481 - INFO: val/mae: 0.5962182283401489	
25-01-05 13:11:02.482 - INFO: val/mse: 0.5027562975883484	
25-01-05 13:11:02.482 - INFO: val/SSIM: 0.06284735076902984	
25-01-05 13:11:02.482 - INFO: val/PSNR: 10.26933031717245	
25-01-05 13:11:02.483 - INFO: val/VAL_MSE: 0.02177218534052372	
25-01-05 13:11:02.483 - INFO: 
------------------------------Validation End------------------------------


25-01-05 13:48:04.056 - INFO: train/mae_loss: 0.019330690927244723	
25-01-05 13:48:04.058 - INFO: epoch: 12	
25-01-05 13:48:04.059 - INFO: iters: 120110	
25-01-05 13:48:04.059 - INFO: 


------------------------------Validation Start------------------------------
25-01-05 14:17:37.596 - INFO: val/mae: 1.2512238025665283	
25-01-05 14:17:37.597 - INFO: val/mse: 1.8205069303512573	
25-01-05 14:17:37.597 - INFO: val/SSIM: 0.01211661079358957	
25-01-05 14:17:37.597 - INFO: val/PSNR: 4.35178575677328	
25-01-05 14:17:37.597 - INFO: val/VAL_MSE: 0.019874414429068565	
25-01-05 14:17:37.597 - INFO: 
------------------------------Validation End------------------------------


25-01-05 14:54:15.604 - INFO: train/mae_loss: 0.019320647124020075	
25-01-05 14:54:43.041 - INFO: train/mae_loss: 0.019317343059927224	
25-01-05 14:54:43.043 - INFO: epoch: 13	
25-01-05 14:54:43.043 - INFO: iters: 130120	
25-01-05 14:54:43.043 - INFO: 


------------------------------Validation Start------------------------------
25-01-05 15:24:18.631 - INFO: val/mae: 0.10735328495502472	
25-01-05 15:24:18.633 - INFO: val/mse: 0.04540355131030083	
25-01-05 15:24:18.633 - INFO: val/SSIM: 0.6081830600582051	
25-01-05 15:24:18.633 - INFO: val/PSNR: 21.1305260729798	
25-01-05 15:24:18.633 - INFO: val/VAL_MSE: 0.01993766985833645	
25-01-05 15:24:18.633 - INFO: 
------------------------------Validation End------------------------------


