25-01-02 23:22:13.473 - WARNING: Warning: visualization (Tensorboard) is configured to use, but currently not installed on this machine. Please install TensorboardX with 'pip install tensorboardx', upgrade PyTorch to version >= 1.1 to use 'torch.utils.tensorboard' or turn off the option in the 'config.json' file.
25-01-02 23:22:13.473 - INFO: Create the log file in directory experiments/train_mri2ct_lr5e-5_nc1.

25-01-02 23:22:14.803 - INFO: Network [Network() form models.network] is created.
25-01-02 23:22:14.803 - INFO: Network [Network] weights initialize using [kaiming] method.
25-01-02 23:22:47.666 - INFO: Dataset [MRI2CTDataset() form data.dataset] is created.
25-01-02 23:22:47.859 - INFO: Dataset for train have 35188 samples.
25-01-02 23:22:55.621 - INFO: Dataset [MRI2CTDataset() form data.dataset] is created.
25-01-02 23:22:55.621 - INFO: Dataset for val have 9229 samples.
25-01-02 23:22:57.272 - INFO: Metric [mae() form models.metric] is created.
25-01-02 23:22:57.272 - INFO: Metric [mse() form models.metric] is created.
25-01-02 23:22:57.272 - INFO: Metric [SSIM() form models.metric] is created.
25-01-02 23:22:57.272 - INFO: Metric [PSNR() form models.metric] is created.
25-01-02 23:22:57.274 - INFO: Loss [mse_loss() form models.loss] is created.
25-01-02 23:23:05.723 - INFO: Model [Palette() form models.model] is created.
25-01-02 23:23:05.724 - INFO: Begin model train.
25-01-02 23:42:02.050 - INFO: train/mse_loss: 0.05890605672359595	
25-01-02 23:42:02.051 - INFO: epoch: 1	
25-01-02 23:42:02.051 - INFO: iters: 8796	
25-01-02 23:42:02.051 - INFO: 


------------------------------Validation Start------------------------------
25-01-02 23:57:17.827 - INFO: val/mae: 0.5175299048423767	
25-01-02 23:57:17.828 - INFO: val/mse: 0.33299002051353455	
25-01-02 23:57:17.828 - INFO: val/SSIM: 0.10023084252109463	
25-01-02 23:57:17.828 - INFO: val/PSNR: 12.902295740434417	
25-01-02 23:57:17.828 - INFO: val/VAL_MSE: 0.008733173832297325	
25-01-02 23:57:17.828 - INFO: 
------------------------------Validation End------------------------------


25-01-03 00:16:17.567 - INFO: train/mse_loss: 0.01387513998096276	
25-01-03 00:16:17.568 - INFO: epoch: 2	
25-01-03 00:16:17.568 - INFO: iters: 17602	
25-01-03 00:16:17.568 - INFO: 


------------------------------Validation Start------------------------------
25-01-03 00:31:40.244 - INFO: val/mae: 0.6481901407241821	
25-01-03 00:31:40.245 - INFO: val/mse: 0.5990657210350037	
25-01-03 00:31:40.245 - INFO: val/SSIM: 0.08958770408068822	
25-01-03 00:31:40.245 - INFO: val/PSNR: 11.193100253162479	
25-01-03 00:31:40.245 - INFO: val/VAL_MSE: 0.009811731986701488	
25-01-03 00:31:40.245 - INFO: 
------------------------------Validation End------------------------------


25-01-03 00:36:55.854 - INFO: train/mse_loss: 0.012674613548458322	
25-01-03 00:50:28.456 - INFO: train/mse_loss: 0.011020649468626619	
25-01-03 00:50:28.457 - INFO: epoch: 3	
25-01-03 00:50:28.458 - INFO: iters: 26408	
25-01-03 00:50:28.458 - INFO: 


------------------------------Validation Start------------------------------
25-01-03 01:05:44.874 - INFO: val/mae: 1.1674718856811523	
25-01-03 01:05:44.876 - INFO: val/mse: 1.5922245979309082	
25-01-03 01:05:44.876 - INFO: val/SSIM: 0.02919229554076449	
25-01-03 01:05:44.876 - INFO: val/PSNR: 6.808440202227123	
25-01-03 01:05:44.876 - INFO: val/VAL_MSE: 0.005733862519264221	
25-01-03 01:05:44.876 - INFO: 
------------------------------Validation End------------------------------


25-01-03 01:24:28.371 - INFO: train/mse_loss: 0.007814326765830576	
25-01-03 01:24:28.373 - INFO: epoch: 4	
25-01-03 01:24:28.373 - INFO: iters: 35214	
25-01-03 01:24:28.373 - INFO: 


------------------------------Validation Start------------------------------
25-01-03 01:39:37.476 - INFO: val/mae: 0.625950276851654	
25-01-03 01:39:37.477 - INFO: val/mse: 0.49744105339050293	
25-01-03 01:39:37.477 - INFO: val/SSIM: 0.109396871697068	
25-01-03 01:39:37.477 - INFO: val/PSNR: 11.245405900254585	
25-01-03 01:39:37.477 - INFO: val/VAL_MSE: 0.006954502779990435	
25-01-03 01:39:37.477 - INFO: 
------------------------------Validation End------------------------------


25-01-03 01:49:51.006 - INFO: train/mse_loss: 0.008075446753304022	
25-01-03 01:58:21.028 - INFO: train/mse_loss: 0.007625629065489281	
25-01-03 01:58:21.029 - INFO: epoch: 5	
25-01-03 01:58:21.029 - INFO: iters: 44020	
25-01-03 01:58:21.029 - INFO: Saving the self at the end of epoch 5
25-01-03 01:58:27.156 - INFO: 


------------------------------Validation Start------------------------------
25-01-03 02:13:36.052 - INFO: val/mae: 1.0330010652542114	
25-01-03 02:13:36.053 - INFO: val/mse: 1.2435178756713867	
25-01-03 02:13:36.053 - INFO: val/SSIM: 0.03366923768883527	
25-01-03 02:13:36.053 - INFO: val/PSNR: 7.025516478233804	
25-01-03 02:13:36.053 - INFO: val/VAL_MSE: 0.005331253632903099	
25-01-03 02:13:36.053 - INFO: 
------------------------------Validation End------------------------------


25-01-03 02:32:24.696 - INFO: train/mse_loss: 0.007111711297667573	
25-01-03 02:32:24.697 - INFO: epoch: 6	
25-01-03 02:32:24.697 - INFO: iters: 52826	
25-01-03 02:32:24.697 - INFO: 


------------------------------Validation Start------------------------------
25-01-03 02:48:08.509 - INFO: val/mae: 0.9695667624473572	
25-01-03 02:48:08.510 - INFO: val/mse: 1.182428240776062	
25-01-03 02:48:08.510 - INFO: val/SSIM: 0.059507163051383746	
25-01-03 02:48:08.510 - INFO: val/PSNR: 8.564529577897574	
25-01-03 02:48:08.510 - INFO: val/VAL_MSE: 0.006989368703216314	
25-01-03 02:48:08.511 - INFO: 
------------------------------Validation End------------------------------


25-01-03 03:03:21.429 - INFO: train/mse_loss: 0.005917623118520311	
25-01-03 03:06:49.552 - INFO: train/mse_loss: 0.006290451491757907	
25-01-03 03:06:49.555 - INFO: epoch: 7	
25-01-03 03:06:49.555 - INFO: iters: 61632	
25-01-03 03:06:49.555 - INFO: 


------------------------------Validation Start------------------------------
25-01-03 03:22:07.881 - INFO: val/mae: 0.905700147151947	
25-01-03 03:22:07.991 - INFO: val/mse: 1.1008925437927246	
25-01-03 03:22:07.991 - INFO: val/SSIM: 0.04779133826711911	
25-01-03 03:22:07.991 - INFO: val/PSNR: 8.715679992521933	
25-01-03 03:22:07.991 - INFO: val/VAL_MSE: 0.005488016176968813	
25-01-03 03:22:07.991 - INFO: 
------------------------------Validation End------------------------------


25-01-03 03:41:08.228 - INFO: train/mse_loss: 0.006122877068928049	
25-01-03 03:41:08.229 - INFO: epoch: 8	
25-01-03 03:41:08.229 - INFO: iters: 70438	
25-01-03 03:41:08.229 - INFO: 


------------------------------Validation Start------------------------------
25-01-03 03:56:17.030 - INFO: val/mae: 0.6729679703712463	
25-01-03 03:56:17.031 - INFO: val/mse: 0.6664144396781921	
25-01-03 03:56:17.031 - INFO: val/SSIM: 0.11062098597560632	
25-01-03 03:56:17.031 - INFO: val/PSNR: 10.808559425180954	
25-01-03 03:56:17.031 - INFO: val/VAL_MSE: 0.003662568051367998	
25-01-03 03:56:17.031 - INFO: 
------------------------------Validation End------------------------------


25-01-03 04:15:21.389 - INFO: train/mse_loss: 0.005481247200034288	
25-01-03 04:15:21.390 - INFO: epoch: 9	
25-01-03 04:15:21.390 - INFO: iters: 79244	
25-01-03 04:15:21.390 - INFO: 


------------------------------Validation Start------------------------------
25-01-03 04:30:36.783 - INFO: val/mae: 0.28226345777511597	
25-01-03 04:30:36.783 - INFO: val/mse: 0.1627824902534485	
25-01-03 04:30:36.783 - INFO: val/SSIM: 0.2242829544801807	
25-01-03 04:30:36.783 - INFO: val/PSNR: 16.283734696640693	
25-01-03 04:30:36.784 - INFO: val/VAL_MSE: 0.0035852708388119936	
25-01-03 04:30:36.784 - INFO: 
------------------------------Validation End------------------------------


25-01-03 04:49:21.232 - INFO: train/mse_loss: 0.005610261780191893	
25-01-03 04:49:21.234 - INFO: epoch: 10	
25-01-03 04:49:21.234 - INFO: iters: 88050	
25-01-03 04:49:21.234 - INFO: Saving the self at the end of epoch 10
25-01-03 04:49:27.893 - INFO: 


------------------------------Validation Start------------------------------
25-01-03 05:04:35.346 - INFO: val/mae: 0.08093202859163284	
25-01-03 05:04:35.497 - INFO: val/mse: 0.03066950850188732	
25-01-03 05:04:35.497 - INFO: val/SSIM: 0.663146925857774	
25-01-03 05:04:35.497 - INFO: val/PSNR: 21.694799132013323	
25-01-03 05:04:35.497 - INFO: val/VAL_MSE: 0.003148965071886778	
25-01-03 05:04:35.497 - INFO: 
------------------------------Validation End------------------------------


25-01-03 05:09:00.712 - INFO: train/mse_loss: 0.004094906579541071	
25-01-03 05:23:32.602 - INFO: train/mse_loss: 0.005115125318276848	
25-01-03 05:23:32.604 - INFO: epoch: 11	
25-01-03 05:23:32.604 - INFO: iters: 96856	
25-01-03 05:23:32.604 - INFO: 


------------------------------Validation Start------------------------------
25-01-03 05:38:51.637 - INFO: val/mae: 0.19334818422794342	
25-01-03 05:38:51.711 - INFO: val/mse: 0.12343596667051315	
25-01-03 05:38:51.711 - INFO: val/SSIM: 0.4722633153198026	
25-01-03 05:38:51.711 - INFO: val/PSNR: 19.37538343412297	
25-01-03 05:38:51.711 - INFO: val/VAL_MSE: 0.003711372148245573	
25-01-03 05:38:51.711 - INFO: 
------------------------------Validation End------------------------------


25-01-03 05:57:40.473 - INFO: train/mse_loss: 0.004815872315339469	
25-01-03 05:57:40.475 - INFO: epoch: 12	
25-01-03 05:57:40.475 - INFO: iters: 105662	
25-01-03 05:57:40.475 - INFO: 


------------------------------Validation Start------------------------------
25-01-03 06:12:58.515 - INFO: val/mae: 0.48526737093925476	
25-01-03 06:12:58.516 - INFO: val/mse: 0.38768479228019714	
25-01-03 06:12:58.516 - INFO: val/SSIM: 0.12953454872327114	
25-01-03 06:12:58.516 - INFO: val/PSNR: 13.181795281970063	
25-01-03 06:12:58.516 - INFO: val/VAL_MSE: 0.003301277058199048	
25-01-03 06:12:58.516 - INFO: 
------------------------------Validation End------------------------------


25-01-03 06:22:12.196 - INFO: train/mse_loss: 0.0045373246499978296	
25-01-03 06:31:41.106 - INFO: train/mse_loss: 0.004305133276076037	
25-01-03 06:31:41.107 - INFO: epoch: 13	
25-01-03 06:31:41.107 - INFO: iters: 114468	
25-01-03 06:31:41.107 - INFO: 


------------------------------Validation Start------------------------------
25-01-03 06:46:52.154 - INFO: val/mae: 0.741925060749054	
25-01-03 06:46:52.155 - INFO: val/mse: 0.7158448100090027	
25-01-03 06:46:52.155 - INFO: val/SSIM: 0.04813140728843398	
25-01-03 06:46:52.155 - INFO: val/PSNR: 8.34502058570235	
25-01-03 06:46:52.155 - INFO: val/VAL_MSE: 0.004565737210214138	
25-01-03 06:46:52.155 - INFO: 
------------------------------Validation End------------------------------


25-01-03 07:05:40.431 - INFO: train/mse_loss: 0.004384448559220986	
25-01-03 07:05:40.434 - INFO: epoch: 14	
25-01-03 07:05:40.434 - INFO: iters: 123274	
25-01-03 07:05:40.434 - INFO: 


------------------------------Validation Start------------------------------
25-01-03 07:20:52.540 - INFO: val/mae: 0.2950757145881653	
25-01-03 07:20:52.615 - INFO: val/mse: 0.18596719205379486	
25-01-03 07:20:52.615 - INFO: val/SSIM: 0.30286504553706345	
25-01-03 07:20:52.615 - INFO: val/PSNR: 16.433795289442397	
25-01-03 07:20:52.615 - INFO: val/VAL_MSE: 0.0050821201875805855	
25-01-03 07:20:52.615 - INFO: 
------------------------------Validation End------------------------------


25-01-03 07:35:16.927 - INFO: train/mse_loss: 0.004087513612554401	
25-01-03 07:39:42.027 - INFO: train/mse_loss: 0.004233608042151648	
25-01-03 07:39:42.032 - INFO: epoch: 15	
25-01-03 07:39:42.032 - INFO: iters: 132080	
25-01-03 07:39:42.032 - INFO: Saving the self at the end of epoch 15
25-01-03 07:39:47.712 - INFO: 


------------------------------Validation Start------------------------------
25-01-03 07:55:04.671 - INFO: val/mae: 0.8046820759773254	
25-01-03 07:55:04.672 - INFO: val/mse: 0.923192024230957	
25-01-03 07:55:04.672 - INFO: val/SSIM: 0.07195993351286692	
25-01-03 07:55:04.672 - INFO: val/PSNR: 9.795844445741816	
25-01-03 07:55:04.672 - INFO: val/VAL_MSE: 0.0031424674671143293	
25-01-03 07:55:04.672 - INFO: 
------------------------------Validation End------------------------------


25-01-03 08:13:56.885 - INFO: train/mse_loss: 0.0046752042777741245	
25-01-03 08:13:56.888 - INFO: epoch: 16	
25-01-03 08:13:56.888 - INFO: iters: 140886	
25-01-03 08:13:56.888 - INFO: 


------------------------------Validation Start------------------------------
25-01-03 08:29:05.965 - INFO: val/mae: 1.055391550064087	
25-01-03 08:29:06.142 - INFO: val/mse: 1.4704047441482544	
25-01-03 08:29:06.143 - INFO: val/SSIM: 0.08683772863128562	
25-01-03 08:29:06.143 - INFO: val/PSNR: 7.964232841216587	
25-01-03 08:29:06.143 - INFO: val/VAL_MSE: 0.0038060094229876995	
25-01-03 08:29:06.143 - INFO: 
------------------------------Validation End------------------------------


25-01-03 08:48:10.185 - INFO: train/mse_loss: 0.0044016065612508554	
25-01-03 08:48:10.188 - INFO: epoch: 17	
25-01-03 08:48:10.188 - INFO: iters: 149692	
25-01-03 08:48:10.188 - INFO: 


------------------------------Validation Start------------------------------
25-01-03 09:03:21.877 - INFO: val/mae: 1.0681099891662598	
25-01-03 09:03:21.878 - INFO: val/mse: 1.3778202533721924	
25-01-03 09:03:21.878 - INFO: val/SSIM: 0.020434936273057376	
25-01-03 09:03:21.878 - INFO: val/PSNR: 6.217914080431252	
25-01-03 09:03:21.878 - INFO: val/VAL_MSE: 0.0034188374411314726	
25-01-03 09:03:21.878 - INFO: 
------------------------------Validation End------------------------------


25-01-03 09:22:16.339 - INFO: train/mse_loss: 0.004225302960125495	
25-01-03 09:22:16.340 - INFO: epoch: 18	
25-01-03 09:22:16.340 - INFO: iters: 158498	
25-01-03 09:22:16.341 - INFO: 


------------------------------Validation Start------------------------------
25-01-03 09:37:42.289 - INFO: val/mae: 1.2396668195724487	
25-01-03 09:37:42.562 - INFO: val/mse: 1.7691417932510376	
25-01-03 09:37:42.562 - INFO: val/SSIM: 0.014575503718463754	
25-01-03 09:37:42.562 - INFO: val/PSNR: 5.240850545761975	
25-01-03 09:37:42.562 - INFO: val/VAL_MSE: 0.0029030251316726208	
25-01-03 09:37:42.562 - INFO: 
------------------------------Validation End------------------------------


25-01-03 09:41:00.488 - INFO: train/mse_loss: 0.003812485126776611	
25-01-03 09:56:59.593 - INFO: train/mse_loss: 0.004309575288867434	
25-01-03 09:56:59.600 - INFO: epoch: 19	
25-01-03 09:56:59.600 - INFO: iters: 167304	
25-01-03 09:56:59.600 - INFO: 


------------------------------Validation Start------------------------------
25-01-03 10:12:13.308 - INFO: val/mae: 0.25014346837997437	
25-01-03 10:12:13.309 - INFO: val/mse: 0.13287557661533356	
25-01-03 10:12:13.309 - INFO: val/SSIM: 0.3677754056474442	
25-01-03 10:12:13.309 - INFO: val/PSNR: 18.017387299655223	
25-01-03 10:12:13.309 - INFO: val/VAL_MSE: 0.0037301722913980484	
25-01-03 10:12:13.309 - INFO: 
------------------------------Validation End------------------------------


25-01-03 10:31:00.199 - INFO: train/mse_loss: 0.0036423734909633645	
25-01-03 10:31:00.202 - INFO: epoch: 20	
25-01-03 10:31:00.202 - INFO: iters: 176110	
25-01-03 10:31:00.202 - INFO: Saving the self at the end of epoch 20
25-01-03 10:31:05.439 - INFO: 


------------------------------Validation Start------------------------------
25-01-03 10:46:19.401 - INFO: val/mae: 0.2436189204454422	
25-01-03 10:46:19.585 - INFO: val/mse: 0.147453173995018	
25-01-03 10:46:19.585 - INFO: val/SSIM: 0.3649452097536903	
25-01-03 10:46:19.585 - INFO: val/PSNR: 18.20326529918838	
25-01-03 10:46:19.586 - INFO: val/VAL_MSE: 0.003911859355866909	
25-01-03 10:46:19.586 - INFO: 
------------------------------Validation End------------------------------


25-01-03 10:54:49.727 - INFO: train/mse_loss: 0.004449486054881229	
25-01-03 11:05:14.746 - INFO: train/mse_loss: 0.004284103519888923	
25-01-03 11:05:14.747 - INFO: epoch: 21	
25-01-03 11:05:14.747 - INFO: iters: 184916	
25-01-03 11:05:14.747 - INFO: 


------------------------------Validation Start------------------------------
25-01-03 11:20:26.955 - INFO: val/mae: 0.5120686888694763	
25-01-03 11:20:27.010 - INFO: val/mse: 0.4312755763530731	
25-01-03 11:20:27.010 - INFO: val/SSIM: 0.14193038742318548	
25-01-03 11:20:27.010 - INFO: val/PSNR: 13.156628081888456	
25-01-03 11:20:27.010 - INFO: val/VAL_MSE: 0.0030428485479205847	
25-01-03 11:20:27.010 - INFO: 
------------------------------Validation End------------------------------


25-01-03 11:39:21.691 - INFO: train/mse_loss: 0.003624132370053664	
25-01-03 11:39:21.693 - INFO: epoch: 22	
25-01-03 11:39:21.693 - INFO: iters: 193722	
25-01-03 11:39:21.693 - INFO: 


------------------------------Validation Start------------------------------
25-01-03 12:26:26.816 - INFO: val/mae: 0.7782694101333618	
25-01-03 12:26:26.818 - INFO: val/mse: 0.7462283968925476	
25-01-03 12:26:26.818 - INFO: val/SSIM: 0.02721891334907937	
25-01-03 12:26:26.818 - INFO: val/PSNR: 7.263425907549402	
25-01-03 12:26:26.818 - INFO: val/VAL_MSE: 0.0034086506348103285	
25-01-03 12:26:26.818 - INFO: 
------------------------------Validation End------------------------------


25-01-03 12:39:51.724 - INFO: train/mse_loss: 0.004014248142978802	
25-01-03 12:45:14.255 - INFO: train/mse_loss: 0.0038906243667896946	
25-01-03 12:45:14.256 - INFO: epoch: 23	
25-01-03 12:45:14.256 - INFO: iters: 202528	
25-01-03 12:45:14.256 - INFO: 


------------------------------Validation Start------------------------------
25-01-03 13:00:31.723 - INFO: val/mae: 0.39975234866142273	
25-01-03 13:00:31.787 - INFO: val/mse: 0.4276922643184662	
25-01-03 13:00:31.787 - INFO: val/SSIM: 0.3787254807233894	
25-01-03 13:00:31.787 - INFO: val/PSNR: 17.988520269001924	
25-01-03 13:00:31.787 - INFO: val/VAL_MSE: 0.0030668454710394144	
25-01-03 13:00:31.787 - INFO: 
------------------------------Validation End------------------------------


25-01-03 13:19:20.335 - INFO: train/mse_loss: 0.0037852655971579124	
25-01-03 13:19:20.338 - INFO: epoch: 24	
25-01-03 13:19:20.338 - INFO: iters: 211334	
25-01-03 13:19:20.338 - INFO: 


------------------------------Validation Start------------------------------
25-01-03 13:36:44.456 - INFO: val/mae: 0.5955585837364197	
25-01-03 13:36:44.710 - INFO: val/mse: 0.4932253956794739	
25-01-03 13:36:44.710 - INFO: val/SSIM: 0.08511960763124665	
25-01-03 13:36:44.710 - INFO: val/PSNR: 10.248486719367886	
25-01-03 13:36:44.710 - INFO: val/VAL_MSE: 0.0033937643747776747	
25-01-03 13:36:44.710 - INFO: 
------------------------------Validation End------------------------------


25-01-03 13:55:17.310 - INFO: train/mse_loss: 0.00425268485511329	
25-01-03 13:55:36.324 - INFO: train/mse_loss: 0.004220354921862934	
25-01-03 13:55:36.325 - INFO: epoch: 25	
25-01-03 13:55:36.325 - INFO: iters: 220140	
25-01-03 13:55:36.325 - INFO: Saving the self at the end of epoch 25
25-01-03 13:55:42.067 - INFO: 


------------------------------Validation Start------------------------------
25-01-03 14:10:54.182 - INFO: val/mae: 0.5487731099128723	
25-01-03 14:10:54.183 - INFO: val/mse: 0.5214769244194031	
25-01-03 14:10:54.183 - INFO: val/SSIM: 0.19217158723992878	
25-01-03 14:10:54.183 - INFO: val/PSNR: 12.823179746713325	
25-01-03 14:10:54.184 - INFO: val/VAL_MSE: 0.004429182969033718	
25-01-03 14:10:54.184 - INFO: 
------------------------------Validation End------------------------------


25-01-03 14:29:39.753 - INFO: train/mse_loss: 0.0038669290193322427	
25-01-03 14:29:39.755 - INFO: epoch: 26	
25-01-03 14:29:39.755 - INFO: iters: 228946	
25-01-03 14:29:39.755 - INFO: 


------------------------------Validation Start------------------------------
25-01-03 14:44:52.920 - INFO: val/mae: 0.9284306764602661	
25-01-03 14:44:52.921 - INFO: val/mse: 1.1411508321762085	
25-01-03 14:44:52.921 - INFO: val/SSIM: 0.04117626063907735	
25-01-03 14:44:52.921 - INFO: val/PSNR: 7.042885915813907	
25-01-03 14:44:52.921 - INFO: val/VAL_MSE: 0.0030283438973128796	
25-01-03 14:44:52.922 - INFO: 
------------------------------Validation End------------------------------


25-01-03 14:47:19.117 - INFO: train/mse_loss: 0.004061103126078075	
25-01-03 15:03:43.254 - INFO: train/mse_loss: 0.0040599884002084285	
25-01-03 15:03:43.257 - INFO: epoch: 27	
25-01-03 15:03:43.257 - INFO: iters: 237752	
25-01-03 15:03:43.257 - INFO: 


------------------------------Validation Start------------------------------
25-01-03 15:19:02.530 - INFO: val/mae: 0.29098057746887207	
25-01-03 15:19:02.591 - INFO: val/mse: 0.19482146203517914	
25-01-03 15:19:02.591 - INFO: val/SSIM: 0.3934260192864546	
25-01-03 15:19:02.591 - INFO: val/PSNR: 17.705612942428093	
25-01-03 15:19:02.591 - INFO: val/VAL_MSE: 0.003501657396554947	
25-01-03 15:19:02.591 - INFO: 
------------------------------Validation End------------------------------


25-01-03 15:38:05.732 - INFO: train/mse_loss: 0.003632529476355182	
25-01-03 15:38:05.735 - INFO: epoch: 28	
25-01-03 15:38:05.735 - INFO: iters: 246558	
25-01-03 15:38:05.735 - INFO: 


------------------------------Validation Start------------------------------
25-01-03 15:53:10.552 - INFO: val/mae: 0.21335898339748383	
25-01-03 15:53:10.552 - INFO: val/mse: 0.14312908053398132	
25-01-03 15:53:10.552 - INFO: val/SSIM: 0.5122107314309278	
25-01-03 15:53:10.552 - INFO: val/PSNR: 19.87530031214732	
25-01-03 15:53:10.553 - INFO: val/VAL_MSE: 0.00412737624719739	
25-01-03 15:53:10.553 - INFO: 
------------------------------Validation End------------------------------


25-01-03 16:00:36.959 - INFO: train/mse_loss: 0.003535537901623128	
25-01-03 16:11:58.186 - INFO: train/mse_loss: 0.003538252612795233	
25-01-03 16:11:58.187 - INFO: epoch: 29	
25-01-03 16:11:58.187 - INFO: iters: 255364	
25-01-03 16:11:58.187 - INFO: 


------------------------------Validation Start------------------------------
25-01-03 16:30:19.465 - INFO: val/mae: 0.25052085518836975	
25-01-03 16:30:19.466 - INFO: val/mse: 0.11464541405439377	
25-01-03 16:30:19.466 - INFO: val/SSIM: 0.27247254051477027	
25-01-03 16:30:19.466 - INFO: val/PSNR: 18.379028507424593	
25-01-03 16:30:19.467 - INFO: val/VAL_MSE: 0.003189410548657179	
25-01-03 16:30:19.467 - INFO: 
------------------------------Validation End------------------------------


25-01-03 16:49:15.098 - INFO: train/mse_loss: 0.0035009861898852505	
25-01-03 16:49:15.099 - INFO: epoch: 30	
25-01-03 16:49:15.099 - INFO: iters: 264170	
25-01-03 16:49:15.099 - INFO: Saving the self at the end of epoch 30
25-01-03 16:49:20.863 - INFO: 


------------------------------Validation Start------------------------------
25-01-03 17:04:37.795 - INFO: val/mae: 0.6820281147956848	
25-01-03 17:04:38.375 - INFO: val/mse: 0.6730426549911499	
25-01-03 17:04:38.375 - INFO: val/SSIM: 0.08263976607973282	
25-01-03 17:04:38.375 - INFO: val/PSNR: 9.662358505909271	
25-01-03 17:04:38.375 - INFO: val/VAL_MSE: 0.002364007756114006	
25-01-03 17:04:38.375 - INFO: 
------------------------------Validation End------------------------------


25-01-03 17:17:13.267 - INFO: train/mse_loss: 0.0036490222445045655	
25-01-03 17:23:32.481 - INFO: train/mse_loss: 0.0037015474598100172	
25-01-03 17:23:32.483 - INFO: epoch: 31	
25-01-03 17:23:32.484 - INFO: iters: 272976	
25-01-03 17:23:32.484 - INFO: 


------------------------------Validation Start------------------------------
25-01-03 17:38:50.328 - INFO: val/mae: 0.5415577292442322	
25-01-03 17:38:50.330 - INFO: val/mse: 0.47233954071998596	
25-01-03 17:38:50.330 - INFO: val/SSIM: 0.11201496972197474	
25-01-03 17:38:50.330 - INFO: val/PSNR: 11.761349050322808	
25-01-03 17:38:50.331 - INFO: val/VAL_MSE: 0.003170930314809084	
25-01-03 17:38:50.331 - INFO: 
------------------------------Validation End------------------------------


25-01-03 17:57:35.693 - INFO: train/mse_loss: 0.0035643647001488087	
25-01-03 17:57:35.695 - INFO: epoch: 32	
25-01-03 17:57:35.695 - INFO: iters: 281782	
25-01-03 17:57:35.695 - INFO: 


------------------------------Validation Start------------------------------
25-01-03 18:12:49.102 - INFO: val/mae: 0.6932749152183533	
25-01-03 18:12:49.103 - INFO: val/mse: 0.7231623530387878	
25-01-03 18:12:49.103 - INFO: val/SSIM: 0.09027106990529175	
25-01-03 18:12:49.104 - INFO: val/PSNR: 10.601271427834131	
25-01-03 18:12:49.104 - INFO: val/VAL_MSE: 0.002961343852803111	
25-01-03 18:12:49.104 - INFO: 
------------------------------Validation End------------------------------


25-01-03 18:30:26.891 - INFO: train/mse_loss: 0.0037673544029672434	
25-01-03 18:31:42.392 - INFO: train/mse_loss: 0.003775814494466758	
25-01-03 18:31:42.393 - INFO: epoch: 33	
25-01-03 18:31:42.393 - INFO: iters: 290588	
25-01-03 18:31:42.393 - INFO: 


------------------------------Validation Start------------------------------
25-01-03 18:47:07.896 - INFO: val/mae: 0.11668562889099121	
25-01-03 18:47:07.897 - INFO: val/mse: 0.05557132512331009	
25-01-03 18:47:07.897 - INFO: val/SSIM: 0.6078521995426038	
25-01-03 18:47:07.897 - INFO: val/PSNR: 22.806150157428334	
25-01-03 18:47:07.897 - INFO: val/VAL_MSE: 0.0032461541704833508	
25-01-03 18:47:07.897 - INFO: 
------------------------------Validation End------------------------------


25-01-03 19:05:54.856 - INFO: train/mse_loss: 0.0034046190041951046	
25-01-03 19:05:54.857 - INFO: epoch: 34	
25-01-03 19:05:54.857 - INFO: iters: 299394	
25-01-03 19:05:54.857 - INFO: 


------------------------------Validation Start------------------------------
25-01-03 19:21:10.725 - INFO: val/mae: 0.3005620539188385	
25-01-03 19:21:10.726 - INFO: val/mse: 0.13426463305950165	
25-01-03 19:21:10.726 - INFO: val/SSIM: 0.2113756909132647	
25-01-03 19:21:10.726 - INFO: val/PSNR: 16.566689683401968	
25-01-03 19:21:10.726 - INFO: val/VAL_MSE: 0.0027673596050590277	
25-01-03 19:21:10.726 - INFO: 
------------------------------Validation End------------------------------


25-01-03 19:22:36.434 - INFO: train/mse_loss: 0.003261220163345179	
25-01-03 19:39:56.972 - INFO: train/mse_loss: 0.0031472583367282442	
25-01-03 19:39:56.973 - INFO: epoch: 35	
25-01-03 19:39:56.973 - INFO: iters: 308200	
25-01-03 19:39:56.973 - INFO: Saving the self at the end of epoch 35
25-01-03 19:40:03.015 - INFO: 


------------------------------Validation Start------------------------------
25-01-03 19:55:13.486 - INFO: val/mae: 0.8508867621421814	
25-01-03 19:55:13.487 - INFO: val/mse: 0.9933275580406189	
25-01-03 19:55:13.487 - INFO: val/SSIM: 0.06926454340702945	
25-01-03 19:55:13.487 - INFO: val/PSNR: 8.916740368769819	
25-01-03 19:55:13.487 - INFO: val/VAL_MSE: 0.0020404886454343796	
25-01-03 19:55:13.487 - INFO: 
------------------------------Validation End------------------------------


25-01-03 20:14:01.086 - INFO: train/mse_loss: 0.0034912516031583123	
25-01-03 20:14:01.089 - INFO: epoch: 36	
25-01-03 20:14:01.089 - INFO: iters: 317006	
25-01-03 20:14:01.089 - INFO: 


------------------------------Validation Start------------------------------
25-01-03 20:29:22.687 - INFO: val/mae: 0.5655320882797241	
25-01-03 20:29:22.689 - INFO: val/mse: 0.42943301796913147	
25-01-03 20:29:22.689 - INFO: val/SSIM: 0.06445591653612605	
25-01-03 20:29:22.689 - INFO: val/PSNR: 10.743251217525863	
25-01-03 20:29:22.689 - INFO: val/VAL_MSE: 0.003627460915595293	
25-01-03 20:29:22.689 - INFO: 
------------------------------Validation End------------------------------


25-01-03 20:35:56.168 - INFO: train/mse_loss: 0.0037231304164042764	
25-01-03 20:48:15.144 - INFO: train/mse_loss: 0.0036129897926714125	
25-01-03 20:48:15.145 - INFO: epoch: 37	
25-01-03 20:48:15.145 - INFO: iters: 325812	
25-01-03 20:48:15.145 - INFO: 


------------------------------Validation Start------------------------------
25-01-03 21:03:19.361 - INFO: val/mae: 0.9465423822402954	
25-01-03 21:03:19.362 - INFO: val/mse: 1.15493905544281	
25-01-03 21:03:19.362 - INFO: val/SSIM: 0.032834838359748666	
25-01-03 21:03:19.362 - INFO: val/PSNR: 6.784053632823436	
25-01-03 21:03:19.362 - INFO: val/VAL_MSE: 0.0035011342260986567	
25-01-03 21:03:19.363 - INFO: 
------------------------------Validation End------------------------------


25-01-03 21:22:13.902 - INFO: train/mse_loss: 0.0032575896432483348	
25-01-03 21:22:13.903 - INFO: epoch: 38	
25-01-03 21:22:13.903 - INFO: iters: 334618	
25-01-03 21:22:13.903 - INFO: 


------------------------------Validation Start------------------------------
25-01-03 21:37:20.659 - INFO: val/mae: 0.28222405910491943	
25-01-03 21:37:20.660 - INFO: val/mse: 0.2235046923160553	
25-01-03 21:37:20.660 - INFO: val/SSIM: 0.4340543129566516	
25-01-03 21:37:20.660 - INFO: val/PSNR: 17.440735733114842	
25-01-03 21:37:20.660 - INFO: val/VAL_MSE: 0.0032659878488630056	
25-01-03 21:37:20.660 - INFO: 
------------------------------Validation End------------------------------


25-01-03 21:49:03.107 - INFO: train/mse_loss: 0.0031142809949358885	
25-01-03 21:56:17.860 - INFO: train/mse_loss: 0.0031487689741384805	
25-01-03 21:56:17.861 - INFO: epoch: 39	
25-01-03 21:56:17.861 - INFO: iters: 343424	
25-01-03 21:56:17.861 - INFO: 


------------------------------Validation Start------------------------------
25-01-03 22:11:34.776 - INFO: val/mae: 0.7822262644767761	
25-01-03 22:11:34.777 - INFO: val/mse: 0.9837065935134888	
25-01-03 22:11:34.777 - INFO: val/SSIM: 0.12937152133885432	
25-01-03 22:11:34.777 - INFO: val/PSNR: 11.242671228057883	
25-01-03 22:11:34.777 - INFO: val/VAL_MSE: 0.003614381654188037	
25-01-03 22:11:34.777 - INFO: 
------------------------------Validation End------------------------------


25-01-03 22:30:19.010 - INFO: train/mse_loss: 0.003516617722153466	
25-01-03 22:30:19.011 - INFO: epoch: 40	
25-01-03 22:30:19.011 - INFO: iters: 352230	
25-01-03 22:30:19.011 - INFO: Saving the self at the end of epoch 40
25-01-03 22:30:24.751 - INFO: 


------------------------------Validation Start------------------------------
25-01-03 22:45:29.825 - INFO: val/mae: 0.12886370718479156	
25-01-03 22:45:29.826 - INFO: val/mse: 0.0396684966981411	
25-01-03 22:45:29.826 - INFO: val/SSIM: 0.5033901602007733	
25-01-03 22:45:29.826 - INFO: val/PSNR: 21.803425713729702	
25-01-03 22:45:29.826 - INFO: val/VAL_MSE: 0.004267947748303413	
25-01-03 22:45:29.827 - INFO: 
------------------------------Validation End------------------------------


25-01-03 23:02:14.290 - INFO: train/mse_loss: 0.0033362348468762857	
25-01-03 23:04:27.221 - INFO: train/mse_loss: 0.003344860558889273	
25-01-03 23:04:27.222 - INFO: epoch: 41	
25-01-03 23:04:27.222 - INFO: iters: 361036	
25-01-03 23:04:27.222 - INFO: 


------------------------------Validation Start------------------------------
25-01-03 23:19:42.453 - INFO: val/mae: 0.26658591628074646	
25-01-03 23:19:42.454 - INFO: val/mse: 0.15848159790039062	
25-01-03 23:19:42.454 - INFO: val/SSIM: 0.38001273955616743	
25-01-03 23:19:42.454 - INFO: val/PSNR: 17.76248655368091	
25-01-03 23:19:42.454 - INFO: val/VAL_MSE: 0.003887664759531617	
25-01-03 23:19:42.454 - INFO: 
------------------------------Validation End------------------------------


25-01-03 23:38:30.580 - INFO: train/mse_loss: 0.003310247746432495	
25-01-03 23:38:30.583 - INFO: epoch: 42	
25-01-03 23:38:30.583 - INFO: iters: 369842	
25-01-03 23:38:30.583 - INFO: 


------------------------------Validation Start------------------------------
25-01-03 23:53:56.003 - INFO: val/mae: 0.6799018383026123	
25-01-03 23:53:56.148 - INFO: val/mse: 0.6707199811935425	
25-01-03 23:53:56.148 - INFO: val/SSIM: 0.07030747551188135	
25-01-03 23:53:56.148 - INFO: val/PSNR: 9.452813038405484	
25-01-03 23:53:56.148 - INFO: val/VAL_MSE: 0.002766259014606476	
25-01-03 23:53:56.148 - INFO: 
------------------------------Validation End------------------------------


25-01-03 23:54:23.386 - INFO: train/mse_loss: 0.0020057882938999683	
25-01-04 00:13:02.652 - INFO: train/mse_loss: 0.003325399157455161	
25-01-04 00:13:02.654 - INFO: epoch: 43	
25-01-04 00:13:02.654 - INFO: iters: 378648	
25-01-04 00:13:02.654 - INFO: 


------------------------------Validation Start------------------------------
25-01-04 00:29:29.253 - INFO: val/mae: 0.5374593138694763	
25-01-04 00:29:29.255 - INFO: val/mse: 0.4456402361392975	
25-01-04 00:29:29.255 - INFO: val/SSIM: 0.0983647867191815	
25-01-04 00:29:29.255 - INFO: val/PSNR: 11.582531869675403	
25-01-04 00:29:29.255 - INFO: val/VAL_MSE: 0.00395988579839468	
25-01-04 00:29:29.255 - INFO: 
------------------------------Validation End------------------------------


25-01-04 00:48:13.537 - INFO: train/mse_loss: 0.003276160337188146	
25-01-04 00:48:13.539 - INFO: epoch: 44	
25-01-04 00:48:13.539 - INFO: iters: 387454	
25-01-04 00:48:13.539 - INFO: 


------------------------------Validation Start------------------------------
25-01-04 01:03:26.125 - INFO: val/mae: 0.567809522151947	
25-01-04 01:03:26.353 - INFO: val/mse: 0.4634295403957367	
25-01-04 01:03:26.353 - INFO: val/SSIM: 0.08791145031731859	
25-01-04 01:03:26.353 - INFO: val/PSNR: 10.566450161644752	
25-01-04 01:03:26.353 - INFO: val/VAL_MSE: 0.0030999297741800547	
25-01-04 01:03:26.353 - INFO: 
------------------------------Validation End------------------------------


25-01-04 01:09:03.336 - INFO: train/mse_loss: 0.0027088917500426393	
25-01-04 01:22:18.076 - INFO: train/mse_loss: 0.002931778056219823	
25-01-04 01:22:18.078 - INFO: epoch: 45	
25-01-04 01:22:18.078 - INFO: iters: 396260	
25-01-04 01:22:18.078 - INFO: Saving the self at the end of epoch 45
25-01-04 01:22:23.898 - INFO: 


------------------------------Validation Start------------------------------
25-01-04 01:37:37.086 - INFO: val/mae: 0.190778911113739	
25-01-04 01:37:37.087 - INFO: val/mse: 0.10895862430334091	
25-01-04 01:37:37.088 - INFO: val/SSIM: 0.49352636892490953	
25-01-04 01:37:37.088 - INFO: val/PSNR: 20.330514252667605	
25-01-04 01:37:37.088 - INFO: val/VAL_MSE: 0.002409013919532299	
25-01-04 01:37:37.088 - INFO: 
------------------------------Validation End------------------------------


25-01-04 01:56:21.432 - INFO: train/mse_loss: 0.0035185468575511187	
25-01-04 01:56:21.433 - INFO: epoch: 46	
25-01-04 01:56:21.434 - INFO: iters: 405066	
25-01-04 01:56:21.434 - INFO: 


------------------------------Validation Start------------------------------
25-01-04 02:11:32.125 - INFO: val/mae: 0.7036352753639221	
25-01-04 02:11:32.127 - INFO: val/mse: 0.7935091257095337	
25-01-04 02:11:32.127 - INFO: val/SSIM: 0.13358425365072987	
25-01-04 02:11:32.127 - INFO: val/PSNR: 12.229074737713812	
25-01-04 02:11:32.127 - INFO: val/VAL_MSE: 0.003940206486731768	
25-01-04 02:11:32.127 - INFO: 
------------------------------Validation End------------------------------


25-01-04 02:22:07.839 - INFO: train/mse_loss: 0.0031840775382057135	
25-01-04 02:30:19.340 - INFO: train/mse_loss: 0.0033846387865930994	
25-01-04 02:30:19.342 - INFO: epoch: 47	
25-01-04 02:30:19.342 - INFO: iters: 413872	
25-01-04 02:30:19.342 - INFO: 


------------------------------Validation Start------------------------------
25-01-04 02:45:32.602 - INFO: val/mae: 0.4325999915599823	
25-01-04 02:45:32.603 - INFO: val/mse: 0.3446683883666992	
25-01-04 02:45:32.603 - INFO: val/SSIM: 0.2851831563949159	
25-01-04 02:45:32.603 - INFO: val/PSNR: 14.709482767295764	
25-01-04 02:45:32.603 - INFO: val/VAL_MSE: 0.003050464205443859	
25-01-04 02:45:32.603 - INFO: 
------------------------------Validation End------------------------------


25-01-04 03:04:15.902 - INFO: train/mse_loss: 0.0029295182189805063	
25-01-04 03:04:15.904 - INFO: epoch: 48	
25-01-04 03:04:15.904 - INFO: iters: 422678	
25-01-04 03:04:15.904 - INFO: 


------------------------------Validation Start------------------------------
25-01-04 03:19:32.207 - INFO: val/mae: 0.2940981686115265	
25-01-04 03:19:32.292 - INFO: val/mse: 0.18697631359100342	
25-01-04 03:19:32.292 - INFO: val/SSIM: 0.3766953142048785	
25-01-04 03:19:32.292 - INFO: val/PSNR: 17.67622148973921	
25-01-04 03:19:32.292 - INFO: val/VAL_MSE: 0.0032875104807317257	
25-01-04 03:19:32.292 - INFO: 
------------------------------Validation End------------------------------


25-01-04 03:35:14.347 - INFO: train/mse_loss: 0.0031648420739641093	
25-01-04 03:38:23.900 - INFO: train/mse_loss: 0.003134107913770465	
25-01-04 03:38:23.907 - INFO: epoch: 49	
25-01-04 03:38:23.907 - INFO: iters: 431484	
25-01-04 03:38:23.907 - INFO: 


------------------------------Validation Start------------------------------
25-01-04 03:53:32.073 - INFO: val/mae: 0.562415599822998	
25-01-04 03:53:32.385 - INFO: val/mse: 0.5019261240959167	
25-01-04 03:53:32.385 - INFO: val/SSIM: 0.12811596715014772	
25-01-04 03:53:32.385 - INFO: val/PSNR: 11.5418996210085	
25-01-04 03:53:32.385 - INFO: val/VAL_MSE: 0.004575367085635662	
25-01-04 03:53:32.385 - INFO: 
------------------------------Validation End------------------------------


25-01-04 04:12:22.722 - INFO: train/mse_loss: 0.0035411329845109283	
25-01-04 04:12:22.724 - INFO: epoch: 50	
25-01-04 04:12:22.724 - INFO: iters: 440290	
25-01-04 04:12:22.724 - INFO: Saving the self at the end of epoch 50
25-01-04 04:12:28.444 - INFO: 


------------------------------Validation Start------------------------------
25-01-04 05:04:34.129 - INFO: val/mae: 0.4292498528957367	
25-01-04 05:04:34.131 - INFO: val/mse: 0.3780497908592224	
25-01-04 05:04:34.131 - INFO: val/SSIM: 0.2506517313646648	
25-01-04 05:04:34.131 - INFO: val/PSNR: 16.149734926614386	
25-01-04 05:04:34.131 - INFO: val/VAL_MSE: 0.004662655293941498	
25-01-04 05:04:34.131 - INFO: 
------------------------------Validation End------------------------------


25-01-04 05:24:04.961 - INFO: train/mse_loss: 0.0033279225350748396	
25-01-04 05:24:04.962 - INFO: epoch: 51	
25-01-04 05:24:04.962 - INFO: iters: 449096	
25-01-04 05:24:04.962 - INFO: 


------------------------------Validation Start------------------------------
25-01-04 05:39:24.697 - INFO: val/mae: 1.3975934982299805	
25-01-04 05:39:24.698 - INFO: val/mse: 2.1611149311065674	
25-01-04 05:39:24.698 - INFO: val/SSIM: 0.014770270109794448	
25-01-04 05:39:24.698 - INFO: val/PSNR: 4.124789531714227	
25-01-04 05:39:24.698 - INFO: val/VAL_MSE: 0.002955236006528139	
25-01-04 05:39:24.698 - INFO: 
------------------------------Validation End------------------------------


25-01-04 05:58:13.347 - INFO: train/mse_loss: 0.0034356246325115123	
25-01-04 05:58:13.349 - INFO: epoch: 52	
25-01-04 05:58:13.349 - INFO: iters: 457902	
25-01-04 05:58:13.349 - INFO: 


------------------------------Validation Start------------------------------
25-01-04 06:13:19.653 - INFO: val/mae: 0.5230780243873596	
25-01-04 06:13:19.654 - INFO: val/mse: 0.4067575931549072	
25-01-04 06:13:19.654 - INFO: val/SSIM: 0.13352944610299208	
25-01-04 06:13:19.654 - INFO: val/PSNR: 11.496894151899104	
25-01-04 06:13:19.654 - INFO: val/VAL_MSE: 0.0048690722323954105	
25-01-04 06:13:19.654 - INFO: 
------------------------------Validation End------------------------------


25-01-04 06:17:57.393 - INFO: train/mse_loss: 0.003391688270141695	
25-01-04 06:32:08.819 - INFO: train/mse_loss: 0.003144982082748906	
25-01-04 06:32:08.820 - INFO: epoch: 53	
25-01-04 06:32:08.820 - INFO: iters: 466708	
25-01-04 06:32:08.820 - INFO: 


------------------------------Validation Start------------------------------
25-01-04 06:47:31.258 - INFO: val/mae: 0.3083879351615906	
25-01-04 06:47:31.260 - INFO: val/mse: 0.19664297997951508	
25-01-04 06:47:31.260 - INFO: val/SSIM: 0.302910377637944	
25-01-04 06:47:31.260 - INFO: val/PSNR: 17.235590680812617	
25-01-04 06:47:31.260 - INFO: val/VAL_MSE: 0.004528449848294258	
25-01-04 06:47:31.260 - INFO: 
------------------------------Validation End------------------------------


25-01-04 07:06:15.528 - INFO: train/mse_loss: 0.003245713469638302	
25-01-04 07:06:15.534 - INFO: epoch: 54	
25-01-04 07:06:15.534 - INFO: iters: 475514	
25-01-04 07:06:15.534 - INFO: 


------------------------------Validation Start------------------------------
25-01-04 07:21:21.304 - INFO: val/mae: 0.9521978497505188	
25-01-04 07:21:21.305 - INFO: val/mse: 1.254909873008728	
25-01-04 07:21:21.305 - INFO: val/SSIM: 0.07325366575896777	
25-01-04 07:21:21.305 - INFO: val/PSNR: 8.377669052079584	
25-01-04 07:21:21.305 - INFO: val/VAL_MSE: 0.0032112235203385353	
25-01-04 07:21:21.305 - INFO: 
------------------------------Validation End------------------------------


25-01-04 07:31:14.481 - INFO: train/mse_loss: 0.0031382254614506755	
25-01-04 07:40:23.151 - INFO: train/mse_loss: 0.0032438056437519708	
25-01-04 07:40:23.153 - INFO: epoch: 55	
25-01-04 07:40:23.153 - INFO: iters: 484320	
25-01-04 07:40:23.153 - INFO: Saving the self at the end of epoch 55
25-01-04 07:40:29.132 - INFO: 


------------------------------Validation Start------------------------------
25-01-04 07:55:40.002 - INFO: val/mae: 0.4098750054836273	
25-01-04 07:55:40.072 - INFO: val/mse: 0.26796194911003113	
25-01-04 07:55:40.073 - INFO: val/SSIM: 0.16325798926625792	
25-01-04 07:55:40.073 - INFO: val/PSNR: 14.614140311502581	
25-01-04 07:55:40.073 - INFO: val/VAL_MSE: 0.0037811710499227047	
25-01-04 07:55:40.073 - INFO: 
------------------------------Validation End------------------------------


25-01-04 08:14:23.318 - INFO: train/mse_loss: 0.003177965690052458	
25-01-04 08:14:23.319 - INFO: epoch: 56	
25-01-04 08:14:23.319 - INFO: iters: 493126	
25-01-04 08:14:23.319 - INFO: 


------------------------------Validation Start------------------------------
25-01-04 08:29:30.487 - INFO: val/mae: 0.6553321480751038	
25-01-04 08:29:30.489 - INFO: val/mse: 0.6407822370529175	
25-01-04 08:29:30.489 - INFO: val/SSIM: 0.09249109715555978	
25-01-04 08:29:30.489 - INFO: val/PSNR: 9.877324865877409	
25-01-04 08:29:30.489 - INFO: val/VAL_MSE: 0.002746612997725606	
25-01-04 08:29:30.489 - INFO: 
------------------------------Validation End------------------------------


25-01-04 08:44:26.641 - INFO: train/mse_loss: 0.003130662061387618	
25-01-04 08:48:33.280 - INFO: train/mse_loss: 0.0031363000600505074	
25-01-04 08:48:33.281 - INFO: epoch: 57	
25-01-04 08:48:33.281 - INFO: iters: 501932	
25-01-04 08:48:33.281 - INFO: 


------------------------------Validation Start------------------------------
25-01-04 09:03:59.073 - INFO: val/mae: 0.5255135893821716	
25-01-04 09:03:59.136 - INFO: val/mse: 0.5049161314964294	
25-01-04 09:03:59.136 - INFO: val/SSIM: 0.20834146663406972	
25-01-04 09:03:59.136 - INFO: val/PSNR: 13.721248860379726	
25-01-04 09:03:59.136 - INFO: val/VAL_MSE: 0.003811592236161232	
25-01-04 09:03:59.136 - INFO: 
------------------------------Validation End------------------------------


25-01-04 09:22:44.955 - INFO: train/mse_loss: 0.0032089648066945154	
25-01-04 09:22:44.957 - INFO: epoch: 58	
25-01-04 09:22:44.957 - INFO: iters: 510738	
25-01-04 09:22:44.957 - INFO: 


------------------------------Validation Start------------------------------
25-01-04 09:38:03.262 - INFO: val/mae: 0.1725749373435974	
25-01-04 09:38:03.264 - INFO: val/mse: 0.07272141426801682	
25-01-04 09:38:03.264 - INFO: val/SSIM: 0.3710645052613297	
25-01-04 09:38:03.264 - INFO: val/PSNR: 20.55629765416878	
25-01-04 09:38:03.264 - INFO: val/VAL_MSE: 0.004396491684019566	
25-01-04 09:38:03.264 - INFO: 
------------------------------Validation End------------------------------


25-01-04 09:57:09.612 - INFO: train/mse_loss: 0.0032322142152543722	
25-01-04 09:57:09.613 - INFO: epoch: 59	
25-01-04 09:57:09.613 - INFO: iters: 519544	
25-01-04 09:57:09.613 - INFO: 


------------------------------Validation Start------------------------------
25-01-04 10:12:56.529 - INFO: val/mae: 0.26131996512413025	
25-01-04 10:12:56.531 - INFO: val/mse: 0.16085417568683624	
25-01-04 10:12:56.531 - INFO: val/SSIM: 0.43017256217598077	
25-01-04 10:12:56.531 - INFO: val/PSNR: 18.318244390218904	
25-01-04 10:12:56.531 - INFO: val/VAL_MSE: 0.0033641690388321877	
25-01-04 10:12:56.531 - INFO: 
------------------------------Validation End------------------------------


25-01-04 10:31:44.944 - INFO: train/mse_loss: 0.003118210566350319	
25-01-04 10:31:44.946 - INFO: epoch: 60	
25-01-04 10:31:44.946 - INFO: iters: 528350	
25-01-04 10:31:44.946 - INFO: Saving the self at the end of epoch 60
25-01-04 10:31:51.049 - INFO: 


------------------------------Validation Start------------------------------
25-01-04 10:47:00.973 - INFO: val/mae: 0.5404015779495239	
25-01-04 10:47:00.974 - INFO: val/mse: 0.43081164360046387	
25-01-04 10:47:00.974 - INFO: val/SSIM: 0.16840519247048463	
25-01-04 10:47:00.974 - INFO: val/PSNR: 11.310133906712696	
25-01-04 10:47:00.974 - INFO: val/VAL_MSE: 0.0032775946892797947	
25-01-04 10:47:00.974 - INFO: 
------------------------------Validation End------------------------------


25-01-04 10:50:40.238 - INFO: train/mse_loss: 0.0030403021711585673	
25-01-04 11:05:47.997 - INFO: train/mse_loss: 0.0029022951017278367	
25-01-04 11:05:47.998 - INFO: epoch: 61	
25-01-04 11:05:47.998 - INFO: iters: 537156	
25-01-04 11:05:47.998 - INFO: 


------------------------------Validation Start------------------------------
25-01-04 11:21:02.312 - INFO: val/mae: 0.5792650580406189	
25-01-04 11:21:02.416 - INFO: val/mse: 0.5617519617080688	
25-01-04 11:21:02.416 - INFO: val/SSIM: 0.11818698358694046	
25-01-04 11:21:02.416 - INFO: val/PSNR: 12.693665429386733	
25-01-04 11:21:02.416 - INFO: val/VAL_MSE: 0.0023846165277063847	
25-01-04 11:21:02.416 - INFO: 
------------------------------Validation End------------------------------


25-01-04 11:39:49.950 - INFO: train/mse_loss: 0.0029723388368723016	
25-01-04 11:39:49.952 - INFO: epoch: 62	
25-01-04 11:39:49.952 - INFO: iters: 545962	
25-01-04 11:39:49.952 - INFO: 


------------------------------Validation Start------------------------------
25-01-04 11:55:02.316 - INFO: val/mae: 0.4575643539428711	
25-01-04 11:55:02.318 - INFO: val/mse: 0.3856011629104614	
25-01-04 11:55:02.318 - INFO: val/SSIM: 0.20262035120938976	
25-01-04 11:55:02.318 - INFO: val/PSNR: 14.510641497794273	
25-01-04 11:55:02.318 - INFO: val/VAL_MSE: 0.0038611118216067553	
25-01-04 11:55:02.318 - INFO: 
------------------------------Validation End------------------------------


25-01-04 12:03:51.107 - INFO: train/mse_loss: 0.0030418672784511195	
25-01-04 12:13:57.101 - INFO: train/mse_loss: 0.002876482143994513	
25-01-04 12:13:57.105 - INFO: epoch: 63	
25-01-04 12:13:57.105 - INFO: iters: 554768	
25-01-04 12:13:57.105 - INFO: 


------------------------------Validation Start------------------------------
25-01-04 12:29:09.324 - INFO: val/mae: 0.10679834336042404	
25-01-04 12:29:09.326 - INFO: val/mse: 0.03601094335317612	
25-01-04 12:29:09.326 - INFO: val/SSIM: 0.5930731045366399	
25-01-04 12:29:09.326 - INFO: val/PSNR: 23.872898029835103	
25-01-04 12:29:09.326 - INFO: val/VAL_MSE: 0.0032718463335186243	
25-01-04 12:29:09.326 - INFO: 
------------------------------Validation End------------------------------


25-01-04 12:48:05.557 - INFO: train/mse_loss: 0.00286936437346617	
25-01-04 12:48:05.559 - INFO: epoch: 64	
25-01-04 12:48:05.559 - INFO: iters: 563574	
25-01-04 12:48:05.559 - INFO: 


------------------------------Validation Start------------------------------
25-01-04 13:03:24.303 - INFO: val/mae: 0.6511622667312622	
25-01-04 13:03:24.303 - INFO: val/mse: 0.5735079646110535	
25-01-04 13:03:24.303 - INFO: val/SSIM: 0.07019814518004241	
25-01-04 13:03:24.303 - INFO: val/PSNR: 9.471179674022954	
25-01-04 13:03:24.303 - INFO: val/VAL_MSE: 0.00288320891559124	
25-01-04 13:03:24.303 - INFO: 
------------------------------Validation End------------------------------


25-01-04 13:17:06.283 - INFO: train/mse_loss: 0.003275455358902095	
25-01-04 13:22:09.577 - INFO: train/mse_loss: 0.003088404872485203	
25-01-04 13:22:09.578 - INFO: epoch: 65	
25-01-04 13:22:09.578 - INFO: iters: 572380	
25-01-04 13:22:09.578 - INFO: Saving the self at the end of epoch 65
25-01-04 13:22:15.163 - INFO: 


------------------------------Validation Start------------------------------
25-01-04 13:37:22.673 - INFO: val/mae: 0.09619508683681488	
25-01-04 13:37:22.675 - INFO: val/mse: 0.020710919052362442	
25-01-04 13:37:22.675 - INFO: val/SSIM: 0.550320200951642	
25-01-04 13:37:22.675 - INFO: val/PSNR: 24.666632971193238	
25-01-04 13:37:22.675 - INFO: val/VAL_MSE: 0.0034873296972364187	
25-01-04 13:37:22.675 - INFO: 
------------------------------Validation End------------------------------


25-01-04 13:56:17.616 - INFO: train/mse_loss: 0.0029848221810544985	
25-01-04 13:56:17.617 - INFO: epoch: 66	
25-01-04 13:56:17.617 - INFO: iters: 581186	
25-01-04 13:56:17.617 - INFO: 


------------------------------Validation Start------------------------------
25-01-04 14:11:39.119 - INFO: val/mae: 0.7309655547142029	
25-01-04 14:11:39.120 - INFO: val/mse: 0.6611990332603455	
25-01-04 14:11:39.121 - INFO: val/SSIM: 0.03596337907247341	
25-01-04 14:11:39.121 - INFO: val/PSNR: 7.638028836028579	
25-01-04 14:11:39.121 - INFO: val/VAL_MSE: 0.0039637344889342785	
25-01-04 14:11:39.121 - INFO: 
------------------------------Validation End------------------------------


25-01-04 14:30:23.851 - INFO: train/mse_loss: 0.0030969585420320173	
25-01-04 14:30:23.852 - INFO: epoch: 67	
25-01-04 14:30:23.852 - INFO: iters: 589992	
25-01-04 14:30:23.852 - INFO: 


------------------------------Validation Start------------------------------
25-01-04 14:45:34.936 - INFO: val/mae: 0.1832599937915802	
25-01-04 14:45:34.937 - INFO: val/mse: 0.0765032097697258	
25-01-04 14:45:34.937 - INFO: val/SSIM: 0.39932684039310556	
25-01-04 14:45:34.937 - INFO: val/PSNR: 20.301977454868087	
25-01-04 14:45:34.937 - INFO: val/VAL_MSE: 0.0026406277902424335	
25-01-04 14:45:34.937 - INFO: 
------------------------------Validation End------------------------------


25-01-04 15:04:22.606 - INFO: train/mse_loss: 0.002665353268523372	
25-01-04 15:04:22.611 - INFO: epoch: 68	
25-01-04 15:04:22.611 - INFO: iters: 598798	
25-01-04 15:04:22.612 - INFO: 


------------------------------Validation Start------------------------------
25-01-04 15:19:52.650 - INFO: val/mae: 0.2572506368160248	
25-01-04 15:19:53.465 - INFO: val/mse: 0.10415700823068619	
25-01-04 15:19:53.465 - INFO: val/SSIM: 0.24191295115606382	
25-01-04 15:19:53.465 - INFO: val/PSNR: 17.777200295612325	
25-01-04 15:19:53.465 - INFO: val/VAL_MSE: 0.004453619942069054	
25-01-04 15:19:53.465 - INFO: 
------------------------------Validation End------------------------------


25-01-04 15:22:36.755 - INFO: train/mse_loss: 0.0028520321219846225	
25-01-04 15:38:41.479 - INFO: train/mse_loss: 0.0027892599604511757	
25-01-04 15:38:41.480 - INFO: epoch: 69	
25-01-04 15:38:41.480 - INFO: iters: 607604	
25-01-04 15:38:41.480 - INFO: 


------------------------------Validation Start------------------------------
25-01-04 15:53:54.512 - INFO: val/mae: 0.11941120773553848	
25-01-04 15:53:54.628 - INFO: val/mse: 0.04593317583203316	
25-01-04 15:53:54.628 - INFO: val/SSIM: 0.5562710796536302	
25-01-04 15:53:54.628 - INFO: val/PSNR: 23.791534612023703	
25-01-04 15:53:54.628 - INFO: val/VAL_MSE: 0.0028727478347718716	
25-01-04 15:53:54.628 - INFO: 
------------------------------Validation End------------------------------


25-01-04 16:12:49.169 - INFO: train/mse_loss: 0.0031986281296103028	
25-01-04 16:12:49.171 - INFO: epoch: 70	
25-01-04 16:12:49.171 - INFO: iters: 616410	
25-01-04 16:12:49.171 - INFO: Saving the self at the end of epoch 70
25-01-04 16:12:54.946 - INFO: 


------------------------------Validation Start------------------------------
25-01-04 16:28:16.732 - INFO: val/mae: 0.3229995369911194	
25-01-04 16:28:16.733 - INFO: val/mse: 0.18971732258796692	
25-01-04 16:28:16.733 - INFO: val/SSIM: 0.22631118669694064	
25-01-04 16:28:16.734 - INFO: val/PSNR: 16.551591937313294	
25-01-04 16:28:16.734 - INFO: val/VAL_MSE: 0.003159361192956567	
25-01-04 16:28:16.734 - INFO: 
------------------------------Validation End------------------------------


25-01-04 16:35:59.030 - INFO: train/mse_loss: 0.0026384341365695307	
25-01-04 16:47:07.219 - INFO: train/mse_loss: 0.002768958409318274	
25-01-04 16:47:07.239 - INFO: epoch: 71	
25-01-04 16:47:07.240 - INFO: iters: 625216	
25-01-04 16:47:07.240 - INFO: 


------------------------------Validation Start------------------------------
25-01-04 17:02:29.197 - INFO: val/mae: 0.18677477538585663	
25-01-04 17:02:29.198 - INFO: val/mse: 0.09901604056358337	
25-01-04 17:02:29.198 - INFO: val/SSIM: 0.4075737410064274	
25-01-04 17:02:29.198 - INFO: val/PSNR: 20.75623707703586	
25-01-04 17:02:29.198 - INFO: val/VAL_MSE: 0.005221051163971424	
25-01-04 17:02:29.198 - INFO: 
------------------------------Validation End------------------------------


25-01-04 17:21:13.512 - INFO: train/mse_loss: 0.0024625651238337222	
25-01-04 17:21:13.514 - INFO: epoch: 72	
25-01-04 17:21:13.514 - INFO: iters: 634022	
25-01-04 17:21:13.514 - INFO: 


------------------------------Validation Start------------------------------
25-01-04 17:36:26.642 - INFO: val/mae: 0.2611333131790161	
25-01-04 17:36:26.825 - INFO: val/mse: 0.16743016242980957	
25-01-04 17:36:26.825 - INFO: val/SSIM: 0.352841445959602	
25-01-04 17:36:26.825 - INFO: val/PSNR: 17.999696616186796	
25-01-04 17:36:26.825 - INFO: val/VAL_MSE: 0.0025488981045782566	
25-01-04 17:36:26.825 - INFO: 
------------------------------Validation End------------------------------


25-01-04 17:49:32.729 - INFO: train/mse_loss: 0.00251678858511264	
25-01-04 17:55:33.404 - INFO: train/mse_loss: 0.002723368522651309	
25-01-04 17:55:33.662 - INFO: epoch: 73	
25-01-04 17:55:33.662 - INFO: iters: 642828	
25-01-04 17:55:33.662 - INFO: 


------------------------------Validation Start------------------------------
25-01-04 18:11:07.544 - INFO: val/mae: 0.2922336757183075	
25-01-04 18:11:07.567 - INFO: val/mse: 0.14963920414447784	
25-01-04 18:11:07.567 - INFO: val/SSIM: 0.2646485379216357	
25-01-04 18:11:07.567 - INFO: val/PSNR: 17.43119556133066	
25-01-04 18:11:07.567 - INFO: val/VAL_MSE: 0.0033163747284561396	
25-01-04 18:11:07.568 - INFO: 
------------------------------Validation End------------------------------


25-01-04 18:29:53.549 - INFO: train/mse_loss: 0.0032425022084983843	
25-01-04 18:29:53.551 - INFO: epoch: 74	
25-01-04 18:29:53.551 - INFO: iters: 651634	
25-01-04 18:29:53.552 - INFO: 


------------------------------Validation Start------------------------------
25-01-04 18:45:16.017 - INFO: val/mae: 0.5098311901092529	
25-01-04 18:45:16.113 - INFO: val/mse: 0.38380005955696106	
25-01-04 18:45:16.113 - INFO: val/SSIM: 0.15293925296167826	
25-01-04 18:45:16.113 - INFO: val/PSNR: 11.604096363062016	
25-01-04 18:45:16.113 - INFO: val/VAL_MSE: 0.0035000701900571585	
25-01-04 18:45:16.113 - INFO: 
------------------------------Validation End------------------------------


25-01-04 19:03:12.668 - INFO: train/mse_loss: 0.00307915893858696	
25-01-04 19:04:09.816 - INFO: train/mse_loss: 0.003052542765479024	
25-01-04 19:04:09.820 - INFO: epoch: 75	
25-01-04 19:04:09.820 - INFO: iters: 660440	
25-01-04 19:04:09.820 - INFO: Saving the self at the end of epoch 75
25-01-04 19:04:15.557 - INFO: 


------------------------------Validation Start------------------------------
25-01-04 19:19:45.935 - INFO: val/mae: 0.612050473690033	
25-01-04 19:19:46.074 - INFO: val/mse: 0.6213424801826477	
25-01-04 19:19:46.074 - INFO: val/SSIM: 0.13480939542520326	
25-01-04 19:19:46.074 - INFO: val/PSNR: 12.381189576830126	
25-01-04 19:19:46.074 - INFO: val/VAL_MSE: 0.003474306082352996	
25-01-04 19:19:46.074 - INFO: 
------------------------------Validation End------------------------------


25-01-04 19:38:31.589 - INFO: train/mse_loss: 0.0026316104934628127	
25-01-04 19:38:31.592 - INFO: epoch: 76	
25-01-04 19:38:31.592 - INFO: iters: 669246	
25-01-04 19:38:31.592 - INFO: 


------------------------------Validation Start------------------------------
25-01-04 19:53:50.399 - INFO: val/mae: 0.29798468947410583	
25-01-04 19:53:50.401 - INFO: val/mse: 0.18862010538578033	
25-01-04 19:53:50.401 - INFO: val/SSIM: 0.3438126861803639	
25-01-04 19:53:50.401 - INFO: val/PSNR: 17.46771645379712	
25-01-04 19:53:50.401 - INFO: val/VAL_MSE: 0.004116639494895935	
25-01-04 19:53:50.401 - INFO: 
------------------------------Validation End------------------------------


25-01-04 19:55:36.132 - INFO: train/mse_loss: 0.004172247269756338	
25-01-04 20:12:38.474 - INFO: train/mse_loss: 0.0030871180478838495	
25-01-04 20:12:38.476 - INFO: epoch: 77	
25-01-04 20:12:38.477 - INFO: iters: 678052	
25-01-04 20:12:38.477 - INFO: 


------------------------------Validation Start------------------------------
25-01-04 20:27:46.669 - INFO: val/mae: 0.5071418881416321	
25-01-04 20:27:46.766 - INFO: val/mse: 0.3991224467754364	
25-01-04 20:27:46.766 - INFO: val/SSIM: 0.087322115534875	
25-01-04 20:27:46.766 - INFO: val/PSNR: 11.82231012575823	
25-01-04 20:27:46.766 - INFO: val/VAL_MSE: 0.002947476925328374	
25-01-04 20:27:46.766 - INFO: 
------------------------------Validation End------------------------------


25-01-04 20:46:46.096 - INFO: train/mse_loss: 0.002905287857951016	
25-01-04 20:46:46.097 - INFO: epoch: 78	
25-01-04 20:46:46.097 - INFO: iters: 686858	
25-01-04 20:46:46.097 - INFO: 


------------------------------Validation Start------------------------------
25-01-04 21:01:55.375 - INFO: val/mae: 0.394717812538147	
25-01-04 21:01:55.376 - INFO: val/mse: 0.24489517509937286	
25-01-04 21:01:55.377 - INFO: val/SSIM: 0.17560897539476422	
25-01-04 21:01:55.377 - INFO: val/PSNR: 14.305960667600525	
25-01-04 21:01:55.377 - INFO: val/VAL_MSE: 0.0024596748407930136	
25-01-04 21:01:55.377 - INFO: 
------------------------------Validation End------------------------------


25-01-04 21:08:51.945 - INFO: train/mse_loss: 0.0029429792591178774	
25-01-04 21:20:59.386 - INFO: train/mse_loss: 0.0027468828445885527	
25-01-04 21:20:59.387 - INFO: epoch: 79	
25-01-04 21:20:59.388 - INFO: iters: 695664	
25-01-04 21:20:59.388 - INFO: 


------------------------------Validation Start------------------------------
25-01-04 21:36:33.029 - INFO: val/mae: 0.47176751494407654	
25-01-04 21:36:33.031 - INFO: val/mse: 0.3040942847728729	
25-01-04 21:36:33.031 - INFO: val/SSIM: 0.09194262833108847	
25-01-04 21:36:33.031 - INFO: val/PSNR: 12.019067331912357	
25-01-04 21:36:33.031 - INFO: val/VAL_MSE: 0.0037733041681349277	
25-01-04 21:36:33.031 - INFO: 
------------------------------Validation End------------------------------


25-01-04 21:55:23.031 - INFO: train/mse_loss: 0.0025944729107816346	
25-01-04 21:55:23.032 - INFO: epoch: 80	
25-01-04 21:55:23.032 - INFO: iters: 704470	
25-01-04 21:55:23.032 - INFO: Saving the self at the end of epoch 80
25-01-04 21:55:28.998 - INFO: 


------------------------------Validation Start------------------------------
25-01-04 22:10:45.347 - INFO: val/mae: 0.2583031952381134	
25-01-04 22:10:45.533 - INFO: val/mse: 0.13641850650310516	
25-01-04 22:10:45.533 - INFO: val/SSIM: 0.3448135790542458	
25-01-04 22:10:45.533 - INFO: val/PSNR: 19.279636653684705	
25-01-04 22:10:45.533 - INFO: val/VAL_MSE: 0.0036789895966649055	
25-01-04 22:10:45.533 - INFO: 
------------------------------Validation End------------------------------


25-01-04 22:22:33.946 - INFO: train/mse_loss: 0.0023406323635358803	
25-01-04 22:29:31.603 - INFO: train/mse_loss: 0.0025323082520432327	
25-01-04 22:29:31.604 - INFO: epoch: 81	
25-01-04 22:29:31.604 - INFO: iters: 713276	
25-01-04 22:29:31.604 - INFO: 


------------------------------Validation Start------------------------------
25-01-04 22:44:40.234 - INFO: val/mae: 0.22160334885120392	
25-01-04 22:44:40.235 - INFO: val/mse: 0.12859241664409637	
25-01-04 22:44:40.235 - INFO: val/SSIM: 0.42933554172460686	
25-01-04 22:44:40.235 - INFO: val/PSNR: 19.46661380862359	
25-01-04 22:44:40.235 - INFO: val/VAL_MSE: 0.004332167096436024	
25-01-04 22:44:40.235 - INFO: 
------------------------------Validation End------------------------------


25-01-04 23:03:36.307 - INFO: train/mse_loss: 0.0030680454545827405	
25-01-04 23:03:36.308 - INFO: epoch: 82	
25-01-04 23:03:36.308 - INFO: iters: 722082	
25-01-04 23:03:36.308 - INFO: 


------------------------------Validation Start------------------------------
25-01-04 23:19:14.667 - INFO: val/mae: 0.21520598232746124	
25-01-04 23:19:14.668 - INFO: val/mse: 0.0880359411239624	
25-01-04 23:19:14.668 - INFO: val/SSIM: 0.257212918184261	
25-01-04 23:19:14.668 - INFO: val/PSNR: 18.577064866422084	
25-01-04 23:19:14.668 - INFO: val/VAL_MSE: 0.003298551309853792	
25-01-04 23:19:14.668 - INFO: 
------------------------------Validation End------------------------------


