25-01-11 12:26:20.396 - WARNING: Warning: visualization (Tensorboard) is configured to use, but currently not installed on this machine. Please install TensorboardX with 'pip install tensorboardx', upgrade PyTorch to version >= 1.1 to use 'torch.utils.tensorboard' or turn off the option in the 'config.json' file.
25-01-11 12:26:20.396 - INFO: Create the log file in directory checkpoints/train_mri2ct_g_nc1.

25-01-11 12:26:21.492 - INFO: Network [Network() form models.network] is created.
25-01-11 12:26:21.492 - INFO: Network [Network] weights initialize using [kaiming] method.
25-01-11 12:26:40.804 - INFO: Dataset [MRI2CTDataset() form data.dataset] is created.
25-01-11 12:26:40.804 - INFO: Dataset for train have 40012 samples.
25-01-11 12:26:44.901 - INFO: Dataset [MRI2CTDataset() form data.dataset] is created.
25-01-11 12:26:44.901 - INFO: Dataset for val have 10186 samples.
25-01-11 12:26:45.779 - INFO: Metric [mae() form models.metric] is created.
25-01-11 12:26:45.779 - INFO: Metric [mse() form models.metric] is created.
25-01-11 12:26:45.779 - INFO: Metric [SSIM() form models.metric] is created.
25-01-11 12:26:45.779 - INFO: Metric [PSNR() form models.metric] is created.
25-01-11 12:26:45.781 - INFO: Loss [mae_loss() form models.loss] is created.
25-01-11 12:26:52.943 - INFO: Model [Palette() form models.model] is created.
25-01-11 12:26:52.944 - INFO: Begin model train.
25-01-11 12:47:58.740 - INFO: train/mae_loss: 0.09067304354459048	
25-01-11 12:47:59.534 - INFO: train/mae_loss: 0.09067304354459048	
25-01-11 12:47:59.534 - INFO: epoch: 1	
25-01-11 12:47:59.534 - INFO: iters: 10000	
25-01-11 12:47:59.534 - INFO: 


------------------------------Validation Start------------------------------
25-01-11 13:03:08.604 - INFO: val/mae: 0.6410101056098938	
25-01-11 13:03:08.605 - INFO: val/mse: 0.5439996719360352	
25-01-11 13:03:08.605 - INFO: val/SSIM: 0.0425491604981343	
25-01-11 13:03:08.605 - INFO: val/PSNR: 7.330003651301437	
25-01-11 13:03:08.605 - INFO: val/VAL_MSE: 0.0416208878159523	
25-01-11 13:03:08.605 - INFO: 
------------------------------Validation End------------------------------


25-01-11 13:24:21.665 - INFO: train/mae_loss: 0.03903444580696523	
25-01-11 13:24:21.665 - INFO: epoch: 2	
25-01-11 13:24:21.665 - INFO: iters: 20010	
25-01-11 13:24:21.666 - INFO: 


------------------------------Validation Start------------------------------
25-01-11 13:39:33.096 - INFO: val/mae: 0.504616916179657	
25-01-11 13:39:33.097 - INFO: val/mse: 0.4498647153377533	
25-01-11 13:39:33.097 - INFO: val/SSIM: 0.16221026737281635	
25-01-11 13:39:33.097 - INFO: val/PSNR: 11.701968445623551	
25-01-11 13:39:33.097 - INFO: val/VAL_MSE: 0.029498206451535225	
25-01-11 13:39:33.097 - INFO: 
------------------------------Validation End------------------------------


25-01-11 14:00:50.998 - INFO: train/mae_loss: 0.0320201000411489	
25-01-11 14:00:54.489 - INFO: train/mae_loss: 0.03203069693185389	
25-01-11 14:00:54.489 - INFO: epoch: 3	
25-01-11 14:00:54.490 - INFO: iters: 30020	
25-01-11 14:00:54.490 - INFO: 


------------------------------Validation Start------------------------------
25-01-11 14:16:10.051 - INFO: val/mae: 0.5213017463684082	
25-01-11 14:16:10.051 - INFO: val/mse: 0.43066173791885376	
25-01-11 14:16:10.051 - INFO: val/SSIM: 0.06754873937583368	
25-01-11 14:16:10.051 - INFO: val/PSNR: 11.455082488418245	
25-01-11 14:16:10.052 - INFO: val/VAL_MSE: 0.026204358786344528	
25-01-11 14:16:10.052 - INFO: 
------------------------------Validation End------------------------------


25-01-11 14:37:29.196 - INFO: train/mae_loss: 0.028857683558389545	
25-01-11 14:37:29.197 - INFO: epoch: 4	
25-01-11 14:37:29.197 - INFO: iters: 40030	
25-01-11 14:37:29.197 - INFO: 


------------------------------Validation Start------------------------------
25-01-11 14:52:42.471 - INFO: val/mae: 0.06863689422607422	
25-01-11 14:52:42.472 - INFO: val/mse: 0.018002089112997055	
25-01-11 14:52:42.472 - INFO: val/SSIM: 0.3861629196736997	
25-01-11 14:52:42.472 - INFO: val/PSNR: 19.873357896005935	
25-01-11 14:52:42.472 - INFO: val/VAL_MSE: 0.023611919954419136	
25-01-11 14:52:42.472 - INFO: 
------------------------------Validation End------------------------------


25-01-11 15:13:57.160 - INFO: train/mae_loss: 0.025701793965632956	
25-01-11 15:14:03.542 - INFO: train/mae_loss: 0.025692351729609073	
25-01-11 15:14:03.542 - INFO: epoch: 5	
25-01-11 15:14:03.542 - INFO: iters: 50040	
25-01-11 15:14:03.542 - INFO: Saving the self at the end of epoch 5
25-01-11 15:14:09.158 - INFO: 


------------------------------Validation Start------------------------------
25-01-11 15:29:22.854 - INFO: val/mae: 1.0513883829116821	
25-01-11 15:29:22.855 - INFO: val/mse: 1.3936767578125	
25-01-11 15:29:22.855 - INFO: val/SSIM: 0.035440760569493086	
25-01-11 15:29:22.855 - INFO: val/PSNR: 6.478847967780787	
25-01-11 15:29:22.855 - INFO: val/VAL_MSE: 0.027354391291737556	
25-01-11 15:29:22.855 - INFO: 
------------------------------Validation End------------------------------


25-01-11 15:50:43.139 - INFO: train/mae_loss: 0.024686036086454987	
25-01-11 15:50:43.140 - INFO: epoch: 6	
25-01-11 15:50:43.140 - INFO: iters: 60050	
25-01-11 15:50:43.140 - INFO: 


------------------------------Validation Start------------------------------
25-01-11 16:06:06.604 - INFO: val/mae: 0.5422409772872925	
25-01-11 16:06:06.606 - INFO: val/mse: 0.4301944375038147	
25-01-11 16:06:06.606 - INFO: val/SSIM: 0.13528396678307442	
25-01-11 16:06:06.606 - INFO: val/PSNR: 10.74893653691284	
25-01-11 16:06:06.606 - INFO: val/VAL_MSE: 0.020513787865638733	
25-01-11 16:06:06.606 - INFO: 
------------------------------Validation End------------------------------


25-01-11 16:27:20.188 - INFO: train/mae_loss: 0.023565940953738672	
25-01-11 16:27:29.328 - INFO: train/mae_loss: 0.023552845771424472	
25-01-11 16:27:29.328 - INFO: epoch: 7	
25-01-11 16:27:29.328 - INFO: iters: 70060	
25-01-11 16:27:29.329 - INFO: 


------------------------------Validation Start------------------------------
25-01-11 16:42:57.457 - INFO: val/mae: 0.879666805267334	
25-01-11 16:42:57.458 - INFO: val/mse: 1.0129268169403076	
25-01-11 16:42:57.458 - INFO: val/SSIM: 0.04395568425190983	
25-01-11 16:42:57.458 - INFO: val/PSNR: 7.723520161108974	
25-01-11 16:42:57.458 - INFO: val/VAL_MSE: 0.022121373564004898	
25-01-11 16:42:57.458 - INFO: 
------------------------------Validation End------------------------------


25-01-11 17:04:22.556 - INFO: train/mae_loss: 0.02216130599696189	
25-01-11 17:04:22.556 - INFO: epoch: 8	
25-01-11 17:04:22.556 - INFO: iters: 80070	
25-01-11 17:04:22.557 - INFO: 


------------------------------Validation Start------------------------------
25-01-11 17:19:47.264 - INFO: val/mae: 0.7656806111335754	
25-01-11 17:19:47.265 - INFO: val/mse: 0.7309533953666687	
25-01-11 17:19:47.265 - INFO: val/SSIM: 0.027912471094520684	
25-01-11 17:19:47.265 - INFO: val/PSNR: 7.7841553874651295	
25-01-11 17:19:47.265 - INFO: val/VAL_MSE: 0.01645064726471901	
25-01-11 17:19:47.265 - INFO: 
------------------------------Validation End------------------------------


25-01-11 17:40:59.002 - INFO: train/mae_loss: 0.021166906764753343	
25-01-11 17:41:10.044 - INFO: train/mae_loss: 0.02112730173282325	
25-01-11 17:41:10.044 - INFO: epoch: 9	
25-01-11 17:41:10.044 - INFO: iters: 90080	
25-01-11 17:41:10.044 - INFO: 


------------------------------Validation Start------------------------------
25-01-11 17:56:33.538 - INFO: val/mae: 0.44132933020591736	
25-01-11 17:56:33.540 - INFO: val/mse: 0.4525061547756195	
25-01-11 17:56:33.540 - INFO: val/SSIM: 0.2877200540873928	
25-01-11 17:56:33.540 - INFO: val/PSNR: 13.930315514895602	
25-01-11 17:56:33.540 - INFO: val/VAL_MSE: 0.02199522778391838	
25-01-11 17:56:33.540 - INFO: 
------------------------------Validation End------------------------------


25-01-11 18:17:57.898 - INFO: train/mae_loss: 0.021606552942469714	
25-01-11 18:17:57.901 - INFO: epoch: 10	
25-01-11 18:17:57.901 - INFO: iters: 100090	
25-01-11 18:17:57.901 - INFO: Saving the self at the end of epoch 10
25-01-11 18:18:03.619 - INFO: 


------------------------------Validation Start------------------------------
25-01-11 18:33:24.502 - INFO: val/mae: 0.05425630882382393	
25-01-11 18:33:24.502 - INFO: val/mse: 0.015727782621979713	
25-01-11 18:33:24.502 - INFO: val/SSIM: 0.6206726601504182	
25-01-11 18:33:24.502 - INFO: val/PSNR: 23.43295716129968	
25-01-11 18:33:24.502 - INFO: val/VAL_MSE: 0.01945396140217781	
25-01-11 18:33:24.502 - INFO: 
------------------------------Validation End------------------------------


25-01-11 18:55:11.858 - INFO: train/mae_loss: 0.0203029908892708	
25-01-11 18:55:25.575 - INFO: train/mae_loss: 0.02034961846396327	
25-01-11 18:55:25.575 - INFO: epoch: 11	
25-01-11 18:55:25.575 - INFO: iters: 110100	
25-01-11 18:55:25.575 - INFO: 


------------------------------Validation Start------------------------------
25-01-11 19:10:48.614 - INFO: val/mae: 0.6893561482429504	
25-01-11 19:10:48.615 - INFO: val/mse: 0.726738691329956	
25-01-11 19:10:48.615 - INFO: val/SSIM: 0.09458329326415113	
25-01-11 19:10:48.615 - INFO: val/PSNR: 10.7990636385609	
25-01-11 19:10:48.615 - INFO: val/VAL_MSE: 0.01872713305056095	
25-01-11 19:10:48.615 - INFO: 
------------------------------Validation End------------------------------


25-01-11 19:32:14.613 - INFO: train/mae_loss: 0.019914519791770727	
25-01-11 19:32:14.620 - INFO: epoch: 12	
25-01-11 19:32:14.620 - INFO: iters: 120110	
25-01-11 19:32:14.620 - INFO: 


------------------------------Validation Start------------------------------
25-01-11 19:47:41.922 - INFO: val/mae: 0.03083738498389721	
25-01-11 19:47:41.923 - INFO: val/mse: 0.009275044314563274	
25-01-11 19:47:41.923 - INFO: val/SSIM: 0.8203111101489691	
25-01-11 19:47:41.923 - INFO: val/PSNR: 22.938184858429782	
25-01-11 19:47:41.923 - INFO: val/VAL_MSE: 0.01845667138695717	
25-01-11 19:47:41.923 - INFO: 
------------------------------Validation End------------------------------


25-01-11 20:08:47.992 - INFO: train/mae_loss: 0.02048464549690304	
25-01-11 20:09:04.193 - INFO: train/mae_loss: 0.020441240609064697	
25-01-11 20:09:04.194 - INFO: epoch: 13	
25-01-11 20:09:04.194 - INFO: iters: 130120	
25-01-11 20:09:04.194 - INFO: 


------------------------------Validation Start------------------------------
25-01-11 20:24:23.398 - INFO: val/mae: 0.9730132222175598	
25-01-11 20:24:23.399 - INFO: val/mse: 1.2233718633651733	
25-01-11 20:24:23.399 - INFO: val/SSIM: 0.032322149805842366	
25-01-11 20:24:23.399 - INFO: val/PSNR: 6.054814466889714	
25-01-11 20:24:23.399 - INFO: val/VAL_MSE: 0.02706589549779892	
25-01-11 20:24:23.399 - INFO: 
------------------------------Validation End------------------------------


25-01-11 20:45:49.941 - INFO: train/mae_loss: 0.019621392916329205	
25-01-11 20:45:49.955 - INFO: epoch: 14	
25-01-11 20:45:49.955 - INFO: iters: 140130	
25-01-11 20:45:49.955 - INFO: 


------------------------------Validation Start------------------------------
25-01-11 21:01:17.758 - INFO: val/mae: 0.2982601523399353	
25-01-11 21:01:17.759 - INFO: val/mse: 0.16966398060321808	
25-01-11 21:01:17.759 - INFO: val/SSIM: 0.2424064981507764	
25-01-11 21:01:17.759 - INFO: val/PSNR: 16.753014332277296	
25-01-11 21:01:17.759 - INFO: val/VAL_MSE: 0.01823453977704048	
25-01-11 21:01:17.759 - INFO: 
------------------------------Validation End------------------------------


25-01-11 21:22:28.727 - INFO: train/mae_loss: 0.01886192690675538	
25-01-11 21:22:47.666 - INFO: train/mae_loss: 0.01885318108778447	
25-01-11 21:22:47.666 - INFO: epoch: 15	
25-01-11 21:22:47.666 - INFO: iters: 150140	
25-01-11 21:22:47.666 - INFO: Saving the self at the end of epoch 15
25-01-11 21:22:52.940 - INFO: 


------------------------------Validation Start------------------------------
25-01-11 21:38:26.746 - INFO: val/mae: 1.1333203315734863	
25-01-11 21:38:26.747 - INFO: val/mse: 1.5516289472579956	
25-01-11 21:38:26.747 - INFO: val/SSIM: 0.0306327787155469	
25-01-11 21:38:26.747 - INFO: val/PSNR: 6.0162062309544835	
25-01-11 21:38:26.747 - INFO: val/VAL_MSE: 0.020724600180983543	
25-01-11 21:38:26.747 - INFO: 
------------------------------Validation End------------------------------


25-01-11 21:59:52.852 - INFO: train/mae_loss: 0.01905237091798335	
25-01-11 21:59:52.866 - INFO: epoch: 16	
25-01-11 21:59:52.866 - INFO: iters: 160150	
25-01-11 21:59:52.866 - INFO: 


------------------------------Validation Start------------------------------
25-01-11 22:15:21.486 - INFO: val/mae: 0.0568709559738636	
25-01-11 22:15:21.487 - INFO: val/mse: 0.019180703908205032	
25-01-11 22:15:21.487 - INFO: val/SSIM: 0.7475993079693914	
25-01-11 22:15:21.487 - INFO: val/PSNR: 23.208945734922207	
25-01-11 22:15:21.487 - INFO: val/VAL_MSE: 0.017974339425563812	
25-01-11 22:15:21.487 - INFO: 
------------------------------Validation End------------------------------


25-01-11 22:36:22.180 - INFO: train/mae_loss: 0.018953938163510275	
25-01-11 22:36:43.521 - INFO: train/mae_loss: 0.018953955154959113	
25-01-11 22:36:43.522 - INFO: epoch: 17	
25-01-11 22:36:43.522 - INFO: iters: 170160	
25-01-11 22:36:43.522 - INFO: 


------------------------------Validation Start------------------------------
25-01-11 22:52:08.773 - INFO: val/mae: 0.30694419145584106	
25-01-11 22:52:08.774 - INFO: val/mse: 0.18514826893806458	
25-01-11 22:52:08.774 - INFO: val/SSIM: 0.309024497482168	
25-01-11 22:52:08.774 - INFO: val/PSNR: 15.812250014756472	
25-01-11 22:52:08.774 - INFO: val/VAL_MSE: 0.01693427562713623	
25-01-11 22:52:08.774 - INFO: 
------------------------------Validation End------------------------------


25-01-11 23:13:37.070 - INFO: train/mae_loss: 0.01812257083216682	
25-01-11 23:13:37.071 - INFO: epoch: 18	
25-01-11 23:13:37.071 - INFO: iters: 180170	
25-01-11 23:13:37.071 - INFO: 


------------------------------Validation Start------------------------------
25-01-11 23:29:15.245 - INFO: val/mae: 0.1428328901529312	
25-01-11 23:29:15.246 - INFO: val/mse: 0.059868138283491135	
25-01-11 23:29:15.246 - INFO: val/SSIM: 0.4972238280465747	
25-01-11 23:29:15.246 - INFO: val/PSNR: 18.540685067870562	
25-01-11 23:29:15.246 - INFO: val/VAL_MSE: 0.016431933268904686	
25-01-11 23:29:15.246 - INFO: 
------------------------------Validation End------------------------------


25-01-11 23:50:16.556 - INFO: train/mae_loss: 0.017980377345256766	
25-01-11 23:50:40.563 - INFO: train/mae_loss: 0.018013418333698065	
25-01-11 23:50:40.563 - INFO: epoch: 19	
25-01-11 23:50:40.563 - INFO: iters: 190180	
25-01-11 23:50:40.563 - INFO: 


------------------------------Validation Start------------------------------
25-01-12 00:06:19.654 - INFO: val/mae: 0.21949122846126556	
25-01-12 00:06:19.655 - INFO: val/mse: 0.11193765699863434	
25-01-12 00:06:19.655 - INFO: val/SSIM: 0.3180638081455466	
25-01-12 00:06:19.655 - INFO: val/PSNR: 15.842461099693514	
25-01-12 00:06:19.655 - INFO: val/VAL_MSE: 0.016132066026329994	
25-01-12 00:06:19.655 - INFO: 
------------------------------Validation End------------------------------


25-01-12 00:27:49.151 - INFO: train/mae_loss: 0.017838194764684887	
25-01-12 00:27:49.158 - INFO: epoch: 20	
25-01-12 00:27:49.158 - INFO: iters: 200190	
25-01-12 00:27:49.158 - INFO: Saving the self at the end of epoch 20
25-01-12 00:27:54.329 - INFO: 


------------------------------Validation Start------------------------------
25-01-12 00:43:20.486 - INFO: val/mae: 0.03548400104045868	
25-01-12 00:43:20.488 - INFO: val/mse: 0.010689846239984035	
25-01-12 00:43:20.488 - INFO: val/SSIM: 0.786239243047082	
25-01-12 00:43:20.488 - INFO: val/PSNR: 24.689032048049008	
25-01-12 00:43:20.488 - INFO: val/VAL_MSE: 0.017135359346866608	
25-01-12 00:43:20.488 - INFO: 
------------------------------Validation End------------------------------


25-01-12 01:04:19.212 - INFO: train/mae_loss: 0.018345933370482254	
25-01-12 01:04:45.714 - INFO: train/mae_loss: 0.01833780520744622	
25-01-12 01:04:45.714 - INFO: epoch: 21	
25-01-12 01:04:45.714 - INFO: iters: 210200	
25-01-12 01:04:45.714 - INFO: 


------------------------------Validation Start------------------------------
25-01-12 01:20:23.762 - INFO: val/mae: 0.42244550585746765	
25-01-12 01:20:23.763 - INFO: val/mse: 0.3179246485233307	
25-01-12 01:20:23.763 - INFO: val/SSIM: 0.20151062260745825	
25-01-12 01:20:23.763 - INFO: val/PSNR: 12.926383205165061	
25-01-12 01:20:23.763 - INFO: val/VAL_MSE: 0.015148176811635494	
25-01-12 01:20:23.763 - INFO: 
------------------------------Validation End------------------------------


25-01-12 01:41:52.007 - INFO: train/mae_loss: 0.018049179888051003	
25-01-12 01:41:52.013 - INFO: epoch: 22	
25-01-12 01:41:52.013 - INFO: iters: 220210	
25-01-12 01:41:52.013 - INFO: 


------------------------------Validation Start------------------------------
25-01-12 01:57:34.708 - INFO: val/mae: 0.454071044921875	
25-01-12 01:57:34.709 - INFO: val/mse: 0.347909539937973	
25-01-12 01:57:34.709 - INFO: val/SSIM: 0.16633036414142846	
25-01-12 01:57:34.709 - INFO: val/PSNR: 11.377523843463957	
25-01-12 01:57:34.709 - INFO: val/VAL_MSE: 0.017199821770191193	
25-01-12 01:57:34.709 - INFO: 
------------------------------Validation End------------------------------


25-01-12 02:18:29.862 - INFO: train/mae_loss: 0.017812606548901898	
25-01-12 02:18:58.859 - INFO: train/mae_loss: 0.017803883448801936	
25-01-12 02:18:58.869 - INFO: epoch: 23	
25-01-12 02:18:58.869 - INFO: iters: 230220	
25-01-12 02:18:58.869 - INFO: 


------------------------------Validation Start------------------------------
25-01-12 02:34:27.255 - INFO: val/mae: 0.609438419342041	
25-01-12 02:34:27.255 - INFO: val/mse: 0.5077509880065918	
25-01-12 02:34:27.255 - INFO: val/SSIM: 0.07521543020347417	
25-01-12 02:34:27.255 - INFO: val/PSNR: 8.722857021256452	
25-01-12 02:34:27.256 - INFO: val/VAL_MSE: 0.01596241071820259	
25-01-12 02:34:27.256 - INFO: 
------------------------------Validation End------------------------------


25-01-12 02:55:55.291 - INFO: train/mae_loss: 0.0172357000191696	
25-01-12 02:55:55.292 - INFO: epoch: 24	
25-01-12 02:55:55.293 - INFO: iters: 240230	
25-01-12 02:55:55.293 - INFO: 


------------------------------Validation Start------------------------------
25-01-12 03:11:35.377 - INFO: val/mae: 0.38590332865715027	
25-01-12 03:11:35.378 - INFO: val/mse: 0.2726210653781891	
25-01-12 03:11:35.378 - INFO: val/SSIM: 0.26029303826473715	
25-01-12 03:11:35.378 - INFO: val/PSNR: 13.37465630406579	
25-01-12 03:11:35.378 - INFO: val/VAL_MSE: 0.018380725756287575	
25-01-12 03:11:35.378 - INFO: 
------------------------------Validation End------------------------------


25-01-12 03:32:26.091 - INFO: train/mae_loss: 0.016899310383415155	
25-01-12 03:32:57.844 - INFO: train/mae_loss: 0.01694478988358751	
25-01-12 03:32:57.846 - INFO: epoch: 25	
25-01-12 03:32:57.846 - INFO: iters: 250240	
25-01-12 03:32:57.846 - INFO: Saving the self at the end of epoch 25
25-01-12 03:33:03.516 - INFO: 


------------------------------Validation Start------------------------------
25-01-12 03:48:40.029 - INFO: val/mae: 0.04971455782651901	
25-01-12 03:48:40.030 - INFO: val/mse: 0.01203086506575346	
25-01-12 03:48:40.030 - INFO: val/SSIM: 0.7423961024833419	
25-01-12 03:48:40.030 - INFO: val/PSNR: 24.685792612587374	
25-01-12 03:48:40.030 - INFO: val/VAL_MSE: 0.01730182021856308	
25-01-12 03:48:40.030 - INFO: 
------------------------------Validation End------------------------------


25-01-12 04:10:07.572 - INFO: train/mae_loss: 0.01720622634431347	
25-01-12 04:10:07.578 - INFO: epoch: 26	
25-01-12 04:10:07.578 - INFO: iters: 260250	
25-01-12 04:10:07.578 - INFO: 


------------------------------Validation Start------------------------------
25-01-12 04:25:40.845 - INFO: val/mae: 0.46801885962486267	
25-01-12 04:25:40.846 - INFO: val/mse: 0.3613958954811096	
25-01-12 04:25:40.846 - INFO: val/SSIM: 0.1949123482834325	
25-01-12 04:25:40.846 - INFO: val/PSNR: 12.724045850867736	
25-01-12 04:25:40.846 - INFO: val/VAL_MSE: 0.016556639224290848	
25-01-12 04:25:40.846 - INFO: 
------------------------------Validation End------------------------------


25-01-12 04:46:27.767 - INFO: train/mae_loss: 0.0169889632728165	
25-01-12 04:47:01.926 - INFO: train/mae_loss: 0.017055467479582875	
25-01-12 04:47:01.928 - INFO: epoch: 27	
25-01-12 04:47:01.928 - INFO: iters: 270260	
25-01-12 04:47:01.928 - INFO: 


------------------------------Validation Start------------------------------
25-01-12 05:02:17.420 - INFO: val/mae: 0.09564155340194702	
25-01-12 05:02:17.421 - INFO: val/mse: 0.04268358647823334	
25-01-12 05:02:17.421 - INFO: val/SSIM: 0.6713620213673742	
25-01-12 05:02:17.421 - INFO: val/PSNR: 21.23434902571386	
25-01-12 05:02:17.422 - INFO: val/VAL_MSE: 0.019096173346042633	
25-01-12 05:02:17.422 - INFO: 
------------------------------Validation End------------------------------


25-01-12 05:23:37.966 - INFO: train/mae_loss: 0.016485684251226485	
25-01-12 05:23:37.967 - INFO: epoch: 28	
25-01-12 05:23:37.967 - INFO: iters: 280270	
25-01-12 05:23:37.967 - INFO: 


------------------------------Validation Start------------------------------
25-01-12 05:39:06.502 - INFO: val/mae: 0.3960374593734741	
25-01-12 05:39:06.502 - INFO: val/mse: 0.252245157957077	
25-01-12 05:39:06.502 - INFO: val/SSIM: 0.18269298054683114	
25-01-12 05:39:06.502 - INFO: val/PSNR: 12.326795154725792	
25-01-12 05:39:06.502 - INFO: val/VAL_MSE: 0.016533924266695976	
25-01-12 05:39:06.502 - INFO: 
------------------------------Validation End------------------------------


25-01-12 05:59:54.985 - INFO: train/mae_loss: 0.01584284481393181	
25-01-12 06:00:31.808 - INFO: train/mae_loss: 0.01580879679992795	
25-01-12 06:00:31.818 - INFO: epoch: 29	
25-01-12 06:00:31.818 - INFO: iters: 290280	
25-01-12 06:00:31.818 - INFO: 


------------------------------Validation Start------------------------------
25-01-12 06:15:59.736 - INFO: val/mae: 0.1763058751821518	
25-01-12 06:15:59.737 - INFO: val/mse: 0.11628787964582443	
25-01-12 06:15:59.738 - INFO: val/SSIM: 0.5682074078360929	
25-01-12 06:15:59.738 - INFO: val/PSNR: 20.35772057046335	
25-01-12 06:15:59.738 - INFO: val/VAL_MSE: 0.016974231228232384	
25-01-12 06:15:59.738 - INFO: 
------------------------------Validation End------------------------------


25-01-12 06:37:20.189 - INFO: train/mae_loss: 0.016523353371303527	
25-01-12 06:37:20.190 - INFO: epoch: 30	
25-01-12 06:37:20.190 - INFO: iters: 300290	
25-01-12 06:37:20.190 - INFO: Saving the self at the end of epoch 30
25-01-12 06:37:25.921 - INFO: 


------------------------------Validation Start------------------------------
25-01-12 06:52:54.531 - INFO: val/mae: 0.04038646072149277	
25-01-12 06:52:54.532 - INFO: val/mse: 0.008504594676196575	
25-01-12 06:52:54.532 - INFO: val/SSIM: 0.781226948086353	
25-01-12 06:52:54.532 - INFO: val/PSNR: 25.598644898259778	
25-01-12 06:52:54.532 - INFO: val/VAL_MSE: 0.01846500299870968	
25-01-12 06:52:54.532 - INFO: 
------------------------------Validation End------------------------------


25-01-12 07:13:40.946 - INFO: train/mae_loss: 0.016706954554280208	
25-01-12 07:14:20.121 - INFO: train/mae_loss: 0.01655609799940139	
25-01-12 07:14:20.131 - INFO: epoch: 31	
25-01-12 07:14:20.131 - INFO: iters: 310300	
25-01-12 07:14:20.131 - INFO: 


------------------------------Validation Start------------------------------
25-01-12 07:29:45.059 - INFO: val/mae: 0.36546221375465393	
25-01-12 07:29:45.060 - INFO: val/mse: 0.24357841908931732	
25-01-12 07:29:45.060 - INFO: val/SSIM: 0.257996661378347	
25-01-12 07:29:45.060 - INFO: val/PSNR: 13.785189267436731	
25-01-12 07:29:45.060 - INFO: val/VAL_MSE: 0.017520509660243988	
25-01-12 07:29:45.060 - INFO: 
------------------------------Validation End------------------------------


25-01-12 07:51:06.607 - INFO: train/mae_loss: 0.01581561231650412	
25-01-12 07:51:06.617 - INFO: epoch: 32	
25-01-12 07:51:06.617 - INFO: iters: 320310	
25-01-12 07:51:06.617 - INFO: 


------------------------------Validation Start------------------------------
25-01-12 08:06:34.425 - INFO: val/mae: 0.053094279021024704	
25-01-12 08:06:34.426 - INFO: val/mse: 0.01703108474612236	
25-01-12 08:06:34.426 - INFO: val/SSIM: 0.7670078364006543	
25-01-12 08:06:34.426 - INFO: val/PSNR: 23.72572391293831	
25-01-12 08:06:34.426 - INFO: val/VAL_MSE: 0.018450334668159485	
25-01-12 08:06:34.426 - INFO: 
------------------------------Validation End------------------------------


25-01-12 08:27:17.163 - INFO: train/mae_loss: 0.016318308284086723	
25-01-12 08:27:59.106 - INFO: train/mae_loss: 0.016446863116696478	
25-01-12 08:27:59.107 - INFO: epoch: 33	
25-01-12 08:27:59.107 - INFO: iters: 330320	
25-01-12 08:27:59.107 - INFO: 


------------------------------Validation Start------------------------------
25-01-12 08:43:31.982 - INFO: val/mae: 0.39874160289764404	
25-01-12 08:43:31.983 - INFO: val/mse: 0.263168066740036	
25-01-12 08:43:31.983 - INFO: val/SSIM: 0.15604292718951887	
25-01-12 08:43:31.983 - INFO: val/PSNR: 11.97897364716436	
25-01-12 08:43:31.983 - INFO: val/VAL_MSE: 0.01617239974439144	
25-01-12 08:43:31.983 - INFO: 
------------------------------Validation End------------------------------


25-01-12 09:04:57.175 - INFO: train/mae_loss: 0.01661485778875649	
25-01-12 09:04:57.176 - INFO: epoch: 34	
25-01-12 09:04:57.177 - INFO: iters: 340330	
25-01-12 09:04:57.177 - INFO: 


------------------------------Validation Start------------------------------
25-01-12 09:20:36.969 - INFO: val/mae: 0.23758064210414886	
25-01-12 09:20:36.971 - INFO: val/mse: 0.1578420251607895	
25-01-12 09:20:36.971 - INFO: val/SSIM: 0.43058232569936283	
25-01-12 09:20:36.971 - INFO: val/PSNR: 16.99889320398967	
25-01-12 09:20:36.971 - INFO: val/VAL_MSE: 0.016223082318902016	
25-01-12 09:20:36.971 - INFO: 
------------------------------Validation End------------------------------


25-01-12 09:41:13.633 - INFO: train/mae_loss: 0.01507983629988973	
25-01-12 09:41:57.978 - INFO: train/mae_loss: 0.015097993863280862	
25-01-12 09:41:57.988 - INFO: epoch: 35	
25-01-12 09:41:57.988 - INFO: iters: 350340	
25-01-12 09:41:57.988 - INFO: Saving the self at the end of epoch 35
25-01-12 09:42:03.956 - INFO: 


------------------------------Validation Start------------------------------
25-01-12 09:57:35.366 - INFO: val/mae: 0.7061569690704346	
25-01-12 09:57:35.366 - INFO: val/mse: 0.6726142168045044	
25-01-12 09:57:35.366 - INFO: val/SSIM: 0.054118274220580645	
25-01-12 09:57:35.366 - INFO: val/PSNR: 7.848320964976571	
25-01-12 09:57:35.366 - INFO: val/VAL_MSE: 0.018119709566235542	
25-01-12 09:57:35.366 - INFO: 
------------------------------Validation End------------------------------


25-01-12 10:18:56.812 - INFO: train/mae_loss: 0.015293358550220728	
25-01-12 10:18:56.815 - INFO: epoch: 36	
25-01-12 10:18:56.815 - INFO: iters: 360350	
25-01-12 10:18:56.815 - INFO: 


------------------------------Validation Start------------------------------
25-01-12 10:34:26.466 - INFO: val/mae: 0.4583248198032379	
25-01-12 10:34:26.468 - INFO: val/mse: 0.3469073176383972	
25-01-12 10:34:26.468 - INFO: val/SSIM: 0.1595755605859062	
25-01-12 10:34:26.468 - INFO: val/PSNR: 11.608305301921364	
25-01-12 10:34:26.468 - INFO: val/VAL_MSE: 0.020774800330400467	
25-01-12 10:34:26.468 - INFO: 
------------------------------Validation End------------------------------


25-01-12 10:55:04.969 - INFO: train/mae_loss: 0.01582218484529893	
25-01-12 10:55:52.147 - INFO: train/mae_loss: 0.015747071505058555	
25-01-12 10:55:52.148 - INFO: epoch: 37	
25-01-12 10:55:52.148 - INFO: iters: 370360	
25-01-12 10:55:52.148 - INFO: 


------------------------------Validation Start------------------------------
25-01-12 11:11:28.377 - INFO: val/mae: 0.6550363898277283	
25-01-12 11:11:28.378 - INFO: val/mse: 0.6606159806251526	
25-01-12 11:11:28.378 - INFO: val/SSIM: 0.106710671649626	
25-01-12 11:11:28.379 - INFO: val/PSNR: 9.672179132189646	
25-01-12 11:11:28.379 - INFO: val/VAL_MSE: 0.01988082565367222	
25-01-12 11:11:28.379 - INFO: 
------------------------------Validation End------------------------------


25-01-12 11:32:50.036 - INFO: train/mae_loss: 0.015326376997120679	
25-01-12 11:32:50.038 - INFO: epoch: 38	
25-01-12 11:32:50.038 - INFO: iters: 380370	
25-01-12 11:32:50.039 - INFO: 


------------------------------Validation Start------------------------------
25-01-12 11:48:20.624 - INFO: val/mae: 0.06386887282133102	
25-01-12 11:48:20.626 - INFO: val/mse: 0.016382737085223198	
25-01-12 11:48:20.626 - INFO: val/SSIM: 0.5681968182830699	
25-01-12 11:48:20.626 - INFO: val/PSNR: 23.938244686788664	
25-01-12 11:48:20.626 - INFO: val/VAL_MSE: 0.01579352840781212	
25-01-12 11:48:20.626 - INFO: 
------------------------------Validation End------------------------------


25-01-12 12:08:53.145 - INFO: train/mae_loss: 0.0158125082412328	
25-01-12 12:09:42.738 - INFO: train/mae_loss: 0.015758223490510134	
25-01-12 12:09:42.739 - INFO: epoch: 39	
25-01-12 12:09:42.740 - INFO: iters: 390380	
25-01-12 12:09:42.740 - INFO: 


------------------------------Validation Start------------------------------
25-01-12 12:25:05.174 - INFO: val/mae: 0.08037027716636658	
25-01-12 12:25:05.175 - INFO: val/mse: 0.02950340323150158	
25-01-12 12:25:05.176 - INFO: val/SSIM: 0.6495470765333138	
25-01-12 12:25:05.176 - INFO: val/PSNR: 23.265735955566054	
25-01-12 12:25:05.176 - INFO: val/VAL_MSE: 0.018558625131845474	
25-01-12 12:25:05.176 - INFO: 
------------------------------Validation End------------------------------


25-01-12 12:46:27.500 - INFO: train/mae_loss: 0.015231863558478654	
25-01-12 12:46:27.503 - INFO: epoch: 40	
25-01-12 12:46:27.503 - INFO: iters: 400390	
25-01-12 12:46:27.503 - INFO: Saving the self at the end of epoch 40
25-01-12 12:46:33.236 - INFO: 


------------------------------Validation Start------------------------------
25-01-12 13:01:59.433 - INFO: val/mae: 0.8752284049987793	
25-01-12 13:01:59.435 - INFO: val/mse: 0.9430316090583801	
25-01-12 13:01:59.435 - INFO: val/SSIM: 0.03512165063150265	
25-01-12 13:01:59.435 - INFO: val/PSNR: 6.877743000761289	
25-01-12 13:01:59.435 - INFO: val/VAL_MSE: 0.019412240013480186	
25-01-12 13:01:59.435 - INFO: 
------------------------------Validation End------------------------------


25-01-12 13:22:28.297 - INFO: train/mae_loss: 0.015064341377001255	
25-01-12 13:23:20.481 - INFO: train/mae_loss: 0.015066219343431294	
25-01-12 13:23:20.482 - INFO: epoch: 41	
25-01-12 13:23:20.482 - INFO: iters: 410400	
25-01-12 13:23:20.482 - INFO: 


------------------------------Validation Start------------------------------
25-01-12 13:38:47.830 - INFO: val/mae: 0.05844636633992195	
25-01-12 13:38:47.832 - INFO: val/mse: 0.019255036488175392	
25-01-12 13:38:47.832 - INFO: val/SSIM: 0.7456900889117851	
25-01-12 13:38:47.832 - INFO: val/PSNR: 24.0827709523267	
25-01-12 13:38:47.832 - INFO: val/VAL_MSE: 0.01796962320804596	
25-01-12 13:38:47.832 - INFO: 
------------------------------Validation End------------------------------


25-01-12 14:00:11.336 - INFO: train/mae_loss: 0.015264621170517058	
25-01-12 14:00:11.337 - INFO: epoch: 42	
25-01-12 14:00:11.337 - INFO: iters: 420410	
25-01-12 14:00:11.337 - INFO: 


------------------------------Validation Start------------------------------
25-01-12 14:15:40.988 - INFO: val/mae: 0.07311510294675827	
25-01-12 14:15:40.989 - INFO: val/mse: 0.022631675004959106	
25-01-12 14:15:40.989 - INFO: val/SSIM: 0.5818843801001378	
25-01-12 14:15:40.989 - INFO: val/PSNR: 22.044583302020655	
25-01-12 14:15:40.989 - INFO: val/VAL_MSE: 0.01602695882320404	
25-01-12 14:15:40.989 - INFO: 
------------------------------Validation End------------------------------


25-01-12 14:36:06.148 - INFO: train/mae_loss: 0.015137183970318706	
25-01-12 14:37:00.763 - INFO: train/mae_loss: 0.01513377509880811	
25-01-12 14:37:00.763 - INFO: epoch: 43	
25-01-12 14:37:00.763 - INFO: iters: 430420	
25-01-12 14:37:00.763 - INFO: 


------------------------------Validation Start------------------------------
25-01-12 14:52:40.433 - INFO: val/mae: 0.02599366381764412	
25-01-12 14:52:40.434 - INFO: val/mse: 0.007635029498487711	
25-01-12 14:52:40.435 - INFO: val/SSIM: 0.8389959423738083	
25-01-12 14:52:40.435 - INFO: val/PSNR: 24.75422335537398	
25-01-12 14:52:40.435 - INFO: val/VAL_MSE: 0.021036889404058456	
25-01-12 14:52:40.435 - INFO: 
------------------------------Validation End------------------------------


25-01-12 15:14:09.431 - INFO: train/mae_loss: 0.015134810265619308	
25-01-12 15:14:09.432 - INFO: epoch: 44	
25-01-12 15:14:09.432 - INFO: iters: 440430	
25-01-12 15:14:09.432 - INFO: 


------------------------------Validation Start------------------------------
25-01-12 15:29:39.550 - INFO: val/mae: 0.16990743577480316	
25-01-12 15:29:39.551 - INFO: val/mse: 0.1128317341208458	
25-01-12 15:29:39.551 - INFO: val/SSIM: 0.529738744998804	
25-01-12 15:29:39.551 - INFO: val/PSNR: 18.9920880004441	
25-01-12 15:29:39.551 - INFO: val/VAL_MSE: 0.01780308037996292	
25-01-12 15:29:39.551 - INFO: 
------------------------------Validation End------------------------------


25-01-12 15:50:08.988 - INFO: train/mae_loss: 0.014739598716398756	
25-01-12 15:51:06.337 - INFO: train/mae_loss: 0.01474890650473535	
25-01-12 15:51:06.339 - INFO: epoch: 45	
25-01-12 15:51:06.339 - INFO: iters: 450440	
25-01-12 15:51:06.339 - INFO: Saving the self at the end of epoch 45
25-01-12 15:51:11.569 - INFO: 


------------------------------Validation Start------------------------------
25-01-12 16:06:43.888 - INFO: val/mae: 0.031045539304614067	
25-01-12 16:06:43.889 - INFO: val/mse: 0.00841206219047308	
25-01-12 16:06:43.889 - INFO: val/SSIM: 0.802862586308961	
25-01-12 16:06:43.889 - INFO: val/PSNR: 24.987859223667733	
25-01-12 16:06:43.889 - INFO: val/VAL_MSE: 0.01613476686179638	
25-01-12 16:06:43.889 - INFO: 
------------------------------Validation End------------------------------


25-01-12 16:28:06.770 - INFO: train/mae_loss: 0.014781150006037205	
25-01-12 16:28:06.773 - INFO: epoch: 46	
25-01-12 16:28:06.773 - INFO: iters: 460450	
25-01-12 16:28:06.773 - INFO: 


------------------------------Validation Start------------------------------
25-01-12 16:43:30.833 - INFO: val/mae: 0.5373734831809998	
25-01-12 16:43:30.834 - INFO: val/mse: 0.4306027889251709	
25-01-12 16:43:30.834 - INFO: val/SSIM: 0.12581918188552815	
25-01-12 16:43:30.834 - INFO: val/PSNR: 10.170919049975094	
25-01-12 16:43:30.834 - INFO: val/VAL_MSE: 0.01867806725203991	
25-01-12 16:43:30.834 - INFO: 
------------------------------Validation End------------------------------


25-01-12 17:03:56.197 - INFO: train/mae_loss: 0.015065373593464932	
25-01-12 17:04:56.164 - INFO: train/mae_loss: 0.015026958562340587	
25-01-12 17:04:56.166 - INFO: epoch: 47	
25-01-12 17:04:56.166 - INFO: iters: 470460	
25-01-12 17:04:56.166 - INFO: 


------------------------------Validation Start------------------------------
25-01-12 17:20:25.224 - INFO: val/mae: 0.17207466065883636	
25-01-12 17:20:25.225 - INFO: val/mse: 0.09564419835805893	
25-01-12 17:20:25.225 - INFO: val/SSIM: 0.5329328881559102	
25-01-12 17:20:25.225 - INFO: val/PSNR: 19.7084106465832	
25-01-12 17:20:25.226 - INFO: val/VAL_MSE: 0.017132282257080078	
25-01-12 17:20:25.226 - INFO: 
------------------------------Validation End------------------------------


25-01-12 17:41:45.660 - INFO: train/mae_loss: 0.014526841634418815	
25-01-12 17:41:45.668 - INFO: epoch: 48	
25-01-12 17:41:45.668 - INFO: iters: 480470	
25-01-12 17:41:45.668 - INFO: 


------------------------------Validation Start------------------------------
25-01-12 17:57:13.509 - INFO: val/mae: 0.04107936844229698	
25-01-12 17:57:13.510 - INFO: val/mse: 0.011762167327105999	
25-01-12 17:57:13.510 - INFO: val/SSIM: 0.7374219896997375	
25-01-12 17:57:13.510 - INFO: val/PSNR: 23.875801145519823	
25-01-12 17:57:13.510 - INFO: val/VAL_MSE: 0.016813740134239197	
25-01-12 17:57:13.510 - INFO: 
------------------------------Validation End------------------------------


25-01-12 18:17:36.182 - INFO: train/mae_loss: 0.014454173575401963	
25-01-12 18:18:38.566 - INFO: train/mae_loss: 0.014497119985986502	
25-01-12 18:18:38.567 - INFO: epoch: 49	
25-01-12 18:18:38.567 - INFO: iters: 490480	
25-01-12 18:18:38.567 - INFO: 


------------------------------Validation Start------------------------------
25-01-12 18:34:09.485 - INFO: val/mae: 0.6048301458358765	
25-01-12 18:34:09.487 - INFO: val/mse: 0.5365262627601624	
25-01-12 18:34:09.487 - INFO: val/SSIM: 0.08437969411858123	
25-01-12 18:34:09.487 - INFO: val/PSNR: 9.023522454862627	
25-01-12 18:34:09.487 - INFO: val/VAL_MSE: 0.01832026243209839	
25-01-12 18:34:09.487 - INFO: 
------------------------------Validation End------------------------------


25-01-12 18:55:34.047 - INFO: train/mae_loss: 0.014516414445266128	
25-01-12 18:55:34.050 - INFO: epoch: 50	
25-01-12 18:55:34.050 - INFO: iters: 500490	
25-01-12 18:55:34.050 - INFO: Saving the self at the end of epoch 50
25-01-12 18:55:39.332 - INFO: 


------------------------------Validation Start------------------------------
25-01-12 19:11:08.275 - INFO: val/mae: 0.26473918557167053	
25-01-12 19:11:08.278 - INFO: val/mse: 0.15238825976848602	
25-01-12 19:11:08.278 - INFO: val/SSIM: 0.2668568284167455	
25-01-12 19:11:08.278 - INFO: val/PSNR: 16.582906557266256	
25-01-12 19:11:08.278 - INFO: val/VAL_MSE: 0.015377604402601719	
25-01-12 19:11:08.278 - INFO: 
------------------------------Validation End------------------------------


25-01-12 19:31:24.862 - INFO: train/mae_loss: 0.01502997025102377	
25-01-12 19:32:29.837 - INFO: train/mae_loss: 0.015020948746055364	
25-01-12 19:32:29.838 - INFO: epoch: 51	
25-01-12 19:32:29.838 - INFO: iters: 510500	
25-01-12 19:32:29.838 - INFO: 


------------------------------Validation Start------------------------------
25-01-12 19:47:59.375 - INFO: val/mae: 0.29430994391441345	
25-01-12 19:47:59.376 - INFO: val/mse: 0.17608188092708588	
25-01-12 19:47:59.376 - INFO: val/SSIM: 0.26705032652481575	
25-01-12 19:47:59.376 - INFO: val/PSNR: 14.716986901118215	
25-01-12 19:47:59.376 - INFO: val/VAL_MSE: 0.018659967929124832	
25-01-12 19:47:59.376 - INFO: 
------------------------------Validation End------------------------------


25-01-12 20:09:19.562 - INFO: train/mae_loss: 0.014444541308283806	
25-01-12 20:09:19.564 - INFO: epoch: 52	
25-01-12 20:09:19.564 - INFO: iters: 520510	
25-01-12 20:09:19.564 - INFO: 


------------------------------Validation Start------------------------------
25-01-12 20:24:46.339 - INFO: val/mae: 0.15973983705043793	
25-01-12 20:24:46.341 - INFO: val/mse: 0.05460059642791748	
25-01-12 20:24:46.341 - INFO: val/SSIM: 0.31197227406438655	
25-01-12 20:24:46.341 - INFO: val/PSNR: 19.88537391914591	
25-01-12 20:24:46.342 - INFO: val/VAL_MSE: 0.01780184917151928	
25-01-12 20:24:46.342 - INFO: 
------------------------------Validation End------------------------------


25-01-12 20:45:01.604 - INFO: train/mae_loss: 0.014364760079645092	
25-01-12 20:46:08.840 - INFO: train/mae_loss: 0.014326393918693066	
25-01-12 20:46:08.848 - INFO: epoch: 53	
25-01-12 20:46:08.848 - INFO: iters: 530520	
25-01-12 20:46:08.848 - INFO: 


------------------------------Validation Start------------------------------
25-01-12 21:01:33.068 - INFO: val/mae: 0.8070956468582153	
25-01-12 21:01:33.069 - INFO: val/mse: 0.813245415687561	
25-01-12 21:01:33.069 - INFO: val/SSIM: 0.030065002406887913	
25-01-12 21:01:33.069 - INFO: val/PSNR: 6.540644097928132	
25-01-12 21:01:33.069 - INFO: val/VAL_MSE: 0.018297357484698296	
25-01-12 21:01:33.069 - INFO: 
------------------------------Validation End------------------------------


25-01-12 21:22:52.402 - INFO: train/mae_loss: 0.014055997057911008	
25-01-12 21:22:52.413 - INFO: epoch: 54	
25-01-12 21:22:52.413 - INFO: iters: 540530	
25-01-12 21:22:52.413 - INFO: 


------------------------------Validation Start------------------------------
25-01-12 21:38:11.236 - INFO: val/mae: 0.3294614851474762	
25-01-12 21:38:11.236 - INFO: val/mse: 0.21025994420051575	
25-01-12 21:38:11.236 - INFO: val/SSIM: 0.21766604958006344	
25-01-12 21:38:11.236 - INFO: val/PSNR: 15.165650707539623	
25-01-12 21:38:11.236 - INFO: val/VAL_MSE: 0.017925981432199478	
25-01-12 21:38:11.236 - INFO: 
------------------------------Validation End------------------------------


25-01-12 21:58:19.324 - INFO: train/mae_loss: 0.014081901208011248	
25-01-12 21:59:28.830 - INFO: train/mae_loss: 0.01410384518718347	
25-01-12 21:59:28.830 - INFO: epoch: 55	
25-01-12 21:59:28.830 - INFO: iters: 550540	
25-01-12 21:59:28.830 - INFO: Saving the self at the end of epoch 55
25-01-12 21:59:35.133 - INFO: 


------------------------------Validation Start------------------------------
25-01-12 22:14:54.899 - INFO: val/mae: 0.10152176767587662	
25-01-12 22:14:54.900 - INFO: val/mse: 0.05592363700270653	
25-01-12 22:14:54.900 - INFO: val/SSIM: 0.6900389578716879	
25-01-12 22:14:54.900 - INFO: val/PSNR: 22.56384039926246	
25-01-12 22:14:54.900 - INFO: val/VAL_MSE: 0.01636725291609764	
25-01-12 22:14:54.900 - INFO: 
------------------------------Validation End------------------------------


25-01-12 22:36:16.969 - INFO: train/mae_loss: 0.0141798101387918	
25-01-12 22:36:16.972 - INFO: epoch: 56	
25-01-12 22:36:16.972 - INFO: iters: 560550	
25-01-12 22:36:16.972 - INFO: 


------------------------------Validation Start------------------------------
25-01-12 22:51:42.059 - INFO: val/mae: 0.22396759688854218	
25-01-12 22:51:42.061 - INFO: val/mse: 0.14672283828258514	
25-01-12 22:51:42.061 - INFO: val/SSIM: 0.48704959531107744	
25-01-12 22:51:42.061 - INFO: val/PSNR: 18.702948091924565	
25-01-12 22:51:42.061 - INFO: val/VAL_MSE: 0.0149158900603652	
25-01-12 22:51:42.061 - INFO: 
------------------------------Validation End------------------------------


25-01-12 23:11:49.521 - INFO: train/mae_loss: 0.013886838312994814	
25-01-12 23:13:01.900 - INFO: train/mae_loss: 0.013847051336988807	
25-01-12 23:13:01.907 - INFO: epoch: 57	
25-01-12 23:13:01.907 - INFO: iters: 570560	
25-01-12 23:13:01.907 - INFO: 


------------------------------Validation Start------------------------------
25-01-12 23:28:15.465 - INFO: val/mae: 0.028137562796473503	
25-01-12 23:28:15.467 - INFO: val/mse: 0.008370500057935715	
25-01-12 23:28:15.467 - INFO: val/SSIM: 0.8500946699326557	
25-01-12 23:28:15.467 - INFO: val/PSNR: 24.77183292108026	
25-01-12 23:28:15.467 - INFO: val/VAL_MSE: 0.018301161006093025	
25-01-12 23:28:15.467 - INFO: 
------------------------------Validation End------------------------------


25-01-12 23:49:37.382 - INFO: train/mae_loss: 0.01367105527902022	
25-01-12 23:49:37.384 - INFO: epoch: 58	
25-01-12 23:49:37.385 - INFO: iters: 580570	
25-01-12 23:49:37.385 - INFO: 


------------------------------Validation Start------------------------------
25-01-13 00:05:01.808 - INFO: val/mae: 0.028295177966356277	
25-01-13 00:05:01.809 - INFO: val/mse: 0.008376176469027996	
25-01-13 00:05:01.809 - INFO: val/SSIM: 0.8863859566379059	
25-01-13 00:05:01.809 - INFO: val/PSNR: 25.87010401692773	
25-01-13 00:05:01.809 - INFO: val/VAL_MSE: 0.020367085933685303	
25-01-13 00:05:01.809 - INFO: 
------------------------------Validation End------------------------------


25-01-13 00:25:02.587 - INFO: train/mae_loss: 0.01473242560413423	
25-01-13 00:26:16.989 - INFO: train/mae_loss: 0.0146040759623982	
25-01-13 00:26:16.991 - INFO: epoch: 59	
25-01-13 00:26:16.991 - INFO: iters: 590580	
25-01-13 00:26:16.991 - INFO: 


------------------------------Validation Start------------------------------
25-01-13 00:41:31.874 - INFO: val/mae: 0.3189108371734619	
25-01-13 00:41:31.876 - INFO: val/mse: 0.22809091210365295	
25-01-13 00:41:31.876 - INFO: val/SSIM: 0.3066720807496817	
25-01-13 00:41:31.876 - INFO: val/PSNR: 15.076827932433151	
25-01-13 00:41:31.876 - INFO: val/VAL_MSE: 0.01511436328291893	
25-01-13 00:41:31.876 - INFO: 
------------------------------Validation End------------------------------


25-01-13 01:02:51.315 - INFO: train/mae_loss: 0.014014702609553934	
25-01-13 01:02:51.316 - INFO: epoch: 60	
25-01-13 01:02:51.316 - INFO: iters: 600590	
25-01-13 01:02:51.316 - INFO: Saving the self at the end of epoch 60
25-01-13 01:02:57.044 - INFO: 


------------------------------Validation Start------------------------------
25-01-13 01:18:18.100 - INFO: val/mae: 0.29280680418014526	
25-01-13 01:18:18.101 - INFO: val/mse: 0.17511193454265594	
25-01-13 01:18:18.101 - INFO: val/SSIM: 0.25708709488894427	
25-01-13 01:18:18.101 - INFO: val/PSNR: 15.251467185229211	
25-01-13 01:18:18.101 - INFO: val/VAL_MSE: 0.015945052728056908	
25-01-13 01:18:18.101 - INFO: 
------------------------------Validation End------------------------------


25-01-13 01:38:24.335 - INFO: train/mae_loss: 0.013976061473045736	
25-01-13 01:39:41.871 - INFO: train/mae_loss: 0.013945892500132322	
25-01-13 01:39:41.872 - INFO: epoch: 61	
25-01-13 01:39:41.872 - INFO: iters: 610600	
25-01-13 01:39:41.872 - INFO: 


------------------------------Validation Start------------------------------
25-01-13 01:55:15.269 - INFO: val/mae: 0.6809365153312683	
25-01-13 01:55:15.270 - INFO: val/mse: 0.637424647808075	
25-01-13 01:55:15.270 - INFO: val/SSIM: 0.05597628366326065	
25-01-13 01:55:15.270 - INFO: val/PSNR: 6.876566761808301	
25-01-13 01:55:15.270 - INFO: val/VAL_MSE: 0.016778340563178062	
25-01-13 01:55:15.270 - INFO: 
------------------------------Validation End------------------------------


25-01-13 02:16:36.441 - INFO: train/mae_loss: 0.013950683670397849	
25-01-13 02:16:36.452 - INFO: epoch: 62	
25-01-13 02:16:36.452 - INFO: iters: 620610	
25-01-13 02:16:36.452 - INFO: 


------------------------------Validation Start------------------------------
25-01-13 02:31:52.605 - INFO: val/mae: 0.1962207704782486	
25-01-13 02:31:52.606 - INFO: val/mse: 0.1122809424996376	
25-01-13 02:31:52.606 - INFO: val/SSIM: 0.5083631350781459	
25-01-13 02:31:52.606 - INFO: val/PSNR: 19.36710155434489	
25-01-13 02:31:52.606 - INFO: val/VAL_MSE: 0.015730120241642	
25-01-13 02:31:52.606 - INFO: 
------------------------------Validation End------------------------------


25-01-13 02:51:53.501 - INFO: train/mae_loss: 0.014028824165241042	
25-01-13 02:53:13.483 - INFO: train/mae_loss: 0.01396128085879609	
25-01-13 02:53:13.484 - INFO: epoch: 63	
25-01-13 02:53:13.484 - INFO: iters: 630620	
25-01-13 02:53:13.484 - INFO: 


------------------------------Validation Start------------------------------
25-01-13 03:08:41.253 - INFO: val/mae: 0.7993850111961365	
25-01-13 03:08:41.254 - INFO: val/mse: 0.8273887634277344	
25-01-13 03:08:41.254 - INFO: val/SSIM: 0.03983873059361075	
25-01-13 03:08:41.254 - INFO: val/PSNR: 6.392824690864858	
25-01-13 03:08:41.254 - INFO: val/VAL_MSE: 0.017670035362243652	
25-01-13 03:08:41.254 - INFO: 
------------------------------Validation End------------------------------


25-01-13 03:30:01.220 - INFO: train/mae_loss: 0.01397544418880716	
25-01-13 03:30:01.230 - INFO: epoch: 64	
25-01-13 03:30:01.230 - INFO: iters: 640630	
25-01-13 03:30:01.230 - INFO: 


------------------------------Validation Start------------------------------
25-01-13 03:45:22.541 - INFO: val/mae: 0.20359401404857635	
25-01-13 03:45:22.542 - INFO: val/mse: 0.10171002149581909	
25-01-13 03:45:22.542 - INFO: val/SSIM: 0.3449122073747958	
25-01-13 03:45:22.542 - INFO: val/PSNR: 19.194588834226344	
25-01-13 03:45:22.542 - INFO: val/VAL_MSE: 0.018676267936825752	
25-01-13 03:45:22.543 - INFO: 
------------------------------Validation End------------------------------


25-01-13 04:05:21.568 - INFO: train/mae_loss: 0.01399507542940764	
25-01-13 04:06:44.223 - INFO: train/mae_loss: 0.013832870412338525	
25-01-13 04:06:44.234 - INFO: epoch: 65	
25-01-13 04:06:44.234 - INFO: iters: 650640	
25-01-13 04:06:44.234 - INFO: Saving the self at the end of epoch 65
25-01-13 04:06:50.237 - INFO: 


------------------------------Validation Start------------------------------
25-01-13 04:22:09.651 - INFO: val/mae: 0.028258085250854492	
25-01-13 04:22:09.653 - INFO: val/mse: 0.005375239532440901	
25-01-13 04:22:09.653 - INFO: val/SSIM: 0.7699787313416268	
25-01-13 04:22:09.653 - INFO: val/PSNR: 26.69294797742854	
25-01-13 04:22:09.653 - INFO: val/VAL_MSE: 0.019506441429257393	
25-01-13 04:22:09.653 - INFO: 
------------------------------Validation End------------------------------


25-01-13 04:43:37.826 - INFO: train/mae_loss: 0.013870138645824044	
25-01-13 04:43:37.827 - INFO: epoch: 66	
25-01-13 04:43:37.827 - INFO: iters: 660650	
25-01-13 04:43:37.827 - INFO: 


------------------------------Validation Start------------------------------
25-01-13 04:58:59.566 - INFO: val/mae: 0.027399931102991104	
25-01-13 04:58:59.567 - INFO: val/mse: 0.009653037413954735	
25-01-13 04:58:59.567 - INFO: val/SSIM: 0.8642474554024326	
25-01-13 04:58:59.567 - INFO: val/PSNR: 23.478740892129586	
25-01-13 04:58:59.567 - INFO: val/VAL_MSE: 0.018457503989338875	
25-01-13 04:58:59.567 - INFO: 
------------------------------Validation End------------------------------


25-01-13 05:18:54.314 - INFO: train/mae_loss: 0.01405022768483236	
25-01-13 05:20:18.967 - INFO: train/mae_loss: 0.014001852864678949	
25-01-13 05:20:18.968 - INFO: epoch: 67	
25-01-13 05:20:18.968 - INFO: iters: 670660	
25-01-13 05:20:18.968 - INFO: 


------------------------------Validation Start------------------------------
25-01-13 05:35:34.281 - INFO: val/mae: 0.1069595143198967	
25-01-13 05:35:34.282 - INFO: val/mse: 0.05268349125981331	
25-01-13 05:35:34.282 - INFO: val/SSIM: 0.6258069132850742	
25-01-13 05:35:34.282 - INFO: val/PSNR: 21.07289847390738	
25-01-13 05:35:34.282 - INFO: val/VAL_MSE: 0.01863900199532509	
25-01-13 05:35:34.282 - INFO: 
------------------------------Validation End------------------------------


25-01-13 05:56:54.707 - INFO: train/mae_loss: 0.013787528974097222	
25-01-13 05:56:54.709 - INFO: epoch: 68	
25-01-13 05:56:54.709 - INFO: iters: 680670	
25-01-13 05:56:54.709 - INFO: 


------------------------------Validation Start------------------------------
25-01-13 06:12:13.933 - INFO: val/mae: 0.026964066550135612	
25-01-13 06:12:13.935 - INFO: val/mse: 0.0077659995295107365	
25-01-13 06:12:13.935 - INFO: val/SSIM: 0.8570384564952203	
25-01-13 06:12:13.935 - INFO: val/PSNR: 24.896115594012898	
25-01-13 06:12:13.935 - INFO: val/VAL_MSE: 0.019923102110624313	
25-01-13 06:12:13.935 - INFO: 
------------------------------Validation End------------------------------


25-01-13 06:32:05.971 - INFO: train/mae_loss: 0.013436194817843356	
25-01-13 06:33:33.497 - INFO: train/mae_loss: 0.013389013701491058	
25-01-13 06:33:33.499 - INFO: epoch: 69	
25-01-13 06:33:33.499 - INFO: iters: 690680	
25-01-13 06:33:33.499 - INFO: 


------------------------------Validation Start------------------------------
25-01-13 06:48:50.627 - INFO: val/mae: 0.1593792736530304	
25-01-13 06:48:50.628 - INFO: val/mse: 0.08402027189731598	
25-01-13 06:48:50.628 - INFO: val/SSIM: 0.49200158378956094	
25-01-13 06:48:50.628 - INFO: val/PSNR: 19.91601362573651	
25-01-13 06:48:50.628 - INFO: val/VAL_MSE: 0.014834797941148281	
25-01-13 06:48:50.628 - INFO: 
------------------------------Validation End------------------------------


25-01-13 07:10:12.960 - INFO: train/mae_loss: 0.014026656605210155	
25-01-13 07:10:12.973 - INFO: epoch: 70	
25-01-13 07:10:12.973 - INFO: iters: 700690	
25-01-13 07:10:12.973 - INFO: Saving the self at the end of epoch 70
25-01-13 07:10:18.405 - INFO: 


------------------------------Validation Start------------------------------
25-01-13 07:27:14.025 - INFO: val/mae: 0.05676143988966942	
25-01-13 07:27:14.053 - INFO: val/mse: 0.025314709171652794	
25-01-13 07:27:14.053 - INFO: val/SSIM: 0.7978614047274734	
25-01-13 07:27:14.053 - INFO: val/PSNR: 24.024315270315864	
25-01-13 07:27:14.053 - INFO: val/VAL_MSE: 0.017608297988772392	
25-01-13 07:27:14.053 - INFO: 
------------------------------Validation End------------------------------


25-01-13 07:47:04.159 - INFO: train/mae_loss: 0.0132926149188631	
25-01-13 07:48:34.430 - INFO: train/mae_loss: 0.013301263060979545	
25-01-13 07:48:34.432 - INFO: epoch: 71	
25-01-13 07:48:34.432 - INFO: iters: 710700	
25-01-13 07:48:34.432 - INFO: 


------------------------------Validation Start------------------------------
25-01-13 08:04:00.982 - INFO: val/mae: 0.06654577702283859	
25-01-13 08:04:00.985 - INFO: val/mse: 0.0165144931524992	
25-01-13 08:04:00.985 - INFO: val/SSIM: 0.5768639950245796	
25-01-13 08:04:00.985 - INFO: val/PSNR: 25.083680588631687	
25-01-13 08:04:00.985 - INFO: val/VAL_MSE: 0.018366917967796326	
25-01-13 08:04:00.985 - INFO: 
------------------------------Validation End------------------------------


25-01-13 08:25:28.925 - INFO: train/mae_loss: 0.013496094974409789	
25-01-13 08:25:28.935 - INFO: epoch: 72	
25-01-13 08:25:28.935 - INFO: iters: 720710	
25-01-13 08:25:28.935 - INFO: 


------------------------------Validation Start------------------------------
25-01-13 08:41:02.734 - INFO: val/mae: 0.4781161844730377	
25-01-13 08:41:02.735 - INFO: val/mse: 0.3729330003261566	
25-01-13 08:41:02.735 - INFO: val/SSIM: 0.1605777232124381	
25-01-13 08:41:02.735 - INFO: val/PSNR: 11.302092378476292	
25-01-13 08:41:02.735 - INFO: val/VAL_MSE: 0.017427464947104454	
25-01-13 08:41:02.735 - INFO: 
------------------------------Validation End------------------------------


25-01-13 09:00:56.993 - INFO: train/mae_loss: 0.01414470244891508	
25-01-13 09:02:30.280 - INFO: train/mae_loss: 0.014148880299646407	
25-01-13 09:02:30.282 - INFO: epoch: 73	
25-01-13 09:02:30.282 - INFO: iters: 730720	
25-01-13 09:02:30.282 - INFO: 


------------------------------Validation Start------------------------------
25-01-13 09:18:05.890 - INFO: val/mae: 0.14213155210018158	
25-01-13 09:18:05.891 - INFO: val/mse: 0.09600988030433655	
25-01-13 09:18:05.891 - INFO: val/SSIM: 0.6325353635393622	
25-01-13 09:18:05.891 - INFO: val/PSNR: 21.79150773796601	
25-01-13 09:18:05.891 - INFO: val/VAL_MSE: 0.017564721405506134	
25-01-13 09:18:05.891 - INFO: 
------------------------------Validation End------------------------------


25-01-13 09:39:29.247 - INFO: train/mae_loss: 0.013685731080453843	
25-01-13 09:39:29.249 - INFO: epoch: 74	
25-01-13 09:39:29.249 - INFO: iters: 740730	
25-01-13 09:39:29.249 - INFO: 


------------------------------Validation Start------------------------------
25-01-13 09:54:54.567 - INFO: val/mae: 0.36780133843421936	
25-01-13 09:54:54.568 - INFO: val/mse: 0.23732583224773407	
25-01-13 09:54:54.568 - INFO: val/SSIM: 0.18457523961273203	
25-01-13 09:54:54.568 - INFO: val/PSNR: 11.932243142381703	
25-01-13 09:54:54.568 - INFO: val/VAL_MSE: 0.01794585771858692	
25-01-13 09:54:54.568 - INFO: 
------------------------------Validation End------------------------------


25-01-13 10:14:40.101 - INFO: train/mae_loss: 0.013387210996314626	
25-01-13 10:16:17.830 - INFO: train/mae_loss: 0.013391413254197687	
25-01-13 10:16:17.831 - INFO: epoch: 75	
25-01-13 10:16:17.831 - INFO: iters: 750740	
25-01-13 10:16:17.831 - INFO: Saving the self at the end of epoch 75
25-01-13 10:16:23.386 - INFO: 


------------------------------Validation Start------------------------------
25-01-13 10:31:46.026 - INFO: val/mae: 0.05449231341481209	
25-01-13 10:31:46.028 - INFO: val/mse: 0.015739021822810173	
25-01-13 10:31:46.028 - INFO: val/SSIM: 0.6590319313151201	
25-01-13 10:31:46.028 - INFO: val/PSNR: 24.558369989207705	
25-01-13 10:31:46.028 - INFO: val/VAL_MSE: 0.018091028556227684	
25-01-13 10:31:46.028 - INFO: 
------------------------------Validation End------------------------------


25-01-13 10:53:12.600 - INFO: train/mae_loss: 0.013457257396355272	
25-01-13 10:53:12.603 - INFO: epoch: 76	
25-01-13 10:53:12.603 - INFO: iters: 760750	
25-01-13 10:53:12.603 - INFO: 


------------------------------Validation Start------------------------------
25-01-13 11:08:44.982 - INFO: val/mae: 0.06392184644937515	
25-01-13 11:08:44.984 - INFO: val/mse: 0.022348010912537575	
25-01-13 11:08:44.984 - INFO: val/SSIM: 0.6863725168071756	
25-01-13 11:08:44.984 - INFO: val/PSNR: 22.938078515813604	
25-01-13 11:08:44.984 - INFO: val/VAL_MSE: 0.016051094979047775	
25-01-13 11:08:44.984 - INFO: 
------------------------------Validation End------------------------------


25-01-13 11:28:40.410 - INFO: train/mae_loss: 0.013420651921522662	
25-01-13 11:30:18.931 - INFO: train/mae_loss: 0.013335232155397534	
25-01-13 11:30:18.939 - INFO: epoch: 77	
25-01-13 11:30:18.939 - INFO: iters: 770760	
25-01-13 11:30:18.939 - INFO: 


------------------------------Validation Start------------------------------
25-01-13 11:46:10.036 - INFO: val/mae: 0.05082324892282486	
25-01-13 11:46:10.039 - INFO: val/mse: 0.01533173955976963	
25-01-13 11:46:10.039 - INFO: val/SSIM: 0.7072236711964865	
25-01-13 11:46:10.039 - INFO: val/PSNR: 23.27614434558223	
25-01-13 11:46:10.039 - INFO: val/VAL_MSE: 0.017427604645490646	
25-01-13 11:46:10.039 - INFO: 
------------------------------Validation End------------------------------


25-01-13 12:07:51.836 - INFO: train/mae_loss: 0.013166488850396127	
25-01-13 12:07:51.837 - INFO: epoch: 78	
25-01-13 12:07:51.838 - INFO: iters: 780770	
25-01-13 12:07:51.838 - INFO: 


------------------------------Validation Start------------------------------
25-01-13 12:23:47.559 - INFO: val/mae: 0.3590725362300873	
25-01-13 12:23:47.562 - INFO: val/mse: 0.22723770141601562	
25-01-13 12:23:47.562 - INFO: val/SSIM: 0.19855044528842541	
25-01-13 12:23:47.562 - INFO: val/PSNR: 11.666918035886246	
25-01-13 12:23:47.562 - INFO: val/VAL_MSE: 0.015525609254837036	
25-01-13 12:23:47.562 - INFO: 
------------------------------Validation End------------------------------


25-01-13 22:40:57.107 - WARNING: Warning: visualization (Tensorboard) is configured to use, but currently not installed on this machine. Please install TensorboardX with 'pip install tensorboardx', upgrade PyTorch to version >= 1.1 to use 'torch.utils.tensorboard' or turn off the option in the 'config.json' file.
25-01-13 22:40:57.108 - INFO: Create the log file in directory checkpoints/train_mri2ct_g_nc1.

25-01-13 22:40:58.429 - INFO: Network [Network() form models.network] is created.
25-01-13 22:40:58.430 - INFO: Network [Network] weights initialize using [kaiming] method.
25-01-13 22:41:32.870 - INFO: Dataset [MRI2CTDataset() form data.dataset] is created.
25-01-13 22:41:32.870 - INFO: Dataset for train have 40012 samples.
25-01-13 22:41:41.273 - INFO: Dataset [MRI2CTDataset() form data.dataset] is created.
25-01-13 22:41:41.273 - INFO: Dataset for val have 10186 samples.
25-01-13 22:41:44.228 - INFO: Metric [mae() form models.metric] is created.
25-01-13 22:41:44.228 - INFO: Metric [mse() form models.metric] is created.
25-01-13 22:41:44.228 - INFO: Metric [SSIM() form models.metric] is created.
25-01-13 22:41:44.228 - INFO: Metric [PSNR() form models.metric] is created.
25-01-13 22:41:44.231 - INFO: Loss [mae_loss() form models.loss] is created.
25-01-13 22:41:52.069 - INFO: Beign loading pretrained model [Network] ...
25-01-13 22:41:52.073 - WARNING: Pretrained model in [checkpoints/train_mri2ct_g_nc3/states/75_Network.pth] is not existed, Skip it
25-01-13 22:41:52.073 - INFO: Beign loading pretrained model [Network_ema] ...
25-01-13 22:41:52.073 - WARNING: Pretrained model in [checkpoints/train_mri2ct_g_nc3/states/75_Network_ema.pth] is not existed, Skip it
25-01-13 22:41:52.075 - INFO: Beign loading training states
25-01-13 22:41:52.075 - WARNING: Training state in [checkpoints/train_mri2ct_g_nc3/states/75.state] is not existed, Skip it
25-01-13 22:41:52.092 - INFO: Model [Palette() form models.model] is created.
25-01-13 22:41:52.092 - INFO: Begin model train.
