24-05-04 22:25:27.664 - INFO: Create the log file in directory experiments/train_sandbox_240504_222522.

24-05-04 22:25:30.016 - INFO: Network [Network() form models.network] is created.
24-05-04 22:25:30.017 - INFO: Network [Network] weights initialize using [kaiming] method.
24-05-04 22:25:41.277 - INFO: Dataset [MR2CTDataset() form data.dataset] is created.
24-05-04 22:25:41.278 - INFO: Dataset for train have 4977 samples.
24-05-04 22:25:42.786 - INFO: Dataset [MR2CTDataset() form data.dataset] is created.
24-05-04 22:25:42.786 - INFO: Dataset for val have 9229 samples.
24-05-04 22:25:43.586 - INFO: Metric [mae() form models.metric] is created.
24-05-04 22:25:43.586 - INFO: Metric [mse() form models.metric] is created.
24-05-04 22:25:43.586 - INFO: Metric [SSIM() form models.metric] is created.
24-05-04 22:25:43.586 - INFO: Metric [PSNR() form models.metric] is created.
24-05-04 22:25:43.598 - INFO: Loss [mse_loss() form models.loss] is created.
24-05-04 22:25:48.564 - INFO: Model [Palette() form models.model] is created.
24-05-04 22:25:48.565 - INFO: Begin model train.
24-05-04 22:33:38.184 - INFO: train/mse_loss: 0.13034151046547343	
24-05-04 22:33:38.184 - INFO: epoch: 1	
24-05-04 22:33:38.184 - INFO: iters: 4976	
24-05-04 22:33:38.184 - INFO: 


------------------------------Validation Start------------------------------
24-05-04 22:46:49.361 - INFO: val/mae: 1.1090388298034668	
24-05-04 22:46:49.361 - INFO: EPOCH 1 val/mae 1.1090388298034668
24-05-04 22:46:49.361 - INFO: val/mse: 1.4023809432983398	
24-05-04 22:46:49.361 - INFO: EPOCH 1 val/mse 1.4023809432983398
24-05-04 22:46:49.361 - INFO: val/SSIM: 0.059205667499798914	
24-05-04 22:46:49.361 - INFO: EPOCH 1 val/SSIM 0.059205667499798914
24-05-04 22:46:49.361 - INFO: val/PSNR: 6.461310107544648	
24-05-04 22:46:49.361 - INFO: EPOCH 1 val/PSNR 6.461310107544648
24-05-04 22:46:49.361 - INFO: val/VAL_MSE: 0.057837098836898804	
24-05-04 22:46:49.361 - INFO: EPOCH 1 val/VAL_MSE 0.057837098836898804
24-05-04 22:46:49.361 - INFO: 
------------------------------Validation End------------------------------


