24-04-21 13:34:28.174 - INFO: Create the log file in directory experiments/train_mr2ct_nc1to1_240421_133427.

24-04-21 13:34:36.864 - INFO: Dataset [MR2CTDataset() form data.dataset] is created.
24-04-21 13:34:36.878 - INFO: Dataset for train have 35323 samples.
24-04-21 13:34:36.878 - INFO: Dataset for val have 2 samples.
24-04-21 13:34:37.414 - INFO: Network [Network() form models.network] is created.
24-04-21 13:34:37.414 - INFO: Network [Network] weights initialize using [kaiming] method.
24-04-21 13:34:37.818 - WARNING: Config is a str, converts to a dict {'name': 'mae'}
24-04-21 13:34:39.034 - INFO: Metric [mae() form models.metric] is created.
24-04-21 13:34:39.034 - WARNING: Config is a str, converts to a dict {'name': 'mse'}
24-04-21 13:34:39.034 - INFO: Metric [mse() form models.metric] is created.
24-04-21 13:34:39.034 - WARNING: Config is a str, converts to a dict {'name': 'SSIM'}
24-04-21 13:34:39.034 - INFO: Metric [SSIM() form models.metric] is created.
24-04-21 13:34:39.034 - WARNING: Config is a str, converts to a dict {'name': 'PSNR'}
24-04-21 13:34:39.035 - INFO: Metric [PSNR() form models.metric] is created.
24-04-21 13:34:39.035 - WARNING: Config is a str, converts to a dict {'name': 'mse_loss'}
24-04-21 13:34:39.036 - INFO: Loss [mse_loss() form models.loss] is created.
24-04-21 13:34:44.135 - INFO: Model [Palette() form models.model] is created.
24-04-21 13:34:44.136 - INFO: Begin model train.
24-04-21 13:50:52.454 - INFO: train/mse_loss: 0.7047117341041564	
24-04-21 14:06:56.808 - INFO: train/mse_loss: 0.6908390014767647	
24-04-21 14:23:00.389 - INFO: train/mse_loss: 0.6854032615502675	
24-04-21 14:31:33.459 - INFO: train/mse_loss: 0.6835002535399333	
24-04-21 14:31:33.459 - INFO: epoch: 1	
24-04-21 14:31:33.459 - INFO: iters: 35320	
24-04-21 14:31:33.460 - INFO: 


------------------------------Validation Start------------------------------
24-04-21 14:33:56.289 - INFO: val/mae: 0.9128627777099609	
24-04-21 14:33:56.289 - INFO: val/mse: 1.282069444656372	
24-04-21 14:33:56.289 - INFO: val/SSIM: 0.0018822429721323706	
24-04-21 14:33:56.289 - INFO: val/PSNR: 4.980772467306259	
24-04-21 14:33:56.289 - INFO: 
------------------------------Validation End------------------------------


24-04-21 15:30:47.597 - INFO: train/mse_loss: 0.6717247066316896	
24-04-21 15:30:47.598 - INFO: epoch: 2	
24-04-21 15:30:47.598 - INFO: iters: 70642	
24-04-21 15:30:47.598 - INFO: 


------------------------------Validation Start------------------------------
24-04-21 15:33:09.767 - INFO: val/mae: 0.9165458083152771	
24-04-21 15:33:09.768 - INFO: val/mse: 1.288575530052185	
24-04-21 15:33:09.768 - INFO: val/SSIM: 0.0019513945384299004	
24-04-21 15:33:09.768 - INFO: val/PSNR: 4.9594913016865805	
24-04-21 15:33:09.768 - INFO: 
------------------------------Validation End------------------------------


24-04-21 15:48:14.107 - INFO: train/mse_loss: 0.670829969856055	
24-04-21 16:04:20.252 - INFO: train/mse_loss: 0.67062010732311	
24-04-21 16:20:25.824 - INFO: train/mse_loss: 0.6705307578631197	
24-04-21 16:30:02.276 - INFO: train/mse_loss: 0.6704664714609105	
24-04-21 16:30:02.276 - INFO: epoch: 3	
24-04-21 16:30:02.277 - INFO: iters: 105964	
24-04-21 16:30:02.277 - INFO: 


------------------------------Validation Start------------------------------
24-04-21 16:32:23.879 - INFO: val/mae: 0.9182161092758179	
24-04-21 16:32:23.879 - INFO: val/mse: 1.289549708366394	
24-04-21 16:32:23.879 - INFO: val/SSIM: 0.001840254145270909	
24-04-21 16:32:23.879 - INFO: val/PSNR: 4.959209852431279	
24-04-21 16:32:23.879 - INFO: 
------------------------------Validation End------------------------------


24-04-21 17:29:15.295 - INFO: train/mse_loss: 0.6701420927101731	
24-04-21 17:29:15.296 - INFO: epoch: 4	
24-04-21 17:29:15.296 - INFO: iters: 141286	
24-04-21 17:29:15.296 - INFO: 


------------------------------Validation Start------------------------------
24-04-21 17:31:36.849 - INFO: val/mae: 0.9148971438407898	
24-04-21 17:31:36.850 - INFO: val/mse: 1.2846488952636719	
24-04-21 17:31:36.850 - INFO: val/SSIM: 0.0022329729387759968	
24-04-21 17:31:36.850 - INFO: val/PSNR: 4.976040437957129	
24-04-21 17:31:36.850 - INFO: 
------------------------------Validation End------------------------------


24-04-21 17:45:38.054 - INFO: train/mse_loss: 0.6698909303920876	
24-04-21 18:01:44.388 - INFO: train/mse_loss: 0.669778879481842	
24-04-21 18:17:50.208 - INFO: train/mse_loss: 0.6697165336108002	
24-04-21 18:28:28.568 - INFO: train/mse_loss: 0.6697480666475415	
24-04-21 18:28:28.575 - INFO: epoch: 5	
24-04-21 18:28:28.575 - INFO: iters: 176608	
24-04-21 18:28:28.575 - INFO: Saving the self at the end of epoch 5
24-04-21 18:28:37.323 - INFO: 


------------------------------Validation Start------------------------------
24-04-21 18:30:58.887 - INFO: val/mae: 0.9090142846107483	
24-04-21 18:30:58.888 - INFO: val/mse: 1.2716989517211914	
24-04-21 18:30:58.888 - INFO: val/SSIM: 0.002052965167991505	
24-04-21 18:30:58.888 - INFO: val/PSNR: 5.014659327505667	
24-04-21 18:30:58.888 - INFO: 
------------------------------Validation End------------------------------


24-04-21 19:27:50.865 - INFO: train/mse_loss: 0.6697751713433595	
24-04-21 19:27:50.870 - INFO: epoch: 6	
24-04-21 19:27:50.870 - INFO: iters: 211930	
24-04-21 19:27:50.870 - INFO: 


------------------------------Validation Start------------------------------
24-04-21 19:30:12.600 - INFO: val/mae: 0.9133725166320801	
24-04-21 19:30:12.600 - INFO: val/mse: 1.2790305614471436	
24-04-21 19:30:12.600 - INFO: val/SSIM: 0.0022083213042291545	
24-04-21 19:30:12.600 - INFO: val/PSNR: 4.9939254812820035	
24-04-21 19:30:12.600 - INFO: 
------------------------------Validation End------------------------------


24-04-21 19:43:11.325 - INFO: train/mse_loss: 0.6697666884118753	
24-04-21 19:59:16.542 - INFO: train/mse_loss: 0.6695229129398558	
24-04-21 20:15:22.566 - INFO: train/mse_loss: 0.6695812964466574	
24-04-21 20:27:03.033 - INFO: train/mse_loss: 0.6695804774693698	
24-04-21 20:27:03.033 - INFO: epoch: 7	
24-04-21 20:27:03.033 - INFO: iters: 247252	
24-04-21 20:27:03.033 - INFO: 


------------------------------Validation Start------------------------------
24-04-21 20:29:25.001 - INFO: val/mae: 0.9142550230026245	
24-04-21 20:29:25.002 - INFO: val/mse: 1.2791647911071777	
24-04-21 20:29:25.002 - INFO: val/SSIM: 0.0020622316527805214	
24-04-21 20:29:25.002 - INFO: val/PSNR: 4.99132626152158	
24-04-21 20:29:25.002 - INFO: 
------------------------------Validation End------------------------------


24-04-21 21:26:14.396 - INFO: train/mse_loss: 0.6694786201854525	
24-04-21 21:26:14.396 - INFO: epoch: 8	
24-04-21 21:26:14.396 - INFO: iters: 282574	
24-04-21 21:26:14.396 - INFO: 


------------------------------Validation Start------------------------------
24-04-21 21:28:35.907 - INFO: val/mae: 0.9169867038726807	
24-04-21 21:28:35.907 - INFO: val/mse: 1.2863926887512207	
24-04-21 21:28:35.907 - INFO: val/SSIM: 0.002307001017095733	
24-04-21 21:28:35.907 - INFO: val/PSNR: 4.966701293935994	
24-04-21 21:28:35.907 - INFO: 
------------------------------Validation End------------------------------


24-04-21 21:40:32.243 - INFO: train/mse_loss: 0.6694313019578313	
24-04-21 21:56:37.889 - INFO: train/mse_loss: 0.669435193401285	
24-04-21 22:12:43.845 - INFO: train/mse_loss: 0.6695035913896116	
24-04-21 22:25:25.846 - INFO: train/mse_loss: 0.669436735117287	
24-04-21 22:25:25.846 - INFO: epoch: 9	
24-04-21 22:25:25.846 - INFO: iters: 317896	
24-04-21 22:25:25.846 - INFO: 


------------------------------Validation Start------------------------------
24-04-21 22:27:47.835 - INFO: val/mae: 0.9137061238288879	
24-04-21 22:27:47.835 - INFO: val/mse: 1.2780102491378784	
24-04-21 22:27:47.835 - INFO: val/SSIM: 0.002251419063545932	
24-04-21 22:27:47.835 - INFO: val/PSNR: 4.996674311874987	
24-04-21 22:27:47.836 - INFO: 
------------------------------Validation End------------------------------


24-04-21 23:24:35.268 - INFO: train/mse_loss: 0.6693221804779761	
24-04-21 23:24:35.269 - INFO: epoch: 10	
24-04-21 23:24:35.269 - INFO: iters: 353218	
24-04-21 23:24:35.269 - INFO: Saving the self at the end of epoch 10
24-04-21 23:24:43.650 - INFO: 


------------------------------Validation Start------------------------------
24-04-21 23:27:05.812 - INFO: val/mae: 0.9125378131866455	
24-04-21 23:27:05.812 - INFO: val/mse: 1.2777090072631836	
24-04-21 23:27:05.812 - INFO: val/SSIM: 0.0025400422101912916	
24-04-21 23:27:05.812 - INFO: val/PSNR: 4.999697393507645	
24-04-21 23:27:05.812 - INFO: 
------------------------------Validation End------------------------------


24-04-21 23:38:00.668 - INFO: train/mse_loss: 0.6690907098902362	
24-04-21 23:54:06.148 - INFO: train/mse_loss: 0.6691913843012822	
24-04-22 00:10:15.919 - INFO: train/mse_loss: 0.6692214897980523	
24-04-22 00:24:00.542 - INFO: train/mse_loss: 0.669258849118601	
24-04-22 00:24:00.543 - INFO: epoch: 11	
24-04-22 00:24:00.543 - INFO: iters: 388540	
24-04-22 00:24:00.543 - INFO: 


------------------------------Validation Start------------------------------
24-04-22 00:26:23.750 - INFO: val/mae: 0.9205591678619385	
24-04-22 00:26:23.751 - INFO: val/mse: 1.291190505027771	
24-04-22 00:26:23.751 - INFO: val/SSIM: 0.00238183528568841	
24-04-22 00:26:23.751 - INFO: val/PSNR: 4.954839705154676	
24-04-22 00:26:23.751 - INFO: 
------------------------------Validation End------------------------------


24-04-22 01:23:23.899 - INFO: train/mse_loss: 0.6692278771478755	
24-04-22 01:23:23.899 - INFO: epoch: 12	
24-04-22 01:23:23.899 - INFO: iters: 423862	
24-04-22 01:23:23.899 - INFO: 


------------------------------Validation Start------------------------------
24-04-22 01:25:45.491 - INFO: val/mae: 0.9129147529602051	
24-04-22 01:25:45.491 - INFO: val/mse: 1.2773261070251465	
24-04-22 01:25:45.491 - INFO: val/SSIM: 0.0022096102306206223	
24-04-22 01:25:45.491 - INFO: val/PSNR: 5.00015093032512	
24-04-22 01:25:45.491 - INFO: 
------------------------------Validation End------------------------------


24-04-22 01:35:37.105 - INFO: train/mse_loss: 0.6694144794263305	
24-04-22 01:51:42.323 - INFO: train/mse_loss: 0.669190067567031	
24-04-22 02:08:03.501 - INFO: train/mse_loss: 0.6691705822525018	
24-04-22 02:22:53.867 - INFO: train/mse_loss: 0.6692035346176994	
24-04-22 02:22:53.934 - INFO: epoch: 13	
24-04-22 02:22:53.934 - INFO: iters: 459184	
24-04-22 02:22:53.934 - INFO: 


------------------------------Validation Start------------------------------
24-04-22 02:25:16.289 - INFO: val/mae: 0.908477246761322	
24-04-22 02:25:16.289 - INFO: val/mse: 1.269411563873291	
24-04-22 02:25:16.289 - INFO: val/SSIM: 0.002197368151120917	
24-04-22 02:25:16.289 - INFO: val/PSNR: 5.024333061397908	
24-04-22 02:25:16.289 - INFO: 
------------------------------Validation End------------------------------


24-04-22 03:22:27.554 - INFO: train/mse_loss: 0.6692038146582763	
24-04-22 03:22:27.556 - INFO: epoch: 14	
24-04-22 03:22:27.556 - INFO: iters: 494506	
24-04-22 03:22:27.556 - INFO: 


------------------------------Validation Start------------------------------
24-04-22 03:24:49.293 - INFO: val/mae: 0.9088149070739746	
24-04-22 03:24:49.294 - INFO: val/mse: 1.2698907852172852	
24-04-22 03:24:49.294 - INFO: val/SSIM: 0.0021971329640874376	
24-04-22 03:24:49.294 - INFO: val/PSNR: 5.020547091637749	
24-04-22 03:24:49.294 - INFO: 
------------------------------Validation End------------------------------


24-04-22 03:33:49.884 - INFO: train/mse_loss: 0.6693758883792297	
24-04-22 03:49:55.593 - INFO: train/mse_loss: 0.6691375557778573	
24-04-22 04:06:01.437 - INFO: train/mse_loss: 0.6691236907209124	
24-04-22 04:21:55.724 - INFO: train/mse_loss: 0.6691295799960636	
24-04-22 04:21:55.725 - INFO: epoch: 15	
24-04-22 04:21:55.725 - INFO: iters: 529828	
24-04-22 04:21:55.725 - INFO: Saving the self at the end of epoch 15
24-04-22 04:22:06.569 - INFO: 


------------------------------Validation Start------------------------------
24-04-22 04:24:27.755 - INFO: val/mae: 0.9121248126029968	
24-04-22 04:24:27.756 - INFO: val/mse: 1.275963306427002	
24-04-22 04:24:27.756 - INFO: val/SSIM: 0.0020802207502416395	
24-04-22 04:24:27.756 - INFO: val/PSNR: 4.998932767318838	
24-04-22 04:24:27.756 - INFO: 
------------------------------Validation End------------------------------


24-04-22 05:21:27.917 - INFO: train/mse_loss: 0.6691711148886287	
24-04-22 05:21:27.918 - INFO: epoch: 16	
24-04-22 05:21:27.918 - INFO: iters: 565150	
24-04-22 05:21:27.918 - INFO: 


------------------------------Validation Start------------------------------
24-04-22 05:23:49.689 - INFO: val/mae: 0.91618412733078	
24-04-22 05:23:49.690 - INFO: val/mse: 1.2835757732391357	
24-04-22 05:23:49.690 - INFO: val/SSIM: 0.0025052253878642934	
24-04-22 05:23:49.690 - INFO: val/PSNR: 4.979010138968517	
24-04-22 05:23:49.690 - INFO: 
------------------------------Validation End------------------------------


24-04-22 05:31:37.317 - INFO: train/mse_loss: 0.6690215522011514	
24-04-22 05:47:41.445 - INFO: train/mse_loss: 0.669007151676663	
24-04-22 06:03:45.398 - INFO: train/mse_loss: 0.669124218758198	
24-04-22 06:19:51.479 - INFO: train/mse_loss: 0.6690848426631659	
24-04-22 06:20:37.287 - INFO: train/mse_loss: 0.669094213461957	
24-04-22 06:20:37.287 - INFO: epoch: 17	
24-04-22 06:20:37.287 - INFO: iters: 600472	
24-04-22 06:20:37.287 - INFO: 


------------------------------Validation Start------------------------------
24-04-22 06:22:58.728 - INFO: val/mae: 0.9114391803741455	
24-04-22 06:22:58.728 - INFO: val/mse: 1.2751719951629639	
24-04-22 06:22:58.728 - INFO: val/SSIM: 0.0020259209371919114	
24-04-22 06:22:58.728 - INFO: val/PSNR: 5.004200490259215	
24-04-22 06:22:58.728 - INFO: 
------------------------------Validation End------------------------------


24-04-22 07:19:57.059 - INFO: train/mse_loss: 0.6689895881801877	
24-04-22 07:19:57.060 - INFO: epoch: 18	
24-04-22 07:19:57.060 - INFO: iters: 635794	
24-04-22 07:19:57.060 - INFO: 


------------------------------Validation Start------------------------------
24-04-22 07:22:18.714 - INFO: val/mae: 0.915118932723999	
24-04-22 07:22:18.714 - INFO: val/mse: 1.280552625656128	
24-04-22 07:22:18.714 - INFO: val/SSIM: 0.002022041892290477	
24-04-22 07:22:18.714 - INFO: val/PSNR: 4.989836627848922	
24-04-22 07:22:18.715 - INFO: 
------------------------------Validation End------------------------------


24-04-22 07:29:04.589 - INFO: train/mse_loss: 0.6692417022390211	
24-04-22 07:45:09.241 - INFO: train/mse_loss: 0.6691353884894087	
24-04-22 08:01:14.788 - INFO: train/mse_loss: 0.6690700548756243	
24-04-22 08:17:19.880 - INFO: train/mse_loss: 0.6690415929122469	
24-04-22 08:19:07.625 - INFO: train/mse_loss: 0.6690293083847042	
24-04-22 08:19:07.626 - INFO: epoch: 19	
24-04-22 08:19:07.626 - INFO: iters: 671116	
24-04-22 08:19:07.626 - INFO: 


------------------------------Validation Start------------------------------
24-04-22 08:21:29.503 - INFO: val/mae: 0.9116793870925903	
24-04-22 08:21:29.504 - INFO: val/mse: 1.2741135358810425	
24-04-22 08:21:29.504 - INFO: val/SSIM: 0.002017215477682043	
24-04-22 08:21:29.504 - INFO: val/PSNR: 5.009049936527271	
24-04-22 08:21:29.504 - INFO: 
------------------------------Validation End------------------------------


24-04-22 09:18:23.355 - INFO: train/mse_loss: 0.6689956218105481	
24-04-22 09:18:23.356 - INFO: epoch: 20	
24-04-22 09:18:23.356 - INFO: iters: 706438	
24-04-22 09:18:23.356 - INFO: Saving the self at the end of epoch 20
24-04-22 09:18:33.703 - INFO: 


------------------------------Validation Start------------------------------
24-04-22 09:20:54.829 - INFO: val/mae: 0.9106765985488892	
24-04-22 09:20:54.830 - INFO: val/mse: 1.273923397064209	
24-04-22 09:20:54.830 - INFO: val/SSIM: 0.002511527358883784	
24-04-22 09:20:54.830 - INFO: val/PSNR: 5.010030301546378	
24-04-22 09:20:54.830 - INFO: 
------------------------------Validation End------------------------------


24-04-22 09:26:38.769 - INFO: train/mse_loss: 0.6688559799381856	
24-04-22 09:42:43.395 - INFO: train/mse_loss: 0.6688723437026539	
24-04-22 09:58:48.696 - INFO: train/mse_loss: 0.6689396450394078	
24-04-22 10:14:55.073 - INFO: train/mse_loss: 0.6689539681813714	
24-04-22 10:17:45.280 - INFO: train/mse_loss: 0.6689639568058847	
24-04-22 10:17:45.280 - INFO: epoch: 21	
24-04-22 10:17:45.280 - INFO: iters: 741760	
24-04-22 10:17:45.281 - INFO: 


------------------------------Validation Start------------------------------
24-04-22 10:20:07.897 - INFO: val/mae: 0.9048813581466675	
24-04-22 10:20:07.898 - INFO: val/mse: 1.2606041431427002	
24-04-22 10:20:07.898 - INFO: val/SSIM: 0.002029663414910255	
24-04-22 10:20:07.898 - INFO: val/PSNR: 5.055396136578646	
24-04-22 10:20:07.898 - INFO: 
------------------------------Validation End------------------------------


24-04-22 11:17:03.339 - INFO: train/mse_loss: 0.6688996789949532	
24-04-22 11:17:03.340 - INFO: epoch: 22	
24-04-22 11:17:03.340 - INFO: iters: 777082	
24-04-22 11:17:03.340 - INFO: 


------------------------------Validation Start------------------------------
24-04-22 11:19:25.028 - INFO: val/mae: 0.9167337417602539	
24-04-22 11:19:25.029 - INFO: val/mse: 1.2840479612350464	
24-04-22 11:19:25.029 - INFO: val/SSIM: 0.0019286351723261119	
24-04-22 11:19:25.029 - INFO: val/PSNR: 4.9732904809972815	
24-04-22 11:19:25.029 - INFO: 
------------------------------Validation End------------------------------


24-04-22 11:24:06.310 - INFO: train/mse_loss: 0.6689066935141554	
24-04-22 11:40:12.394 - INFO: train/mse_loss: 0.6689579517858322	
24-04-22 11:56:20.271 - INFO: train/mse_loss: 0.6688951283126294	
24-04-22 12:12:26.404 - INFO: train/mse_loss: 0.668909600828699	
24-04-22 12:16:18.584 - INFO: train/mse_loss: 0.6688988827565518	
24-04-22 12:16:18.584 - INFO: epoch: 23	
24-04-22 12:16:18.584 - INFO: iters: 812404	
24-04-22 12:16:18.584 - INFO: 


------------------------------Validation Start------------------------------
24-04-22 12:18:40.216 - INFO: val/mae: 0.9115623235702515	
24-04-22 12:18:40.217 - INFO: val/mse: 1.2727415561676025	
24-04-22 12:18:40.217 - INFO: val/SSIM: 0.0023639021910657016	
24-04-22 12:18:40.217 - INFO: val/PSNR: 5.011500100828815	
24-04-22 12:18:40.217 - INFO: 
------------------------------Validation End------------------------------


24-04-22 13:15:37.660 - INFO: train/mse_loss: 0.6689370279403937	
24-04-22 13:15:37.662 - INFO: epoch: 24	
24-04-22 13:15:37.662 - INFO: iters: 847726	
24-04-22 13:15:37.662 - INFO: 


------------------------------Validation Start------------------------------
24-04-22 13:18:00.138 - INFO: val/mae: 0.9133569002151489	
24-04-22 13:18:00.139 - INFO: val/mse: 1.2771968841552734	
24-04-22 13:18:00.139 - INFO: val/SSIM: 0.002587089470045399	
24-04-22 13:18:00.139 - INFO: val/PSNR: 4.998526346143377	
24-04-22 13:18:00.139 - INFO: 
------------------------------Validation End------------------------------


24-04-22 13:21:40.618 - INFO: train/mse_loss: 0.66900942411641	
24-04-22 13:38:00.444 - INFO: train/mse_loss: 0.6688521698680664	
24-04-22 13:54:10.465 - INFO: train/mse_loss: 0.6688709313842072	
24-04-22 14:10:28.144 - INFO: train/mse_loss: 0.6688343393046133	
24-04-22 14:15:31.441 - INFO: train/mse_loss: 0.6688260884004164	
24-04-22 14:15:31.442 - INFO: epoch: 25	
24-04-22 14:15:31.442 - INFO: iters: 883048	
24-04-22 14:15:31.442 - INFO: Saving the self at the end of epoch 25
24-04-22 14:15:43.125 - INFO: 


------------------------------Validation Start------------------------------
24-04-22 14:18:05.481 - INFO: val/mae: 0.9170739650726318	
24-04-22 14:18:05.482 - INFO: val/mse: 1.2861073017120361	
24-04-22 14:18:05.482 - INFO: val/SSIM: 0.002732727269804332	
24-04-22 14:18:05.482 - INFO: val/PSNR: 4.966392136958065	
24-04-22 14:18:05.482 - INFO: 
------------------------------Validation End------------------------------


24-04-22 15:15:39.551 - INFO: train/mse_loss: 0.6689113719682056	
24-04-22 15:15:39.552 - INFO: epoch: 26	
24-04-22 15:15:39.552 - INFO: iters: 918370	
24-04-22 15:15:39.552 - INFO: 


------------------------------Validation Start------------------------------
24-04-22 15:18:05.420 - INFO: val/mae: 0.9088704586029053	
24-04-22 15:18:05.421 - INFO: val/mse: 1.2677806615829468	
24-04-22 15:18:05.421 - INFO: val/SSIM: 0.0031273851799041097	
24-04-22 15:18:05.421 - INFO: val/PSNR: 5.03244051721083	
24-04-22 15:18:05.421 - INFO: 
------------------------------Validation End------------------------------


24-04-22 15:20:47.453 - INFO: train/mse_loss: 0.66897936051835	
24-04-22 15:37:39.574 - INFO: train/mse_loss: 0.6688839858612491	
24-04-22 15:54:08.066 - INFO: train/mse_loss: 0.6688055824236926	
24-04-22 16:10:30.859 - INFO: train/mse_loss: 0.6688595127860378	
24-04-22 16:16:33.196 - INFO: train/mse_loss: 0.6688670217383353	
24-04-22 16:16:33.197 - INFO: epoch: 27	
24-04-22 16:16:33.197 - INFO: iters: 953692	
24-04-22 16:16:33.197 - INFO: 


------------------------------Validation Start------------------------------
24-04-22 16:19:04.923 - INFO: val/mae: 0.9083279371261597	
24-04-22 16:19:04.924 - INFO: val/mse: 1.2668803930282593	
24-04-22 16:19:04.924 - INFO: val/SSIM: 0.002668573493875226	
24-04-22 16:19:04.924 - INFO: val/PSNR: 5.034971735633977	
24-04-22 16:19:04.924 - INFO: 
------------------------------Validation End------------------------------


24-04-22 17:17:52.182 - INFO: train/mse_loss: 0.6689782702706814	
24-04-22 17:17:52.182 - INFO: epoch: 28	
24-04-22 17:17:52.182 - INFO: iters: 989014	
24-04-22 17:17:52.182 - INFO: 


------------------------------Validation Start------------------------------
24-04-22 17:20:21.827 - INFO: val/mae: 0.9166344404220581	
24-04-22 17:20:21.828 - INFO: val/mse: 1.2833056449890137	
24-04-22 17:20:21.828 - INFO: val/SSIM: 0.002588253814803555	
24-04-22 17:20:21.828 - INFO: val/PSNR: 4.9760949868990085	
24-04-22 17:20:21.828 - INFO: 
------------------------------Validation End------------------------------


24-04-22 17:21:58.526 - INFO: train/mse_loss: 0.6684079124190943	
24-04-22 17:38:35.904 - INFO: train/mse_loss: 0.6689530991110069	
24-04-22 17:54:51.070 - INFO: train/mse_loss: 0.6688958214204638	
24-04-22 18:11:16.064 - INFO: train/mse_loss: 0.6689318092008478	
24-04-22 18:18:26.935 - INFO: train/mse_loss: 0.6689136997692178	
24-04-22 18:18:26.937 - INFO: epoch: 29	
24-04-22 18:18:26.937 - INFO: iters: 1024336	
24-04-22 18:18:26.937 - INFO: 


------------------------------Validation Start------------------------------
24-04-22 18:20:50.814 - INFO: val/mae: 0.9029819965362549	
24-04-22 18:20:50.814 - INFO: val/mse: 1.2566237449645996	
24-04-22 18:20:50.814 - INFO: val/SSIM: 0.003001812750945156	
24-04-22 18:20:50.814 - INFO: val/PSNR: 5.0745187357463895	
24-04-22 18:20:50.814 - INFO: 
------------------------------Validation End------------------------------


24-04-22 19:18:30.788 - INFO: train/mse_loss: 0.6687063795523898	
24-04-22 19:18:30.789 - INFO: epoch: 30	
24-04-22 19:18:30.789 - INFO: iters: 1059658	
24-04-22 19:18:30.789 - INFO: Saving the self at the end of epoch 30
24-04-22 19:18:57.004 - INFO: 


------------------------------Validation Start------------------------------
24-04-22 19:21:20.614 - INFO: val/mae: 0.9113909006118774	
24-04-22 19:21:20.614 - INFO: val/mse: 1.273470401763916	
24-04-22 19:21:20.614 - INFO: val/SSIM: 0.0025178734436584974	
24-04-22 19:21:20.614 - INFO: val/PSNR: 5.013044057794289	
24-04-22 19:21:20.615 - INFO: 
------------------------------Validation End------------------------------


24-04-22 19:21:53.724 - INFO: train/mse_loss: 0.6685871811474071	
24-04-22 19:38:08.555 - INFO: train/mse_loss: 0.6689842127047378	
24-04-22 19:54:11.243 - INFO: train/mse_loss: 0.6689431304659698	
24-04-22 20:10:16.184 - INFO: train/mse_loss: 0.6688974172721667	
24-04-22 20:18:16.815 - INFO: train/mse_loss: 0.6689053485104614	
24-04-22 20:18:16.815 - INFO: epoch: 31	
24-04-22 20:18:16.815 - INFO: iters: 1094980	
24-04-22 20:18:16.815 - INFO: 


------------------------------Validation Start------------------------------
24-04-22 20:20:38.497 - INFO: val/mae: 0.9157874584197998	
24-04-22 20:20:38.498 - INFO: val/mse: 1.2815054655075073	
24-04-22 20:20:38.498 - INFO: val/SSIM: 0.0025312235954526516	
24-04-22 20:20:38.498 - INFO: val/PSNR: 4.98675767452692	
24-04-22 20:20:38.498 - INFO: 
------------------------------Validation End------------------------------


24-04-22 21:17:36.408 - INFO: train/mse_loss: 0.6688523887912927	
24-04-22 21:17:36.410 - INFO: epoch: 32	
24-04-22 21:17:36.410 - INFO: iters: 1130302	
24-04-22 21:17:36.410 - INFO: 


------------------------------Validation Start------------------------------
24-04-22 21:19:58.268 - INFO: val/mae: 0.9097250699996948	
24-04-22 21:19:58.268 - INFO: val/mse: 1.270556926727295	
24-04-22 21:19:58.268 - INFO: val/SSIM: 0.0029386765818103975	
24-04-22 21:19:58.268 - INFO: val/PSNR: 5.0244383771460255	
24-04-22 21:19:58.268 - INFO: 
------------------------------Validation End------------------------------


24-04-22 21:35:40.450 - INFO: train/mse_loss: 0.6688497368701221	
24-04-22 21:51:50.073 - INFO: train/mse_loss: 0.6687930494450051	
24-04-22 22:07:56.714 - INFO: train/mse_loss: 0.6687975728659538	
24-04-22 22:17:00.048 - INFO: train/mse_loss: 0.6688063307094682	
24-04-22 22:17:00.048 - INFO: epoch: 33	
24-04-22 22:17:00.048 - INFO: iters: 1165624	
24-04-22 22:17:00.048 - INFO: 


------------------------------Validation Start------------------------------
24-04-22 22:19:21.991 - INFO: val/mae: 0.9010653495788574	
24-04-22 22:19:21.991 - INFO: val/mse: 1.2516765594482422	
24-04-22 22:19:21.991 - INFO: val/SSIM: 0.002500567614947087	
24-04-22 22:19:21.991 - INFO: val/PSNR: 5.088784292072651	
24-04-22 22:19:21.991 - INFO: 
------------------------------Validation End------------------------------


24-04-22 23:16:33.795 - INFO: train/mse_loss: 0.6688291085468413	
24-04-22 23:16:33.796 - INFO: epoch: 34	
24-04-22 23:16:33.797 - INFO: iters: 1200946	
24-04-22 23:16:33.797 - INFO: 


------------------------------Validation Start------------------------------
24-04-22 23:18:56.822 - INFO: val/mae: 0.9149627685546875	
24-04-22 23:18:56.823 - INFO: val/mse: 1.2776222229003906	
24-04-22 23:18:56.823 - INFO: val/SSIM: 0.0023212358004922945	
24-04-22 23:18:56.823 - INFO: val/PSNR: 4.998528780652549	
24-04-22 23:18:56.823 - INFO: 
------------------------------Validation End------------------------------


24-04-22 23:33:41.278 - INFO: train/mse_loss: 0.6687650630498322	
24-04-22 23:50:19.798 - INFO: train/mse_loss: 0.6688550256166091	
24-04-23 00:06:37.113 - INFO: train/mse_loss: 0.6688795648017698	
24-04-23 00:16:46.161 - INFO: train/mse_loss: 0.6688343197478579	
24-04-23 00:16:46.161 - INFO: epoch: 35	
24-04-23 00:16:46.161 - INFO: iters: 1236268	
24-04-23 00:16:46.161 - INFO: Saving the self at the end of epoch 35
24-04-23 00:16:54.423 - INFO: 


------------------------------Validation Start------------------------------
24-04-23 00:19:17.822 - INFO: val/mae: 0.9092473983764648	
24-04-23 00:19:17.876 - INFO: val/mse: 1.2675786018371582	
24-04-23 00:19:17.876 - INFO: val/SSIM: 0.002303945727404488	
24-04-23 00:19:17.876 - INFO: val/PSNR: 5.032581024916482	
24-04-23 00:19:17.876 - INFO: 
------------------------------Validation End------------------------------


24-04-23 01:17:18.698 - INFO: train/mse_loss: 0.6687677466990859	
24-04-23 01:17:18.699 - INFO: epoch: 36	
24-04-23 01:17:18.699 - INFO: iters: 1271590	
24-04-23 01:17:18.699 - INFO: 


------------------------------Validation Start------------------------------
24-04-23 01:19:44.427 - INFO: val/mae: 0.9116677045822144	
24-04-23 01:19:44.427 - INFO: val/mse: 1.2735681533813477	
24-04-23 01:19:44.427 - INFO: val/SSIM: 0.00317708927231765	
24-04-23 01:19:44.427 - INFO: val/PSNR: 5.011513292658199	
24-04-23 01:19:44.427 - INFO: 
------------------------------Validation End------------------------------


24-04-23 01:33:27.948 - INFO: train/mse_loss: 0.6687274927133384	
24-04-23 01:49:50.016 - INFO: train/mse_loss: 0.6687475806316673	
24-04-23 02:06:26.665 - INFO: train/mse_loss: 0.6687592641799022	
24-04-23 02:17:48.367 - INFO: train/mse_loss: 0.6687693547149477	
24-04-23 02:17:48.367 - INFO: epoch: 37	
24-04-23 02:17:48.367 - INFO: iters: 1306912	
24-04-23 02:17:48.367 - INFO: 


------------------------------Validation Start------------------------------
24-04-23 02:20:13.636 - INFO: val/mae: 0.9083917140960693	
24-04-23 02:20:13.637 - INFO: val/mse: 1.2662813663482666	
24-04-23 02:20:13.637 - INFO: val/SSIM: 0.0028633735667078376	
24-04-23 02:20:13.637 - INFO: val/PSNR: 5.038106081928537	
24-04-23 02:20:13.637 - INFO: 
------------------------------Validation End------------------------------


24-04-23 03:19:57.332 - INFO: train/mse_loss: 0.668699856212158	
24-04-23 03:19:57.334 - INFO: epoch: 38	
24-04-23 03:19:57.334 - INFO: iters: 1342234	
24-04-23 03:19:57.334 - INFO: 


------------------------------Validation Start------------------------------
24-04-23 03:22:27.020 - INFO: val/mae: 0.9077984094619751	
24-04-23 03:22:27.020 - INFO: val/mse: 1.2653993368148804	
24-04-23 03:22:27.020 - INFO: val/SSIM: 0.0030497896613815643	
24-04-23 03:22:27.020 - INFO: val/PSNR: 5.0451391818835605	
24-04-23 03:22:27.020 - INFO: 
------------------------------Validation End------------------------------


24-04-23 03:35:07.763 - INFO: train/mse_loss: 0.6690136196071619	
24-04-23 03:51:20.300 - INFO: train/mse_loss: 0.668868443969133	
24-04-23 04:07:43.468 - INFO: train/mse_loss: 0.6688232431922174	
24-04-23 04:20:09.604 - INFO: train/mse_loss: 0.6688260644370541	
24-04-23 04:20:09.604 - INFO: epoch: 39	
24-04-23 04:20:09.604 - INFO: iters: 1377556	
24-04-23 04:20:09.604 - INFO: 


------------------------------Validation Start------------------------------
24-04-23 04:22:33.433 - INFO: val/mae: 0.9087774753570557	
24-04-23 04:22:33.434 - INFO: val/mse: 1.2665493488311768	
24-04-23 04:22:33.434 - INFO: val/SSIM: 0.0029464848584062286	
24-04-23 04:22:33.434 - INFO: val/PSNR: 5.035369947911393	
24-04-23 04:22:33.434 - INFO: 
------------------------------Validation End------------------------------


24-04-23 05:20:48.356 - INFO: train/mse_loss: 0.6687780111521854	
24-04-23 05:20:48.356 - INFO: epoch: 40	
24-04-23 05:20:48.356 - INFO: iters: 1412878	
24-04-23 05:20:48.357 - INFO: Saving the self at the end of epoch 40
24-04-23 05:21:38.345 - INFO: 


------------------------------Validation Start------------------------------
24-04-23 05:24:07.342 - INFO: val/mae: 0.908973217010498	
24-04-23 05:24:07.343 - INFO: val/mse: 1.2670494318008423	
24-04-23 05:24:07.343 - INFO: val/SSIM: 0.003003113862890163	
24-04-23 05:24:07.343 - INFO: val/PSNR: 5.034256925604482	
24-04-23 05:24:07.343 - INFO: 
------------------------------Validation End------------------------------


24-04-23 05:36:12.598 - INFO: train/mse_loss: 0.6688122924124257	
24-04-23 05:52:23.826 - INFO: train/mse_loss: 0.6687530728561856	
24-04-23 06:08:38.140 - INFO: train/mse_loss: 0.6687184922550984	
24-04-23 06:22:05.787 - INFO: train/mse_loss: 0.6687441270051699	
24-04-23 06:22:05.788 - INFO: epoch: 41	
24-04-23 06:22:05.788 - INFO: iters: 1448200	
24-04-23 06:22:05.788 - INFO: 


------------------------------Validation Start------------------------------
24-04-23 06:24:34.517 - INFO: val/mae: 0.9041554927825928	
24-04-23 06:24:34.518 - INFO: val/mse: 1.257228136062622	
24-04-23 06:24:34.518 - INFO: val/SSIM: 0.0027697165775098865	
24-04-23 06:24:34.518 - INFO: val/PSNR: 5.067589524019091	
24-04-23 06:24:34.518 - INFO: 
------------------------------Validation End------------------------------


24-04-23 07:22:06.855 - INFO: train/mse_loss: 0.6688153997553029	
24-04-23 07:22:06.856 - INFO: epoch: 42	
24-04-23 07:22:06.856 - INFO: iters: 1483522	
24-04-23 07:22:06.856 - INFO: 


------------------------------Validation Start------------------------------
24-04-23 07:24:34.872 - INFO: val/mae: 0.9070070385932922	
24-04-23 07:24:34.872 - INFO: val/mse: 1.2619187831878662	
24-04-23 07:24:34.873 - INFO: val/SSIM: 0.0031580022363150943	
24-04-23 07:24:34.873 - INFO: val/PSNR: 5.054700745118829	
24-04-23 07:24:34.873 - INFO: 
------------------------------Validation End------------------------------


24-04-23 07:35:11.953 - INFO: train/mse_loss: 0.668800378817699	
24-04-23 07:51:22.025 - INFO: train/mse_loss: 0.6687470251247992	
24-04-23 08:07:32.209 - INFO: train/mse_loss: 0.6687858600255532	
24-04-23 08:21:55.942 - INFO: train/mse_loss: 0.6687990728753069	
24-04-23 08:21:55.943 - INFO: epoch: 43	
24-04-23 08:21:55.943 - INFO: iters: 1518844	
24-04-23 08:21:55.943 - INFO: 


------------------------------Validation Start------------------------------
24-04-23 08:24:18.086 - INFO: val/mae: 0.9094749689102173	
24-04-23 08:24:18.087 - INFO: val/mse: 1.2683476209640503	
24-04-23 08:24:18.087 - INFO: val/SSIM: 0.0029831154437953175	
24-04-23 08:24:18.087 - INFO: val/PSNR: 5.025697379804825	
24-04-23 08:24:18.087 - INFO: 
------------------------------Validation End------------------------------


24-04-23 09:21:40.068 - INFO: train/mse_loss: 0.6686845969303278	
24-04-23 09:21:40.070 - INFO: epoch: 44	
24-04-23 09:21:40.070 - INFO: iters: 1554166	
24-04-23 09:21:40.070 - INFO: 


------------------------------Validation Start------------------------------
24-04-23 09:24:02.820 - INFO: val/mae: 0.9146903157234192	
24-04-23 09:24:02.820 - INFO: val/mse: 1.2776411771774292	
24-04-23 09:24:02.820 - INFO: val/SSIM: 0.0026761291087642053	
24-04-23 09:24:02.820 - INFO: val/PSNR: 4.999598883637656	
24-04-23 09:24:02.820 - INFO: 
------------------------------Validation End------------------------------


24-04-23 09:33:30.031 - INFO: train/mse_loss: 0.6690299464760167	
24-04-23 09:49:38.951 - INFO: train/mse_loss: 0.6688144283501893	
24-04-23 10:05:53.218 - INFO: train/mse_loss: 0.668762439062958	
24-04-23 10:21:38.477 - INFO: train/mse_loss: 0.6687323774041298	
24-04-23 10:21:38.477 - INFO: epoch: 45	
24-04-23 10:21:38.477 - INFO: iters: 1589488	
24-04-23 10:21:38.477 - INFO: Saving the self at the end of epoch 45
24-04-23 10:22:08.991 - INFO: 


------------------------------Validation Start------------------------------
24-04-23 10:24:40.183 - INFO: val/mae: 0.918059766292572	
24-04-23 10:24:40.228 - INFO: val/mse: 1.2833266258239746	
24-04-23 10:24:40.228 - INFO: val/SSIM: 0.002712646260049083	
24-04-23 10:24:40.228 - INFO: val/PSNR: 4.982168876720198	
24-04-23 10:24:40.228 - INFO: 
------------------------------Validation End------------------------------


24-04-23 11:22:50.125 - INFO: train/mse_loss: 0.6686421047250655	
24-04-23 11:22:50.126 - INFO: epoch: 46	
24-04-23 11:22:50.126 - INFO: iters: 1624810	
24-04-23 11:22:50.126 - INFO: 


------------------------------Validation Start------------------------------
24-04-23 11:25:18.408 - INFO: val/mae: 0.906856894493103	
24-04-23 11:25:18.409 - INFO: val/mse: 1.2622560262680054	
24-04-23 11:25:18.409 - INFO: val/SSIM: 0.003371447037141825	
24-04-23 11:25:18.409 - INFO: val/PSNR: 5.05380075111816	
24-04-23 11:25:18.409 - INFO: 
------------------------------Validation End------------------------------


24-04-23 11:34:03.337 - INFO: train/mse_loss: 0.6686567749164614	
24-04-23 11:50:20.068 - INFO: train/mse_loss: 0.6686185686595194	
24-04-23 12:06:33.462 - INFO: train/mse_loss: 0.6686720626116064	
24-04-23 12:22:45.465 - INFO: train/mse_loss: 0.66869172225205	
24-04-23 12:22:58.952 - INFO: train/mse_loss: 0.6686907372955287	
24-04-23 12:22:58.952 - INFO: epoch: 47	
24-04-23 12:22:58.952 - INFO: iters: 1660132	
24-04-23 12:22:58.952 - INFO: 


------------------------------Validation Start------------------------------
24-04-23 12:25:32.379 - INFO: val/mae: 0.9076030254364014	
24-04-23 12:25:32.379 - INFO: val/mse: 1.2632455825805664	
24-04-23 12:25:32.379 - INFO: val/SSIM: 0.002860462223508747	
24-04-23 12:25:32.379 - INFO: val/PSNR: 5.046459831147092	
24-04-23 12:25:32.379 - INFO: 
------------------------------Validation End------------------------------


24-04-23 13:24:38.289 - INFO: train/mse_loss: 0.6686280400539714	
24-04-23 13:24:38.291 - INFO: epoch: 48	
24-04-23 13:24:38.291 - INFO: iters: 1695454	
24-04-23 13:24:38.291 - INFO: 


------------------------------Validation Start------------------------------
24-04-23 13:27:11.453 - INFO: val/mae: 0.9060924053192139	
24-04-23 13:27:11.453 - INFO: val/mse: 1.2623881101608276	
24-04-23 13:27:11.453 - INFO: val/SSIM: 0.0027888006046223016	
24-04-23 13:27:11.453 - INFO: val/PSNR: 5.050423549670709	
24-04-23 13:27:11.454 - INFO: 
------------------------------Validation End------------------------------


24-04-23 13:34:49.107 - INFO: train/mse_loss: 0.6685157151184451	
24-04-23 13:51:27.001 - INFO: train/mse_loss: 0.668724931210968	
24-04-23 14:08:29.757 - INFO: train/mse_loss: 0.668714079641612	
24-04-23 14:25:38.966 - INFO: train/mse_loss: 0.6686913796794144	
24-04-23 14:26:57.646 - INFO: train/mse_loss: 0.6686952507374376	
24-04-23 14:26:57.647 - INFO: epoch: 49	
24-04-23 14:26:57.647 - INFO: iters: 1730776	
24-04-23 14:26:57.647 - INFO: 


------------------------------Validation Start------------------------------
24-04-23 14:29:38.925 - INFO: val/mae: 0.9069746732711792	
24-04-23 14:29:38.925 - INFO: val/mse: 1.2633507251739502	
24-04-23 14:29:38.925 - INFO: val/SSIM: 0.002992100921294364	
24-04-23 14:29:38.925 - INFO: val/PSNR: 5.047712074378309	
24-04-23 14:29:38.925 - INFO: 
------------------------------Validation End------------------------------


24-04-23 15:28:37.244 - INFO: train/mse_loss: 0.6686674063432527	
24-04-23 15:28:37.245 - INFO: epoch: 50	
24-04-23 15:28:37.246 - INFO: iters: 1766098	
24-04-23 15:28:37.246 - INFO: Saving the self at the end of epoch 50
24-04-23 15:29:04.096 - INFO: 


------------------------------Validation Start------------------------------
24-04-23 15:31:34.849 - INFO: val/mae: 0.9114155769348145	
24-04-23 15:31:34.849 - INFO: val/mse: 1.271513819694519	
24-04-23 15:31:34.849 - INFO: val/SSIM: 0.003021413436085799	
24-04-23 15:31:34.849 - INFO: val/PSNR: 5.017032075172015	
24-04-23 15:31:34.849 - INFO: 
------------------------------Validation End------------------------------


24-04-23 15:37:54.815 - INFO: train/mse_loss: 0.6686563279689887	
24-04-23 15:54:21.855 - INFO: train/mse_loss: 0.668751382381796	
24-04-23 16:10:51.975 - INFO: train/mse_loss: 0.6687315780747386	
24-04-23 16:27:29.683 - INFO: train/mse_loss: 0.6687239324167414	
24-04-23 16:29:51.304 - INFO: train/mse_loss: 0.6687241854511058	
24-04-23 16:29:51.304 - INFO: epoch: 51	
24-04-23 16:29:51.304 - INFO: iters: 1801420	
24-04-23 16:29:51.304 - INFO: 


------------------------------Validation Start------------------------------
24-04-23 16:32:18.355 - INFO: val/mae: 0.9085437059402466	
24-04-23 16:32:18.356 - INFO: val/mse: 1.2657800912857056	
24-04-23 16:32:18.356 - INFO: val/SSIM: 0.002628096922386621	
24-04-23 16:32:18.356 - INFO: val/PSNR: 5.035424338780113	
24-04-23 16:32:18.356 - INFO: 
------------------------------Validation End------------------------------


24-04-23 17:30:49.641 - INFO: train/mse_loss: 0.6686234509553401	
24-04-23 17:30:49.642 - INFO: epoch: 52	
24-04-23 17:30:49.642 - INFO: iters: 1836742	
24-04-23 17:30:49.642 - INFO: 


------------------------------Validation Start------------------------------
24-04-23 17:33:16.372 - INFO: val/mae: 0.9045760631561279	
24-04-23 17:33:16.373 - INFO: val/mse: 1.2580394744873047	
24-04-23 17:33:16.373 - INFO: val/SSIM: 0.0030867086981661036	
24-04-23 17:33:16.373 - INFO: val/PSNR: 5.065950407563378	
24-04-23 17:33:16.373 - INFO: 
------------------------------Validation End------------------------------


24-04-23 17:38:39.297 - INFO: train/mse_loss: 0.6687630907762842	
24-04-23 17:55:17.067 - INFO: train/mse_loss: 0.6685826999815963	
24-04-23 18:11:48.683 - INFO: train/mse_loss: 0.6685719595030899	
24-04-23 18:28:23.414 - INFO: train/mse_loss: 0.6685659587956806	
24-04-23 18:31:50.568 - INFO: train/mse_loss: 0.668562519145309	
24-04-23 18:31:50.569 - INFO: epoch: 53	
24-04-23 18:31:50.569 - INFO: iters: 1872064	
24-04-23 18:31:50.569 - INFO: 


------------------------------Validation Start------------------------------
24-04-23 18:34:22.117 - INFO: val/mae: 0.912306010723114	
24-04-23 18:34:22.118 - INFO: val/mse: 1.2739617824554443	
24-04-23 18:34:22.118 - INFO: val/SSIM: 0.002959540903642714	
24-04-23 18:34:22.118 - INFO: val/PSNR: 5.010747364978831	
24-04-23 18:34:22.118 - INFO: 
------------------------------Validation End------------------------------


24-04-23 19:32:41.334 - INFO: train/mse_loss: 0.6685267465908422	
24-04-23 19:32:41.335 - INFO: epoch: 54	
24-04-23 19:32:41.335 - INFO: iters: 1907386	
24-04-23 19:32:41.335 - INFO: 


------------------------------Validation Start------------------------------
24-04-23 19:35:07.745 - INFO: val/mae: 0.9065309762954712	
24-04-23 19:35:07.745 - INFO: val/mse: 1.2630119323730469	
24-04-23 19:35:07.746 - INFO: val/SSIM: 0.0026489965475273995	
24-04-23 19:35:07.746 - INFO: val/PSNR: 5.042742853670317	
24-04-23 19:35:07.746 - INFO: 
------------------------------Validation End------------------------------


24-04-23 19:39:29.482 - INFO: train/mse_loss: 0.6688959853207354	
24-04-23 19:56:17.868 - INFO: train/mse_loss: 0.6688026491702642	
24-04-23 20:12:48.085 - INFO: train/mse_loss: 0.6687868098421432	
24-04-23 20:29:21.378 - INFO: train/mse_loss: 0.6687535489028061	
24-04-23 20:33:45.396 - INFO: train/mse_loss: 0.6687510639057829	
24-04-23 20:33:45.396 - INFO: epoch: 55	
24-04-23 20:33:45.396 - INFO: iters: 1942708	
24-04-23 20:33:45.396 - INFO: Saving the self at the end of epoch 55
24-04-23 20:34:08.891 - INFO: 


------------------------------Validation Start------------------------------
24-04-23 20:36:35.309 - INFO: val/mae: 0.9092618227005005	
24-04-23 20:36:35.310 - INFO: val/mse: 1.2663989067077637	
24-04-23 20:36:35.310 - INFO: val/SSIM: 0.0027308437650703974	
24-04-23 20:36:35.310 - INFO: val/PSNR: 5.03363031484517	
24-04-23 20:36:35.310 - INFO: 
------------------------------Validation End------------------------------


24-04-23 21:34:36.039 - INFO: train/mse_loss: 0.6686756100551998	
24-04-23 21:34:36.040 - INFO: epoch: 56	
24-04-23 21:34:36.040 - INFO: iters: 1978030	
24-04-23 21:34:36.040 - INFO: 


------------------------------Validation Start------------------------------
24-04-23 21:37:01.653 - INFO: val/mae: 0.9102532863616943	
24-04-23 21:37:01.654 - INFO: val/mse: 1.269797682762146	
24-04-23 21:37:01.654 - INFO: val/SSIM: 0.0029050357560124096	
24-04-23 21:37:01.654 - INFO: val/PSNR: 5.020480790247735	
24-04-23 21:37:01.654 - INFO: 
------------------------------Validation End------------------------------


24-04-23 21:40:13.130 - INFO: train/mse_loss: 0.6686476506595689	
24-04-23 21:56:23.793 - INFO: train/mse_loss: 0.6687052174805002	
24-04-23 22:12:37.304 - INFO: train/mse_loss: 0.6686067894828294	
24-04-23 22:28:56.586 - INFO: train/mse_loss: 0.6686256869404285	
24-04-23 22:34:21.625 - INFO: train/mse_loss: 0.6686150103166176	
24-04-23 22:34:21.626 - INFO: epoch: 57	
24-04-23 22:34:21.626 - INFO: iters: 2013352	
24-04-23 22:34:21.626 - INFO: 


------------------------------Validation Start------------------------------
24-04-23 22:36:44.982 - INFO: val/mae: 0.9130573272705078	
24-04-23 22:36:44.983 - INFO: val/mse: 1.2741258144378662	
24-04-23 22:36:44.983 - INFO: val/SSIM: 0.0025079747514496833	
24-04-23 22:36:44.983 - INFO: val/PSNR: 5.004265575171479	
24-04-23 22:36:44.983 - INFO: 
------------------------------Validation End------------------------------


24-04-23 23:34:17.257 - INFO: train/mse_loss: 0.6685976942830285	
24-04-23 23:34:17.258 - INFO: epoch: 58	
24-04-23 23:34:17.258 - INFO: iters: 2048674	
24-04-23 23:34:17.258 - INFO: 


------------------------------Validation Start------------------------------
24-04-23 23:36:41.741 - INFO: val/mae: 0.9075639247894287	
24-04-23 23:36:41.741 - INFO: val/mse: 1.2641416788101196	
24-04-23 23:36:41.741 - INFO: val/SSIM: 0.0026074183787601437	
24-04-23 23:36:41.742 - INFO: val/PSNR: 5.039256696650537	
24-04-23 23:36:41.742 - INFO: 
------------------------------Validation End------------------------------


24-04-23 23:38:50.259 - INFO: train/mse_loss: 0.668220929868992	
24-04-23 23:55:06.163 - INFO: train/mse_loss: 0.6685592891764868	
24-04-24 00:11:24.061 - INFO: train/mse_loss: 0.6686655741720927	
24-04-24 00:27:42.353 - INFO: train/mse_loss: 0.6686684559579249	
24-04-24 00:34:24.143 - INFO: train/mse_loss: 0.668685663927722	
24-04-24 00:34:24.144 - INFO: epoch: 59	
24-04-24 00:34:24.144 - INFO: iters: 2083996	
24-04-24 00:34:24.144 - INFO: 


------------------------------Validation Start------------------------------
24-04-24 00:36:50.095 - INFO: val/mae: 0.9096031188964844	
24-04-24 00:36:50.096 - INFO: val/mse: 1.2668311595916748	
24-04-24 00:36:50.096 - INFO: val/SSIM: 0.0025347612286713665	
24-04-24 00:36:50.096 - INFO: val/PSNR: 5.0312043209836	
24-04-24 00:36:50.096 - INFO: 
------------------------------Validation End------------------------------


24-04-24 01:35:08.796 - INFO: train/mse_loss: 0.6686261051440968	
24-04-24 01:35:08.797 - INFO: epoch: 60	
24-04-24 01:35:08.797 - INFO: iters: 2119318	
24-04-24 01:35:08.797 - INFO: Saving the self at the end of epoch 60
24-04-24 01:35:38.936 - INFO: 


------------------------------Validation Start------------------------------
24-04-24 01:38:04.513 - INFO: val/mae: 0.9142935872077942	
24-04-24 01:38:04.514 - INFO: val/mse: 1.2758145332336426	
24-04-24 01:38:04.514 - INFO: val/SSIM: 0.0025095978060960212	
24-04-24 01:38:04.514 - INFO: val/PSNR: 4.99780069872054	
24-04-24 01:38:04.514 - INFO: 
------------------------------Validation End------------------------------


24-04-24 01:39:11.681 - INFO: train/mse_loss: 0.6681508190491621	
24-04-24 01:55:48.409 - INFO: train/mse_loss: 0.6685457207736898	
24-04-24 02:12:28.596 - INFO: train/mse_loss: 0.6685709472320527	
24-04-24 02:28:48.263 - INFO: train/mse_loss: 0.6686343973276668	
24-04-24 02:36:23.417 - INFO: train/mse_loss: 0.6686076824554366	
24-04-24 02:36:23.418 - INFO: epoch: 61	
24-04-24 02:36:23.418 - INFO: iters: 2154640	
24-04-24 02:36:23.418 - INFO: 


------------------------------Validation Start------------------------------
24-04-24 02:38:47.960 - INFO: val/mae: 0.9035106897354126	
24-04-24 02:38:47.961 - INFO: val/mse: 1.2553597688674927	
24-04-24 02:38:47.961 - INFO: val/SSIM: 0.0026178128782534367	
24-04-24 02:38:47.961 - INFO: val/PSNR: 5.073442320823583	
24-04-24 02:38:47.961 - INFO: 
------------------------------Validation End------------------------------


24-04-24 03:36:11.141 - INFO: train/mse_loss: 0.6687077065421393	
24-04-24 03:36:11.141 - INFO: epoch: 62	
24-04-24 03:36:11.142 - INFO: iters: 2189962	
24-04-24 03:36:11.142 - INFO: 


------------------------------Validation Start------------------------------
24-04-24 03:38:34.618 - INFO: val/mae: 0.9078253507614136	
24-04-24 03:38:34.618 - INFO: val/mse: 1.2627291679382324	
24-04-24 03:38:34.618 - INFO: val/SSIM: 0.003011685633740715	
24-04-24 03:38:34.618 - INFO: val/PSNR: 5.049747754797242	
24-04-24 03:38:34.618 - INFO: 
------------------------------Validation End------------------------------


24-04-24 03:38:38.314 - INFO: train/mse_loss: 0.6668552756309509	
24-04-24 03:54:45.086 - INFO: train/mse_loss: 0.6686644226775886	
24-04-24 04:10:52.976 - INFO: train/mse_loss: 0.6687632963837775	
24-04-24 04:27:06.400 - INFO: train/mse_loss: 0.6687579691878393	
24-04-24 04:35:44.491 - INFO: train/mse_loss: 0.6687377829378891	
24-04-24 04:35:44.491 - INFO: epoch: 63	
24-04-24 04:35:44.491 - INFO: iters: 2225284	
24-04-24 04:35:44.491 - INFO: 


------------------------------Validation Start------------------------------
24-04-24 04:38:09.474 - INFO: val/mae: 0.9079864621162415	
24-04-24 04:38:09.475 - INFO: val/mse: 1.26420259475708	
24-04-24 04:38:09.475 - INFO: val/SSIM: 0.0026595564742665223	
24-04-24 04:38:09.475 - INFO: val/PSNR: 5.040979901705959	
24-04-24 04:38:09.475 - INFO: 
------------------------------Validation End------------------------------


24-04-24 05:35:36.149 - INFO: train/mse_loss: 0.6686404723813283	
24-04-24 05:35:36.151 - INFO: epoch: 64	
24-04-24 05:35:36.151 - INFO: iters: 2260606	
24-04-24 05:35:36.151 - INFO: 


------------------------------Validation Start------------------------------
24-04-24 05:37:58.754 - INFO: val/mae: 0.9047290682792664	
24-04-24 05:37:58.755 - INFO: val/mse: 1.257988691329956	
24-04-24 05:37:58.755 - INFO: val/SSIM: 0.00301655633739769	
24-04-24 05:37:58.755 - INFO: val/PSNR: 5.062637124024363	
24-04-24 05:37:58.755 - INFO: 
------------------------------Validation End------------------------------


24-04-24 05:53:08.237 - INFO: train/mse_loss: 0.6686211118960096	
24-04-24 06:09:24.614 - INFO: train/mse_loss: 0.6686192361558034	
24-04-24 06:25:32.089 - INFO: train/mse_loss: 0.6685698298361228	
24-04-24 06:35:06.476 - INFO: train/mse_loss: 0.6686401762414221	
24-04-24 06:35:06.476 - INFO: epoch: 65	
24-04-24 06:35:06.477 - INFO: iters: 2295928	
24-04-24 06:35:06.477 - INFO: Saving the self at the end of epoch 65
24-04-24 06:35:13.331 - INFO: 


------------------------------Validation Start------------------------------
24-04-24 06:37:35.827 - INFO: val/mae: 0.9033595323562622	
24-04-24 06:37:35.828 - INFO: val/mse: 1.255387783050537	
24-04-24 06:37:35.828 - INFO: val/SSIM: 0.0030186425503994645	
24-04-24 06:37:35.828 - INFO: val/PSNR: 5.0703999694966875	
24-04-24 06:37:35.828 - INFO: 
------------------------------Validation End------------------------------


24-04-24 07:35:31.019 - INFO: train/mse_loss: 0.668621117511125	
24-04-24 07:35:31.020 - INFO: epoch: 66	
24-04-24 07:35:31.021 - INFO: iters: 2331250	
24-04-24 07:35:31.021 - INFO: 


------------------------------Validation Start------------------------------
24-04-24 07:37:54.657 - INFO: val/mae: 0.9051222801208496	
24-04-24 07:37:54.658 - INFO: val/mse: 1.2594962120056152	
24-04-24 07:37:54.658 - INFO: val/SSIM: 0.002732841193857392	
24-04-24 07:37:54.658 - INFO: val/PSNR: 5.051231503826534	
24-04-24 07:37:54.658 - INFO: 
------------------------------Validation End------------------------------


24-04-24 07:52:03.357 - INFO: train/mse_loss: 0.6683258073592655	
24-04-24 08:08:16.068 - INFO: train/mse_loss: 0.6684815877532307	
24-04-24 08:24:22.680 - INFO: train/mse_loss: 0.6685079268741063	
24-04-24 08:35:00.638 - INFO: train/mse_loss: 0.6685794721035833	
24-04-24 08:35:00.771 - INFO: epoch: 67	
24-04-24 08:35:00.771 - INFO: iters: 2366572	
24-04-24 08:35:00.772 - INFO: 


------------------------------Validation Start------------------------------
24-04-24 08:37:23.515 - INFO: val/mae: 0.907329797744751	
24-04-24 08:37:23.515 - INFO: val/mse: 1.26222562789917	
24-04-24 08:37:23.515 - INFO: val/SSIM: 0.0029226169279890166	
24-04-24 08:37:23.515 - INFO: val/PSNR: 5.047865342398821	
24-04-24 08:37:23.515 - INFO: 
------------------------------Validation End------------------------------


24-04-24 09:34:32.456 - INFO: train/mse_loss: 0.6685598850250244	
24-04-24 09:34:32.460 - INFO: epoch: 68	
24-04-24 09:34:32.460 - INFO: iters: 2401894	
24-04-24 09:34:32.460 - INFO: 


------------------------------Validation Start------------------------------
24-04-24 09:36:57.249 - INFO: val/mae: 0.9072287082672119	
24-04-24 09:36:57.250 - INFO: val/mse: 1.262789249420166	
24-04-24 09:36:57.250 - INFO: val/SSIM: 0.0028164953689576184	
24-04-24 09:36:57.250 - INFO: val/PSNR: 5.041261763224313	
24-04-24 09:36:57.250 - INFO: 
------------------------------Validation End------------------------------


