25-01-05 01:00:30.336 - WARNING: Warning: visualization (Tensorboard) is configured to use, but currently not installed on this machine. Please install TensorboardX with 'pip install tensorboardx', upgrade PyTorch to version >= 1.1 to use 'torch.utils.tensorboard' or turn off the option in the 'config.json' file.
25-01-05 01:00:30.336 - INFO: Create the log file in directory experiments/train_mri2ct_L2_nc1.

25-01-05 01:00:31.510 - INFO: Network [Network() form models.network] is created.
25-01-05 01:00:31.510 - INFO: Network [Network] weights initialize using [kaiming] method.
25-01-05 01:00:37.902 - INFO: Dataset [MRI2CTDataset() form data.dataset] is created.
25-01-05 01:00:37.902 - INFO: Dataset for train have 40012 samples.
25-01-05 01:00:39.321 - INFO: Dataset [MRI2CTDataset() form data.dataset] is created.
25-01-05 01:00:39.321 - INFO: Dataset for val have 10186 samples.
25-01-05 01:00:41.555 - INFO: Metric [mae() form models.metric] is created.
25-01-05 01:00:41.555 - INFO: Metric [mse() form models.metric] is created.
25-01-05 01:00:41.556 - INFO: Metric [SSIM() form models.metric] is created.
25-01-05 01:00:41.556 - INFO: Metric [PSNR() form models.metric] is created.
25-01-05 01:00:41.556 - INFO: Loss [mse_loss() form models.loss] is created.
25-01-05 01:00:49.069 - INFO: Model [Palette() form models.model] is created.
25-01-05 01:00:49.070 - INFO: Begin model train.
25-01-05 01:26:54.479 - INFO: train/mse_loss: 0.04899202771214768	
25-01-05 01:26:55.371 - INFO: train/mse_loss: 0.04899202771214768	
25-01-05 01:26:55.372 - INFO: epoch: 1	
25-01-05 01:26:55.372 - INFO: iters: 10000	
25-01-05 01:26:55.372 - INFO: 


------------------------------Validation Start------------------------------
25-01-05 01:46:58.011 - INFO: val/mae: 0.7132056355476379	
25-01-05 01:46:58.013 - INFO: val/mse: 0.6257458329200745	
25-01-05 01:46:58.013 - INFO: val/SSIM: 0.10538931900524748	
25-01-05 01:46:58.013 - INFO: val/PSNR: 11.68835262542528	
25-01-05 01:46:58.013 - INFO: val/VAL_MSE: 0.007663287688046694	
25-01-05 01:46:58.013 - INFO: 
------------------------------Validation End------------------------------


25-01-05 02:13:38.054 - INFO: train/mse_loss: 0.011219060192303731	
25-01-05 02:13:38.055 - INFO: epoch: 2	
25-01-05 02:13:38.055 - INFO: iters: 20010	
25-01-05 02:13:38.055 - INFO: 


------------------------------Validation Start------------------------------
25-01-05 02:33:34.905 - INFO: val/mae: 1.025512933731079	
25-01-05 02:33:34.906 - INFO: val/mse: 1.2620829343795776	
25-01-05 02:33:34.906 - INFO: val/SSIM: 0.046350543342484174	
25-01-05 02:33:34.906 - INFO: val/PSNR: 8.184443609446502	
25-01-05 02:33:34.906 - INFO: val/VAL_MSE: 0.007426095195114613	
25-01-05 02:33:34.906 - INFO: 
------------------------------Validation End------------------------------


25-01-05 03:00:09.215 - INFO: train/mse_loss: 0.007969002785414965	
25-01-05 03:00:13.096 - INFO: train/mse_loss: 0.007968204464484006	
25-01-05 03:00:13.097 - INFO: epoch: 3	
25-01-05 03:00:13.097 - INFO: iters: 30020	
25-01-05 03:00:13.097 - INFO: 


------------------------------Validation Start------------------------------
25-01-05 03:20:17.259 - INFO: val/mae: 0.31323930621147156	
25-01-05 03:20:17.260 - INFO: val/mse: 0.1599438488483429	
25-01-05 03:20:17.260 - INFO: val/SSIM: nan	
25-01-05 03:20:17.260 - INFO: val/PSNR: nan	
25-01-05 03:20:17.260 - INFO: val/VAL_MSE: 0.006057536695152521	
25-01-05 03:20:17.260 - INFO: 
------------------------------Validation End------------------------------


25-01-05 03:46:59.508 - INFO: train/mse_loss: 0.00678477852618089	
25-01-05 03:46:59.509 - INFO: epoch: 4	
25-01-05 03:46:59.509 - INFO: iters: 40030	
25-01-05 03:46:59.509 - INFO: 


------------------------------Validation Start------------------------------
25-01-05 04:06:55.543 - INFO: val/mae: 0.17907439172267914	
25-01-05 04:06:55.544 - INFO: val/mse: 0.15674971044063568	
25-01-05 04:06:55.545 - INFO: val/SSIM: 0.625978343699307	
25-01-05 04:06:55.545 - INFO: val/PSNR: 18.333706036835586	
25-01-05 04:06:55.545 - INFO: val/VAL_MSE: 0.008703898638486862	
25-01-05 04:06:55.545 - INFO: 
------------------------------Validation End------------------------------


25-01-05 04:33:30.859 - INFO: train/mse_loss: 0.00583442776260199	
25-01-05 04:33:38.054 - INFO: train/mse_loss: 0.00582277809905936	
25-01-05 04:33:38.054 - INFO: epoch: 5	
25-01-05 04:33:38.054 - INFO: iters: 50040	
25-01-05 04:33:38.054 - INFO: Saving the self at the end of epoch 5
25-01-05 04:33:44.144 - INFO: 


------------------------------Validation Start------------------------------
25-01-05 04:53:37.891 - INFO: val/mae: 0.40954193472862244	
25-01-05 04:53:37.892 - INFO: val/mse: 0.29236671328544617	
25-01-05 04:53:37.892 - INFO: val/SSIM: 0.22694080190954438	
25-01-05 04:53:37.892 - INFO: val/PSNR: 15.642621432858814	
25-01-05 04:53:37.892 - INFO: val/VAL_MSE: 0.004081977065652609	
25-01-05 04:53:37.892 - INFO: 
------------------------------Validation End------------------------------


25-01-05 05:20:18.137 - INFO: train/mse_loss: 0.005531803766678786	
25-01-05 05:20:18.138 - INFO: epoch: 6	
25-01-05 05:20:18.138 - INFO: iters: 60050	
25-01-05 05:20:18.138 - INFO: 


------------------------------Validation Start------------------------------
25-01-05 05:40:15.503 - INFO: val/mae: 0.15393833816051483	
25-01-05 05:40:15.504 - INFO: val/mse: 0.07074422389268875	
25-01-05 05:40:15.504 - INFO: val/SSIM: 0.3878997970196244	
25-01-05 05:40:15.504 - INFO: val/PSNR: 20.661577612550552	
25-01-05 05:40:15.504 - INFO: val/VAL_MSE: 0.00480921333655715	
25-01-05 05:40:15.504 - INFO: 
------------------------------Validation End------------------------------


25-01-05 06:06:48.029 - INFO: train/mse_loss: 0.005012357063901024	
25-01-05 06:06:58.666 - INFO: train/mse_loss: 0.005011585236372775	
25-01-05 06:06:58.666 - INFO: epoch: 7	
25-01-05 06:06:58.666 - INFO: iters: 70060	
25-01-05 06:06:58.666 - INFO: 


------------------------------Validation Start------------------------------
25-01-05 06:26:59.543 - INFO: val/mae: 0.36826199293136597	
25-01-05 06:26:59.544 - INFO: val/mse: 0.26072901487350464	
25-01-05 06:26:59.544 - INFO: val/SSIM: 0.22334163016111205	
25-01-05 06:26:59.544 - INFO: val/PSNR: 15.848317386631493	
25-01-05 06:26:59.544 - INFO: val/VAL_MSE: 0.0033417826052755117	
25-01-05 06:26:59.544 - INFO: 
------------------------------Validation End------------------------------


25-01-05 06:53:42.115 - INFO: train/mse_loss: 0.004804377364661196	
25-01-05 06:53:42.116 - INFO: epoch: 8	
25-01-05 06:53:42.116 - INFO: iters: 80070	
25-01-05 06:53:42.116 - INFO: 


------------------------------Validation Start------------------------------
25-01-05 07:13:42.761 - INFO: val/mae: 1.095241665840149	
25-01-05 07:13:42.764 - INFO: val/mse: 1.3576291799545288	
25-01-05 07:13:42.764 - INFO: val/SSIM: 0.026415379878466677	
25-01-05 07:13:42.764 - INFO: val/PSNR: 7.563234379859874	
25-01-05 07:13:42.764 - INFO: val/VAL_MSE: 0.0026212292723357677	
25-01-05 07:13:42.764 - INFO: 
------------------------------Validation End------------------------------


25-01-05 07:40:15.280 - INFO: train/mse_loss: 0.0046192910653131075	
25-01-05 07:40:29.093 - INFO: train/mse_loss: 0.004612397243746091	
25-01-05 07:40:29.093 - INFO: epoch: 9	
25-01-05 07:40:29.093 - INFO: iters: 90080	
25-01-05 07:40:29.093 - INFO: 


------------------------------Validation Start------------------------------
25-01-05 08:00:24.985 - INFO: val/mae: 0.32928797602653503	
25-01-05 08:00:24.985 - INFO: val/mse: 0.22294838726520538	
25-01-05 08:00:24.985 - INFO: val/SSIM: 0.3650992616674159	
25-01-05 08:00:24.985 - INFO: val/PSNR: 16.60122824113135	
25-01-05 08:00:24.985 - INFO: val/VAL_MSE: 0.0028340532444417477	
25-01-05 08:00:24.985 - INFO: 
------------------------------Validation End------------------------------


25-01-05 08:27:06.914 - INFO: train/mse_loss: 0.004160420673969201	
25-01-05 08:27:06.915 - INFO: epoch: 10	
25-01-05 08:27:06.916 - INFO: iters: 100090	
25-01-05 08:27:06.916 - INFO: Saving the self at the end of epoch 10
25-01-05 08:27:12.267 - INFO: 


------------------------------Validation Start------------------------------
25-01-05 08:47:07.776 - INFO: val/mae: 0.26642268896102905	
25-01-05 08:47:07.777 - INFO: val/mse: 0.14043296873569489	
25-01-05 08:47:07.777 - INFO: val/SSIM: 0.3202714439006045	
25-01-05 08:47:07.777 - INFO: val/PSNR: 17.49611362458894	
25-01-05 08:47:07.777 - INFO: val/VAL_MSE: 0.002737439936026931	
25-01-05 08:47:07.777 - INFO: 
------------------------------Validation End------------------------------


25-01-05 09:13:37.321 - INFO: train/mse_loss: 0.004194565835291863	
25-01-05 09:13:54.459 - INFO: train/mse_loss: 0.004200566025325679	
25-01-05 09:13:54.459 - INFO: epoch: 11	
25-01-05 09:13:54.459 - INFO: iters: 110100	
25-01-05 09:13:54.460 - INFO: 


------------------------------Validation Start------------------------------
25-01-05 09:33:55.336 - INFO: val/mae: 1.2237156629562378	
25-01-05 09:33:55.338 - INFO: val/mse: 1.6954869031906128	
25-01-05 09:33:55.339 - INFO: val/SSIM: 0.02115738149060916	
25-01-05 09:33:55.339 - INFO: val/PSNR: 6.1835213591643745	
25-01-05 09:33:55.339 - INFO: val/VAL_MSE: 0.003760025603696704	
25-01-05 09:33:55.339 - INFO: 
------------------------------Validation End------------------------------


25-01-05 10:00:43.836 - INFO: train/mse_loss: 0.003953463754430413	
25-01-05 10:00:43.837 - INFO: epoch: 12	
25-01-05 10:00:43.838 - INFO: iters: 120110	
25-01-05 10:00:43.838 - INFO: 


------------------------------Validation Start------------------------------
25-01-05 10:20:40.620 - INFO: val/mae: 0.6321536302566528	
25-01-05 10:20:40.621 - INFO: val/mse: 0.739678680896759	
25-01-05 10:20:40.621 - INFO: val/SSIM: 0.26838067856845604	
25-01-05 10:20:40.621 - INFO: val/PSNR: 13.858744408064666	
25-01-05 10:20:40.621 - INFO: val/VAL_MSE: 0.0034840537700802088	
25-01-05 10:20:40.621 - INFO: 
------------------------------Validation End------------------------------


25-01-05 10:47:07.449 - INFO: train/mse_loss: 0.004328820188843215	
25-01-05 10:47:27.834 - INFO: train/mse_loss: 0.0043193428624828814	
25-01-05 10:47:27.836 - INFO: epoch: 13	
25-01-05 10:47:27.836 - INFO: iters: 130120	
25-01-05 10:47:27.836 - INFO: 


------------------------------Validation Start------------------------------
25-01-05 11:07:24.105 - INFO: val/mae: 0.8807653784751892	
25-01-05 11:07:24.106 - INFO: val/mse: 1.0469831228256226	
25-01-05 11:07:24.107 - INFO: val/SSIM: 0.07529418234182682	
25-01-05 11:07:24.107 - INFO: val/PSNR: 9.207810891039808	
25-01-05 11:07:24.107 - INFO: val/VAL_MSE: 0.0026955553330481052	
25-01-05 11:07:24.107 - INFO: 
------------------------------Validation End------------------------------


25-01-05 11:34:13.499 - INFO: train/mse_loss: 0.0039651422210692545	
25-01-05 11:34:13.501 - INFO: epoch: 14	
25-01-05 11:34:13.501 - INFO: iters: 140130	
25-01-05 11:34:13.501 - INFO: 


------------------------------Validation Start------------------------------
25-01-05 11:54:20.063 - INFO: val/mae: 0.9106106758117676	
25-01-05 11:54:20.064 - INFO: val/mse: 1.158394455909729	
25-01-05 11:54:20.064 - INFO: val/SSIM: 0.11992489050787838	
25-01-05 11:54:20.064 - INFO: val/PSNR: 9.053582330476367	
25-01-05 11:54:20.064 - INFO: val/VAL_MSE: 0.004441512282937765	
25-01-05 11:54:20.064 - INFO: 
------------------------------Validation End------------------------------


25-01-05 12:21:13.933 - INFO: train/mse_loss: 0.003858253707803817	
25-01-05 12:21:37.505 - INFO: train/mse_loss: 0.0038640277674334357	
25-01-05 12:21:37.506 - INFO: epoch: 15	
25-01-05 12:21:37.506 - INFO: iters: 150140	
25-01-05 12:21:37.506 - INFO: Saving the self at the end of epoch 15
25-01-05 12:21:42.639 - INFO: 


------------------------------Validation Start------------------------------
25-01-05 12:41:48.321 - INFO: val/mae: 0.2998993694782257	
25-01-05 12:41:48.323 - INFO: val/mse: 0.2748695909976959	
25-01-05 12:41:48.323 - INFO: val/SSIM: 0.4648476397177104	
25-01-05 12:41:48.323 - INFO: val/PSNR: 18.585865850309453	
25-01-05 12:41:48.323 - INFO: val/VAL_MSE: 0.002701134653761983	
25-01-05 12:41:48.323 - INFO: 
------------------------------Validation End------------------------------


25-01-05 13:08:43.180 - INFO: train/mse_loss: 0.0037096839560588706	
25-01-05 13:08:43.191 - INFO: epoch: 16	
25-01-05 13:08:43.191 - INFO: iters: 160150	
25-01-05 13:08:43.191 - INFO: 


------------------------------Validation Start------------------------------
25-01-05 13:28:50.854 - INFO: val/mae: 0.4293910562992096	
25-01-05 13:28:50.856 - INFO: val/mse: 0.37025025486946106	
25-01-05 13:28:50.856 - INFO: val/SSIM: 0.24752385604855967	
25-01-05 13:28:50.856 - INFO: val/PSNR: 16.82539948957745	
25-01-05 13:28:50.856 - INFO: val/VAL_MSE: 0.0028816317208111286	
25-01-05 13:28:50.856 - INFO: 
------------------------------Validation End------------------------------


25-01-05 13:55:18.326 - INFO: train/mse_loss: 0.003747901334531704	
25-01-05 13:55:45.285 - INFO: train/mse_loss: 0.003724284894422453	
25-01-05 13:55:45.286 - INFO: epoch: 17	
25-01-05 13:55:45.286 - INFO: iters: 170160	
25-01-05 13:55:45.286 - INFO: 


------------------------------Validation Start------------------------------
25-01-05 14:15:52.134 - INFO: val/mae: 1.0008978843688965	
25-01-05 14:15:52.136 - INFO: val/mse: 1.168256163597107	
25-01-05 14:15:52.136 - INFO: val/SSIM: 0.020545772026205986	
25-01-05 14:15:52.136 - INFO: val/PSNR: 7.374576082492669	
25-01-05 14:15:52.136 - INFO: val/VAL_MSE: 0.0035548137966543436	
25-01-05 14:15:52.137 - INFO: 
------------------------------Validation End------------------------------


25-01-05 14:42:50.641 - INFO: train/mse_loss: 0.0034700676515101803	
25-01-05 14:42:50.643 - INFO: epoch: 18	
25-01-05 14:42:50.643 - INFO: iters: 180170	
25-01-05 14:42:50.643 - INFO: 


------------------------------Validation Start------------------------------
25-01-05 15:03:01.827 - INFO: val/mae: 0.17816399037837982	
25-01-05 15:03:01.829 - INFO: val/mse: 0.10205256938934326	
25-01-05 15:03:01.829 - INFO: val/SSIM: 0.5816386537911912	
25-01-05 15:03:01.829 - INFO: val/PSNR: 19.98714167067893	
25-01-05 15:03:01.829 - INFO: val/VAL_MSE: 0.0053341262973845005	
25-01-05 15:03:01.829 - INFO: 
------------------------------Validation End------------------------------


25-01-05 15:29:30.489 - INFO: train/mse_loss: 0.00353902736906334	
25-01-05 15:30:00.732 - INFO: train/mse_loss: 0.0035325477350779694	
25-01-05 15:30:00.736 - INFO: epoch: 19	
25-01-05 15:30:00.736 - INFO: iters: 190180	
25-01-05 15:30:00.736 - INFO: 


------------------------------Validation Start------------------------------
25-01-05 15:50:10.617 - INFO: val/mae: 0.31107279658317566	
25-01-05 15:50:10.619 - INFO: val/mse: 0.2276412695646286	
25-01-05 15:50:10.619 - INFO: val/SSIM: 0.38397450733022964	
25-01-05 15:50:10.619 - INFO: val/PSNR: 17.684951112417323	
25-01-05 15:50:10.619 - INFO: val/VAL_MSE: 0.002485850127413869	
25-01-05 15:50:10.619 - INFO: 
------------------------------Validation End------------------------------


25-01-05 16:17:08.497 - INFO: train/mse_loss: 0.0033791076142937527	
25-01-05 16:17:08.499 - INFO: epoch: 20	
25-01-05 16:17:08.499 - INFO: iters: 200190	
25-01-05 16:17:08.499 - INFO: Saving the self at the end of epoch 20
25-01-05 16:17:13.885 - INFO: 


------------------------------Validation Start------------------------------
25-01-05 16:37:23.714 - INFO: val/mae: 1.3251703977584839	
25-01-05 16:37:23.715 - INFO: val/mse: 1.9780343770980835	
25-01-05 16:37:23.715 - INFO: val/SSIM: 0.017131854269157396	
25-01-05 16:37:23.715 - INFO: val/PSNR: 4.796893547131236	
25-01-05 16:37:23.715 - INFO: val/VAL_MSE: 0.0026433111634105444	
25-01-05 16:37:23.715 - INFO: 
------------------------------Validation End------------------------------


25-01-05 17:03:49.443 - INFO: train/mse_loss: 0.003328105936641211	
25-01-05 17:04:22.863 - INFO: train/mse_loss: 0.0033093289732263657	
25-01-05 17:04:22.873 - INFO: epoch: 21	
25-01-05 17:04:22.873 - INFO: iters: 210200	
25-01-05 17:04:22.873 - INFO: 


------------------------------Validation Start------------------------------
25-01-05 17:24:32.389 - INFO: val/mae: 0.07312389463186264	
25-01-05 17:24:32.390 - INFO: val/mse: 0.0317089818418026	
25-01-05 17:24:32.390 - INFO: val/SSIM: 0.7341160662127197	
25-01-05 17:24:32.390 - INFO: val/PSNR: 22.2918173988552	
25-01-05 17:24:32.390 - INFO: val/VAL_MSE: 0.003730835858732462	
25-01-05 17:24:32.390 - INFO: 
------------------------------Validation End------------------------------


25-01-05 17:51:36.596 - INFO: train/mse_loss: 0.0033523318014951654	
25-01-05 17:51:36.598 - INFO: epoch: 22	
25-01-05 17:51:36.598 - INFO: iters: 220210	
25-01-05 17:51:36.598 - INFO: 


------------------------------Validation Start------------------------------
25-01-05 18:11:49.659 - INFO: val/mae: 0.8525101542472839	
25-01-05 18:11:49.661 - INFO: val/mse: 1.0602458715438843	
25-01-05 18:11:49.661 - INFO: val/SSIM: 0.055490534285009815	
25-01-05 18:11:49.661 - INFO: val/PSNR: 9.08201907144986	
25-01-05 18:11:49.661 - INFO: val/VAL_MSE: 0.0031279330141842365	
25-01-05 18:11:49.661 - INFO: 
------------------------------Validation End------------------------------


25-01-05 18:38:17.340 - INFO: train/mse_loss: 0.003286988491591879	
25-01-05 18:38:54.331 - INFO: train/mse_loss: 0.0033012958241582964	
25-01-05 18:38:54.332 - INFO: epoch: 23	
25-01-05 18:38:54.332 - INFO: iters: 230220	
25-01-05 18:38:54.332 - INFO: 


------------------------------Validation Start------------------------------
25-01-05 18:59:07.100 - INFO: val/mae: 0.9020116925239563	
25-01-05 18:59:07.101 - INFO: val/mse: 1.0921289920806885	
25-01-05 18:59:07.101 - INFO: val/SSIM: 0.07009394924648284	
25-01-05 18:59:07.102 - INFO: val/PSNR: 9.281999818632709	
25-01-05 18:59:07.102 - INFO: val/VAL_MSE: 0.0024806270375847816	
25-01-05 18:59:07.102 - INFO: 
------------------------------Validation End------------------------------


25-01-05 19:26:08.615 - INFO: train/mse_loss: 0.0031096632536355175	
25-01-05 19:26:08.617 - INFO: epoch: 24	
25-01-05 19:26:08.617 - INFO: iters: 240230	
25-01-05 19:26:08.617 - INFO: 


------------------------------Validation Start------------------------------
25-01-05 19:46:23.206 - INFO: val/mae: 0.47526440024375916	
25-01-05 19:46:23.207 - INFO: val/mse: 0.4151909053325653	
25-01-05 19:46:23.207 - INFO: val/SSIM: 0.24346492832339525	
25-01-05 19:46:23.207 - INFO: val/PSNR: 14.168570406005477	
25-01-05 19:46:23.208 - INFO: val/VAL_MSE: 0.0050324853509664536	
25-01-05 19:46:23.208 - INFO: 
------------------------------Validation End------------------------------


25-01-05 20:12:48.749 - INFO: train/mse_loss: 0.0034121515298048493	
25-01-05 20:13:29.000 - INFO: train/mse_loss: 0.003388521680960548	
25-01-05 20:13:29.001 - INFO: epoch: 25	
25-01-05 20:13:29.001 - INFO: iters: 250240	
25-01-05 20:13:29.001 - INFO: Saving the self at the end of epoch 25
25-01-05 20:13:34.246 - INFO: 


------------------------------Validation Start------------------------------
25-01-05 20:33:48.514 - INFO: val/mae: 0.14049051702022552	
25-01-05 20:33:48.515 - INFO: val/mse: 0.0754559189081192	
25-01-05 20:33:48.515 - INFO: val/SSIM: 0.6110115523574005	
25-01-05 20:33:48.515 - INFO: val/PSNR: 20.072973655288457	
25-01-05 20:33:48.515 - INFO: val/VAL_MSE: 0.002818068955093622	
25-01-05 20:33:48.515 - INFO: 
------------------------------Validation End------------------------------


25-01-05 21:00:51.701 - INFO: train/mse_loss: 0.003040038787262165	
25-01-05 21:00:51.703 - INFO: epoch: 26	
25-01-05 21:00:51.703 - INFO: iters: 260250	
25-01-05 21:00:51.703 - INFO: 


------------------------------Validation Start------------------------------
25-01-05 21:21:04.088 - INFO: val/mae: 0.4863452911376953	
25-01-05 21:21:04.090 - INFO: val/mse: 0.4165637195110321	
25-01-05 21:21:04.090 - INFO: val/SSIM: 0.1789090905183796	
25-01-05 21:21:04.090 - INFO: val/PSNR: 13.632865457633637	
25-01-05 21:21:04.090 - INFO: val/VAL_MSE: 0.005044483579695225	
25-01-05 21:21:04.090 - INFO: 
------------------------------Validation End------------------------------


25-01-05 21:47:22.256 - INFO: train/mse_loss: 0.003234132165344431	
25-01-05 21:48:05.629 - INFO: train/mse_loss: 0.0032302394771395486	
25-01-05 21:48:05.630 - INFO: epoch: 27	
25-01-05 21:48:05.630 - INFO: iters: 270260	
25-01-05 21:48:05.630 - INFO: 


------------------------------Validation Start------------------------------
25-01-05 22:08:18.448 - INFO: val/mae: 0.12156382948160172	
25-01-05 22:08:18.449 - INFO: val/mse: 0.06706210970878601	
25-01-05 22:08:18.449 - INFO: val/SSIM: 0.6326342808171608	
25-01-05 22:08:18.449 - INFO: val/PSNR: 21.22269885060074	
25-01-05 22:08:18.449 - INFO: val/VAL_MSE: 0.0022968214470893145	
25-01-05 22:08:18.449 - INFO: 
------------------------------Validation End------------------------------


25-01-05 22:35:21.853 - INFO: train/mse_loss: 0.0030047792767181817	
25-01-05 22:35:21.855 - INFO: epoch: 28	
25-01-05 22:35:21.855 - INFO: iters: 280270	
25-01-05 22:35:21.855 - INFO: 


------------------------------Validation Start------------------------------
25-01-05 22:55:38.682 - INFO: val/mae: 0.7045858502388	
25-01-05 22:55:38.683 - INFO: val/mse: 0.6722316741943359	
25-01-05 22:55:38.683 - INFO: val/SSIM: 0.08161296640909582	
25-01-05 22:55:38.683 - INFO: val/PSNR: 9.643831558479514	
25-01-05 22:55:38.683 - INFO: val/VAL_MSE: 0.0042696986347436905	
25-01-05 22:55:38.683 - INFO: 
------------------------------Validation End------------------------------


25-01-05 23:21:56.701 - INFO: train/mse_loss: 0.0030850888597589443	
25-01-05 23:22:43.394 - INFO: train/mse_loss: 0.003053401332160138	
25-01-05 23:22:43.395 - INFO: epoch: 29	
25-01-05 23:22:43.395 - INFO: iters: 290280	
25-01-05 23:22:43.395 - INFO: 


------------------------------Validation Start------------------------------
25-01-05 23:42:58.113 - INFO: val/mae: 0.5590922832489014	
25-01-05 23:42:58.114 - INFO: val/mse: 0.5102984309196472	
25-01-05 23:42:58.114 - INFO: val/SSIM: 0.11620016311808035	
25-01-05 23:42:58.114 - INFO: val/PSNR: 12.68997155782631	
25-01-05 23:42:58.114 - INFO: val/VAL_MSE: 0.0034837631974369287	
25-01-05 23:42:58.114 - INFO: 
------------------------------Validation End------------------------------


25-01-06 00:10:06.130 - INFO: train/mse_loss: 0.0030930122302816015	
25-01-06 00:10:06.131 - INFO: epoch: 30	
25-01-06 00:10:06.132 - INFO: iters: 300290	
25-01-06 00:10:06.132 - INFO: Saving the self at the end of epoch 30
25-01-06 00:10:11.926 - INFO: 


------------------------------Validation Start------------------------------
25-01-06 00:30:27.749 - INFO: val/mae: 0.6744467616081238	
25-01-06 00:30:27.750 - INFO: val/mse: 0.6748237609863281	
25-01-06 00:30:27.750 - INFO: val/SSIM: 0.0997911447137913	
25-01-06 00:30:27.750 - INFO: val/PSNR: 11.266360595552666	
25-01-06 00:30:27.750 - INFO: val/VAL_MSE: 0.002383786253631115	
25-01-06 00:30:27.751 - INFO: 
------------------------------Validation End------------------------------


25-01-06 00:56:40.948 - INFO: train/mse_loss: 0.003029268441828911	
25-01-06 00:57:31.008 - INFO: train/mse_loss: 0.003043999968872231	
25-01-06 00:57:31.015 - INFO: epoch: 31	
25-01-06 00:57:31.015 - INFO: iters: 310300	
25-01-06 00:57:31.015 - INFO: 


------------------------------Validation Start------------------------------
25-01-06 01:17:42.636 - INFO: val/mae: 0.6415380239486694	
25-01-06 01:17:42.638 - INFO: val/mse: 0.6323593258857727	
25-01-06 01:17:42.638 - INFO: val/SSIM: 0.13968887950177672	
25-01-06 01:17:42.638 - INFO: val/PSNR: 11.828610311314012	
25-01-06 01:17:42.638 - INFO: val/VAL_MSE: 0.002630301285535097	
25-01-06 01:17:42.638 - INFO: 
------------------------------Validation End------------------------------


25-01-06 01:44:48.278 - INFO: train/mse_loss: 0.002982366829422244	
25-01-06 01:44:48.279 - INFO: epoch: 32	
25-01-06 01:44:48.279 - INFO: iters: 320310	
25-01-06 01:44:48.279 - INFO: 


------------------------------Validation Start------------------------------
25-01-06 02:05:02.104 - INFO: val/mae: 0.39889881014823914	
25-01-06 02:05:02.106 - INFO: val/mse: 0.40255290269851685	
25-01-06 02:05:02.106 - INFO: val/SSIM: 0.4317358003022919	
25-01-06 02:05:02.106 - INFO: val/PSNR: 18.055423512204175	
25-01-06 02:05:02.106 - INFO: val/VAL_MSE: 0.003211334813386202	
25-01-06 02:05:02.106 - INFO: 
------------------------------Validation End------------------------------


25-01-06 02:31:16.771 - INFO: train/mse_loss: 0.0031985031466274824	
25-01-06 02:32:10.301 - INFO: train/mse_loss: 0.003152882493843208	
25-01-06 02:32:10.301 - INFO: epoch: 33	
25-01-06 02:32:10.301 - INFO: iters: 330320	
25-01-06 02:32:10.301 - INFO: 


------------------------------Validation Start------------------------------
25-01-06 02:52:25.849 - INFO: val/mae: 1.0033924579620361	
25-01-06 02:52:25.850 - INFO: val/mse: 1.1782951354980469	
25-01-06 02:52:25.850 - INFO: val/SSIM: 0.02010623203649626	
25-01-06 02:52:25.850 - INFO: val/PSNR: 7.0432583544704865	
25-01-06 02:52:25.851 - INFO: val/VAL_MSE: 0.003687914926558733	
25-01-06 02:52:25.851 - INFO: 
------------------------------Validation End------------------------------


25-01-06 03:19:34.273 - INFO: train/mse_loss: 0.003041714680014411	
25-01-06 03:19:34.274 - INFO: epoch: 34	
25-01-06 03:19:34.274 - INFO: iters: 340330	
25-01-06 03:19:34.274 - INFO: 


------------------------------Validation Start------------------------------
25-01-06 03:40:05.307 - INFO: val/mae: 0.46948161721229553	
25-01-06 03:40:05.308 - INFO: val/mse: 0.37937456369400024	
25-01-06 03:40:05.308 - INFO: val/SSIM: 0.19891495616651456	
25-01-06 03:40:05.308 - INFO: val/PSNR: 14.605345391490967	
25-01-06 03:40:05.308 - INFO: val/VAL_MSE: 0.002295596059411764	
25-01-06 03:40:05.308 - INFO: 
------------------------------Validation End------------------------------


25-01-06 04:07:32.753 - INFO: train/mse_loss: 0.0030728013976603625	
25-01-06 04:08:52.878 - INFO: train/mse_loss: 0.00303857009611238	
25-01-06 04:08:52.879 - INFO: epoch: 35	
25-01-06 04:08:52.879 - INFO: iters: 350340	
25-01-06 04:08:52.879 - INFO: Saving the self at the end of epoch 35
25-01-06 04:11:04.870 - INFO: 


------------------------------Validation Start------------------------------
25-01-06 04:34:39.588 - INFO: val/mae: 0.714446485042572	
25-01-06 04:34:39.589 - INFO: val/mse: 0.7936753630638123	
25-01-06 04:34:39.589 - INFO: val/SSIM: 0.11278403123093528	
25-01-06 04:34:39.589 - INFO: val/PSNR: 11.979699984049965	
25-01-06 04:34:39.589 - INFO: val/VAL_MSE: 0.0029965443536639214	
25-01-06 04:34:39.589 - INFO: 
------------------------------Validation End------------------------------


25-01-06 05:01:35.891 - INFO: train/mse_loss: 0.0030160345460724784	
25-01-06 05:01:35.904 - INFO: epoch: 36	
25-01-06 05:01:35.905 - INFO: iters: 360350	
25-01-06 05:01:35.905 - INFO: 


------------------------------Validation Start------------------------------
25-01-06 05:21:46.765 - INFO: val/mae: 0.776483952999115	
25-01-06 05:21:46.766 - INFO: val/mse: 0.813284695148468	
25-01-06 05:21:46.766 - INFO: val/SSIM: 0.07769230394086489	
25-01-06 05:21:46.766 - INFO: val/PSNR: 9.358894618284456	
25-01-06 05:21:46.766 - INFO: val/VAL_MSE: 0.0022630461025983095	
25-01-06 05:21:46.766 - INFO: 
------------------------------Validation End------------------------------


25-01-06 05:47:45.604 - INFO: train/mse_loss: 0.0026437378599031823	
25-01-06 05:48:45.403 - INFO: train/mse_loss: 0.002633333863506414	
25-01-06 05:48:45.404 - INFO: epoch: 37	
25-01-06 05:48:45.404 - INFO: iters: 370360	
25-01-06 05:48:45.404 - INFO: 


------------------------------Validation Start------------------------------
25-01-06 06:08:58.799 - INFO: val/mae: 1.3947232961654663	
25-01-06 06:08:58.800 - INFO: val/mse: 2.114292860031128	
25-01-06 06:08:58.800 - INFO: val/SSIM: 0.012237616771283039	
25-01-06 06:08:58.800 - INFO: val/PSNR: 4.183854277815631	
25-01-06 06:08:58.800 - INFO: val/VAL_MSE: 0.006496385205537081	
25-01-06 06:08:58.800 - INFO: 
------------------------------Validation End------------------------------


25-01-06 06:36:03.355 - INFO: train/mse_loss: 0.0029467043540898886	
25-01-06 06:36:03.356 - INFO: epoch: 38	
25-01-06 06:36:03.356 - INFO: iters: 380370	
25-01-06 06:36:03.356 - INFO: 


------------------------------Validation Start------------------------------
25-01-06 06:56:18.305 - INFO: val/mae: 0.5256946682929993	
25-01-06 06:56:18.306 - INFO: val/mse: 0.4535215497016907	
25-01-06 06:56:18.306 - INFO: val/SSIM: 0.20370300586750884	
25-01-06 06:56:18.306 - INFO: val/PSNR: 13.788680436516888	
25-01-06 06:56:18.306 - INFO: val/VAL_MSE: 0.0025153423193842173	
25-01-06 06:56:18.306 - INFO: 
------------------------------Validation End------------------------------


25-01-06 07:22:19.085 - INFO: train/mse_loss: 0.0027898275181199735	
25-01-06 07:23:22.232 - INFO: train/mse_loss: 0.0027445835700433234	
25-01-06 07:23:22.232 - INFO: epoch: 39	
25-01-06 07:23:22.233 - INFO: iters: 390380	
25-01-06 07:23:22.233 - INFO: 


------------------------------Validation Start------------------------------
25-01-06 07:43:37.052 - INFO: val/mae: 0.7119499444961548	
25-01-06 07:43:37.053 - INFO: val/mse: 0.7230581641197205	
25-01-06 07:43:37.053 - INFO: val/SSIM: 0.07102728592236865	
25-01-06 07:43:37.053 - INFO: val/PSNR: 10.604961420966003	
25-01-06 07:43:37.053 - INFO: val/VAL_MSE: 0.0052057961001992226	
25-01-06 07:43:37.053 - INFO: 
------------------------------Validation End------------------------------


25-01-06 08:10:45.973 - INFO: train/mse_loss: 0.0031676174795626138	
25-01-06 08:10:45.974 - INFO: epoch: 40	
25-01-06 08:10:45.974 - INFO: iters: 400390	
25-01-06 08:10:45.974 - INFO: Saving the self at the end of epoch 40
25-01-06 08:10:51.520 - INFO: 


------------------------------Validation Start------------------------------
25-01-06 08:31:10.418 - INFO: val/mae: 0.37179818749427795	
25-01-06 08:31:10.419 - INFO: val/mse: 0.24948857724666595	
25-01-06 08:31:10.419 - INFO: val/SSIM: 0.2943829073227646	
25-01-06 08:31:10.419 - INFO: val/PSNR: 15.675133994835159	
25-01-06 08:31:10.420 - INFO: val/VAL_MSE: 0.004838586784899235	
25-01-06 08:31:10.420 - INFO: 
------------------------------Validation End------------------------------


25-01-06 08:57:13.165 - INFO: train/mse_loss: 0.002866413166981753	
25-01-06 08:58:19.890 - INFO: train/mse_loss: 0.0029180853870799184	
25-01-06 08:58:19.891 - INFO: epoch: 41	
25-01-06 08:58:19.891 - INFO: iters: 410400	
25-01-06 08:58:19.891 - INFO: 


------------------------------Validation Start------------------------------
25-01-06 09:18:29.256 - INFO: val/mae: 0.2913256287574768	
25-01-06 09:18:29.257 - INFO: val/mse: 0.16126005351543427	
25-01-06 09:18:29.257 - INFO: val/SSIM: 0.2821095621077914	
25-01-06 09:18:29.257 - INFO: val/PSNR: 17.39039698163116	
25-01-06 09:18:29.257 - INFO: val/VAL_MSE: 0.0038177398964762688	
25-01-06 09:18:29.257 - INFO: 
------------------------------Validation End------------------------------


25-01-06 09:45:58.369 - INFO: train/mse_loss: 0.0030697872756340074	
25-01-06 09:45:58.371 - INFO: epoch: 42	
25-01-06 09:45:58.371 - INFO: iters: 420410	
25-01-06 09:45:58.371 - INFO: 


------------------------------Validation Start------------------------------
25-01-06 10:06:35.276 - INFO: val/mae: 0.08028113096952438	
25-01-06 10:06:35.277 - INFO: val/mse: 0.02133413590490818	
25-01-06 10:06:35.277 - INFO: val/SSIM: 0.6543183157169997	
25-01-06 10:06:35.277 - INFO: val/PSNR: 24.235130433276623	
25-01-06 10:06:35.277 - INFO: val/VAL_MSE: 0.003031285246834159	
25-01-06 10:06:35.277 - INFO: 
------------------------------Validation End------------------------------


25-01-06 10:33:01.066 - INFO: train/mse_loss: 0.003185978690687264	
25-01-06 10:34:12.283 - INFO: train/mse_loss: 0.0032153275870165088	
25-01-06 10:34:12.284 - INFO: epoch: 43	
25-01-06 10:34:12.284 - INFO: iters: 430420	
25-01-06 10:34:12.284 - INFO: 


------------------------------Validation Start------------------------------
25-01-06 10:54:51.134 - INFO: val/mae: 0.5450185537338257	
25-01-06 10:54:51.135 - INFO: val/mse: 0.4543626308441162	
25-01-06 10:54:51.135 - INFO: val/SSIM: 0.14412260949650882	
25-01-06 10:54:51.135 - INFO: val/PSNR: 13.030995796092697	
25-01-06 10:54:51.135 - INFO: val/VAL_MSE: 0.0027832661289721727	
25-01-06 10:54:51.135 - INFO: 
------------------------------Validation End------------------------------


25-01-06 11:22:35.208 - INFO: train/mse_loss: 0.002906858022306551	
25-01-06 11:22:35.209 - INFO: epoch: 44	
25-01-06 11:22:35.209 - INFO: iters: 440430	
25-01-06 11:22:35.209 - INFO: 


------------------------------Validation Start------------------------------
25-01-06 11:43:19.102 - INFO: val/mae: 0.5037935972213745	
25-01-06 11:43:19.103 - INFO: val/mse: 0.45340147614479065	
25-01-06 11:43:19.103 - INFO: val/SSIM: 0.242640656499966	
25-01-06 11:43:19.103 - INFO: val/PSNR: 14.460372916299793	
25-01-06 11:43:19.103 - INFO: val/VAL_MSE: 0.0030551403760910034	
25-01-06 11:43:19.103 - INFO: 
------------------------------Validation End------------------------------


25-01-06 12:09:50.584 - INFO: train/mse_loss: 0.0027098118770493376	
25-01-06 12:11:05.625 - INFO: train/mse_loss: 0.002694753816971206	
25-01-06 12:11:05.627 - INFO: epoch: 45	
25-01-06 12:11:05.627 - INFO: iters: 450440	
25-01-06 12:11:05.627 - INFO: Saving the self at the end of epoch 45
25-01-06 12:11:11.847 - INFO: 


------------------------------Validation Start------------------------------
25-01-06 12:31:55.644 - INFO: val/mae: 0.18360662460327148	
25-01-06 12:31:55.646 - INFO: val/mse: 0.08324070274829865	
25-01-06 12:31:55.646 - INFO: val/SSIM: 0.4928305420886666	
25-01-06 12:31:55.646 - INFO: val/PSNR: 21.28638330652067	
25-01-06 12:31:55.646 - INFO: val/VAL_MSE: 0.004503303673118353	
25-01-06 12:31:55.646 - INFO: 
------------------------------Validation End------------------------------


25-01-06 12:59:44.130 - INFO: train/mse_loss: 0.003156649270743219	
25-01-06 12:59:44.133 - INFO: epoch: 46	
25-01-06 12:59:44.133 - INFO: iters: 460450	
25-01-06 12:59:44.133 - INFO: 


------------------------------Validation Start------------------------------
25-01-06 13:20:33.826 - INFO: val/mae: 0.6766740679740906	
25-01-06 13:20:33.829 - INFO: val/mse: 0.6857622861862183	
25-01-06 13:20:33.829 - INFO: val/SSIM: 0.11729692813340302	
25-01-06 13:20:33.829 - INFO: val/PSNR: 11.808437241731276	
25-01-06 13:20:33.829 - INFO: val/VAL_MSE: 0.0026266935747116804	
25-01-06 13:20:33.829 - INFO: 
------------------------------Validation End------------------------------


25-01-06 13:47:09.319 - INFO: train/mse_loss: 0.0029368411247766213	
25-01-06 13:48:27.958 - INFO: train/mse_loss: 0.002927014846698876	
25-01-06 13:48:27.959 - INFO: epoch: 47	
25-01-06 13:48:27.959 - INFO: iters: 470460	
25-01-06 13:48:27.959 - INFO: 


------------------------------Validation Start------------------------------
25-01-06 14:09:20.470 - INFO: val/mae: 0.20610876381397247	
25-01-06 14:09:20.476 - INFO: val/mse: 0.10116981714963913	
25-01-06 14:09:20.477 - INFO: val/SSIM: 0.4954022967412369	
25-01-06 14:09:20.477 - INFO: val/PSNR: 19.716753786459527	
25-01-06 14:09:20.477 - INFO: val/VAL_MSE: 0.0034605665132403374	
25-01-06 14:09:20.477 - INFO: 
------------------------------Validation End------------------------------


25-01-06 14:37:10.973 - INFO: train/mse_loss: 0.002874505223712913	
25-01-06 14:37:10.977 - INFO: epoch: 48	
25-01-06 14:37:10.978 - INFO: iters: 480470	
25-01-06 14:37:10.978 - INFO: 


------------------------------Validation Start------------------------------
25-01-06 14:57:59.387 - INFO: val/mae: 0.5322285890579224	
25-01-06 14:57:59.389 - INFO: val/mse: 0.4045129716396332	
25-01-06 14:57:59.389 - INFO: val/SSIM: 0.09694560475326254	
25-01-06 14:57:59.389 - INFO: val/PSNR: 12.083305649979888	
25-01-06 14:57:59.390 - INFO: val/VAL_MSE: 0.002934499643743038	
25-01-06 14:57:59.390 - INFO: 
------------------------------Validation End------------------------------


25-01-06 15:24:25.529 - INFO: train/mse_loss: 0.0029009811081594596	
25-01-06 15:25:47.381 - INFO: train/mse_loss: 0.002876921910230885	
25-01-06 15:25:47.382 - INFO: epoch: 49	
25-01-06 15:25:47.383 - INFO: iters: 490480	
25-01-06 15:25:47.383 - INFO: 


------------------------------Validation Start------------------------------
25-01-06 15:46:32.538 - INFO: val/mae: 0.07736634463071823	
25-01-06 15:46:32.540 - INFO: val/mse: 0.018656305968761444	
25-01-06 15:46:32.540 - INFO: val/SSIM: 0.6322593711773911	
25-01-06 15:46:32.540 - INFO: val/PSNR: 23.840839101878828	
25-01-06 15:46:32.540 - INFO: val/VAL_MSE: 0.0033509323839098215	
25-01-06 15:46:32.540 - INFO: 
------------------------------Validation End------------------------------


25-01-06 16:14:24.810 - INFO: train/mse_loss: 0.0029657534046033107	
25-01-06 16:14:24.812 - INFO: epoch: 50	
25-01-06 16:14:24.812 - INFO: iters: 500490	
25-01-06 16:14:24.812 - INFO: Saving the self at the end of epoch 50
25-01-06 16:14:30.882 - INFO: 


------------------------------Validation Start------------------------------
25-01-06 16:35:21.312 - INFO: val/mae: 0.7362014651298523	
25-01-06 16:35:21.313 - INFO: val/mse: 0.6881422996520996	
25-01-06 16:35:21.313 - INFO: val/SSIM: 0.053202345489603564	
25-01-06 16:35:21.313 - INFO: val/PSNR: 8.72407066021558	
25-01-06 16:35:21.313 - INFO: val/VAL_MSE: 0.0028893621638417244	
25-01-06 16:35:21.313 - INFO: 
------------------------------Validation End------------------------------


25-01-06 17:01:49.047 - INFO: train/mse_loss: 0.002702242564385463	
25-01-06 17:03:13.542 - INFO: train/mse_loss: 0.002748563450644724	
25-01-06 17:03:13.543 - INFO: epoch: 51	
25-01-06 17:03:13.544 - INFO: iters: 510500	
25-01-06 17:03:13.544 - INFO: 


------------------------------Validation Start------------------------------
25-01-06 17:23:58.646 - INFO: val/mae: 0.3166331648826599	
25-01-06 17:23:58.648 - INFO: val/mse: 0.20757614076137543	
25-01-06 17:23:58.648 - INFO: val/SSIM: 0.28349226489103896	
25-01-06 17:23:58.648 - INFO: val/PSNR: 16.861110951517087	
25-01-06 17:23:58.648 - INFO: val/VAL_MSE: 0.004644264001399279	
25-01-06 17:23:58.648 - INFO: 
------------------------------Validation End------------------------------


25-01-06 17:51:37.875 - INFO: train/mse_loss: 0.002728524795117119	
25-01-06 17:51:37.877 - INFO: epoch: 52	
25-01-06 17:51:37.877 - INFO: iters: 520510	
25-01-06 17:51:37.878 - INFO: 


------------------------------Validation Start------------------------------
25-01-06 18:12:15.502 - INFO: val/mae: 0.06686519831418991	
25-01-06 18:12:15.503 - INFO: val/mse: 0.022042805328965187	
25-01-06 18:12:15.503 - INFO: val/SSIM: 0.7499018012015007	
25-01-06 18:12:15.503 - INFO: val/PSNR: 23.245673369731396	
25-01-06 18:12:15.503 - INFO: val/VAL_MSE: 0.0036601016763597727	
25-01-06 18:12:15.503 - INFO: 
------------------------------Validation End------------------------------


25-01-06 18:38:26.025 - INFO: train/mse_loss: 0.002648432897826118	
25-01-06 18:39:54.382 - INFO: train/mse_loss: 0.0026710688943414424	
25-01-06 18:39:54.383 - INFO: epoch: 53	
25-01-06 18:39:54.383 - INFO: iters: 530520	
25-01-06 18:39:54.383 - INFO: 


------------------------------Validation Start------------------------------
25-01-06 19:00:39.754 - INFO: val/mae: 0.33689698576927185	
25-01-06 19:00:39.756 - INFO: val/mse: 0.20870153605937958	
25-01-06 19:00:39.756 - INFO: val/SSIM: 0.31307685838700056	
25-01-06 19:00:39.756 - INFO: val/PSNR: 15.89516436386474	
25-01-06 19:00:39.756 - INFO: val/VAL_MSE: 0.0036906215827912092	
25-01-06 19:00:39.756 - INFO: 
------------------------------Validation End------------------------------


25-01-06 19:28:24.055 - INFO: train/mse_loss: 0.003040250133864902	
25-01-06 19:28:24.057 - INFO: epoch: 54	
25-01-06 19:28:24.057 - INFO: iters: 540530	
25-01-06 19:28:24.057 - INFO: 


------------------------------Validation Start------------------------------
25-01-06 19:49:11.067 - INFO: val/mae: 0.46778732538223267	
25-01-06 19:49:11.068 - INFO: val/mse: 0.34375038743019104	
25-01-06 19:49:11.068 - INFO: val/SSIM: 0.15188412819171193	
25-01-06 19:49:11.068 - INFO: val/PSNR: 13.825832471085644	
25-01-06 19:49:11.069 - INFO: val/VAL_MSE: 0.004212480038404465	
25-01-06 19:49:11.069 - INFO: 
------------------------------Validation End------------------------------


25-01-06 20:15:23.560 - INFO: train/mse_loss: 0.0025666282379311358	
25-01-06 20:16:55.300 - INFO: train/mse_loss: 0.0025759783021829206	
25-01-06 20:16:55.301 - INFO: epoch: 55	
25-01-06 20:16:55.301 - INFO: iters: 550540	
25-01-06 20:16:55.301 - INFO: Saving the self at the end of epoch 55
25-01-06 20:17:00.761 - INFO: 


------------------------------Validation Start------------------------------
25-01-06 20:37:42.002 - INFO: val/mae: 0.05803368240594864	
25-01-06 20:37:42.003 - INFO: val/mse: 0.017787132412195206	
25-01-06 20:37:42.004 - INFO: val/SSIM: 0.7716393888555115	
25-01-06 20:37:42.004 - INFO: val/PSNR: 23.696897993375025	
25-01-06 20:37:42.004 - INFO: val/VAL_MSE: 0.0035720153246074915	
25-01-06 20:37:42.004 - INFO: 
------------------------------Validation End------------------------------


25-01-06 21:05:18.875 - INFO: train/mse_loss: 0.002779716500129871	
25-01-06 21:05:18.876 - INFO: epoch: 56	
25-01-06 21:05:18.876 - INFO: iters: 560550	
25-01-06 21:05:18.876 - INFO: 


------------------------------Validation Start------------------------------
25-01-06 21:26:00.463 - INFO: val/mae: 0.12289514392614365	
25-01-06 21:26:00.465 - INFO: val/mse: 0.03734147176146507	
25-01-06 21:26:00.465 - INFO: val/SSIM: 0.4356113687328932	
25-01-06 21:26:00.465 - INFO: val/PSNR: 22.86001584504594	
25-01-06 21:26:00.465 - INFO: val/VAL_MSE: 0.0036246650852262974	
25-01-06 21:26:00.465 - INFO: 
------------------------------Validation End------------------------------


25-01-06 21:52:02.531 - INFO: train/mse_loss: 0.0027198506886904044	
25-01-06 21:53:36.802 - INFO: train/mse_loss: 0.0027356233012826125	
25-01-06 21:53:36.803 - INFO: epoch: 57	
25-01-06 21:53:36.803 - INFO: iters: 570560	
25-01-06 21:53:36.803 - INFO: 


------------------------------Validation Start------------------------------
25-01-06 22:14:18.719 - INFO: val/mae: 0.4729779362678528	
25-01-06 22:14:18.720 - INFO: val/mse: 0.40450772643089294	
25-01-06 22:14:18.720 - INFO: val/SSIM: 0.24683899030656065	
25-01-06 22:14:18.720 - INFO: val/PSNR: 13.717044657054938	
25-01-06 22:14:18.720 - INFO: val/VAL_MSE: 0.002835035091266036	
25-01-06 22:14:18.720 - INFO: 
------------------------------Validation End------------------------------


25-01-06 22:41:47.858 - INFO: train/mse_loss: 0.0026726946477007006	
25-01-06 22:41:47.861 - INFO: epoch: 58	
25-01-06 22:41:47.861 - INFO: iters: 580570	
25-01-06 22:41:47.861 - INFO: 


------------------------------Validation Start------------------------------
25-01-06 23:02:21.040 - INFO: val/mae: 0.6152925491333008	
25-01-06 23:02:21.041 - INFO: val/mse: 0.5704755187034607	
25-01-06 23:02:21.041 - INFO: val/SSIM: 0.14359384129537084	
25-01-06 23:02:21.041 - INFO: val/PSNR: 11.317167351193863	
25-01-06 23:02:21.041 - INFO: val/VAL_MSE: 0.004262616392225027	
25-01-06 23:02:21.041 - INFO: 
------------------------------Validation End------------------------------


25-01-06 23:28:09.672 - INFO: train/mse_loss: 0.003031190004043843	
25-01-06 23:29:46.892 - INFO: train/mse_loss: 0.003004807016414998	
25-01-06 23:29:46.897 - INFO: epoch: 59	
25-01-06 23:29:46.897 - INFO: iters: 590580	
25-01-06 23:29:46.897 - INFO: 


------------------------------Validation Start------------------------------
25-01-06 23:50:20.513 - INFO: val/mae: 0.37647876143455505	
25-01-06 23:50:20.516 - INFO: val/mse: 0.22194509208202362	
25-01-06 23:50:20.516 - INFO: val/SSIM: 0.2235003180447291	
25-01-06 23:50:20.516 - INFO: val/PSNR: 14.810503887575356	
25-01-06 23:50:20.516 - INFO: val/VAL_MSE: 0.003097479697316885	
25-01-06 23:50:20.516 - INFO: 
------------------------------Validation End------------------------------


25-01-07 00:17:45.990 - INFO: train/mse_loss: 0.0026714700003511098	
25-01-07 00:17:45.992 - INFO: epoch: 60	
25-01-07 00:17:45.992 - INFO: iters: 600590	
25-01-07 00:17:45.992 - INFO: Saving the self at the end of epoch 60
25-01-07 00:17:51.372 - INFO: 


------------------------------Validation Start------------------------------
25-01-07 00:38:19.836 - INFO: val/mae: 0.5889684557914734	
25-01-07 00:38:19.838 - INFO: val/mse: 0.4981206953525543	
25-01-07 00:38:19.838 - INFO: val/SSIM: 0.08913366449564467	
25-01-07 00:38:19.838 - INFO: val/PSNR: 10.961370276909765	
25-01-07 00:38:19.838 - INFO: val/VAL_MSE: 0.003599979681894183	
25-01-07 00:38:19.838 - INFO: 
------------------------------Validation End------------------------------


