24-04-20 14:30:57.199 - INFO: Create the log file in directory experiments/train_mr2ct_nc1_240420_143056.

24-04-20 14:31:07.756 - INFO: Dataset [MR2CTDataset() form data.dataset] is created.
24-04-20 14:31:07.759 - INFO: Dataset for train have 29601 samples.
24-04-20 14:31:07.759 - INFO: Dataset for val have 5724 samples.
24-04-20 14:31:08.197 - INFO: Network [Network() form models.network] is created.
24-04-20 14:31:08.197 - INFO: Network [Network] weights initialize using [kaiming] method.
24-04-20 14:31:08.530 - WARNING: Config is a str, converts to a dict {'name': 'mae'}
24-04-20 14:31:10.193 - INFO: Metric [mae() form models.metric] is created.
24-04-20 14:31:10.193 - WARNING: Config is a str, converts to a dict {'name': 'mse'}
24-04-20 14:31:10.193 - INFO: Metric [mse() form models.metric] is created.
24-04-20 14:31:10.193 - WARNING: Config is a str, converts to a dict {'name': 'SSIM'}
24-04-20 14:31:10.193 - INFO: Metric [SSIM() form models.metric] is created.
24-04-20 14:31:10.193 - WARNING: Config is a str, converts to a dict {'name': 'PSNR'}
24-04-20 14:31:10.193 - INFO: Metric [PSNR() form models.metric] is created.
24-04-20 14:31:10.193 - WARNING: Config is a str, converts to a dict {'name': 'mse_loss'}
24-04-20 14:31:10.197 - INFO: Loss [mse_loss() form models.loss] is created.
24-04-20 14:31:14.634 - INFO: Model [Palette() form models.model] is created.
24-04-20 14:31:14.634 - INFO: Begin model train.
24-04-20 14:47:17.818 - INFO: train/mse_loss: 0.10092365684099495	
24-04-20 15:03:22.335 - INFO: train/mse_loss: 0.06269382458012551	
24-04-20 15:18:48.392 - INFO: train/mse_loss: 0.047743681020518715	
24-04-20 15:18:48.392 - INFO: epoch: 1	
24-04-20 15:18:48.392 - INFO: iters: 29600	
24-04-20 15:18:48.392 - INFO: 


------------------------------Validation Start------------------------------
