25-01-05 01:00:15.866 - WARNING: Warning: visualization (Tensorboard) is configured to use, but currently not installed on this machine. Please install TensorboardX with 'pip install tensorboardx', upgrade PyTorch to version >= 1.1 to use 'torch.utils.tensorboard' or turn off the option in the 'config.json' file.
25-01-05 01:00:15.866 - INFO: Create the log file in directory experiments/train_mri2ct_L1_nc1.

25-01-05 01:00:17.139 - INFO: Network [Network() form models.network] is created.
25-01-05 01:00:17.139 - INFO: Network [Network] weights initialize using [kaiming] method.
25-01-05 01:01:02.581 - INFO: Dataset [MRI2CTDataset() form data.dataset] is created.
25-01-05 01:01:02.581 - INFO: Dataset for train have 40012 samples.
25-01-05 01:01:08.210 - INFO: Dataset [MRI2CTDataset() form data.dataset] is created.
25-01-05 01:01:08.210 - INFO: Dataset for val have 10186 samples.
25-01-05 01:01:09.205 - INFO: Metric [mae() form models.metric] is created.
25-01-05 01:01:09.206 - INFO: Metric [mse() form models.metric] is created.
25-01-05 01:01:09.206 - INFO: Metric [SSIM() form models.metric] is created.
25-01-05 01:01:09.206 - INFO: Metric [PSNR() form models.metric] is created.
25-01-05 01:01:09.207 - INFO: Loss [mae_loss() form models.loss] is created.
25-01-05 01:01:16.587 - INFO: Model [Palette() form models.model] is created.
25-01-05 01:01:16.587 - INFO: Begin model train.
25-01-05 01:37:46.500 - INFO: train/mae_loss: 0.09608214051946998	
25-01-05 01:37:47.361 - INFO: train/mae_loss: 0.09608214051946998	
25-01-05 01:37:47.361 - INFO: epoch: 1	
25-01-05 01:37:47.361 - INFO: iters: 10000	
25-01-05 01:37:47.361 - INFO: 


------------------------------Validation Start------------------------------
25-01-05 02:07:23.253 - INFO: val/mae: 0.35048311948776245	
25-01-05 02:07:23.254 - INFO: val/mse: 0.2887236773967743	
25-01-05 02:07:23.254 - INFO: val/SSIM: 0.22784116364813672	
25-01-05 02:07:23.254 - INFO: val/PSNR: 14.739854572656336	
25-01-05 02:07:23.254 - INFO: val/VAL_MSE: 0.03309612721204758	
25-01-05 02:07:23.254 - INFO: 
------------------------------Validation End------------------------------


25-01-05 02:44:22.171 - INFO: train/mae_loss: 0.040444690968096254	
25-01-05 02:44:22.172 - INFO: epoch: 2	
25-01-05 02:44:22.172 - INFO: iters: 20010	
25-01-05 02:44:22.172 - INFO: 


------------------------------Validation Start------------------------------
25-01-05 03:14:01.500 - INFO: val/mae: 0.8280411958694458	
25-01-05 03:14:01.504 - INFO: val/mse: 0.8426350951194763	
25-01-05 03:14:01.504 - INFO: val/SSIM: 0.031904758920042735	
25-01-05 03:14:01.504 - INFO: val/PSNR: 8.137169802158692	
25-01-05 03:14:01.504 - INFO: val/VAL_MSE: 0.042342010885477066	
25-01-05 03:14:01.504 - INFO: 
------------------------------Validation End------------------------------


25-01-05 03:50:50.931 - INFO: train/mae_loss: 0.0324660992455148	
25-01-05 03:50:56.508 - INFO: train/mae_loss: 0.03245010239854455	
25-01-05 03:50:56.508 - INFO: epoch: 3	
25-01-05 03:50:56.508 - INFO: iters: 30020	
25-01-05 03:50:56.508 - INFO: 


------------------------------Validation Start------------------------------
25-01-05 04:20:33.097 - INFO: val/mae: 0.5038408041000366	
25-01-05 04:20:33.098 - INFO: val/mse: 0.5075084567070007	
25-01-05 04:20:33.098 - INFO: val/SSIM: 0.20969403085911292	
25-01-05 04:20:33.098 - INFO: val/PSNR: 13.08527951321864	
25-01-05 04:20:33.098 - INFO: val/VAL_MSE: 0.027055446058511734	
25-01-05 04:20:33.098 - INFO: 
------------------------------Validation End------------------------------


25-01-05 04:57:25.206 - INFO: train/mae_loss: 0.027645547765120865	
25-01-05 04:57:25.208 - INFO: epoch: 4	
25-01-05 04:57:25.208 - INFO: iters: 40030	
25-01-05 04:57:25.208 - INFO: 


------------------------------Validation Start------------------------------
25-01-05 05:26:46.592 - INFO: val/mae: 0.996155858039856	
25-01-05 05:26:46.594 - INFO: val/mse: 1.2550400495529175	
25-01-05 05:26:46.594 - INFO: val/SSIM: 0.02597537077732017	
25-01-05 05:26:46.594 - INFO: val/PSNR: 6.412874481477083	
25-01-05 05:26:46.594 - INFO: val/VAL_MSE: 0.022132758051156998	
25-01-05 05:26:46.594 - INFO: 
------------------------------Validation End------------------------------


25-01-05 06:03:27.547 - INFO: train/mae_loss: 0.025513374250210132	
25-01-05 06:03:37.230 - INFO: train/mae_loss: 0.025491037586890163	
25-01-05 06:03:37.231 - INFO: epoch: 5	
25-01-05 06:03:37.231 - INFO: iters: 50040	
25-01-05 06:03:37.231 - INFO: Saving the self at the end of epoch 5
25-01-05 06:03:42.474 - INFO: 


------------------------------Validation Start------------------------------
25-01-05 06:32:59.143 - INFO: val/mae: 0.8405331969261169	
25-01-05 06:32:59.144 - INFO: val/mse: 0.9571214914321899	
25-01-05 06:32:59.144 - INFO: val/SSIM: 0.03670624073255895	
25-01-05 06:32:59.144 - INFO: val/PSNR: 8.327880041430056	
25-01-05 06:32:59.144 - INFO: val/VAL_MSE: 0.023901544511318207	
25-01-05 06:32:59.144 - INFO: 
------------------------------Validation End------------------------------


25-01-05 07:09:42.729 - INFO: train/mae_loss: 0.024098598041199147	
25-01-05 07:09:42.729 - INFO: epoch: 6	
25-01-05 07:09:42.730 - INFO: iters: 60050	
25-01-05 07:09:42.730 - INFO: 


------------------------------Validation Start------------------------------
25-01-05 07:39:00.982 - INFO: val/mae: 0.7827924489974976	
25-01-05 07:39:00.983 - INFO: val/mse: 0.9184203147888184	
25-01-05 07:39:00.983 - INFO: val/SSIM: 0.06184426718604448	
25-01-05 07:39:00.983 - INFO: val/PSNR: 8.785541582655084	
25-01-05 07:39:00.983 - INFO: val/VAL_MSE: 0.02252257987856865	
25-01-05 07:39:00.983 - INFO: 
------------------------------Validation End------------------------------


25-01-05 08:15:32.239 - INFO: train/mae_loss: 0.023393340179625473	
25-01-05 08:15:46.162 - INFO: train/mae_loss: 0.023467196912504734	
25-01-05 08:15:46.162 - INFO: epoch: 7	
25-01-05 08:15:46.163 - INFO: iters: 70060	
25-01-05 08:15:46.163 - INFO: 


------------------------------Validation Start------------------------------
25-01-05 08:45:06.531 - INFO: val/mae: 0.5355783700942993	
25-01-05 08:45:06.532 - INFO: val/mse: 0.5413919687271118	
25-01-05 08:45:06.532 - INFO: val/SSIM: 0.2878108880245373	
25-01-05 08:45:06.532 - INFO: val/PSNR: 13.639674664465309	
25-01-05 08:45:06.532 - INFO: val/VAL_MSE: 0.017227474600076675	
25-01-05 08:45:06.532 - INFO: 
------------------------------Validation End------------------------------


25-01-05 09:21:58.714 - INFO: train/mae_loss: 0.02211033911332488	
25-01-05 09:21:58.715 - INFO: epoch: 8	
25-01-05 09:21:58.715 - INFO: iters: 80070	
25-01-05 09:21:58.715 - INFO: 


------------------------------Validation Start------------------------------
25-01-05 09:51:17.030 - INFO: val/mae: 0.9135939478874207	
25-01-05 09:51:17.031 - INFO: val/mse: 1.103776454925537	
25-01-05 09:51:17.031 - INFO: val/SSIM: 0.03505672413125056	
25-01-05 09:51:17.031 - INFO: val/PSNR: 7.37096350408819	
25-01-05 09:51:17.031 - INFO: val/VAL_MSE: 0.01670788787305355	
25-01-05 09:51:17.031 - INFO: 
------------------------------Validation End------------------------------


25-01-05 10:27:45.717 - INFO: train/mae_loss: 0.021533990405394787	
25-01-05 10:28:04.149 - INFO: train/mae_loss: 0.021532551777921616	
25-01-05 10:28:04.149 - INFO: epoch: 9	
25-01-05 10:28:04.149 - INFO: iters: 90080	
25-01-05 10:28:04.149 - INFO: 


------------------------------Validation Start------------------------------
25-01-05 10:57:24.984 - INFO: val/mae: 0.21044643223285675	
25-01-05 10:57:24.985 - INFO: val/mse: 0.13718198239803314	
25-01-05 10:57:24.985 - INFO: val/SSIM: 0.4627485772899357	
25-01-05 10:57:24.985 - INFO: val/PSNR: 18.877770527920948	
25-01-05 10:57:24.985 - INFO: val/VAL_MSE: 0.016609476879239082	
25-01-05 10:57:24.985 - INFO: 
------------------------------Validation End------------------------------


25-01-05 11:34:22.629 - INFO: train/mae_loss: 0.02080115566197783	
25-01-05 11:34:22.631 - INFO: epoch: 10	
25-01-05 11:34:22.631 - INFO: iters: 100090	
25-01-05 11:34:22.631 - INFO: Saving the self at the end of epoch 10
25-01-05 11:34:28.049 - INFO: 


------------------------------Validation Start------------------------------
25-01-05 12:03:56.152 - INFO: val/mae: 0.8519811630249023	
25-01-05 12:03:56.154 - INFO: val/mse: 1.0455756187438965	
25-01-05 12:03:56.154 - INFO: val/SSIM: 0.052788161456265636	
25-01-05 12:03:56.154 - INFO: val/PSNR: 8.743435198273907	
25-01-05 12:03:56.154 - INFO: val/VAL_MSE: 0.020370669662952423	
25-01-05 12:03:56.155 - INFO: 
------------------------------Validation End------------------------------


25-01-05 12:41:07.811 - INFO: train/mae_loss: 0.020418523811180183	
25-01-05 12:41:30.840 - INFO: train/mae_loss: 0.02042666793242097	
25-01-05 12:41:30.844 - INFO: epoch: 11	
25-01-05 12:41:30.844 - INFO: iters: 110100	
25-01-05 12:41:30.844 - INFO: 


------------------------------Validation Start------------------------------
25-01-05 13:11:02.481 - INFO: val/mae: 0.5962182283401489	
25-01-05 13:11:02.482 - INFO: val/mse: 0.5027562975883484	
25-01-05 13:11:02.482 - INFO: val/SSIM: 0.06284735076902984	
25-01-05 13:11:02.482 - INFO: val/PSNR: 10.26933031717245	
25-01-05 13:11:02.483 - INFO: val/VAL_MSE: 0.02177218534052372	
25-01-05 13:11:02.483 - INFO: 
------------------------------Validation End------------------------------


25-01-05 13:48:04.056 - INFO: train/mae_loss: 0.019330690927244723	
25-01-05 13:48:04.058 - INFO: epoch: 12	
25-01-05 13:48:04.059 - INFO: iters: 120110	
25-01-05 13:48:04.059 - INFO: 


------------------------------Validation Start------------------------------
25-01-05 14:17:37.596 - INFO: val/mae: 1.2512238025665283	
25-01-05 14:17:37.597 - INFO: val/mse: 1.8205069303512573	
25-01-05 14:17:37.597 - INFO: val/SSIM: 0.01211661079358957	
25-01-05 14:17:37.597 - INFO: val/PSNR: 4.35178575677328	
25-01-05 14:17:37.597 - INFO: val/VAL_MSE: 0.019874414429068565	
25-01-05 14:17:37.597 - INFO: 
------------------------------Validation End------------------------------


25-01-05 14:54:15.604 - INFO: train/mae_loss: 0.019320647124020075	
25-01-05 14:54:43.041 - INFO: train/mae_loss: 0.019317343059927224	
25-01-05 14:54:43.043 - INFO: epoch: 13	
25-01-05 14:54:43.043 - INFO: iters: 130120	
25-01-05 14:54:43.043 - INFO: 


------------------------------Validation Start------------------------------
25-01-05 15:24:18.631 - INFO: val/mae: 0.10735328495502472	
25-01-05 15:24:18.633 - INFO: val/mse: 0.04540355131030083	
25-01-05 15:24:18.633 - INFO: val/SSIM: 0.6081830600582051	
25-01-05 15:24:18.633 - INFO: val/PSNR: 21.1305260729798	
25-01-05 15:24:18.633 - INFO: val/VAL_MSE: 0.01993766985833645	
25-01-05 15:24:18.633 - INFO: 
------------------------------Validation End------------------------------


25-01-05 16:01:26.325 - INFO: train/mae_loss: 0.019835682927817105	
25-01-05 16:01:26.327 - INFO: epoch: 14	
25-01-05 16:01:26.327 - INFO: iters: 140130	
25-01-05 16:01:26.327 - INFO: 


------------------------------Validation Start------------------------------
25-01-05 16:33:19.535 - INFO: val/mae: 1.1830936670303345	
25-01-05 16:33:19.536 - INFO: val/mse: 1.6417973041534424	
25-01-05 16:33:19.536 - INFO: val/SSIM: 0.015687339702519988	
25-01-05 16:33:19.536 - INFO: val/PSNR: 4.759249133720499	
25-01-05 16:33:19.536 - INFO: val/VAL_MSE: 0.018913263455033302	
25-01-05 16:33:19.536 - INFO: 
------------------------------Validation End------------------------------


25-01-05 17:12:57.679 - INFO: train/mae_loss: 0.019007066494651125	
25-01-05 17:13:32.394 - INFO: train/mae_loss: 0.019016892300732433	
25-01-05 17:13:32.395 - INFO: epoch: 15	
25-01-05 17:13:32.395 - INFO: iters: 150140	
25-01-05 17:13:32.395 - INFO: Saving the self at the end of epoch 15
25-01-05 17:13:37.664 - INFO: 


------------------------------Validation Start------------------------------
25-01-05 17:45:39.893 - INFO: val/mae: 0.22654615342617035	
25-01-05 17:45:39.894 - INFO: val/mse: 0.14499634504318237	
25-01-05 17:45:39.894 - INFO: val/SSIM: 0.44408175361279395	
25-01-05 17:45:39.894 - INFO: val/PSNR: 17.96635599356495	
25-01-05 17:45:39.894 - INFO: val/VAL_MSE: 0.019064176827669144	
25-01-05 17:45:39.894 - INFO: 
------------------------------Validation End------------------------------


25-01-05 18:26:13.958 - INFO: train/mae_loss: 0.0182875264194794	
25-01-05 18:26:13.965 - INFO: epoch: 16	
25-01-05 18:26:13.966 - INFO: iters: 160150	
25-01-05 18:26:13.966 - INFO: 


------------------------------Validation Start------------------------------
25-01-05 18:58:16.747 - INFO: val/mae: 0.6426010727882385	
25-01-05 18:58:16.748 - INFO: val/mse: 0.7091311812400818	
25-01-05 18:58:16.749 - INFO: val/SSIM: 0.14770461705531837	
25-01-05 18:58:16.749 - INFO: val/PSNR: 11.588806025031335	
25-01-05 18:58:16.749 - INFO: val/VAL_MSE: 0.015152218751609325	
25-01-05 18:58:16.749 - INFO: 
------------------------------Validation End------------------------------


25-01-05 19:38:07.608 - INFO: train/mae_loss: 0.01828011623829815	
25-01-05 19:38:47.290 - INFO: train/mae_loss: 0.018307359552383422	
25-01-05 19:38:47.291 - INFO: epoch: 17	
25-01-05 19:38:47.291 - INFO: iters: 170160	
25-01-05 19:38:47.291 - INFO: 


------------------------------Validation Start------------------------------
25-01-05 20:10:50.928 - INFO: val/mae: 0.30090150237083435	
25-01-05 20:10:50.931 - INFO: val/mse: 0.18818698823451996	
25-01-05 20:10:50.931 - INFO: val/SSIM: 0.2632591293099953	
25-01-05 20:10:50.931 - INFO: val/PSNR: 15.133906608899386	
25-01-05 20:10:50.931 - INFO: val/VAL_MSE: 0.017986483871936798	
25-01-05 20:10:50.931 - INFO: 
------------------------------Validation End------------------------------


25-01-05 20:51:19.660 - INFO: train/mae_loss: 0.018069050130899995	
25-01-05 20:51:19.671 - INFO: epoch: 18	
25-01-05 20:51:19.671 - INFO: iters: 180170	
25-01-05 20:51:19.671 - INFO: 


------------------------------Validation Start------------------------------
25-01-05 21:23:20.709 - INFO: val/mae: 0.3357337415218353	
25-01-05 21:23:20.710 - INFO: val/mse: 0.26108819246292114	
25-01-05 21:23:20.710 - INFO: val/SSIM: 0.2090473784061193	
25-01-05 21:23:20.710 - INFO: val/PSNR: 15.264844982542158	
25-01-05 21:23:20.710 - INFO: val/VAL_MSE: 0.01762058213353157	
25-01-05 21:23:20.710 - INFO: 
------------------------------Validation End------------------------------


25-01-05 22:03:07.136 - INFO: train/mae_loss: 0.017828728923813084	
25-01-05 22:03:51.830 - INFO: train/mae_loss: 0.017819357580132783	
25-01-05 22:03:51.840 - INFO: epoch: 19	
25-01-05 22:03:51.840 - INFO: iters: 190180	
25-01-05 22:03:51.840 - INFO: 


------------------------------Validation Start------------------------------
25-01-05 22:35:53.698 - INFO: val/mae: 0.934731125831604	
25-01-05 22:35:53.698 - INFO: val/mse: 1.1150046586990356	
25-01-05 22:35:53.698 - INFO: val/SSIM: 0.029996227424498638	
25-01-05 22:35:53.699 - INFO: val/PSNR: 6.567118831343093	
25-01-05 22:35:53.699 - INFO: val/VAL_MSE: 0.019833430647850037	
25-01-05 22:35:53.699 - INFO: 
------------------------------Validation End------------------------------


25-01-05 23:16:27.652 - INFO: train/mae_loss: 0.01795285108871758	
25-01-05 23:16:27.664 - INFO: epoch: 20	
25-01-05 23:16:27.664 - INFO: iters: 200190	
25-01-05 23:16:27.664 - INFO: Saving the self at the end of epoch 20
25-01-05 23:16:33.326 - INFO: 


------------------------------Validation Start------------------------------
25-01-05 23:48:39.667 - INFO: val/mae: 0.6780522465705872	
25-01-05 23:48:39.668 - INFO: val/mse: 0.6475058197975159	
25-01-05 23:48:39.668 - INFO: val/SSIM: 0.05088759667797954	
25-01-05 23:48:39.668 - INFO: val/PSNR: 9.207553276833595	
25-01-05 23:48:39.668 - INFO: val/VAL_MSE: 0.018269244581460953	
25-01-05 23:48:39.668 - INFO: 
------------------------------Validation End------------------------------


25-01-06 00:28:23.790 - INFO: train/mae_loss: 0.01712695277372033	
25-01-06 00:29:13.198 - INFO: train/mae_loss: 0.017143509544059635	
25-01-06 00:29:13.208 - INFO: epoch: 21	
25-01-06 00:29:13.208 - INFO: iters: 210200	
25-01-06 00:29:13.208 - INFO: 


------------------------------Validation Start------------------------------
25-01-06 01:01:15.725 - INFO: val/mae: 0.8724722266197205	
25-01-06 01:01:15.727 - INFO: val/mse: 0.9749493598937988	
25-01-06 01:01:15.727 - INFO: val/SSIM: 0.02785304070206997	
25-01-06 01:01:15.727 - INFO: val/PSNR: 6.632545754725962	
25-01-06 01:01:15.727 - INFO: val/VAL_MSE: 0.0173532385379076	
25-01-06 01:01:15.727 - INFO: 
------------------------------Validation End------------------------------


25-01-06 01:41:50.015 - INFO: train/mae_loss: 0.016974291041400285	
25-01-06 01:41:50.026 - INFO: epoch: 22	
25-01-06 01:41:50.026 - INFO: iters: 220210	
25-01-06 01:41:50.026 - INFO: 


------------------------------Validation Start------------------------------
25-01-06 02:13:55.052 - INFO: val/mae: 0.906703770160675	
25-01-06 02:13:55.054 - INFO: val/mse: 1.0122920274734497	
25-01-06 02:13:55.054 - INFO: val/SSIM: 0.019215861732092103	
25-01-06 02:13:55.054 - INFO: val/PSNR: 6.4076584585580605	
25-01-06 02:13:55.054 - INFO: val/VAL_MSE: 0.019960347563028336	
25-01-06 02:13:55.054 - INFO: 
------------------------------Validation End------------------------------


25-01-06 02:53:33.526 - INFO: train/mae_loss: 0.01707027330404197	
25-01-06 02:54:28.089 - INFO: train/mae_loss: 0.017041719252057372	
25-01-06 02:54:28.096 - INFO: epoch: 23	
25-01-06 02:54:28.096 - INFO: iters: 230220	
25-01-06 02:54:28.096 - INFO: 


------------------------------Validation Start------------------------------
25-01-06 03:26:58.306 - INFO: val/mae: 0.6636713147163391	
25-01-06 03:26:58.306 - INFO: val/mse: 0.5885473489761353	
25-01-06 03:26:58.306 - INFO: val/SSIM: 0.044034571014327076	
25-01-06 03:26:58.307 - INFO: val/PSNR: 8.11379652647182	
25-01-06 03:26:58.307 - INFO: val/VAL_MSE: 0.019703343510627747	
25-01-06 03:26:58.307 - INFO: 
------------------------------Validation End------------------------------


25-01-06 04:13:38.330 - INFO: train/mae_loss: 0.016689291734062136	
25-01-06 04:13:38.331 - INFO: epoch: 24	
25-01-06 04:13:38.331 - INFO: iters: 240230	
25-01-06 04:13:38.331 - INFO: 


------------------------------Validation Start------------------------------
25-01-06 04:49:11.685 - INFO: val/mae: 0.05952967330813408	
25-01-06 04:49:11.686 - INFO: val/mse: 0.020091358572244644	
25-01-06 04:49:11.686 - INFO: val/SSIM: 0.7328429210559115	
25-01-06 04:49:11.686 - INFO: val/PSNR: 23.299244075712547	
25-01-06 04:49:11.686 - INFO: val/VAL_MSE: 0.015240714885294437	
25-01-06 04:49:11.686 - INFO: 
------------------------------Validation End------------------------------


25-01-06 05:28:49.765 - INFO: train/mae_loss: 0.01643198214845396	
25-01-06 05:29:48.855 - INFO: train/mae_loss: 0.016461219867691397	
25-01-06 05:29:48.856 - INFO: epoch: 25	
25-01-06 05:29:48.856 - INFO: iters: 250240	
25-01-06 05:29:48.856 - INFO: Saving the self at the end of epoch 25
25-01-06 05:29:54.369 - INFO: 


------------------------------Validation Start------------------------------
25-01-06 06:02:05.203 - INFO: val/mae: 0.2506510317325592	
25-01-06 06:02:05.204 - INFO: val/mse: 0.16922426223754883	
25-01-06 06:02:05.204 - INFO: val/SSIM: 0.4100638184704647	
25-01-06 06:02:05.204 - INFO: val/PSNR: 16.85899388638363	
25-01-06 06:02:05.204 - INFO: val/VAL_MSE: 0.01778400130569935	
25-01-06 06:02:05.204 - INFO: 
------------------------------Validation End------------------------------


25-01-06 06:42:42.035 - INFO: train/mae_loss: 0.016605617865361272	
25-01-06 06:42:42.048 - INFO: epoch: 26	
25-01-06 06:42:42.048 - INFO: iters: 260250	
25-01-06 06:42:42.048 - INFO: 


------------------------------Validation Start------------------------------
25-01-06 07:14:51.792 - INFO: val/mae: 0.5246737599372864	
25-01-06 07:14:51.793 - INFO: val/mse: 0.41777125000953674	
25-01-06 07:14:51.793 - INFO: val/SSIM: 0.14289711518106413	
25-01-06 07:14:51.793 - INFO: val/PSNR: 10.7427705314192	
25-01-06 07:14:51.793 - INFO: val/VAL_MSE: 0.015637420117855072	
25-01-06 07:14:51.793 - INFO: 
------------------------------Validation End------------------------------


25-01-06 07:54:27.611 - INFO: train/mae_loss: 0.016083747988329622	
25-01-06 07:55:31.907 - INFO: train/mae_loss: 0.016064701950829475	
25-01-06 07:55:31.917 - INFO: epoch: 27	
25-01-06 07:55:31.917 - INFO: iters: 270260	
25-01-06 07:55:31.917 - INFO: 


------------------------------Validation Start------------------------------
25-01-06 08:27:41.648 - INFO: val/mae: 0.6488528251647949	
25-01-06 08:27:41.649 - INFO: val/mse: 0.5952101945877075	
25-01-06 08:27:41.649 - INFO: val/SSIM: 0.11078342858581976	
25-01-06 08:27:41.649 - INFO: val/PSNR: 9.17562190273989	
25-01-06 08:27:41.649 - INFO: val/VAL_MSE: 0.015033135190606117	
25-01-06 08:27:41.649 - INFO: 
------------------------------Validation End------------------------------


25-01-06 09:08:13.633 - INFO: train/mae_loss: 0.016215463673882186	
25-01-06 09:08:13.634 - INFO: epoch: 28	
25-01-06 09:08:13.634 - INFO: iters: 280270	
25-01-06 09:08:13.634 - INFO: 


------------------------------Validation Start------------------------------
25-01-06 09:40:19.909 - INFO: val/mae: 0.29182302951812744	
25-01-06 09:40:19.910 - INFO: val/mse: 0.19294655323028564	
25-01-06 09:40:19.910 - INFO: val/SSIM: 0.3277817542340332	
25-01-06 09:40:19.910 - INFO: val/PSNR: 16.136605445945744	
25-01-06 09:40:19.910 - INFO: val/VAL_MSE: 0.016843101009726524	
25-01-06 09:40:19.910 - INFO: 
------------------------------Validation End------------------------------


25-01-06 10:19:51.414 - INFO: train/mae_loss: 0.015748374171003148	
25-01-06 10:21:00.733 - INFO: train/mae_loss: 0.01575490766260773	
25-01-06 10:21:00.734 - INFO: epoch: 29	
25-01-06 10:21:00.734 - INFO: iters: 290280	
25-01-06 10:21:00.734 - INFO: 


------------------------------Validation Start------------------------------
25-01-06 10:53:08.795 - INFO: val/mae: 0.05196477100253105	
25-01-06 10:53:08.797 - INFO: val/mse: 0.012868309393525124	
25-01-06 10:53:08.797 - INFO: val/SSIM: 0.6668245250874095	
25-01-06 10:53:08.797 - INFO: val/PSNR: 23.00333528974503	
25-01-06 10:53:08.797 - INFO: val/VAL_MSE: 0.01854928396642208	
25-01-06 10:53:08.797 - INFO: 
------------------------------Validation End------------------------------


25-01-06 11:33:47.358 - INFO: train/mae_loss: 0.016335296859033406	
25-01-06 11:33:47.360 - INFO: epoch: 30	
25-01-06 11:33:47.360 - INFO: iters: 300290	
25-01-06 11:33:47.360 - INFO: Saving the self at the end of epoch 30
25-01-06 11:33:53.092 - INFO: 


------------------------------Validation Start------------------------------
25-01-06 12:06:01.887 - INFO: val/mae: 0.7697926759719849	
25-01-06 12:06:01.888 - INFO: val/mse: 0.7594211101531982	
25-01-06 12:06:01.888 - INFO: val/SSIM: 0.03767555865140514	
25-01-06 12:06:01.888 - INFO: val/PSNR: 7.348840637499483	
25-01-06 12:06:01.888 - INFO: val/VAL_MSE: 0.017273182049393654	
25-01-06 12:06:01.888 - INFO: 
------------------------------Validation End------------------------------


25-01-06 12:45:33.255 - INFO: train/mae_loss: 0.015729055175672947	
25-01-06 12:46:47.651 - INFO: train/mae_loss: 0.015782029785681516	
25-01-06 12:46:47.652 - INFO: epoch: 31	
25-01-06 12:46:47.652 - INFO: iters: 310300	
25-01-06 12:46:47.652 - INFO: 


------------------------------Validation Start------------------------------
25-01-06 13:19:03.427 - INFO: val/mae: 0.07591447234153748	
25-01-06 13:19:03.428 - INFO: val/mse: 0.03626297414302826	
25-01-06 13:19:03.428 - INFO: val/SSIM: 0.68577940979534	
25-01-06 13:19:03.428 - INFO: val/PSNR: 22.45598604156963	
25-01-06 13:19:03.428 - INFO: val/VAL_MSE: 0.018115166574716568	
25-01-06 13:19:03.428 - INFO: 
------------------------------Validation End------------------------------


25-01-06 14:00:05.559 - INFO: train/mae_loss: 0.01601096482425928	
25-01-06 14:00:05.560 - INFO: epoch: 32	
25-01-06 14:00:05.560 - INFO: iters: 320310	
25-01-06 14:00:05.560 - INFO: 


------------------------------Validation Start------------------------------
25-01-06 14:32:32.305 - INFO: val/mae: 0.30572494864463806	
25-01-06 14:32:32.307 - INFO: val/mse: 0.20415012538433075	
25-01-06 14:32:32.307 - INFO: val/SSIM: 0.3055307042655977	
25-01-06 14:32:32.307 - INFO: val/PSNR: 15.695674029735176	
25-01-06 14:32:32.307 - INFO: val/VAL_MSE: 0.014537355862557888	
25-01-06 14:32:32.307 - INFO: 
------------------------------Validation End------------------------------


25-01-06 15:12:14.352 - INFO: train/mae_loss: 0.01581912639816407	
25-01-06 15:13:33.991 - INFO: train/mae_loss: 0.01573967234864831	
25-01-06 15:13:33.992 - INFO: epoch: 33	
25-01-06 15:13:33.992 - INFO: iters: 330320	
25-01-06 15:13:33.992 - INFO: 


------------------------------Validation Start------------------------------
25-01-06 15:45:56.058 - INFO: val/mae: 0.5923091769218445	
25-01-06 15:45:56.058 - INFO: val/mse: 0.4768211543560028	
25-01-06 15:45:56.058 - INFO: val/SSIM: 0.053059987168704026	
25-01-06 15:45:56.058 - INFO: val/PSNR: 8.147145668064658	
25-01-06 15:45:56.058 - INFO: val/VAL_MSE: 0.019862329587340355	
25-01-06 15:45:56.058 - INFO: 
------------------------------Validation End------------------------------


25-01-06 16:27:00.701 - INFO: train/mae_loss: 0.015674530709907413	
25-01-06 16:27:00.703 - INFO: epoch: 34	
25-01-06 16:27:00.703 - INFO: iters: 340330	
25-01-06 16:27:00.703 - INFO: 


------------------------------Validation Start------------------------------
25-01-06 16:59:27.160 - INFO: val/mae: 0.2278519868850708	
25-01-06 16:59:27.162 - INFO: val/mse: 0.14000768959522247	
25-01-06 16:59:27.162 - INFO: val/SSIM: 0.41304910316160515	
25-01-06 16:59:27.163 - INFO: val/PSNR: 17.588967075886774	
25-01-06 16:59:27.163 - INFO: val/VAL_MSE: 0.016313645988702774	
25-01-06 16:59:27.163 - INFO: 
------------------------------Validation End------------------------------


25-01-06 17:39:14.588 - INFO: train/mae_loss: 0.015418232619804842	
25-01-06 17:40:39.243 - INFO: train/mae_loss: 0.015370323899481446	
25-01-06 17:40:39.244 - INFO: epoch: 35	
25-01-06 17:40:39.244 - INFO: iters: 350340	
25-01-06 17:40:39.244 - INFO: Saving the self at the end of epoch 35
25-01-06 17:40:44.701 - INFO: 


------------------------------Validation Start------------------------------
25-01-06 18:13:10.186 - INFO: val/mae: 0.408844530582428	
25-01-06 18:13:10.189 - INFO: val/mse: 0.3155461549758911	
25-01-06 18:13:10.189 - INFO: val/SSIM: 0.22798439721054437	
25-01-06 18:13:10.189 - INFO: val/PSNR: 14.934608617664722	
25-01-06 18:13:10.189 - INFO: val/VAL_MSE: 0.01866375468671322	
25-01-06 18:13:10.189 - INFO: 
------------------------------Validation End------------------------------


25-01-06 18:54:22.867 - INFO: train/mae_loss: 0.015105765154026448	
25-01-06 18:54:22.868 - INFO: epoch: 36	
25-01-06 18:54:22.868 - INFO: iters: 360350	
25-01-06 18:54:22.868 - INFO: 


------------------------------Validation Start------------------------------
25-01-06 19:26:51.148 - INFO: val/mae: 0.3347122371196747	
25-01-06 19:26:51.149 - INFO: val/mse: 0.20989981293678284	
25-01-06 19:26:51.149 - INFO: val/SSIM: 0.17122230300926214	
25-01-06 19:26:51.149 - INFO: val/PSNR: 13.725261069003619	
25-01-06 19:26:51.149 - INFO: val/VAL_MSE: 0.018442712724208832	
25-01-06 19:26:51.149 - INFO: 
------------------------------Validation End------------------------------


25-01-06 20:06:38.883 - INFO: train/mae_loss: 0.01531901424847296	
25-01-06 20:08:08.806 - INFO: train/mae_loss: 0.01532271132422611	
25-01-06 20:08:08.807 - INFO: epoch: 37	
25-01-06 20:08:08.807 - INFO: iters: 370360	
25-01-06 20:08:08.807 - INFO: 


------------------------------Validation Start------------------------------
25-01-06 20:40:37.733 - INFO: val/mae: 0.2942217290401459	
25-01-06 20:40:37.733 - INFO: val/mse: 0.20849350094795227	
25-01-06 20:40:37.734 - INFO: val/SSIM: 0.29269264404886497	
25-01-06 20:40:37.734 - INFO: val/PSNR: 16.220243614888123	
25-01-06 20:40:37.734 - INFO: val/VAL_MSE: 0.016272343695163727	
25-01-06 20:40:37.734 - INFO: 
------------------------------Validation End------------------------------


25-01-06 21:21:50.079 - INFO: train/mae_loss: 0.014918617593497038	
25-01-06 21:21:50.081 - INFO: epoch: 38	
25-01-06 21:21:50.081 - INFO: iters: 380370	
25-01-06 21:21:50.081 - INFO: 


------------------------------Validation Start------------------------------
25-01-06 21:54:15.555 - INFO: val/mae: 0.11055773496627808	
25-01-06 21:54:15.556 - INFO: val/mse: 0.0503670834004879	
25-01-06 21:54:15.556 - INFO: val/SSIM: 0.5948483347343351	
25-01-06 21:54:15.556 - INFO: val/PSNR: 22.56826466639586	
25-01-06 21:54:15.556 - INFO: val/VAL_MSE: 0.016608979552984238	
25-01-06 21:54:15.556 - INFO: 
------------------------------Validation End------------------------------


25-01-06 22:33:45.801 - INFO: train/mae_loss: 0.01519362370429363	
25-01-06 22:35:19.896 - INFO: train/mae_loss: 0.015187246764265	
25-01-06 22:35:19.897 - INFO: epoch: 39	
25-01-06 22:35:19.897 - INFO: iters: 390380	
25-01-06 22:35:19.897 - INFO: 


------------------------------Validation Start------------------------------
25-01-06 23:07:40.060 - INFO: val/mae: 0.15720175206661224	
25-01-06 23:07:40.060 - INFO: val/mse: 0.09135671705007553	
25-01-06 23:07:40.060 - INFO: val/SSIM: nan	
25-01-06 23:07:40.060 - INFO: val/PSNR: nan	
25-01-06 23:07:40.060 - INFO: val/VAL_MSE: 0.01905609481036663	
25-01-06 23:07:40.061 - INFO: 
------------------------------Validation End------------------------------


25-01-06 23:48:37.703 - INFO: train/mae_loss: 0.014898695736844093	
25-01-06 23:48:37.705 - INFO: epoch: 40	
25-01-06 23:48:37.705 - INFO: iters: 400390	
25-01-06 23:48:37.705 - INFO: Saving the self at the end of epoch 40
25-01-06 23:48:43.133 - INFO: 


------------------------------Validation Start------------------------------
25-01-07 00:20:59.888 - INFO: val/mae: 0.2725026309490204	
25-01-07 00:20:59.888 - INFO: val/mse: 0.15581409633159637	
25-01-07 00:20:59.888 - INFO: val/SSIM: 0.30723179405651085	
25-01-07 00:20:59.889 - INFO: val/PSNR: 15.400868750455391	
25-01-07 00:20:59.889 - INFO: val/VAL_MSE: 0.01591000147163868	
25-01-07 00:20:59.889 - INFO: 
------------------------------Validation End------------------------------


