24-04-20 15:37:39.012 - INFO: Create the log file in directory experiments/train_mr2ct_nc3to1_240420_153738.

24-04-20 15:37:48.178 - INFO: Dataset [MR2CTDataset() form data.dataset] is created.
24-04-20 15:37:48.181 - INFO: Dataset for train have 29069 samples.
24-04-20 15:37:48.181 - INFO: Dataset for val have 5724 samples.
24-04-20 15:37:48.612 - INFO: Network [Network() form models.network] is created.
24-04-20 15:37:48.612 - INFO: Network [Network] weights initialize using [kaiming] method.
24-04-20 15:37:48.939 - WARNING: Config is a str, converts to a dict {'name': 'mae'}
24-04-20 15:37:49.659 - INFO: Metric [mae() form models.metric] is created.
24-04-20 15:37:49.659 - WARNING: Config is a str, converts to a dict {'name': 'mse'}
24-04-20 15:37:49.659 - INFO: Metric [mse() form models.metric] is created.
24-04-20 15:37:49.659 - WARNING: Config is a str, converts to a dict {'name': 'SSIM'}
24-04-20 15:37:49.659 - INFO: Metric [SSIM() form models.metric] is created.
24-04-20 15:37:49.659 - WARNING: Config is a str, converts to a dict {'name': 'PSNR'}
24-04-20 15:37:49.659 - INFO: Metric [PSNR() form models.metric] is created.
24-04-20 15:37:49.659 - WARNING: Config is a str, converts to a dict {'name': 'mse_loss'}
24-04-20 15:37:49.661 - INFO: Loss [mse_loss() form models.loss] is created.
24-04-20 15:37:53.280 - INFO: Model [Palette() form models.model] is created.
24-04-20 15:37:53.280 - INFO: Begin model train.
24-04-20 15:54:03.621 - INFO: train/mse_loss: 0.705851466178894	
24-04-20 16:10:14.619 - INFO: train/mse_loss: 0.6918018376111984	
24-04-20 16:24:55.160 - INFO: train/mse_loss: 0.6866618674707262	
24-04-20 16:24:55.161 - INFO: epoch: 1	
24-04-20 16:24:55.161 - INFO: iters: 29068	
24-04-20 16:24:55.161 - INFO: 


------------------------------Validation Start------------------------------
