24-04-21 14:04:21.151 - INFO: Create the log file in directory experiments/train_mr2ct_nc3to1_240421_140420.

24-04-21 14:04:28.496 - INFO: Dataset [MR2CTDataset() form data.dataset] is created.
24-04-21 14:04:28.509 - INFO: Dataset for train have 34791 samples.
24-04-21 14:04:28.509 - INFO: Dataset for val have 2 samples.
24-04-21 14:04:29.019 - INFO: Network [Network() form models.network] is created.
24-04-21 14:04:29.019 - INFO: Network [Network] weights initialize using [kaiming] method.
24-04-21 14:04:29.417 - WARNING: Config is a str, converts to a dict {'name': 'mae'}
24-04-21 14:04:29.851 - INFO: Metric [mae() form models.metric] is created.
24-04-21 14:04:29.852 - WARNING: Config is a str, converts to a dict {'name': 'mse'}
24-04-21 14:04:29.852 - INFO: Metric [mse() form models.metric] is created.
24-04-21 14:04:29.852 - WARNING: Config is a str, converts to a dict {'name': 'SSIM'}
24-04-21 14:04:29.852 - INFO: Metric [SSIM() form models.metric] is created.
24-04-21 14:04:29.852 - WARNING: Config is a str, converts to a dict {'name': 'PSNR'}
24-04-21 14:04:29.852 - INFO: Metric [PSNR() form models.metric] is created.
24-04-21 14:04:29.852 - WARNING: Config is a str, converts to a dict {'name': 'mse_loss'}
24-04-21 14:04:29.852 - INFO: Loss [mse_loss() form models.loss] is created.
24-04-21 14:04:33.635 - INFO: Model [Palette() form models.model] is created.
24-04-21 14:04:33.635 - INFO: Begin model train.
24-04-21 14:20:05.777 - INFO: train/mse_loss: 0.6972563144683838	
24-04-21 14:35:34.223 - INFO: train/mse_loss: 0.6864717238426209	
24-04-21 14:51:02.718 - INFO: train/mse_loss: 0.6822731441020966	
24-04-21 14:58:26.839 - INFO: train/mse_loss: 0.6809299644538969	
24-04-21 14:58:26.839 - INFO: epoch: 1	
24-04-21 14:58:26.839 - INFO: iters: 34788	
24-04-21 14:58:26.839 - INFO: 


------------------------------Validation Start------------------------------
24-04-21 15:00:42.808 - INFO: val/mae: 0.8289281725883484	
24-04-21 15:00:42.808 - INFO: val/mse: 1.047177791595459	
24-04-21 15:00:42.808 - INFO: val/SSIM: 0.004072786068651976	
24-04-21 15:00:42.808 - INFO: val/PSNR: 6.000649837302717	
24-04-21 15:00:42.808 - INFO: 
------------------------------Validation End------------------------------


24-04-21 15:54:32.385 - INFO: train/mse_loss: 0.6715725839816524	
24-04-21 15:54:32.385 - INFO: epoch: 2	
24-04-21 15:54:32.385 - INFO: iters: 69578	
24-04-21 15:54:32.386 - INFO: 


------------------------------Validation Start------------------------------
24-04-21 15:56:47.144 - INFO: val/mae: 0.8352445363998413	
24-04-21 15:56:47.145 - INFO: val/mse: 1.0578957796096802	
24-04-21 15:56:47.145 - INFO: val/SSIM: 0.003785197325858746	
24-04-21 15:56:47.145 - INFO: val/PSNR: 5.970649033272378	
24-04-21 15:56:47.145 - INFO: 
------------------------------Validation End------------------------------


24-04-21 15:57:26.331 - INFO: train/mse_loss: 0.6705067492666699	
24-04-21 16:12:54.555 - INFO: train/mse_loss: 0.6706370192617463	
24-04-21 16:28:23.061 - INFO: train/mse_loss: 0.6706119400163589	
24-04-21 16:43:50.728 - INFO: train/mse_loss: 0.6704934346762086	
24-04-21 16:50:36.078 - INFO: train/mse_loss: 0.6704423110608714	
24-04-21 16:50:36.078 - INFO: epoch: 3	
24-04-21 16:50:36.078 - INFO: iters: 104368	
24-04-21 16:50:36.078 - INFO: 


------------------------------Validation Start------------------------------
24-04-21 16:52:50.649 - INFO: val/mae: 0.8341372013092041	
24-04-21 16:52:50.649 - INFO: val/mse: 1.0554152727127075	
24-04-21 16:52:50.649 - INFO: val/SSIM: 0.0037345007834194343	
24-04-21 16:52:50.649 - INFO: val/PSNR: 5.975007739302994	
24-04-21 16:52:50.649 - INFO: 
------------------------------Validation End------------------------------


24-04-21 17:46:38.573 - INFO: train/mse_loss: 0.6702705099621874	
24-04-21 17:46:38.574 - INFO: epoch: 4	
24-04-21 17:46:38.575 - INFO: iters: 139158	
24-04-21 17:46:38.575 - INFO: 


------------------------------Validation Start------------------------------
24-04-21 17:48:53.166 - INFO: val/mae: 0.8278648257255554	
24-04-21 17:48:53.167 - INFO: val/mse: 1.0446856021881104	
24-04-21 17:48:53.167 - INFO: val/SSIM: 0.0037423381119620976	
24-04-21 17:48:53.167 - INFO: val/PSNR: 6.009167129906889	
24-04-21 17:48:53.167 - INFO: 
------------------------------Validation End------------------------------


24-04-21 17:50:11.285 - INFO: train/mse_loss: 0.6696437500772022	
24-04-21 18:05:39.008 - INFO: train/mse_loss: 0.6700457525869137	
24-04-21 18:21:06.811 - INFO: train/mse_loss: 0.6699831537459039	
24-04-21 18:36:34.506 - INFO: train/mse_loss: 0.6699845908139621	
24-04-21 18:42:41.060 - INFO: train/mse_loss: 0.6700181020146418	
24-04-21 18:42:41.061 - INFO: epoch: 5	
24-04-21 18:42:41.061 - INFO: iters: 173948	
24-04-21 18:42:41.061 - INFO: Saving the self at the end of epoch 5
24-04-21 18:42:49.491 - INFO: 


------------------------------Validation Start------------------------------
24-04-21 18:45:03.992 - INFO: val/mae: 0.8297299146652222	
24-04-21 18:45:03.992 - INFO: val/mse: 1.047590732574463	
24-04-21 18:45:03.993 - INFO: val/SSIM: 0.004197507865292684	
24-04-21 18:45:03.993 - INFO: val/PSNR: 6.005395467088871	
24-04-21 18:45:03.993 - INFO: 
------------------------------Validation End------------------------------


24-04-21 19:38:50.389 - INFO: train/mse_loss: 0.6696672000747392	
24-04-21 19:38:50.390 - INFO: epoch: 6	
24-04-21 19:38:50.390 - INFO: iters: 208738	
24-04-21 19:38:50.390 - INFO: 


------------------------------Validation Start------------------------------
24-04-21 19:41:04.946 - INFO: val/mae: 0.8292936086654663	
24-04-21 19:41:04.947 - INFO: val/mse: 1.0452419519424438	
24-04-21 19:41:04.947 - INFO: val/SSIM: 0.003836024542381743	
24-04-21 19:41:04.947 - INFO: val/PSNR: 6.0082736500471485	
24-04-21 19:41:04.947 - INFO: 
------------------------------Validation End------------------------------


24-04-21 19:43:02.021 - INFO: train/mse_loss: 0.6689923738676404	
24-04-21 19:58:29.582 - INFO: train/mse_loss: 0.6696622310057415	
24-04-21 20:13:57.407 - INFO: train/mse_loss: 0.6695478687842612	
24-04-21 20:29:25.576 - INFO: train/mse_loss: 0.6695819823542086	
24-04-21 20:34:52.828 - INFO: train/mse_loss: 0.6696005134085231	
24-04-21 20:34:52.828 - INFO: epoch: 7	
24-04-21 20:34:52.828 - INFO: iters: 243528	
24-04-21 20:34:52.828 - INFO: 


------------------------------Validation Start------------------------------
24-04-21 20:37:07.555 - INFO: val/mae: 0.8214626312255859	
24-04-21 20:37:07.555 - INFO: val/mse: 1.0315276384353638	
24-04-21 20:37:07.555 - INFO: val/SSIM: 0.004155247604608585	
24-04-21 20:37:07.555 - INFO: val/PSNR: 6.065404475809298	
24-04-21 20:37:07.555 - INFO: 
------------------------------Validation End------------------------------


24-04-21 21:30:54.233 - INFO: train/mse_loss: 0.6694137505296868	
24-04-21 21:30:54.235 - INFO: epoch: 8	
24-04-21 21:30:54.235 - INFO: iters: 278318	
24-04-21 21:30:54.235 - INFO: 


------------------------------Validation Start------------------------------
24-04-21 21:33:08.797 - INFO: val/mae: 0.8264210224151611	
24-04-21 21:33:08.797 - INFO: val/mse: 1.0409743785858154	
24-04-21 21:33:08.797 - INFO: val/SSIM: 0.004227537839452332	
24-04-21 21:33:08.797 - INFO: val/PSNR: 6.021937582604373	
24-04-21 21:33:08.797 - INFO: 
------------------------------Validation End------------------------------


24-04-21 21:35:44.783 - INFO: train/mse_loss: 0.6700595637162526	
24-04-21 21:51:13.508 - INFO: train/mse_loss: 0.6694303440925193	
24-04-21 22:06:42.117 - INFO: train/mse_loss: 0.6694527734469664	
24-04-21 22:22:09.467 - INFO: train/mse_loss: 0.6694468166942549	
24-04-21 22:26:58.070 - INFO: train/mse_loss: 0.66945182627421	
24-04-21 22:26:58.070 - INFO: epoch: 9	
24-04-21 22:26:58.070 - INFO: iters: 313108	
24-04-21 22:26:58.070 - INFO: 


------------------------------Validation Start------------------------------
24-04-21 22:29:12.631 - INFO: val/mae: 0.8234570026397705	
24-04-21 22:29:12.631 - INFO: val/mse: 1.0363054275512695	
24-04-21 22:29:12.631 - INFO: val/SSIM: 0.004562467289083697	
24-04-21 22:29:12.631 - INFO: val/PSNR: 6.042180940843785	
24-04-21 22:29:12.631 - INFO: 
------------------------------Validation End------------------------------


24-04-21 23:22:59.623 - INFO: train/mse_loss: 0.6693436405268622	
24-04-21 23:22:59.623 - INFO: epoch: 10	
24-04-21 23:22:59.623 - INFO: iters: 347898	
24-04-21 23:22:59.623 - INFO: Saving the self at the end of epoch 10
24-04-21 23:23:08.721 - INFO: 


------------------------------Validation Start------------------------------
24-04-21 23:25:24.995 - INFO: val/mae: 0.8262158632278442	
24-04-21 23:25:24.995 - INFO: val/mse: 1.0398974418640137	
24-04-21 23:25:24.995 - INFO: val/SSIM: 0.004048283836213234	
24-04-21 23:25:24.995 - INFO: val/PSNR: 6.029694599137954	
24-04-21 23:25:24.995 - INFO: 
------------------------------Validation End------------------------------


24-04-21 23:28:39.864 - INFO: train/mse_loss: 0.668939607824598	
24-04-21 23:44:07.450 - INFO: train/mse_loss: 0.6691322587738352	
24-04-21 23:59:35.384 - INFO: train/mse_loss: 0.6691861753010642	
24-04-22 00:15:07.767 - INFO: train/mse_loss: 0.6692445635944141	
24-04-22 00:19:17.528 - INFO: train/mse_loss: 0.6692594945999594	
24-04-22 00:19:17.528 - INFO: epoch: 11	
24-04-22 00:19:17.528 - INFO: iters: 382688	
24-04-22 00:19:17.528 - INFO: 


------------------------------Validation Start------------------------------
24-04-22 00:21:32.402 - INFO: val/mae: 0.826326310634613	
24-04-22 00:21:32.402 - INFO: val/mse: 1.0407581329345703	
24-04-22 00:21:32.402 - INFO: val/SSIM: 0.0041591536769567785	
24-04-22 00:21:32.402 - INFO: val/PSNR: 6.028180767886939	
24-04-22 00:21:32.402 - INFO: 
------------------------------Validation End------------------------------


24-04-22 01:15:37.207 - INFO: train/mse_loss: 0.6691940751749578	
24-04-22 01:15:37.208 - INFO: epoch: 12	
24-04-22 01:15:37.208 - INFO: iters: 417478	
24-04-22 01:15:37.208 - INFO: 


------------------------------Validation Start------------------------------
24-04-22 01:17:51.942 - INFO: val/mae: 0.8276679515838623	
24-04-22 01:17:51.942 - INFO: val/mse: 1.0431302785873413	
24-04-22 01:17:51.942 - INFO: val/SSIM: 0.003989806064929769	
24-04-22 01:17:51.942 - INFO: val/PSNR: 6.021001579721258	
24-04-22 01:17:51.942 - INFO: 
------------------------------Validation End------------------------------


24-04-22 01:21:45.660 - INFO: train/mse_loss: 0.6694260825240422	
24-04-22 01:37:13.044 - INFO: train/mse_loss: 0.6691872971697738	
24-04-22 01:52:39.979 - INFO: train/mse_loss: 0.6692085635175078	
24-04-22 02:08:23.872 - INFO: train/mse_loss: 0.669199805784636	
24-04-22 02:11:57.373 - INFO: train/mse_loss: 0.6691769373009805	
24-04-22 02:11:57.374 - INFO: epoch: 13	
24-04-22 02:11:57.374 - INFO: iters: 452268	
24-04-22 02:11:57.374 - INFO: 


------------------------------Validation Start------------------------------
24-04-22 02:14:12.529 - INFO: val/mae: 0.8272634148597717	
24-04-22 02:14:12.529 - INFO: val/mse: 1.0427979230880737	
24-04-22 02:14:12.529 - INFO: val/SSIM: 0.004235969566181039	
24-04-22 02:14:12.529 - INFO: val/PSNR: 6.015053899610082	
24-04-22 02:14:12.529 - INFO: 
------------------------------Validation End------------------------------


24-04-22 03:08:10.720 - INFO: train/mse_loss: 0.6690411455907862	
24-04-22 03:08:10.722 - INFO: epoch: 14	
24-04-22 03:08:10.722 - INFO: iters: 487058	
24-04-22 03:08:10.722 - INFO: 


------------------------------Validation Start------------------------------
24-04-22 03:10:27.059 - INFO: val/mae: 0.8271484971046448	
24-04-22 03:10:27.060 - INFO: val/mse: 1.0432701110839844	
24-04-22 03:10:27.060 - INFO: val/SSIM: 0.004155893739517465	
24-04-22 03:10:27.060 - INFO: val/PSNR: 6.006324702799443	
24-04-22 03:10:27.060 - INFO: 
------------------------------Validation End------------------------------


24-04-22 03:15:03.111 - INFO: train/mse_loss: 0.6691348566489965	
24-04-22 03:30:49.707 - INFO: train/mse_loss: 0.6690452824051635	
24-04-22 03:46:17.093 - INFO: train/mse_loss: 0.6691249334822558	
24-04-22 04:01:44.669 - INFO: train/mse_loss: 0.669111511731915	
24-04-22 04:04:36.632 - INFO: train/mse_loss: 0.6691076839684316	
24-04-22 04:04:36.632 - INFO: epoch: 15	
24-04-22 04:04:36.632 - INFO: iters: 521848	
24-04-22 04:04:36.632 - INFO: Saving the self at the end of epoch 15
24-04-22 04:04:53.786 - INFO: 


------------------------------Validation Start------------------------------
24-04-22 04:07:08.731 - INFO: val/mae: 0.8226090669631958	
24-04-22 04:07:08.732 - INFO: val/mse: 1.0334482192993164	
24-04-22 04:07:08.732 - INFO: val/SSIM: 0.00432893987647808	
24-04-22 04:07:08.732 - INFO: val/PSNR: 6.054249369838365	
24-04-22 04:07:08.732 - INFO: 
------------------------------Validation End------------------------------


24-04-22 05:01:13.605 - INFO: train/mse_loss: 0.6690427096353065	
24-04-22 05:01:13.606 - INFO: epoch: 16	
24-04-22 05:01:13.606 - INFO: iters: 556638	
24-04-22 05:01:13.606 - INFO: 


------------------------------Validation Start------------------------------
24-04-22 05:03:28.633 - INFO: val/mae: 0.8196502327919006	
24-04-22 05:03:28.634 - INFO: val/mse: 1.0280303955078125	
24-04-22 05:03:28.634 - INFO: val/SSIM: 0.004204446499526677	
24-04-22 05:03:28.634 - INFO: val/PSNR: 6.084258507892516	
24-04-22 05:03:28.634 - INFO: 
------------------------------Validation End------------------------------


24-04-22 05:08:40.440 - INFO: train/mse_loss: 0.6687291045983632	
24-04-22 05:24:08.182 - INFO: train/mse_loss: 0.6690462732921817	
24-04-22 05:39:35.140 - INFO: train/mse_loss: 0.6690829157727222	
24-04-22 05:55:02.237 - INFO: train/mse_loss: 0.6690637246667624	
24-04-22 05:57:14.888 - INFO: train/mse_loss: 0.6690597019895159	
24-04-22 05:57:14.889 - INFO: epoch: 17	
24-04-22 05:57:14.889 - INFO: iters: 591428	
24-04-22 05:57:14.889 - INFO: 


------------------------------Validation Start------------------------------
24-04-22 05:59:29.566 - INFO: val/mae: 0.8251762390136719	
24-04-22 05:59:29.566 - INFO: val/mse: 1.0379360914230347	
24-04-22 05:59:29.566 - INFO: val/SSIM: 0.0040569085258528505	
24-04-22 05:59:29.566 - INFO: val/PSNR: 6.046502089271156	
24-04-22 05:59:29.566 - INFO: 
------------------------------Validation End------------------------------


24-04-22 06:53:27.565 - INFO: train/mse_loss: 0.6691320378423711	
24-04-22 06:53:27.566 - INFO: epoch: 18	
24-04-22 06:53:27.566 - INFO: iters: 626218	
24-04-22 06:53:27.566 - INFO: 


------------------------------Validation Start------------------------------
24-04-22 06:55:42.068 - INFO: val/mae: 0.820256233215332	
24-04-22 06:55:42.068 - INFO: val/mse: 1.0294795036315918	
24-04-22 06:55:42.068 - INFO: val/SSIM: 0.0043813850582673725	
24-04-22 06:55:42.068 - INFO: val/PSNR: 6.072995712205348	
24-04-22 06:55:42.068 - INFO: 
------------------------------Validation End------------------------------


24-04-22 07:01:32.758 - INFO: train/mse_loss: 0.6687017761841022	
24-04-22 07:17:00.498 - INFO: train/mse_loss: 0.6689576562672465	
24-04-22 07:32:27.950 - INFO: train/mse_loss: 0.6689578150579968	
24-04-22 07:47:55.350 - INFO: train/mse_loss: 0.6689997446191177	
24-04-22 07:49:29.243 - INFO: train/mse_loss: 0.6689876196260245	
24-04-22 07:49:29.243 - INFO: epoch: 19	
24-04-22 07:49:29.243 - INFO: iters: 661008	
24-04-22 07:49:29.243 - INFO: 


------------------------------Validation Start------------------------------
24-04-22 07:51:43.803 - INFO: val/mae: 0.8245123624801636	
24-04-22 07:51:43.803 - INFO: val/mse: 1.0376739501953125	
24-04-22 07:51:43.803 - INFO: val/SSIM: 0.004749483535235088	
24-04-22 07:51:43.803 - INFO: val/PSNR: 6.049211033837786	
24-04-22 07:51:43.803 - INFO: 
------------------------------Validation End------------------------------


24-04-22 08:45:30.638 - INFO: train/mse_loss: 0.6689460639968965	
24-04-22 08:45:30.640 - INFO: epoch: 20	
24-04-22 08:45:30.640 - INFO: iters: 695798	
24-04-22 08:45:30.640 - INFO: Saving the self at the end of epoch 20
24-04-22 08:45:38.028 - INFO: 


------------------------------Validation Start------------------------------
24-04-22 08:47:52.414 - INFO: val/mae: 0.821376383304596	
24-04-22 08:47:52.414 - INFO: val/mse: 1.0314383506774902	
24-04-22 08:47:52.414 - INFO: val/SSIM: 0.00429788633628526	
24-04-22 08:47:52.414 - INFO: val/PSNR: 6.0642120148354035	
24-04-22 08:47:52.414 - INFO: 
------------------------------Validation End------------------------------


24-04-22 08:54:22.241 - INFO: train/mse_loss: 0.6693936278138842	
24-04-22 09:09:50.462 - INFO: train/mse_loss: 0.6690359006969022	
24-04-22 09:25:23.413 - INFO: train/mse_loss: 0.6691364280842552	
24-04-22 09:40:51.332 - INFO: train/mse_loss: 0.6690638816286946	
24-04-22 09:41:46.087 - INFO: train/mse_loss: 0.6690617558105494	
24-04-22 09:41:46.087 - INFO: epoch: 21	
24-04-22 09:41:46.087 - INFO: iters: 730588	
24-04-22 09:41:46.087 - INFO: 


------------------------------Validation Start------------------------------
24-04-22 09:44:00.548 - INFO: val/mae: 0.8218132257461548	
24-04-22 09:44:00.548 - INFO: val/mse: 1.0315462350845337	
24-04-22 09:44:00.548 - INFO: val/SSIM: 0.004406815370563263	
24-04-22 09:44:00.548 - INFO: val/PSNR: 6.06847541872452	
24-04-22 09:44:00.548 - INFO: 
------------------------------Validation End------------------------------


24-04-22 10:37:56.806 - INFO: train/mse_loss: 0.6690200258428042	
24-04-22 10:37:56.807 - INFO: epoch: 22	
24-04-22 10:37:56.807 - INFO: iters: 765378	
24-04-22 10:37:56.807 - INFO: 


------------------------------Validation Start------------------------------
24-04-22 10:40:11.643 - INFO: val/mae: 0.8186819553375244	
24-04-22 10:40:11.644 - INFO: val/mse: 1.0256372690200806	
24-04-22 10:40:11.644 - INFO: val/SSIM: 0.004504511569991707	
24-04-22 10:40:11.644 - INFO: val/PSNR: 6.095449856737776	
24-04-22 10:40:11.644 - INFO: 
------------------------------Validation End------------------------------


24-04-22 10:47:21.030 - INFO: train/mse_loss: 0.6690906029759032	
24-04-22 11:02:49.919 - INFO: train/mse_loss: 0.6689017248545072	
24-04-22 11:18:18.727 - INFO: train/mse_loss: 0.6688208725760373	
24-04-22 11:33:47.706 - INFO: train/mse_loss: 0.668881501130876	
24-04-22 11:34:03.571 - INFO: train/mse_loss: 0.6688889419400611	
24-04-22 11:34:03.571 - INFO: epoch: 23	
24-04-22 11:34:03.572 - INFO: iters: 800168	
24-04-22 11:34:03.572 - INFO: 


------------------------------Validation Start------------------------------
24-04-22 11:36:18.350 - INFO: val/mae: 0.8285388350486755	
24-04-22 11:36:18.351 - INFO: val/mse: 1.0433976650238037	
24-04-22 11:36:18.351 - INFO: val/SSIM: 0.0043950782963385815	
24-04-22 11:36:18.351 - INFO: val/PSNR: 6.025179355177877	
24-04-22 11:36:18.351 - INFO: 
------------------------------Validation End------------------------------


24-04-22 12:30:13.516 - INFO: train/mse_loss: 0.6688594003991312	
24-04-22 12:30:13.517 - INFO: epoch: 24	
24-04-22 12:30:13.517 - INFO: iters: 834958	
24-04-22 12:30:13.517 - INFO: 


------------------------------Validation Start------------------------------
24-04-22 12:32:28.427 - INFO: val/mae: 0.8240751624107361	
24-04-22 12:32:28.427 - INFO: val/mse: 1.036585807800293	
24-04-22 12:32:28.427 - INFO: val/SSIM: 0.004319741472548851	
24-04-22 12:32:28.427 - INFO: val/PSNR: 6.041936696649617	
24-04-22 12:32:28.427 - INFO: 
------------------------------Validation End------------------------------


24-04-22 12:40:16.293 - INFO: train/mse_loss: 0.6691171468250335	
24-04-22 12:55:46.787 - INFO: train/mse_loss: 0.6690917699260914	
24-04-22 13:11:23.037 - INFO: train/mse_loss: 0.6690904151326932	
24-04-22 13:26:38.972 - INFO: train/mse_loss: 0.6690600801366793	
24-04-22 13:26:38.972 - INFO: epoch: 25	
24-04-22 13:26:38.972 - INFO: iters: 869748	
24-04-22 13:26:38.972 - INFO: Saving the self at the end of epoch 25
24-04-22 13:26:57.348 - INFO: 


------------------------------Validation Start------------------------------
24-04-22 13:29:14.888 - INFO: val/mae: 0.8262298107147217	
24-04-22 13:29:14.888 - INFO: val/mse: 1.0408291816711426	
24-04-22 13:29:14.888 - INFO: val/SSIM: 0.004240283943492856	
24-04-22 13:29:14.888 - INFO: val/PSNR: 6.0239329343710954	
24-04-22 13:29:14.888 - INFO: 
------------------------------Validation End------------------------------


24-04-22 14:23:50.411 - INFO: train/mse_loss: 0.6689322382619467	
24-04-22 14:23:50.419 - INFO: epoch: 26	
24-04-22 14:23:50.420 - INFO: iters: 904538	
24-04-22 14:23:50.420 - INFO: 


------------------------------Validation Start------------------------------
24-04-22 14:26:12.574 - INFO: val/mae: 0.8231709003448486	
24-04-22 14:26:12.574 - INFO: val/mse: 1.034024715423584	
24-04-22 14:26:12.575 - INFO: val/SSIM: 0.004318333509563982	
24-04-22 14:26:12.575 - INFO: val/PSNR: 6.052820965379638	
24-04-22 14:26:12.575 - INFO: 
------------------------------Validation End------------------------------


24-04-22 14:34:52.838 - INFO: train/mse_loss: 0.6689054923179822	
24-04-22 14:50:35.620 - INFO: train/mse_loss: 0.668860068527878	
24-04-22 15:06:11.503 - INFO: train/mse_loss: 0.6688805061630255	
24-04-22 15:20:56.991 - INFO: train/mse_loss: 0.6688468184322547	
24-04-22 15:20:56.992 - INFO: epoch: 27	
24-04-22 15:20:56.992 - INFO: iters: 939328	
24-04-22 15:20:56.992 - INFO: 


------------------------------Validation Start------------------------------
24-04-22 15:23:20.961 - INFO: val/mae: 0.8203291893005371	
24-04-22 15:23:20.962 - INFO: val/mse: 1.0290107727050781	
24-04-22 15:23:20.962 - INFO: val/SSIM: 0.004307449663620164	
24-04-22 15:23:20.962 - INFO: val/PSNR: 6.072340039780524	
24-04-22 15:23:20.962 - INFO: 
------------------------------Validation End------------------------------


24-04-22 16:18:50.660 - INFO: train/mse_loss: 0.6688231745026119	
24-04-22 16:18:50.661 - INFO: epoch: 28	
24-04-22 16:18:50.661 - INFO: iters: 974118	
24-04-22 16:18:50.661 - INFO: 


------------------------------Validation Start------------------------------
24-04-22 16:21:14.364 - INFO: val/mae: 0.8240467309951782	
24-04-22 16:21:14.365 - INFO: val/mse: 1.0367774963378906	
24-04-22 16:21:14.365 - INFO: val/SSIM: 0.00400074357144414	
24-04-22 16:21:14.365 - INFO: val/PSNR: 6.039969314356906	
24-04-22 16:21:14.365 - INFO: 
------------------------------Validation End------------------------------


24-04-22 16:30:45.573 - INFO: train/mse_loss: 0.6687597738642271	
24-04-22 16:46:39.242 - INFO: train/mse_loss: 0.6688169556841141	
24-04-22 17:02:31.018 - INFO: train/mse_loss: 0.6687947048470263	
24-04-22 17:17:04.822 - INFO: train/mse_loss: 0.6688020144425083	
24-04-22 17:17:04.822 - INFO: epoch: 29	
24-04-22 17:17:04.823 - INFO: iters: 1008908	
24-04-22 17:17:04.823 - INFO: 


------------------------------Validation Start------------------------------
24-04-22 17:19:27.953 - INFO: val/mae: 0.8264548778533936	
24-04-22 17:19:27.953 - INFO: val/mse: 1.0407809019088745	
24-04-22 17:19:27.953 - INFO: val/SSIM: 0.0038568419010651797	
24-04-22 17:19:27.953 - INFO: val/PSNR: 6.0296564852171795	
24-04-22 17:19:27.953 - INFO: 
------------------------------Validation End------------------------------


24-04-22 18:14:32.840 - INFO: train/mse_loss: 0.6688580536713501	
24-04-22 18:14:32.841 - INFO: epoch: 30	
24-04-22 18:14:32.841 - INFO: iters: 1043698	
24-04-22 18:14:32.841 - INFO: Saving the self at the end of epoch 30
24-04-22 18:15:04.842 - INFO: 


------------------------------Validation Start------------------------------
24-04-22 18:17:24.953 - INFO: val/mae: 0.8226790428161621	
24-04-22 18:17:24.953 - INFO: val/mse: 1.0336241722106934	
24-04-22 18:17:24.953 - INFO: val/SSIM: 0.004113474671420166	
24-04-22 18:17:24.953 - INFO: val/PSNR: 6.0621526264768	
24-04-22 18:17:24.953 - INFO: 
------------------------------Validation End------------------------------


24-04-22 18:27:24.147 - INFO: train/mse_loss: 0.668644204064021	
24-04-22 18:43:01.272 - INFO: train/mse_loss: 0.6688645426919855	
24-04-22 18:58:42.425 - INFO: train/mse_loss: 0.6688618838107178	
24-04-22 19:11:55.624 - INFO: train/mse_loss: 0.6688725949361761	
24-04-22 19:11:55.625 - INFO: epoch: 31	
24-04-22 19:11:55.625 - INFO: iters: 1078488	
24-04-22 19:11:55.625 - INFO: 


------------------------------Validation Start------------------------------
24-04-22 19:14:11.817 - INFO: val/mae: 0.8320192694664001	
24-04-22 19:14:11.818 - INFO: val/mse: 1.05158269405365	
24-04-22 19:14:11.818 - INFO: val/SSIM: 0.003841922318794843	
24-04-22 19:14:11.818 - INFO: val/PSNR: 5.98153599641645	
24-04-22 19:14:11.818 - INFO: 
------------------------------Validation End------------------------------


24-04-22 20:08:22.466 - INFO: train/mse_loss: 0.6688957699992485	
24-04-22 20:08:22.467 - INFO: epoch: 32	
24-04-22 20:08:22.467 - INFO: iters: 1113278	
24-04-22 20:08:22.467 - INFO: 


------------------------------Validation Start------------------------------
24-04-22 20:10:38.002 - INFO: val/mae: 0.8243963718414307	
24-04-22 20:10:38.003 - INFO: val/mse: 1.036909818649292	
24-04-22 20:10:38.003 - INFO: val/SSIM: 0.004187985999866627	
24-04-22 20:10:38.003 - INFO: val/PSNR: 6.040048574556902	
24-04-22 20:10:38.003 - INFO: 
------------------------------Validation End------------------------------


24-04-22 20:21:05.276 - INFO: train/mse_loss: 0.6688696896391255	
24-04-22 20:36:39.183 - INFO: train/mse_loss: 0.6688005564315468	
24-04-22 20:52:10.891 - INFO: train/mse_loss: 0.6687772624506921	
24-04-22 21:04:46.208 - INFO: train/mse_loss: 0.6687868954300045	
24-04-22 21:04:46.209 - INFO: epoch: 33	
24-04-22 21:04:46.209 - INFO: iters: 1148068	
24-04-22 21:04:46.209 - INFO: 


------------------------------Validation Start------------------------------
24-04-22 21:07:02.882 - INFO: val/mae: 0.8255658745765686	
24-04-22 21:07:02.883 - INFO: val/mse: 1.0383522510528564	
24-04-22 21:07:02.883 - INFO: val/SSIM: 0.0043537562258331095	
24-04-22 21:07:02.883 - INFO: val/PSNR: 6.0394798409829855	
24-04-22 21:07:02.883 - INFO: 
------------------------------Validation End------------------------------


24-04-22 22:01:09.101 - INFO: train/mse_loss: 0.668755360008506	
24-04-22 22:01:09.101 - INFO: epoch: 34	
24-04-22 22:01:09.102 - INFO: iters: 1182858	
24-04-22 22:01:09.102 - INFO: 


------------------------------Validation Start------------------------------
24-04-22 22:03:25.358 - INFO: val/mae: 0.8274127244949341	
24-04-22 22:03:25.358 - INFO: val/mse: 1.042420506477356	
24-04-22 22:03:25.358 - INFO: val/SSIM: 0.004518971096648134	
24-04-22 22:03:25.358 - INFO: val/PSNR: 6.026664586418199	
24-04-22 22:03:25.358 - INFO: 
------------------------------Validation End------------------------------


24-04-22 22:14:31.464 - INFO: train/mse_loss: 0.6686567826431339	
24-04-22 22:30:06.443 - INFO: train/mse_loss: 0.6688080669979509	
24-04-22 22:45:39.322 - INFO: train/mse_loss: 0.668699668616869	
24-04-22 22:57:41.816 - INFO: train/mse_loss: 0.6687390233053891	
24-04-22 22:57:41.817 - INFO: epoch: 35	
24-04-22 22:57:41.817 - INFO: iters: 1217648	
24-04-22 22:57:41.817 - INFO: Saving the self at the end of epoch 35
24-04-22 22:58:03.723 - INFO: 


------------------------------Validation Start------------------------------
24-04-22 23:00:18.922 - INFO: val/mae: 0.8287262916564941	
24-04-22 23:00:18.922 - INFO: val/mse: 1.0449011325836182	
24-04-22 23:00:18.922 - INFO: val/SSIM: 0.003986548833297511	
24-04-22 23:00:18.922 - INFO: val/PSNR: 6.005647439117693	
24-04-22 23:00:18.922 - INFO: 
------------------------------Validation End------------------------------


24-04-22 23:55:02.195 - INFO: train/mse_loss: 0.6688019548035962	
24-04-22 23:55:02.195 - INFO: epoch: 36	
24-04-22 23:55:02.195 - INFO: iters: 1252438	
24-04-22 23:55:02.195 - INFO: 


------------------------------Validation Start------------------------------
24-04-22 23:57:19.567 - INFO: val/mae: 0.8272771835327148	
24-04-22 23:57:19.567 - INFO: val/mse: 1.0436816215515137	
24-04-22 23:57:19.567 - INFO: val/SSIM: 0.004160178648294905	
24-04-22 23:57:19.567 - INFO: val/PSNR: 6.004668844562607	
24-04-22 23:57:19.568 - INFO: 
------------------------------Validation End------------------------------


24-04-23 00:09:07.597 - INFO: train/mse_loss: 0.6687824751964953	
24-04-23 00:24:44.924 - INFO: train/mse_loss: 0.6687587023596014	
24-04-23 00:40:27.536 - INFO: train/mse_loss: 0.6687063343120071	
24-04-23 00:51:54.938 - INFO: train/mse_loss: 0.6687017162873907	
24-04-23 00:51:54.939 - INFO: epoch: 37	
24-04-23 00:51:54.939 - INFO: iters: 1287228	
24-04-23 00:51:54.939 - INFO: 


------------------------------Validation Start------------------------------
24-04-23 00:54:16.783 - INFO: val/mae: 0.8259530067443848	
24-04-23 00:54:16.783 - INFO: val/mse: 1.0386087894439697	
24-04-23 00:54:16.783 - INFO: val/SSIM: 0.004803805308892967	
24-04-23 00:54:16.783 - INFO: val/PSNR: 6.035084587504649	
24-04-23 00:54:16.783 - INFO: 
------------------------------Validation End------------------------------


24-04-23 01:48:53.407 - INFO: train/mse_loss: 0.6687609153505549	
24-04-23 01:48:53.408 - INFO: epoch: 38	
24-04-23 01:48:53.408 - INFO: iters: 1322018	
24-04-23 01:48:53.408 - INFO: 


------------------------------Validation Start------------------------------
24-04-23 01:51:14.644 - INFO: val/mae: 0.8244803547859192	
24-04-23 01:51:14.644 - INFO: val/mse: 1.0358781814575195	
24-04-23 01:51:14.644 - INFO: val/SSIM: 0.004633448105749041	
24-04-23 01:51:14.644 - INFO: val/PSNR: 6.0442192766022655	
24-04-23 01:51:14.644 - INFO: 
------------------------------Validation End------------------------------


24-04-23 02:03:58.680 - INFO: train/mse_loss: 0.668849596015194	
24-04-23 02:19:46.842 - INFO: train/mse_loss: 0.6688255141786527	
24-04-23 02:36:01.612 - INFO: train/mse_loss: 0.6687853703505657	
24-04-23 02:47:25.233 - INFO: train/mse_loss: 0.6687709135242724	
24-04-23 02:47:25.234 - INFO: epoch: 39	
24-04-23 02:47:25.234 - INFO: iters: 1356808	
24-04-23 02:47:25.234 - INFO: 


------------------------------Validation Start------------------------------
24-04-23 02:49:55.169 - INFO: val/mae: 0.8218759298324585	
24-04-23 02:49:55.170 - INFO: val/mse: 1.0322141647338867	
24-04-23 02:49:55.170 - INFO: val/SSIM: 0.004049402927551857	
24-04-23 02:49:55.170 - INFO: val/PSNR: 6.057979208461333	
24-04-23 02:49:55.170 - INFO: 
------------------------------Validation End------------------------------


24-04-23 03:44:58.673 - INFO: train/mse_loss: 0.6686523478785315	
24-04-23 03:44:58.675 - INFO: epoch: 40	
24-04-23 03:44:58.675 - INFO: iters: 1391598	
24-04-23 03:44:58.675 - INFO: Saving the self at the end of epoch 40
24-04-23 03:45:17.336 - INFO: 


------------------------------Validation Start------------------------------
24-04-23 03:47:33.230 - INFO: val/mae: 0.8249657154083252	
24-04-23 03:47:33.230 - INFO: val/mse: 1.0384342670440674	
24-04-23 03:47:33.230 - INFO: val/SSIM: 0.004501572090744903	
24-04-23 03:47:33.231 - INFO: val/PSNR: 6.026053723507546	
24-04-23 03:47:33.231 - INFO: 
------------------------------Validation End------------------------------


24-04-23 04:00:39.538 - INFO: train/mse_loss: 0.6686748353640238	
24-04-23 04:16:29.576 - INFO: train/mse_loss: 0.668670034058716	
24-04-23 04:32:12.449 - INFO: train/mse_loss: 0.6686908546803703	
24-04-23 04:42:14.065 - INFO: train/mse_loss: 0.6687083583364983	
24-04-23 04:42:14.065 - INFO: epoch: 41	
24-04-23 04:42:14.065 - INFO: iters: 1426388	
24-04-23 04:42:14.066 - INFO: 


------------------------------Validation Start------------------------------
24-04-23 04:44:38.536 - INFO: val/mae: 0.8267675042152405	
24-04-23 04:44:38.537 - INFO: val/mse: 1.0422922372817993	
24-04-23 04:44:38.537 - INFO: val/SSIM: 0.004689293769936918	
24-04-23 04:44:38.537 - INFO: val/PSNR: 6.016517322198357	
24-04-23 04:44:38.537 - INFO: 
------------------------------Validation End------------------------------


24-04-23 05:40:23.288 - INFO: train/mse_loss: 0.6687378581466381	
24-04-23 05:40:23.288 - INFO: epoch: 42	
24-04-23 05:40:23.288 - INFO: iters: 1461178	
24-04-23 05:40:23.288 - INFO: 


------------------------------Validation Start------------------------------
24-04-23 05:42:41.346 - INFO: val/mae: 0.8262122869491577	
24-04-23 05:42:41.346 - INFO: val/mse: 1.04085373878479	
24-04-23 05:42:41.346 - INFO: val/SSIM: 0.004065983263032587	
24-04-23 05:42:41.347 - INFO: val/PSNR: 6.011973088904478	
24-04-23 05:42:41.347 - INFO: 
------------------------------Validation End------------------------------


24-04-23 05:56:23.970 - INFO: train/mse_loss: 0.6688148288770057	
24-04-23 06:11:59.269 - INFO: train/mse_loss: 0.6688153632642359	
24-04-23 06:27:51.307 - INFO: train/mse_loss: 0.6687362367622063	
24-04-23 06:37:09.804 - INFO: train/mse_loss: 0.668683824709699	
24-04-23 06:37:09.805 - INFO: epoch: 43	
24-04-23 06:37:09.805 - INFO: iters: 1495968	
24-04-23 06:37:09.805 - INFO: 


------------------------------Validation Start------------------------------
24-04-23 06:39:26.167 - INFO: val/mae: 0.8277549147605896	
24-04-23 06:39:26.167 - INFO: val/mse: 1.0436450242996216	
24-04-23 06:39:26.167 - INFO: val/SSIM: 0.004458120779940965	
24-04-23 06:39:26.168 - INFO: val/PSNR: 6.0135290513811634	
24-04-23 06:39:26.168 - INFO: 
------------------------------Validation End------------------------------


24-04-23 07:34:10.617 - INFO: train/mse_loss: 0.668775511141603	
24-04-23 07:34:10.624 - INFO: epoch: 44	
24-04-23 07:34:10.624 - INFO: iters: 1530758	
24-04-23 07:34:10.624 - INFO: 


------------------------------Validation Start------------------------------
24-04-23 07:36:25.776 - INFO: val/mae: 0.8241394758224487	
24-04-23 07:36:25.777 - INFO: val/mse: 1.0372464656829834	
24-04-23 07:36:25.777 - INFO: val/SSIM: 0.0045702015794952654	
24-04-23 07:36:25.777 - INFO: val/PSNR: 6.0340172787341935	
24-04-23 07:36:25.777 - INFO: 
------------------------------Validation End------------------------------


24-04-23 07:50:53.677 - INFO: train/mse_loss: 0.668537029378858	
24-04-23 08:06:27.192 - INFO: train/mse_loss: 0.6686641149734013	
24-04-23 08:22:04.768 - INFO: train/mse_loss: 0.6686513101842596	
24-04-23 08:30:42.260 - INFO: train/mse_loss: 0.6686413181202294	
24-04-23 08:30:42.261 - INFO: epoch: 45	
24-04-23 08:30:42.261 - INFO: iters: 1565548	
24-04-23 08:30:42.261 - INFO: Saving the self at the end of epoch 45
24-04-23 08:31:17.698 - INFO: 


------------------------------Validation Start------------------------------
24-04-23 08:33:32.654 - INFO: val/mae: 0.8281294107437134	
24-04-23 08:33:32.655 - INFO: val/mse: 1.0456080436706543	
24-04-23 08:33:32.655 - INFO: val/SSIM: 0.004125427108374568	
24-04-23 08:33:32.655 - INFO: val/PSNR: 5.995561423610311	
24-04-23 08:33:32.655 - INFO: 
------------------------------Validation End------------------------------


24-04-23 09:27:45.881 - INFO: train/mse_loss: 0.6688168487138169	
24-04-23 09:27:45.883 - INFO: epoch: 46	
24-04-23 09:27:45.883 - INFO: iters: 1600338	
24-04-23 09:27:45.883 - INFO: 


------------------------------Validation Start------------------------------
24-04-23 09:30:02.178 - INFO: val/mae: 0.82308030128479	
24-04-23 09:30:02.179 - INFO: val/mse: 1.0345027446746826	
24-04-23 09:30:02.179 - INFO: val/SSIM: 0.0042871651473548504	
24-04-23 09:30:02.179 - INFO: val/PSNR: 6.048317682200707	
24-04-23 09:30:02.179 - INFO: 
------------------------------Validation End------------------------------


24-04-23 09:45:03.531 - INFO: train/mse_loss: 0.6688483946318459	
24-04-23 10:00:35.433 - INFO: train/mse_loss: 0.6686762892823981	
24-04-23 10:16:25.814 - INFO: train/mse_loss: 0.6686019580989614	
24-04-23 10:24:41.022 - INFO: train/mse_loss: 0.6686005380094168	
24-04-23 10:24:41.066 - INFO: epoch: 47	
24-04-23 10:24:41.066 - INFO: iters: 1635128	
24-04-23 10:24:41.066 - INFO: 


------------------------------Validation Start------------------------------
24-04-23 10:27:07.667 - INFO: val/mae: 0.8260027766227722	
24-04-23 10:27:07.668 - INFO: val/mse: 1.0413639545440674	
24-04-23 10:27:07.668 - INFO: val/SSIM: 0.00482850369964633	
24-04-23 10:27:07.668 - INFO: val/PSNR: 6.01793125612432	
24-04-23 10:27:07.668 - INFO: 
------------------------------Validation End------------------------------


24-04-23 11:22:05.970 - INFO: train/mse_loss: 0.6685974780850072	
24-04-23 11:22:05.971 - INFO: epoch: 48	
24-04-23 11:22:05.971 - INFO: iters: 1669918	
24-04-23 11:22:05.971 - INFO: 


------------------------------Validation Start------------------------------
24-04-23 11:24:26.351 - INFO: val/mae: 0.8250493407249451	
24-04-23 11:24:26.351 - INFO: val/mse: 1.0395667552947998	
24-04-23 11:24:26.351 - INFO: val/SSIM: 0.004544017044158666	
24-04-23 11:24:26.351 - INFO: val/PSNR: 6.01126018493907	
24-04-23 11:24:26.351 - INFO: 
------------------------------Validation End------------------------------


24-04-23 11:24:33.983 - INFO: train/mse_loss: 0.6674300104379653	
24-04-23 11:40:24.606 - INFO: train/mse_loss: 0.6685018916688268	
24-04-23 11:56:01.316 - INFO: train/mse_loss: 0.6685693099441756	
24-04-23 12:11:34.603 - INFO: train/mse_loss: 0.6686412083024674	
24-04-23 12:18:53.909 - INFO: train/mse_loss: 0.6686458504719475	
24-04-23 12:18:53.909 - INFO: epoch: 49	
24-04-23 12:18:53.909 - INFO: iters: 1704708	
24-04-23 12:18:53.910 - INFO: 


------------------------------Validation Start------------------------------
24-04-23 12:21:11.052 - INFO: val/mae: 0.8211362361907959	
24-04-23 12:21:11.052 - INFO: val/mse: 1.0318489074707031	
24-04-23 12:21:11.052 - INFO: val/SSIM: 0.004471707387444146	
24-04-23 12:21:11.052 - INFO: val/PSNR: 6.043918154987736	
24-04-23 12:21:11.052 - INFO: 
------------------------------Validation End------------------------------


24-04-23 13:16:52.723 - INFO: train/mse_loss: 0.6687319745575544	
24-04-23 13:16:52.723 - INFO: epoch: 50	
24-04-23 13:16:52.724 - INFO: iters: 1739498	
24-04-23 13:16:52.724 - INFO: Saving the self at the end of epoch 50
24-04-23 13:17:20.951 - INFO: 


------------------------------Validation Start------------------------------
24-04-23 13:19:43.247 - INFO: val/mae: 0.8239832520484924	
24-04-23 13:19:43.248 - INFO: val/mse: 1.0364928245544434	
24-04-23 13:19:43.248 - INFO: val/SSIM: 0.004172408578708615	
24-04-23 13:19:43.248 - INFO: val/PSNR: 6.029129096709141	
24-04-23 13:19:43.248 - INFO: 
------------------------------Validation End------------------------------


24-04-23 13:20:31.703 - INFO: train/mse_loss: 0.6688068509101868	
24-04-23 13:36:35.677 - INFO: train/mse_loss: 0.6685832883062817	
24-04-23 13:52:32.062 - INFO: train/mse_loss: 0.668629693089462	
24-04-23 14:08:50.253 - INFO: train/mse_loss: 0.6686322902773247	
24-04-23 14:15:54.053 - INFO: train/mse_loss: 0.6686036820807538	
24-04-23 14:15:54.054 - INFO: epoch: 51	
24-04-23 14:15:54.054 - INFO: iters: 1774288	
24-04-23 14:15:54.054 - INFO: 


------------------------------Validation Start------------------------------
24-04-23 14:18:20.781 - INFO: val/mae: 0.8221017122268677	
24-04-23 14:18:20.781 - INFO: val/mse: 1.03290855884552	
24-04-23 14:18:20.781 - INFO: val/SSIM: 0.004767530744320934	
24-04-23 14:18:20.781 - INFO: val/PSNR: 6.0506382599496416	
24-04-23 14:18:20.781 - INFO: 
------------------------------Validation End------------------------------


24-04-23 15:14:25.860 - INFO: train/mse_loss: 0.6687569652149783	
24-04-23 15:14:25.861 - INFO: epoch: 52	
24-04-23 15:14:25.861 - INFO: iters: 1809078	
24-04-23 15:14:25.862 - INFO: 


------------------------------Validation Start------------------------------
24-04-23 15:16:48.914 - INFO: val/mae: 0.8224806785583496	
24-04-23 15:16:48.914 - INFO: val/mse: 1.0331239700317383	
24-04-23 15:16:48.914 - INFO: val/SSIM: 0.003915060334415162	
24-04-23 15:16:48.914 - INFO: val/PSNR: 6.046525491936018	
24-04-23 15:16:48.914 - INFO: 
------------------------------Validation End------------------------------


24-04-23 15:18:18.262 - INFO: train/mse_loss: 0.6685716276583464	
24-04-23 15:34:21.148 - INFO: train/mse_loss: 0.6687646440533928	
24-04-23 15:50:02.395 - INFO: train/mse_loss: 0.6686951412525505	
24-04-23 16:05:56.780 - INFO: train/mse_loss: 0.6686435181218625	
24-04-23 16:12:04.439 - INFO: train/mse_loss: 0.6686261125826433	
24-04-23 16:12:04.440 - INFO: epoch: 53	
24-04-23 16:12:04.440 - INFO: iters: 1843868	
24-04-23 16:12:04.440 - INFO: 


------------------------------Validation Start------------------------------
24-04-23 16:14:23.489 - INFO: val/mae: 0.8253077268600464	
24-04-23 16:14:23.489 - INFO: val/mse: 1.039564847946167	
24-04-23 16:14:23.489 - INFO: val/SSIM: 0.004176751372335679	
24-04-23 16:14:23.490 - INFO: val/PSNR: 6.021613461146589	
24-04-23 16:14:23.490 - INFO: 
------------------------------Validation End------------------------------


24-04-23 17:09:31.918 - INFO: train/mse_loss: 0.6685014377246715	
24-04-23 17:09:31.921 - INFO: epoch: 54	
24-04-23 17:09:31.921 - INFO: iters: 1878658	
24-04-23 17:09:31.921 - INFO: 


------------------------------Validation Start------------------------------
24-04-23 17:11:55.630 - INFO: val/mae: 0.8235797882080078	
24-04-23 17:11:55.630 - INFO: val/mse: 1.0364450216293335	
24-04-23 17:11:55.630 - INFO: val/SSIM: 0.004394461193238057	
24-04-23 17:11:55.630 - INFO: val/PSNR: 6.036874594477274	
24-04-23 17:11:55.630 - INFO: 
------------------------------Validation End------------------------------


24-04-23 17:14:08.135 - INFO: train/mse_loss: 0.6686205726950916	
24-04-23 17:30:01.007 - INFO: train/mse_loss: 0.6687354250349485	
24-04-23 17:45:54.975 - INFO: train/mse_loss: 0.6686587744487594	
24-04-23 18:01:52.153 - INFO: train/mse_loss: 0.6686845738947125	
24-04-23 18:07:16.410 - INFO: train/mse_loss: 0.6687027944139027	
24-04-23 18:07:16.411 - INFO: epoch: 55	
24-04-23 18:07:16.411 - INFO: iters: 1913448	
24-04-23 18:07:16.411 - INFO: Saving the self at the end of epoch 55
24-04-23 18:07:41.235 - INFO: 


------------------------------Validation Start------------------------------
24-04-23 18:10:00.946 - INFO: val/mae: 0.8184731006622314	
24-04-23 18:10:00.946 - INFO: val/mse: 1.0242180824279785	
24-04-23 18:10:00.946 - INFO: val/SSIM: 0.004577607698470703	
24-04-23 18:10:00.946 - INFO: val/PSNR: 6.0958178768178835	
24-04-23 18:10:00.946 - INFO: 
------------------------------Validation End------------------------------


24-04-23 19:05:14.887 - INFO: train/mse_loss: 0.6686560379385578	
24-04-23 19:05:14.888 - INFO: epoch: 56	
24-04-23 19:05:14.888 - INFO: iters: 1948238	
24-04-23 19:05:14.888 - INFO: 


------------------------------Validation Start------------------------------
24-04-23 19:07:36.085 - INFO: val/mae: 0.8253823518753052	
24-04-23 19:07:36.086 - INFO: val/mse: 1.039672613143921	
24-04-23 19:07:36.086 - INFO: val/SSIM: 0.004572943062889084	
24-04-23 19:07:36.086 - INFO: val/PSNR: 6.017248012314532	
24-04-23 19:07:36.086 - INFO: 
------------------------------Validation End------------------------------


24-04-23 19:10:25.702 - INFO: train/mse_loss: 0.6685354728590358	
24-04-23 19:26:13.175 - INFO: train/mse_loss: 0.6686222178189933	
24-04-23 19:42:00.672 - INFO: train/mse_loss: 0.6686190392931595	
24-04-23 19:57:58.886 - INFO: train/mse_loss: 0.6686187986237576	
24-04-23 20:02:44.119 - INFO: train/mse_loss: 0.66860609010292	
24-04-23 20:02:44.120 - INFO: epoch: 57	
24-04-23 20:02:44.120 - INFO: iters: 1983028	
24-04-23 20:02:44.120 - INFO: 


------------------------------Validation Start------------------------------
24-04-23 20:05:04.136 - INFO: val/mae: 0.8257818222045898	
24-04-23 20:05:04.137 - INFO: val/mse: 1.0401313304901123	
24-04-23 20:05:04.137 - INFO: val/SSIM: 0.004670190972855332	
24-04-23 20:05:04.137 - INFO: val/PSNR: 6.027031987395242	
24-04-23 20:05:04.137 - INFO: 
------------------------------Validation End------------------------------


24-04-23 21:00:19.072 - INFO: train/mse_loss: 0.6685703676692971	
24-04-23 21:00:19.072 - INFO: epoch: 58	
24-04-23 21:00:19.072 - INFO: iters: 2017818	
24-04-23 21:00:19.072 - INFO: 


------------------------------Validation Start------------------------------
24-04-23 21:02:40.141 - INFO: val/mae: 0.8192216157913208	
24-04-23 21:02:40.142 - INFO: val/mse: 1.0264700651168823	
24-04-23 21:02:40.142 - INFO: val/SSIM: 0.003919990734391238	
24-04-23 21:02:40.142 - INFO: val/PSNR: 6.076486602264348	
24-04-23 21:02:40.142 - INFO: 
------------------------------Validation End------------------------------


24-04-23 21:06:07.424 - INFO: train/mse_loss: 0.6688438445056251	
24-04-23 21:21:50.098 - INFO: train/mse_loss: 0.6688005590282246	
24-04-23 21:37:27.947 - INFO: train/mse_loss: 0.668645522011842	
24-04-23 21:53:01.394 - INFO: train/mse_loss: 0.6686235693095263	
24-04-23 21:57:04.308 - INFO: train/mse_loss: 0.6686187165077081	
24-04-23 21:57:04.308 - INFO: epoch: 59	
24-04-23 21:57:04.308 - INFO: iters: 2052608	
24-04-23 21:57:04.308 - INFO: 


------------------------------Validation Start------------------------------
24-04-23 21:59:19.863 - INFO: val/mae: 0.8197269439697266	
24-04-23 21:59:19.863 - INFO: val/mse: 1.0276037454605103	
24-04-23 21:59:19.863 - INFO: val/SSIM: 0.004560300444249533	
24-04-23 21:59:19.863 - INFO: val/PSNR: 6.071019918670305	
24-04-23 21:59:19.863 - INFO: 
------------------------------Validation End------------------------------


24-04-23 22:53:36.638 - INFO: train/mse_loss: 0.6685861981818357	
24-04-23 22:53:36.639 - INFO: epoch: 60	
24-04-23 22:53:36.639 - INFO: iters: 2087398	
24-04-23 22:53:36.639 - INFO: Saving the self at the end of epoch 60
24-04-23 22:53:58.398 - INFO: 


------------------------------Validation Start------------------------------
24-04-23 22:56:14.928 - INFO: val/mae: 0.8247439861297607	
24-04-23 22:56:14.929 - INFO: val/mse: 1.037288784980774	
24-04-23 22:56:14.929 - INFO: val/SSIM: 0.004282803981577785	
24-04-23 22:56:14.929 - INFO: val/PSNR: 6.038223204574772	
24-04-23 22:56:14.929 - INFO: 
------------------------------Validation End------------------------------


24-04-23 23:00:18.454 - INFO: train/mse_loss: 0.668648558488259	
24-04-23 23:16:00.655 - INFO: train/mse_loss: 0.6685628591832661	
24-04-23 23:31:44.448 - INFO: train/mse_loss: 0.6686227289870776	
24-04-23 23:47:18.539 - INFO: train/mse_loss: 0.6686147428363379	
24-04-23 23:50:43.741 - INFO: train/mse_loss: 0.6686030413428161	
24-04-23 23:50:43.742 - INFO: epoch: 61	
24-04-23 23:50:43.742 - INFO: iters: 2122188	
24-04-23 23:50:43.742 - INFO: 


------------------------------Validation Start------------------------------
24-04-23 23:53:01.178 - INFO: val/mae: 0.820952832698822	
24-04-23 23:53:01.179 - INFO: val/mse: 1.030402660369873	
24-04-23 23:53:01.179 - INFO: val/SSIM: 0.004581449664539188	
24-04-23 23:53:01.179 - INFO: val/PSNR: 6.058368000825887	
24-04-23 23:53:01.179 - INFO: 
------------------------------Validation End------------------------------


24-04-24 00:47:35.511 - INFO: train/mse_loss: 0.6686588406521684	
24-04-24 00:47:35.511 - INFO: epoch: 62	
24-04-24 00:47:35.511 - INFO: iters: 2156978	
24-04-24 00:47:35.511 - INFO: 


------------------------------Validation Start------------------------------
24-04-24 00:49:52.165 - INFO: val/mae: 0.8224974870681763	
24-04-24 00:49:52.166 - INFO: val/mse: 1.0321630239486694	
24-04-24 00:49:52.166 - INFO: val/SSIM: 0.004490108778159395	
24-04-24 00:49:52.166 - INFO: val/PSNR: 6.055284645921867	
24-04-24 00:49:52.166 - INFO: 
------------------------------Validation End------------------------------


24-04-24 00:54:39.942 - INFO: train/mse_loss: 0.6684315944349529	
24-04-24 01:10:46.886 - INFO: train/mse_loss: 0.6686761193011763	
24-04-24 01:26:39.470 - INFO: train/mse_loss: 0.6686817286120198	
24-04-24 01:42:17.127 - INFO: train/mse_loss: 0.6686883450132077	
24-04-24 01:45:06.950 - INFO: train/mse_loss: 0.6687167932332844	
24-04-24 01:45:06.950 - INFO: epoch: 63	
24-04-24 01:45:06.950 - INFO: iters: 2191768	
24-04-24 01:45:06.950 - INFO: 


------------------------------Validation Start------------------------------
24-04-24 01:47:33.223 - INFO: val/mae: 0.8211484551429749	
24-04-24 01:47:33.224 - INFO: val/mse: 1.0313899517059326	
24-04-24 01:47:33.224 - INFO: val/SSIM: 0.0047548271240330986	
24-04-24 01:47:33.224 - INFO: val/PSNR: 6.049479573701259	
24-04-24 01:47:33.224 - INFO: 
------------------------------Validation End------------------------------


24-04-24 02:42:31.578 - INFO: train/mse_loss: 0.6686648738731032	
24-04-24 02:42:31.579 - INFO: epoch: 64	
24-04-24 02:42:31.579 - INFO: iters: 2226558	
24-04-24 02:42:31.579 - INFO: 


------------------------------Validation Start------------------------------
24-04-24 02:44:55.845 - INFO: val/mae: 0.8169223070144653	
24-04-24 02:44:55.845 - INFO: val/mse: 1.0226268768310547	
24-04-24 02:44:55.845 - INFO: val/SSIM: 0.004720793967404277	
24-04-24 02:44:55.845 - INFO: val/PSNR: 6.093378147118191	
24-04-24 02:44:55.845 - INFO: 
------------------------------Validation End------------------------------


24-04-24 02:50:21.762 - INFO: train/mse_loss: 0.6686561637146529	
24-04-24 03:05:52.940 - INFO: train/mse_loss: 0.6686118485672133	
24-04-24 03:21:34.174 - INFO: train/mse_loss: 0.6686102268333728	
24-04-24 03:37:05.481 - INFO: train/mse_loss: 0.6685855387215409	
24-04-24 03:39:11.190 - INFO: train/mse_loss: 0.6685785411061316	
24-04-24 03:39:11.191 - INFO: epoch: 65	
24-04-24 03:39:11.191 - INFO: iters: 2261348	
24-04-24 03:39:11.191 - INFO: Saving the self at the end of epoch 65
24-04-24 03:39:36.140 - INFO: 


------------------------------Validation Start------------------------------
24-04-24 03:41:51.536 - INFO: val/mae: 0.8255828022956848	
24-04-24 03:41:51.537 - INFO: val/mse: 1.0403789281845093	
24-04-24 03:41:51.537 - INFO: val/SSIM: 0.004725889078684398	
24-04-24 03:41:51.537 - INFO: val/PSNR: 6.017223535725167	
24-04-24 03:41:51.537 - INFO: 
------------------------------Validation End------------------------------


24-04-24 04:36:00.376 - INFO: train/mse_loss: 0.6685080014317423	
24-04-24 04:36:00.377 - INFO: epoch: 66	
24-04-24 04:36:00.377 - INFO: iters: 2296138	
24-04-24 04:36:00.377 - INFO: 


------------------------------Validation Start------------------------------
24-04-24 04:38:18.105 - INFO: val/mae: 0.8251651525497437	
24-04-24 04:38:18.106 - INFO: val/mse: 1.0379005670547485	
24-04-24 04:38:18.106 - INFO: val/SSIM: 0.004316892214317749	
24-04-24 04:38:18.106 - INFO: val/PSNR: 6.037409554811504	
24-04-24 04:38:18.106 - INFO: 
------------------------------Validation End------------------------------


24-04-24 04:44:18.988 - INFO: train/mse_loss: 0.6685211139639424	
24-04-24 04:59:53.932 - INFO: train/mse_loss: 0.6686377513804305	
24-04-24 05:15:33.831 - INFO: train/mse_loss: 0.6686170813323866	
24-04-24 05:31:11.938 - INFO: train/mse_loss: 0.6686091559917633	
24-04-24 05:32:40.446 - INFO: train/mse_loss: 0.6686251076786247	
24-04-24 05:32:40.468 - INFO: epoch: 67	
24-04-24 05:32:40.468 - INFO: iters: 2330928	
24-04-24 05:32:40.468 - INFO: 


------------------------------Validation Start------------------------------
24-04-24 05:34:57.516 - INFO: val/mae: 0.8197925686836243	
24-04-24 05:34:57.517 - INFO: val/mse: 1.0289931297302246	
24-04-24 05:34:57.517 - INFO: val/SSIM: 0.004430277552666561	
24-04-24 05:34:57.517 - INFO: val/PSNR: 6.0574764310231854	
24-04-24 05:34:57.517 - INFO: 
------------------------------Validation End------------------------------


24-04-24 06:28:59.262 - INFO: train/mse_loss: 0.668565671512748	
24-04-24 06:28:59.263 - INFO: epoch: 68	
24-04-24 06:28:59.263 - INFO: iters: 2365718	
24-04-24 06:28:59.263 - INFO: 


------------------------------Validation Start------------------------------
24-04-24 06:31:14.549 - INFO: val/mae: 0.8267244100570679	
24-04-24 06:31:14.549 - INFO: val/mse: 1.0412538051605225	
24-04-24 06:31:14.549 - INFO: val/SSIM: 0.004109279960209615	
24-04-24 06:31:14.549 - INFO: val/PSNR: 6.010493883506374	
24-04-24 06:31:14.549 - INFO: 
------------------------------Validation End------------------------------


24-04-24 06:37:53.467 - INFO: train/mse_loss: 0.6687900637354807	
24-04-24 06:54:24.186 - INFO: train/mse_loss: 0.668536416622771	
24-04-24 07:09:53.121 - INFO: train/mse_loss: 0.6685952613243751	
24-04-24 07:25:22.733 - INFO: train/mse_loss: 0.6686091539879245	
24-04-24 07:26:11.187 - INFO: train/mse_loss: 0.6686012109723792	
24-04-24 07:26:11.187 - INFO: epoch: 69	
24-04-24 07:26:11.187 - INFO: iters: 2400508	
24-04-24 07:26:11.187 - INFO: 


------------------------------Validation Start------------------------------
24-04-24 07:28:27.025 - INFO: val/mae: 0.8302432298660278	
24-04-24 07:28:27.026 - INFO: val/mse: 1.0484399795532227	
24-04-24 07:28:27.026 - INFO: val/SSIM: 0.004094328273504142	
24-04-24 07:28:27.026 - INFO: val/PSNR: 5.980136975468193	
24-04-24 07:28:27.026 - INFO: 
------------------------------Validation End------------------------------


24-04-24 08:22:28.931 - INFO: train/mse_loss: 0.6686503855650543	
24-04-24 08:22:28.932 - INFO: epoch: 70	
24-04-24 08:22:28.932 - INFO: iters: 2435298	
24-04-24 08:22:28.932 - INFO: Saving the self at the end of epoch 70
24-04-24 08:22:47.935 - INFO: 


------------------------------Validation Start------------------------------
24-04-24 08:25:02.600 - INFO: val/mae: 0.8201926946640015	
24-04-24 08:25:02.600 - INFO: val/mse: 1.0278511047363281	
24-04-24 08:25:02.600 - INFO: val/SSIM: 0.004320161635024505	
24-04-24 08:25:02.600 - INFO: val/PSNR: 6.0671528498946055	
24-04-24 08:25:02.600 - INFO: 
------------------------------Validation End------------------------------


24-04-24 08:32:21.873 - INFO: train/mse_loss: 0.6682778872834875	
24-04-24 08:47:57.574 - INFO: train/mse_loss: 0.6684072493695888	
24-04-24 09:03:30.033 - INFO: train/mse_loss: 0.6685171250582707	
24-04-24 09:19:00.925 - INFO: train/mse_loss: 0.6685118317604065	
24-04-24 09:19:09.622 - INFO: train/mse_loss: 0.6685156395507432	
24-04-24 09:19:09.622 - INFO: epoch: 71	
24-04-24 09:19:09.622 - INFO: iters: 2470088	
24-04-24 09:19:09.622 - INFO: 


------------------------------Validation Start------------------------------
24-04-24 09:21:24.715 - INFO: val/mae: 0.8239054679870605	
24-04-24 09:21:24.716 - INFO: val/mse: 1.035338282585144	
24-04-24 09:21:24.716 - INFO: val/SSIM: 0.004068840440895332	
24-04-24 09:21:24.716 - INFO: val/PSNR: 6.0327551992490696	
24-04-24 09:21:24.716 - INFO: 
------------------------------Validation End------------------------------


