25-01-02 23:21:59.218 - WARNING: Warning: visualization (Tensorboard) is configured to use, but currently not installed on this machine. Please install TensorboardX with 'pip install tensorboardx', upgrade PyTorch to version >= 1.1 to use 'torch.utils.tensorboard' or turn off the option in the 'config.json' file.
25-01-02 23:21:59.218 - INFO: Create the log file in directory experiments/train_mr2ct_lr25e-5_nc1.

25-01-02 23:22:00.434 - INFO: Network [Network() form models.network] is created.
25-01-02 23:22:00.434 - INFO: Network [Network] weights initialize using [kaiming] method.
25-01-02 23:22:17.394 - INFO: Dataset [MR2CTDataset() form data.dataset] is created.
25-01-02 23:22:17.394 - INFO: Dataset for train have 35188 samples.
25-01-02 23:22:23.119 - INFO: Dataset [MR2CTDataset() form data.dataset] is created.
25-01-02 23:22:23.119 - INFO: Dataset for val have 9229 samples.
25-01-02 23:22:24.143 - INFO: Metric [mae() form models.metric] is created.
25-01-02 23:22:24.143 - INFO: Metric [mse() form models.metric] is created.
25-01-02 23:22:24.143 - INFO: Metric [SSIM() form models.metric] is created.
25-01-02 23:22:24.143 - INFO: Metric [PSNR() form models.metric] is created.
25-01-02 23:22:24.145 - INFO: Loss [mse_loss() form models.loss] is created.
25-01-02 23:22:31.546 - INFO: Model [Palette() form models.model] is created.
25-01-02 23:22:31.546 - INFO: Begin model train.
25-01-02 23:41:24.904 - INFO: train/mse_loss: 0.05572973598773528	
25-01-02 23:41:24.905 - INFO: epoch: 1	
25-01-02 23:41:24.905 - INFO: iters: 8796	
25-01-02 23:41:24.905 - INFO: 


------------------------------Validation Start------------------------------
25-01-02 23:56:01.743 - INFO: val/mae: 0.5307347178459167	
25-01-02 23:56:01.744 - INFO: val/mse: 0.3489494025707245	
25-01-02 23:56:01.744 - INFO: val/SSIM: 0.13265824924219943	
25-01-02 23:56:01.745 - INFO: val/PSNR: 14.124294769857055	
25-01-02 23:56:01.745 - INFO: val/VAL_MSE: 0.00782001856714487	
25-01-02 23:56:01.745 - INFO: 
------------------------------Validation End------------------------------


25-01-03 00:15:33.845 - INFO: train/mse_loss: 0.009382897075194706	
25-01-03 00:15:33.847 - INFO: epoch: 2	
25-01-03 00:15:33.847 - INFO: iters: 17602	
25-01-03 00:15:33.847 - INFO: 


------------------------------Validation Start------------------------------
25-01-03 00:30:08.401 - INFO: val/mae: 0.962397038936615	
25-01-03 00:30:08.403 - INFO: val/mse: 1.1079267263412476	
25-01-03 00:30:08.403 - INFO: val/SSIM: 0.035083705995311104	
25-01-03 00:30:08.403 - INFO: val/PSNR: 8.339899385066566	
25-01-03 00:30:08.403 - INFO: val/VAL_MSE: 0.004989213310182095	
25-01-03 00:30:08.403 - INFO: 
------------------------------Validation End------------------------------


25-01-03 00:35:53.913 - INFO: train/mse_loss: 0.007772524575636546	
25-01-03 00:49:37.761 - INFO: train/mse_loss: 0.007223120088634077	
25-01-03 00:49:37.762 - INFO: epoch: 3	
25-01-03 00:49:37.762 - INFO: iters: 26408	
25-01-03 00:49:37.762 - INFO: 


------------------------------Validation Start------------------------------
25-01-03 01:04:11.689 - INFO: val/mae: 0.44346195459365845	
25-01-03 01:04:11.691 - INFO: val/mse: 0.26198288798332214	
25-01-03 01:04:11.691 - INFO: val/SSIM: 0.13699889472432533	
25-01-03 01:04:11.691 - INFO: val/PSNR: 13.716745426329874	
25-01-03 01:04:11.691 - INFO: val/VAL_MSE: 0.004609568510204554	
25-01-03 01:04:11.691 - INFO: 
------------------------------Validation End------------------------------


25-01-03 01:23:41.306 - INFO: train/mse_loss: 0.005930644921177209	
25-01-03 01:23:41.307 - INFO: epoch: 4	
25-01-03 01:23:41.307 - INFO: iters: 35214	
25-01-03 01:23:41.308 - INFO: 


------------------------------Validation Start------------------------------
25-01-03 01:38:12.939 - INFO: val/mae: 0.30800673365592957	
25-01-03 01:38:12.940 - INFO: val/mse: 0.2242133617401123	
25-01-03 01:38:12.940 - INFO: val/SSIM: 0.35050819615344475	
25-01-03 01:38:12.941 - INFO: val/PSNR: 16.880044931531053	
25-01-03 01:38:12.941 - INFO: val/VAL_MSE: 0.00435981247574091	
25-01-03 01:38:12.941 - INFO: 
------------------------------Validation End------------------------------


25-01-03 01:49:06.403 - INFO: train/mse_loss: 0.005049222654566891	
25-01-03 01:57:43.628 - INFO: train/mse_loss: 0.004997836291419322	
25-01-03 01:57:43.629 - INFO: epoch: 5	
25-01-03 01:57:43.629 - INFO: iters: 44020	
25-01-03 01:57:43.629 - INFO: Saving the self at the end of epoch 5
25-01-03 01:57:48.561 - INFO: 


------------------------------Validation Start------------------------------
25-01-03 02:12:22.244 - INFO: val/mae: 0.3185504376888275	
25-01-03 02:12:22.244 - INFO: val/mse: 0.14629492163658142	
25-01-03 02:12:22.244 - INFO: val/SSIM: 0.19159004683029365	
25-01-03 02:12:22.244 - INFO: val/PSNR: 17.707221016305652	
25-01-03 02:12:22.244 - INFO: val/VAL_MSE: 0.007177208550274372	
25-01-03 02:12:22.244 - INFO: 
------------------------------Validation End------------------------------


25-01-03 02:31:46.247 - INFO: train/mse_loss: 0.005174810227406425	
25-01-03 02:31:46.248 - INFO: epoch: 6	
25-01-03 02:31:46.248 - INFO: iters: 52826	
25-01-03 02:31:46.248 - INFO: 


------------------------------Validation Start------------------------------
25-01-03 02:46:17.336 - INFO: val/mae: 1.3275785446166992	
25-01-03 02:46:17.338 - INFO: val/mse: 1.9665077924728394	
25-01-03 02:46:17.338 - INFO: val/SSIM: 0.015745260353360692	
25-01-03 02:46:17.338 - INFO: val/PSNR: 5.060598471535834	
25-01-03 02:46:17.338 - INFO: val/VAL_MSE: 0.0028914029244333506	
25-01-03 02:46:17.338 - INFO: 
------------------------------Validation End------------------------------


25-01-03 03:02:14.444 - INFO: train/mse_loss: 0.012506210830981796	
25-01-03 03:05:44.886 - INFO: train/mse_loss: 0.011271930807110496	
25-01-03 03:05:44.887 - INFO: epoch: 7	
25-01-03 03:05:44.887 - INFO: iters: 61632	
25-01-03 03:05:44.887 - INFO: 


------------------------------Validation Start------------------------------
25-01-03 03:20:14.791 - INFO: val/mae: 0.9215949177742004	
25-01-03 03:20:14.793 - INFO: val/mse: 1.0545626878738403	
25-01-03 03:20:14.793 - INFO: val/SSIM: 0.032266201311129096	
25-01-03 03:20:14.793 - INFO: val/PSNR: 7.984879554141395	
25-01-03 03:20:14.793 - INFO: val/VAL_MSE: 0.007909471169114113	
25-01-03 03:20:14.793 - INFO: 
------------------------------Validation End------------------------------


25-01-03 03:39:41.089 - INFO: train/mse_loss: 0.0048815664562923775	
25-01-03 03:39:41.090 - INFO: epoch: 8	
25-01-03 03:39:41.090 - INFO: iters: 70438	
25-01-03 03:39:41.090 - INFO: 


------------------------------Validation Start------------------------------
25-01-03 03:54:11.892 - INFO: val/mae: 0.3368884027004242	
25-01-03 03:54:11.894 - INFO: val/mse: 0.32471784949302673	
25-01-03 03:54:11.894 - INFO: val/SSIM: 0.40297655392566456	
25-01-03 03:54:11.894 - INFO: val/PSNR: 17.452774875667938	
25-01-03 03:54:11.894 - INFO: val/VAL_MSE: 0.004359351471066475	
25-01-03 03:54:11.894 - INFO: 
------------------------------Validation End------------------------------


25-01-03 04:13:35.807 - INFO: train/mse_loss: 0.00450598437992428	
25-01-03 04:13:35.808 - INFO: epoch: 9	
25-01-03 04:13:35.808 - INFO: iters: 79244	
25-01-03 04:13:35.808 - INFO: 


------------------------------Validation Start------------------------------
25-01-03 04:28:05.741 - INFO: val/mae: 1.1797384023666382	
25-01-03 04:28:05.743 - INFO: val/mse: 1.6422945261001587	
25-01-03 04:28:05.743 - INFO: val/SSIM: 0.02107987524647766	
25-01-03 04:28:05.743 - INFO: val/PSNR: 6.067995439368888	
25-01-03 04:28:05.743 - INFO: val/VAL_MSE: 0.003814434166997671	
25-01-03 04:28:05.743 - INFO: 
------------------------------Validation End------------------------------


25-01-03 04:47:32.127 - INFO: train/mse_loss: 0.004759433257809834	
25-01-03 04:47:32.129 - INFO: epoch: 10	
25-01-03 04:47:32.130 - INFO: iters: 88050	
25-01-03 04:47:32.130 - INFO: Saving the self at the end of epoch 10
25-01-03 04:47:37.331 - INFO: 


------------------------------Validation Start------------------------------
25-01-03 05:02:10.081 - INFO: val/mae: 0.8328260779380798	
25-01-03 05:02:10.083 - INFO: val/mse: 0.9077194333076477	
25-01-03 05:02:10.083 - INFO: val/SSIM: 0.0558843006396015	
25-01-03 05:02:10.083 - INFO: val/PSNR: 9.381735456736184	
25-01-03 05:02:10.083 - INFO: val/VAL_MSE: 0.0031866806093603373	
25-01-03 05:02:10.083 - INFO: 
------------------------------Validation End------------------------------


25-01-03 05:06:49.534 - INFO: train/mse_loss: 0.005171153265664825	
25-01-03 05:21:29.357 - INFO: train/mse_loss: 0.004327516249721305	
25-01-03 05:21:29.364 - INFO: epoch: 11	
25-01-03 05:21:29.364 - INFO: iters: 96856	
25-01-03 05:21:29.365 - INFO: 


------------------------------Validation Start------------------------------
25-01-03 05:35:59.972 - INFO: val/mae: 0.2180582582950592	
25-01-03 05:35:59.974 - INFO: val/mse: 0.23289863765239716	
25-01-03 05:35:59.974 - INFO: val/SSIM: 0.5488828025869996	
25-01-03 05:35:59.974 - INFO: val/PSNR: 20.649060314389043	
25-01-03 05:35:59.974 - INFO: val/VAL_MSE: 0.0034242288675159216	
25-01-03 05:35:59.974 - INFO: 
------------------------------Validation End------------------------------


25-01-03 05:55:26.874 - INFO: train/mse_loss: 0.004096784377965073	
25-01-03 05:55:26.875 - INFO: epoch: 12	
25-01-03 05:55:26.875 - INFO: iters: 105662	
25-01-03 05:55:26.875 - INFO: 


------------------------------Validation Start------------------------------
25-01-03 06:09:57.236 - INFO: val/mae: 0.26601389050483704	
25-01-03 06:09:57.238 - INFO: val/mse: 0.19436083734035492	
25-01-03 06:09:57.238 - INFO: val/SSIM: 0.4189201234507987	
25-01-03 06:09:57.238 - INFO: val/PSNR: 18.9456758011174	
25-01-03 06:09:57.238 - INFO: val/VAL_MSE: 0.003214410739019513	
25-01-03 06:09:57.238 - INFO: 
------------------------------Validation End------------------------------


25-01-03 06:19:53.713 - INFO: train/mse_loss: 0.004276190908095182	
25-01-03 06:29:28.236 - INFO: train/mse_loss: 0.004038554928288276	
25-01-03 06:29:28.237 - INFO: epoch: 13	
25-01-03 06:29:28.237 - INFO: iters: 114468	
25-01-03 06:29:28.237 - INFO: 


------------------------------Validation Start------------------------------
25-01-03 06:43:56.096 - INFO: val/mae: 0.1882491558790207	
25-01-03 06:43:56.098 - INFO: val/mse: 0.1647467464208603	
25-01-03 06:43:56.098 - INFO: val/SSIM: 0.6230732632315962	
25-01-03 06:43:56.098 - INFO: val/PSNR: 20.361332322861056	
25-01-03 06:43:56.098 - INFO: val/VAL_MSE: 0.004116686061024666	
25-01-03 06:43:56.098 - INFO: 
------------------------------Validation End------------------------------


25-01-03 07:03:26.054 - INFO: train/mse_loss: 0.004087246694663906	
25-01-03 07:03:26.056 - INFO: epoch: 14	
25-01-03 07:03:26.056 - INFO: iters: 123274	
25-01-03 07:03:26.056 - INFO: 


------------------------------Validation Start------------------------------
25-01-03 07:17:56.173 - INFO: val/mae: 0.3563438355922699	
25-01-03 07:17:56.174 - INFO: val/mse: 0.24329271912574768	
25-01-03 07:17:56.174 - INFO: val/SSIM: 0.2691497767739893	
25-01-03 07:17:56.174 - INFO: val/PSNR: 16.033579712512687	
25-01-03 07:17:56.174 - INFO: val/VAL_MSE: 0.00294636026956141	
25-01-03 07:17:56.174 - INFO: 
------------------------------Validation End------------------------------


25-01-03 07:32:58.162 - INFO: train/mse_loss: 0.0037178743419935233	
25-01-03 07:37:25.802 - INFO: train/mse_loss: 0.003792671388888769	
25-01-03 07:37:25.803 - INFO: epoch: 15	
25-01-03 07:37:25.803 - INFO: iters: 132080	
25-01-03 07:37:25.803 - INFO: Saving the self at the end of epoch 15
25-01-03 07:37:31.047 - INFO: 


------------------------------Validation Start------------------------------
25-01-03 07:52:04.467 - INFO: val/mae: 0.28612759709358215	
25-01-03 07:52:04.469 - INFO: val/mse: 0.11911821365356445	
25-01-03 07:52:04.469 - INFO: val/SSIM: 0.27642785654526886	
25-01-03 07:52:04.469 - INFO: val/PSNR: 18.298321591386063	
25-01-03 07:52:04.469 - INFO: val/VAL_MSE: 0.0036399236414581537	
25-01-03 07:52:04.469 - INFO: 
------------------------------Validation End------------------------------


25-01-03 08:11:24.859 - INFO: train/mse_loss: 0.003666303501302139	
25-01-03 08:11:24.860 - INFO: epoch: 16	
25-01-03 08:11:24.860 - INFO: iters: 140886	
25-01-03 08:11:24.860 - INFO: 


------------------------------Validation Start------------------------------
25-01-03 08:25:56.195 - INFO: val/mae: 0.03334866091609001	
25-01-03 08:25:56.197 - INFO: val/mse: 0.009230348281562328	
25-01-03 08:25:56.197 - INFO: val/SSIM: 0.8185379742975136	
25-01-03 08:25:56.197 - INFO: val/PSNR: 25.110891655043766	
25-01-03 08:25:56.197 - INFO: val/VAL_MSE: 0.0037398275453597307	
25-01-03 08:25:56.197 - INFO: 
------------------------------Validation End------------------------------


25-01-03 08:45:20.784 - INFO: train/mse_loss: 0.0037881504089845555	
25-01-03 08:45:20.786 - INFO: epoch: 17	
25-01-03 08:45:20.786 - INFO: iters: 149692	
25-01-03 08:45:20.786 - INFO: 


------------------------------Validation Start------------------------------
25-01-03 08:59:51.589 - INFO: val/mae: 0.3541925549507141	
25-01-03 08:59:51.590 - INFO: val/mse: 0.33133432269096375	
25-01-03 08:59:51.590 - INFO: val/SSIM: 0.3688993755966208	
25-01-03 08:59:51.590 - INFO: val/PSNR: 17.99241385889178	
25-01-03 08:59:51.590 - INFO: val/VAL_MSE: 0.0032290532253682613	
25-01-03 08:59:51.590 - INFO: 
------------------------------Validation End------------------------------


25-01-03 09:19:19.858 - INFO: train/mse_loss: 0.0034516712280585416	
25-01-03 09:19:19.859 - INFO: epoch: 18	
25-01-03 09:19:19.859 - INFO: iters: 158498	
25-01-03 09:19:19.859 - INFO: 


------------------------------Validation Start------------------------------
25-01-03 09:33:52.430 - INFO: val/mae: 0.3253950774669647	
25-01-03 09:33:52.432 - INFO: val/mse: 0.2523055374622345	
25-01-03 09:33:52.432 - INFO: val/SSIM: 0.3655619753109918	
25-01-03 09:33:52.432 - INFO: val/PSNR: 17.199613321584344	
25-01-03 09:33:52.432 - INFO: val/VAL_MSE: 0.004248486831784248	
25-01-03 09:33:52.432 - INFO: 
------------------------------Validation End------------------------------


25-01-03 09:37:40.902 - INFO: train/mse_loss: 0.0027814591127908453	
25-01-03 09:53:18.658 - INFO: train/mse_loss: 0.0033870274543971665	
25-01-03 09:53:18.659 - INFO: epoch: 19	
25-01-03 09:53:18.659 - INFO: iters: 167304	
25-01-03 09:53:18.659 - INFO: 


------------------------------Validation Start------------------------------
25-01-03 10:07:48.231 - INFO: val/mae: 0.3962858319282532	
25-01-03 10:07:48.232 - INFO: val/mse: 0.3691585063934326	
25-01-03 10:07:48.232 - INFO: val/SSIM: 0.3185293197672885	
25-01-03 10:07:48.233 - INFO: val/PSNR: 17.083551277295328	
25-01-03 10:07:48.233 - INFO: val/VAL_MSE: 0.0034187135752290487	
25-01-03 10:07:48.233 - INFO: 
------------------------------Validation End------------------------------


25-01-03 10:27:15.915 - INFO: train/mse_loss: 0.0037441997234967115	
25-01-03 10:27:15.917 - INFO: epoch: 20	
25-01-03 10:27:15.917 - INFO: iters: 176110	
25-01-03 10:27:15.917 - INFO: Saving the self at the end of epoch 20
25-01-03 10:27:21.033 - INFO: 


------------------------------Validation Start------------------------------
25-01-03 10:41:53.850 - INFO: val/mae: 0.3327707052230835	
25-01-03 10:41:53.852 - INFO: val/mse: 0.3063843548297882	
25-01-03 10:41:53.852 - INFO: val/SSIM: 0.3382621184506733	
25-01-03 10:41:53.852 - INFO: val/PSNR: 17.011316590883535	
25-01-03 10:41:53.852 - INFO: val/VAL_MSE: 0.0028652437031269073	
25-01-03 10:41:53.852 - INFO: 
------------------------------Validation End------------------------------


25-01-03 10:50:43.135 - INFO: train/mse_loss: 0.003873838974690556	
25-01-03 11:01:13.970 - INFO: train/mse_loss: 0.003480430942377848	
25-01-03 11:01:13.971 - INFO: epoch: 21	
25-01-03 11:01:13.971 - INFO: iters: 184916	
25-01-03 11:01:13.971 - INFO: 


------------------------------Validation Start------------------------------
25-01-03 11:15:44.293 - INFO: val/mae: 0.18079522252082825	
25-01-03 11:15:44.294 - INFO: val/mse: 0.09353843331336975	
25-01-03 11:15:44.294 - INFO: val/SSIM: 0.47237496619068253	
25-01-03 11:15:44.294 - INFO: val/PSNR: 20.228233991902925	
25-01-03 11:15:44.294 - INFO: val/VAL_MSE: 0.003380894660949707	
25-01-03 11:15:44.294 - INFO: 
------------------------------Validation End------------------------------


25-01-03 11:35:11.473 - INFO: train/mse_loss: 0.003268340090420739	
25-01-03 11:35:11.475 - INFO: epoch: 22	
25-01-03 11:35:11.475 - INFO: iters: 193722	
25-01-03 11:35:11.475 - INFO: 


------------------------------Validation Start------------------------------
25-01-03 11:49:42.993 - INFO: val/mae: 0.6213068962097168	
25-01-03 11:49:42.995 - INFO: val/mse: 0.6512228846549988	
25-01-03 11:49:42.995 - INFO: val/SSIM: 0.20619775426086076	
25-01-03 11:49:42.995 - INFO: val/PSNR: 12.646733131003495	
25-01-03 11:49:42.995 - INFO: val/VAL_MSE: 0.0033057495020329952	
25-01-03 11:49:42.995 - INFO: 
------------------------------Validation End------------------------------


25-01-03 12:03:45.958 - INFO: train/mse_loss: 0.0033662762665410077	
25-01-03 12:09:11.763 - INFO: train/mse_loss: 0.0032771969244760565	
25-01-03 12:09:11.764 - INFO: epoch: 23	
25-01-03 12:09:11.764 - INFO: iters: 202528	
25-01-03 12:09:11.764 - INFO: 


------------------------------Validation Start------------------------------
25-01-03 12:23:41.554 - INFO: val/mae: 0.972324550151825	
25-01-03 12:23:41.556 - INFO: val/mse: 1.335386037826538	
25-01-03 12:23:41.556 - INFO: val/SSIM: 0.11355771008030997	
25-01-03 12:23:41.556 - INFO: val/PSNR: 9.615044008389592	
25-01-03 12:23:41.556 - INFO: val/VAL_MSE: 0.0022183693945407867	
25-01-03 12:23:41.556 - INFO: 
------------------------------Validation End------------------------------


25-01-03 12:43:08.563 - INFO: train/mse_loss: 0.003205380062037566	
25-01-03 12:43:08.565 - INFO: epoch: 24	
25-01-03 12:43:08.565 - INFO: iters: 211334	
25-01-03 12:43:08.565 - INFO: 


------------------------------Validation Start------------------------------
25-01-03 12:57:36.959 - INFO: val/mae: 0.8456637263298035	
25-01-03 12:57:36.961 - INFO: val/mse: 1.019979476928711	
25-01-03 12:57:36.961 - INFO: val/SSIM: 0.12579833023286127	
25-01-03 12:57:36.961 - INFO: val/PSNR: 11.127375782820716	
25-01-03 12:57:36.961 - INFO: val/VAL_MSE: 0.0027363363187760115	
25-01-03 12:57:36.961 - INFO: 
------------------------------Validation End------------------------------


25-01-03 13:16:46.854 - INFO: train/mse_loss: 0.003287199898934344	
25-01-03 13:17:05.508 - INFO: train/mse_loss: 0.0033265529407414006	
25-01-03 13:17:05.509 - INFO: epoch: 25	
25-01-03 13:17:05.509 - INFO: iters: 220140	
25-01-03 13:17:05.509 - INFO: Saving the self at the end of epoch 25
25-01-03 13:17:10.709 - INFO: 


------------------------------Validation Start------------------------------
25-01-03 13:31:40.265 - INFO: val/mae: 1.1500967741012573	
25-01-03 13:31:40.267 - INFO: val/mse: 1.5723212957382202	
25-01-03 13:31:40.267 - INFO: val/SSIM: 0.04861974271165101	
25-01-03 13:31:40.267 - INFO: val/PSNR: 7.393672025505678	
25-01-03 13:31:40.267 - INFO: val/VAL_MSE: 0.00343329063616693	
25-01-03 13:31:40.267 - INFO: 
------------------------------Validation End------------------------------


25-01-03 13:51:04.263 - INFO: train/mse_loss: 0.0032201640275242543	
25-01-03 13:51:04.264 - INFO: epoch: 26	
25-01-03 13:51:04.264 - INFO: iters: 228946	
25-01-03 13:51:04.264 - INFO: 


------------------------------Validation Start------------------------------
25-01-03 14:05:36.128 - INFO: val/mae: 1.4236449003219604	
25-01-03 14:05:36.130 - INFO: val/mse: 2.214524507522583	
25-01-03 14:05:36.130 - INFO: val/SSIM: 0.012928260367365548	
25-01-03 14:05:36.130 - INFO: val/PSNR: 4.325743395415349	
25-01-03 14:05:36.130 - INFO: val/VAL_MSE: 0.0033700070343911648	
25-01-03 14:05:36.130 - INFO: 
------------------------------Validation End------------------------------


25-01-03 14:08:28.838 - INFO: train/mse_loss: 0.0038605393794945296	
25-01-03 14:25:02.749 - INFO: train/mse_loss: 0.0032537849462471228	
25-01-03 14:25:02.750 - INFO: epoch: 27	
25-01-03 14:25:02.750 - INFO: iters: 237752	
25-01-03 14:25:02.750 - INFO: 


------------------------------Validation Start------------------------------
25-01-03 14:39:32.940 - INFO: val/mae: 0.7446943521499634	
25-01-03 14:39:32.942 - INFO: val/mse: 0.9126380085945129	
25-01-03 14:39:32.942 - INFO: val/SSIM: 0.18533274755864076	
25-01-03 14:39:32.942 - INFO: val/PSNR: 12.498335847940204	
25-01-03 14:39:32.942 - INFO: val/VAL_MSE: 0.003037626389414072	
25-01-03 14:39:32.942 - INFO: 
------------------------------Validation End------------------------------


25-01-03 14:58:58.422 - INFO: train/mse_loss: 0.0034909172296670983	
25-01-03 14:58:58.423 - INFO: epoch: 28	
25-01-03 14:58:58.423 - INFO: iters: 246558	
25-01-03 14:58:58.423 - INFO: 


------------------------------Validation Start------------------------------
25-01-03 15:13:28.381 - INFO: val/mae: 0.40450626611709595	
25-01-03 15:13:28.383 - INFO: val/mse: 0.37104931473731995	
25-01-03 15:13:28.383 - INFO: val/SSIM: 0.4093688225271469	
25-01-03 15:13:28.383 - INFO: val/PSNR: 16.932781164831358	
25-01-03 15:13:28.383 - INFO: val/VAL_MSE: 0.0027525986079126596	
25-01-03 15:13:28.383 - INFO: 
------------------------------Validation End------------------------------


25-01-03 15:21:27.925 - INFO: train/mse_loss: 0.0032111383288814348	
25-01-03 15:32:56.358 - INFO: train/mse_loss: 0.0032356746566441046	
25-01-03 15:32:56.359 - INFO: epoch: 29	
25-01-03 15:32:56.359 - INFO: iters: 255364	
25-01-03 15:32:56.359 - INFO: 


------------------------------Validation Start------------------------------
25-01-03 15:47:29.359 - INFO: val/mae: 0.5033414959907532	
25-01-03 15:47:29.361 - INFO: val/mse: 0.5436393618583679	
25-01-03 15:47:29.361 - INFO: val/SSIM: 0.3421883180361779	
25-01-03 15:47:29.361 - INFO: val/PSNR: 16.1442553306646	
25-01-03 15:47:29.361 - INFO: val/VAL_MSE: 0.006014668382704258	
25-01-03 15:47:29.361 - INFO: 
------------------------------Validation End------------------------------


25-01-03 16:06:54.300 - INFO: train/mse_loss: 0.003296634525792895	
25-01-03 16:06:54.304 - INFO: epoch: 30	
25-01-03 16:06:54.304 - INFO: iters: 264170	
25-01-03 16:06:54.304 - INFO: Saving the self at the end of epoch 30
25-01-03 16:06:59.833 - INFO: 


------------------------------Validation Start------------------------------
25-01-03 16:21:30.372 - INFO: val/mae: 1.1611857414245605	
25-01-03 16:21:30.374 - INFO: val/mse: 1.6215181350708008	
25-01-03 16:21:30.374 - INFO: val/SSIM: 0.04694844541049127	
25-01-03 16:21:30.374 - INFO: val/PSNR: 7.573709746086865	
25-01-03 16:21:30.374 - INFO: val/VAL_MSE: 0.0027978739235550165	
25-01-03 16:21:30.374 - INFO: 
------------------------------Validation End------------------------------


25-01-03 16:34:31.268 - INFO: train/mse_loss: 0.0029720531560043935	
25-01-03 16:40:54.192 - INFO: train/mse_loss: 0.0030075898103264637	
25-01-03 16:40:54.193 - INFO: epoch: 31	
25-01-03 16:40:54.193 - INFO: iters: 272976	
25-01-03 16:40:54.193 - INFO: 


------------------------------Validation Start------------------------------
25-01-03 16:55:22.915 - INFO: val/mae: 1.4644840955734253	
25-01-03 16:55:22.916 - INFO: val/mse: 2.326444387435913	
25-01-03 16:55:22.917 - INFO: val/SSIM: 0.011799045464637474	
25-01-03 16:55:22.917 - INFO: val/PSNR: 4.314484873725731	
25-01-03 16:55:22.917 - INFO: val/VAL_MSE: 0.002249536570161581	
25-01-03 16:55:22.917 - INFO: 
------------------------------Validation End------------------------------


25-01-03 17:14:52.335 - INFO: train/mse_loss: 0.003197207047018229	
25-01-03 17:14:52.340 - INFO: epoch: 32	
25-01-03 17:14:52.340 - INFO: iters: 281782	
25-01-03 17:14:52.340 - INFO: 


------------------------------Validation Start------------------------------
25-01-03 17:29:25.172 - INFO: val/mae: 1.3905750513076782	
25-01-03 17:29:25.174 - INFO: val/mse: 2.1385152339935303	
25-01-03 17:29:25.174 - INFO: val/SSIM: 0.013872338991855632	
25-01-03 17:29:25.174 - INFO: val/PSNR: 4.7309929443282766	
25-01-03 17:29:25.174 - INFO: val/VAL_MSE: 0.004053122363984585	
25-01-03 17:29:25.174 - INFO: 
------------------------------Validation End------------------------------


25-01-03 17:47:34.992 - INFO: train/mse_loss: 0.003061431256235161	
25-01-03 17:48:51.315 - INFO: train/mse_loss: 0.003045404750146219	
25-01-03 17:48:51.316 - INFO: epoch: 33	
25-01-03 17:48:51.316 - INFO: iters: 290588	
25-01-03 17:48:51.316 - INFO: 


------------------------------Validation Start------------------------------
25-01-03 18:03:25.702 - INFO: val/mae: 0.48098936676979065	
25-01-03 18:03:25.704 - INFO: val/mse: 0.4381771981716156	
25-01-03 18:03:25.704 - INFO: val/SSIM: 0.2998955045603281	
25-01-03 18:03:25.704 - INFO: val/PSNR: 17.084490319004882	
25-01-03 18:03:25.705 - INFO: val/VAL_MSE: 0.0027588787488639355	
25-01-03 18:03:25.705 - INFO: 
------------------------------Validation End------------------------------


25-01-03 18:22:58.292 - INFO: train/mse_loss: 0.0031161171322576465	
25-01-03 18:22:58.293 - INFO: epoch: 34	
25-01-03 18:22:58.293 - INFO: iters: 299394	
25-01-03 18:22:58.293 - INFO: 


------------------------------Validation Start------------------------------
25-01-03 18:37:34.113 - INFO: val/mae: 1.4476526975631714	
25-01-03 18:37:34.115 - INFO: val/mse: 2.2496683597564697	
25-01-03 18:37:34.115 - INFO: val/SSIM: 0.015102124411544382	
25-01-03 18:37:34.115 - INFO: val/PSNR: 4.759348683385445	
25-01-03 18:37:34.116 - INFO: val/VAL_MSE: 0.0028853178955614567	
25-01-03 18:37:34.116 - INFO: 
------------------------------Validation End------------------------------


25-01-03 18:39:32.829 - INFO: train/mse_loss: 0.0023215199853805356	
25-01-03 18:57:09.056 - INFO: train/mse_loss: 0.002992774869059943	
25-01-03 18:57:09.057 - INFO: epoch: 35	
25-01-03 18:57:09.057 - INFO: iters: 308200	
25-01-03 18:57:09.057 - INFO: Saving the self at the end of epoch 35
25-01-03 18:57:14.936 - INFO: 


------------------------------Validation Start------------------------------
25-01-03 19:11:46.924 - INFO: val/mae: 0.505661129951477	
25-01-03 19:11:46.926 - INFO: val/mse: 0.41881296038627625	
25-01-03 19:11:46.926 - INFO: val/SSIM: 0.24499229345691492	
25-01-03 19:11:46.926 - INFO: val/PSNR: 13.98074406267203	
25-01-03 19:11:46.926 - INFO: val/VAL_MSE: 0.0024233448784798384	
25-01-03 19:11:46.926 - INFO: 
------------------------------Validation End------------------------------


25-01-03 19:31:06.228 - INFO: train/mse_loss: 0.0031220288266555307	
25-01-03 19:31:06.229 - INFO: epoch: 36	
25-01-03 19:31:06.230 - INFO: iters: 317006	
25-01-03 19:31:06.230 - INFO: 


------------------------------Validation Start------------------------------
25-01-03 19:45:35.054 - INFO: val/mae: 0.44090691208839417	
25-01-03 19:45:35.057 - INFO: val/mse: 0.39595741033554077	
25-01-03 19:45:35.057 - INFO: val/SSIM: 0.27038569333431645	
25-01-03 19:45:35.057 - INFO: val/PSNR: 16.57830761128625	
25-01-03 19:45:35.057 - INFO: val/VAL_MSE: 0.0031333519145846367	
25-01-03 19:45:35.057 - INFO: 
------------------------------Validation End------------------------------


25-01-03 19:52:37.630 - INFO: train/mse_loss: 0.0028665407529009017	
25-01-03 20:05:03.135 - INFO: train/mse_loss: 0.0032379238269085193	
25-01-03 20:05:03.136 - INFO: epoch: 37	
25-01-03 20:05:03.137 - INFO: iters: 325812	
25-01-03 20:05:03.137 - INFO: 


------------------------------Validation Start------------------------------
25-01-03 20:19:34.574 - INFO: val/mae: 0.7445496916770935	
25-01-03 20:19:34.575 - INFO: val/mse: 0.9620294570922852	
25-01-03 20:19:34.575 - INFO: val/SSIM: 0.21351479480058422	
25-01-03 20:19:34.575 - INFO: val/PSNR: 13.544879751156927	
25-01-03 20:19:34.575 - INFO: val/VAL_MSE: 0.004806372802704573	
25-01-03 20:19:34.575 - INFO: 
------------------------------Validation End------------------------------


25-01-03 20:39:04.329 - INFO: train/mse_loss: 0.0032203662472828102	
25-01-03 20:39:04.335 - INFO: epoch: 38	
25-01-03 20:39:04.335 - INFO: iters: 334618	
25-01-03 20:39:04.335 - INFO: 


------------------------------Validation Start------------------------------
25-01-03 20:53:37.632 - INFO: val/mae: 0.9949559569358826	
25-01-03 20:53:37.635 - INFO: val/mse: 1.2547128200531006	
25-01-03 20:53:37.635 - INFO: val/SSIM: 0.06888399790321188	
25-01-03 20:53:37.635 - INFO: val/PSNR: 8.82104316723096	
25-01-03 20:53:37.635 - INFO: val/VAL_MSE: 0.003674390958622098	
25-01-03 20:53:37.635 - INFO: 
------------------------------Validation End------------------------------


25-01-03 21:05:48.851 - INFO: train/mse_loss: 0.0027818458697119156	
25-01-03 21:13:11.031 - INFO: train/mse_loss: 0.002816244287304781	
25-01-03 21:13:11.032 - INFO: epoch: 39	
25-01-03 21:13:11.032 - INFO: iters: 343424	
25-01-03 21:13:11.032 - INFO: 


------------------------------Validation Start------------------------------
25-01-03 21:27:42.578 - INFO: val/mae: 1.0084619522094727	
25-01-03 21:27:42.579 - INFO: val/mse: 1.2552666664123535	
25-01-03 21:27:42.580 - INFO: val/SSIM: 0.07693058248122461	
25-01-03 21:27:42.580 - INFO: val/PSNR: 8.91076707909825	
25-01-03 21:27:42.580 - INFO: val/VAL_MSE: 0.0029539731331169605	
25-01-03 21:27:42.580 - INFO: 
------------------------------Validation End------------------------------


25-01-03 21:47:19.484 - INFO: train/mse_loss: 0.002906115835429326	
25-01-03 21:47:19.485 - INFO: epoch: 40	
25-01-03 21:47:19.485 - INFO: iters: 352230	
25-01-03 21:47:19.485 - INFO: Saving the self at the end of epoch 40
25-01-03 21:47:24.720 - INFO: 


------------------------------Validation Start------------------------------
25-01-03 22:01:52.929 - INFO: val/mae: 0.3622452914714813	
25-01-03 22:01:52.930 - INFO: val/mse: 0.2081919014453888	
25-01-03 22:01:52.930 - INFO: val/SSIM: 0.2172809493274431	
25-01-03 22:01:52.930 - INFO: val/PSNR: 16.256789626899668	
25-01-03 22:01:52.930 - INFO: val/VAL_MSE: 0.0025691245682537556	
25-01-03 22:01:52.930 - INFO: 
------------------------------Validation End------------------------------


25-01-03 22:19:01.998 - INFO: train/mse_loss: 0.0034020867386399126	
25-01-03 22:21:15.777 - INFO: train/mse_loss: 0.0033166809726204102	
25-01-03 22:21:15.778 - INFO: epoch: 41	
25-01-03 22:21:15.778 - INFO: iters: 361036	
25-01-03 22:21:15.778 - INFO: 


------------------------------Validation Start------------------------------
25-01-03 22:35:52.415 - INFO: val/mae: 0.564345121383667	
25-01-03 22:35:52.417 - INFO: val/mse: 0.5501360297203064	
25-01-03 22:35:52.417 - INFO: val/SSIM: 0.21729119767677782	
25-01-03 22:35:52.417 - INFO: val/PSNR: 15.416105503406168	
25-01-03 22:35:52.417 - INFO: val/VAL_MSE: 0.0029724074993282557	
25-01-03 22:35:52.417 - INFO: 
------------------------------Validation End------------------------------


25-01-03 22:55:27.119 - INFO: train/mse_loss: 0.002873788580075169	
25-01-03 22:55:27.121 - INFO: epoch: 42	
25-01-03 22:55:27.121 - INFO: iters: 369842	
25-01-03 22:55:27.121 - INFO: 


------------------------------Validation Start------------------------------
25-01-03 23:09:57.562 - INFO: val/mae: 0.8682605624198914	
25-01-03 23:09:57.565 - INFO: val/mse: 1.0360972881317139	
25-01-03 23:09:57.565 - INFO: val/SSIM: 0.10740123616574966	
25-01-03 23:09:57.565 - INFO: val/PSNR: 10.62614131083375	
25-01-03 23:09:57.565 - INFO: val/VAL_MSE: 0.003214359050616622	
25-01-03 23:09:57.565 - INFO: 
------------------------------Validation End------------------------------


25-01-03 23:11:01.209 - INFO: train/mse_loss: 0.0011301098263199517	
25-01-03 23:29:28.951 - INFO: train/mse_loss: 0.0029145115670587605	
25-01-03 23:29:28.956 - INFO: epoch: 43	
25-01-03 23:29:28.956 - INFO: iters: 378648	
25-01-03 23:29:28.957 - INFO: 


------------------------------Validation Start------------------------------
25-01-03 23:43:58.392 - INFO: val/mae: 0.26247772574424744	
25-01-03 23:43:58.394 - INFO: val/mse: 0.16765999794006348	
25-01-03 23:43:58.394 - INFO: val/SSIM: 0.4335567431764936	
25-01-03 23:43:58.394 - INFO: val/PSNR: 21.6011409816277	
25-01-03 23:43:58.395 - INFO: val/VAL_MSE: 0.003634892636910081	
25-01-03 23:43:58.395 - INFO: 
------------------------------Validation End------------------------------


25-01-04 00:03:22.708 - INFO: train/mse_loss: 0.0028051168538819984	
25-01-04 00:03:22.710 - INFO: epoch: 44	
25-01-04 00:03:22.710 - INFO: iters: 387454	
25-01-04 00:03:22.710 - INFO: 


------------------------------Validation Start------------------------------
25-01-04 00:17:50.311 - INFO: val/mae: 0.9211636781692505	
25-01-04 00:17:50.314 - INFO: val/mse: 1.0761045217514038	
25-01-04 00:17:50.314 - INFO: val/SSIM: 0.059311038008244735	
25-01-04 00:17:50.314 - INFO: val/PSNR: 9.240338062876521	
25-01-04 00:17:50.314 - INFO: val/VAL_MSE: 0.0036518259439617395	
25-01-04 00:17:50.314 - INFO: 
------------------------------Validation End------------------------------


25-01-04 00:23:55.222 - INFO: train/mse_loss: 0.002870299340922963	
25-01-04 00:37:17.405 - INFO: train/mse_loss: 0.0030450186817942465	
25-01-04 00:37:17.406 - INFO: epoch: 45	
25-01-04 00:37:17.406 - INFO: iters: 396260	
25-01-04 00:37:17.406 - INFO: Saving the self at the end of epoch 45
25-01-04 00:37:22.868 - INFO: 


------------------------------Validation Start------------------------------
25-01-04 00:51:50.284 - INFO: val/mae: 0.895357608795166	
25-01-04 00:51:50.286 - INFO: val/mse: 1.020240068435669	
25-01-04 00:51:50.286 - INFO: val/SSIM: 0.08704353839752389	
25-01-04 00:51:50.286 - INFO: val/PSNR: 9.770308418313258	
25-01-04 00:51:50.286 - INFO: val/VAL_MSE: 0.002555892337113619	
25-01-04 00:51:50.286 - INFO: 
------------------------------Validation End------------------------------


25-01-04 01:11:09.674 - INFO: train/mse_loss: 0.0029009331406093064	
25-01-04 01:11:09.676 - INFO: epoch: 46	
25-01-04 01:11:09.676 - INFO: iters: 405066	
25-01-04 01:11:09.676 - INFO: 


------------------------------Validation Start------------------------------
25-01-04 01:25:38.527 - INFO: val/mae: 1.2511652708053589	
25-01-04 01:25:38.529 - INFO: val/mse: 1.7350879907608032	
25-01-04 01:25:38.529 - INFO: val/SSIM: 0.017744897272488666	
25-01-04 01:25:38.529 - INFO: val/PSNR: 6.492269806822753	
25-01-04 01:25:38.529 - INFO: val/VAL_MSE: 0.0034137193579226732	
25-01-04 01:25:38.529 - INFO: 
------------------------------Validation End------------------------------


25-01-04 01:36:45.449 - INFO: train/mse_loss: 0.0028671791034754752	
25-01-04 01:45:01.678 - INFO: train/mse_loss: 0.0031035669559620733	
25-01-04 01:45:01.682 - INFO: epoch: 47	
25-01-04 01:45:01.682 - INFO: iters: 413872	
25-01-04 01:45:01.682 - INFO: 


------------------------------Validation Start------------------------------
25-01-04 01:59:29.368 - INFO: val/mae: 0.031646084040403366	
25-01-04 01:59:29.370 - INFO: val/mse: 0.008031067438423634	
25-01-04 01:59:29.370 - INFO: val/SSIM: 0.8480056916550393	
25-01-04 01:59:29.370 - INFO: val/PSNR: 26.26994748689656	
25-01-04 01:59:29.370 - INFO: val/VAL_MSE: 0.0034299404360353947	
25-01-04 01:59:29.370 - INFO: 
------------------------------Validation End------------------------------


25-01-04 02:18:53.584 - INFO: train/mse_loss: 0.0028249330050612747	
25-01-04 02:18:53.586 - INFO: epoch: 48	
25-01-04 02:18:53.586 - INFO: iters: 422678	
25-01-04 02:18:53.586 - INFO: 


------------------------------Validation Start------------------------------
25-01-04 02:33:22.181 - INFO: val/mae: 0.08047319948673248	
25-01-04 02:33:22.182 - INFO: val/mse: 0.02270088903605938	
25-01-04 02:33:22.183 - INFO: val/SSIM: 0.7357654469578345	
25-01-04 02:33:22.183 - INFO: val/PSNR: 25.56825802673812	
25-01-04 02:33:22.183 - INFO: val/VAL_MSE: 0.0033148769289255142	
25-01-04 02:33:22.183 - INFO: 
------------------------------Validation End------------------------------


25-01-04 02:49:35.305 - INFO: train/mse_loss: 0.002690982738515442	
25-01-04 02:52:45.857 - INFO: train/mse_loss: 0.0027337585167733465	
25-01-04 02:52:45.858 - INFO: epoch: 49	
25-01-04 02:52:45.858 - INFO: iters: 431484	
25-01-04 02:52:45.858 - INFO: 


------------------------------Validation Start------------------------------
25-01-04 03:07:14.082 - INFO: val/mae: 0.053924817591905594	
25-01-04 03:07:14.084 - INFO: val/mse: 0.01665530912578106	
25-01-04 03:07:14.085 - INFO: val/SSIM: 0.7970491666456532	
25-01-04 03:07:14.085 - INFO: val/PSNR: 25.368960965710876	
25-01-04 03:07:14.085 - INFO: val/VAL_MSE: 0.003960290923714638	
25-01-04 03:07:14.085 - INFO: 
------------------------------Validation End------------------------------


25-01-04 03:26:40.440 - INFO: train/mse_loss: 0.0028954488739379425	
25-01-04 03:26:40.441 - INFO: epoch: 50	
25-01-04 03:26:40.442 - INFO: iters: 440290	
25-01-04 03:26:40.442 - INFO: Saving the self at the end of epoch 50
25-01-04 03:26:46.208 - INFO: 


------------------------------Validation Start------------------------------
25-01-04 03:41:15.284 - INFO: val/mae: 0.13887761533260345	
25-01-04 03:41:15.286 - INFO: val/mse: 0.04640919715166092	
25-01-04 03:41:15.286 - INFO: val/SSIM: 0.6114708187802047	
25-01-04 03:41:15.287 - INFO: val/PSNR: 23.46009936562887	
25-01-04 03:41:15.287 - INFO: val/VAL_MSE: 0.0022622200194746256	
25-01-04 03:41:15.287 - INFO: 
------------------------------Validation End------------------------------


25-01-04 04:00:35.172 - INFO: train/mse_loss: 0.0026910147266022647	
25-01-04 04:00:35.175 - INFO: epoch: 51	
25-01-04 04:00:35.175 - INFO: iters: 449096	
25-01-04 04:00:35.175 - INFO: 


------------------------------Validation Start------------------------------
25-01-04 04:15:06.074 - INFO: val/mae: 0.2589263916015625	
25-01-04 04:15:06.076 - INFO: val/mse: 0.13123978674411774	
25-01-04 04:15:06.076 - INFO: val/SSIM: 0.4100840600589133	
25-01-04 04:15:06.076 - INFO: val/PSNR: 20.715593376802524	
25-01-04 04:15:06.076 - INFO: val/VAL_MSE: 0.0030427221208810806	
25-01-04 04:15:06.076 - INFO: 
------------------------------Validation End------------------------------


25-01-04 04:34:30.760 - INFO: train/mse_loss: 0.0026132535498661394	
25-01-04 04:34:30.761 - INFO: epoch: 52	
25-01-04 04:34:30.762 - INFO: iters: 457902	
25-01-04 04:34:30.762 - INFO: 


------------------------------Validation Start------------------------------
25-01-04 04:48:59.124 - INFO: val/mae: 0.48290687799453735	
25-01-04 04:48:59.126 - INFO: val/mse: 0.444913387298584	
25-01-04 04:48:59.126 - INFO: val/SSIM: 0.2950075519718262	
25-01-04 04:48:59.126 - INFO: val/PSNR: 16.925805299864685	
25-01-04 04:48:59.126 - INFO: val/VAL_MSE: 0.002446515951305628	
25-01-04 04:48:59.126 - INFO: 
------------------------------Validation End------------------------------


25-01-04 04:54:01.893 - INFO: train/mse_loss: 0.0024142430884379115	
25-01-04 05:08:20.484 - INFO: train/mse_loss: 0.002721812529861137	
25-01-04 05:08:20.487 - INFO: epoch: 53	
25-01-04 05:08:20.487 - INFO: iters: 466708	
25-01-04 05:08:20.487 - INFO: 


------------------------------Validation Start------------------------------
25-01-04 05:22:49.677 - INFO: val/mae: 0.14519166946411133	
25-01-04 05:22:49.678 - INFO: val/mse: 0.0879821702837944	
25-01-04 05:22:49.678 - INFO: val/SSIM: 0.6346266259050005	
25-01-04 05:22:49.678 - INFO: val/PSNR: 23.55227544603404	
25-01-04 05:22:49.679 - INFO: val/VAL_MSE: 0.0029017459601163864	
25-01-04 05:22:49.679 - INFO: 
------------------------------Validation End------------------------------


25-01-04 05:42:12.919 - INFO: train/mse_loss: 0.002627036863061689	
25-01-04 05:42:12.920 - INFO: epoch: 54	
25-01-04 05:42:12.920 - INFO: iters: 475514	
25-01-04 05:42:12.920 - INFO: 


------------------------------Validation Start------------------------------
25-01-04 05:56:39.026 - INFO: val/mae: 0.057576656341552734	
25-01-04 05:56:39.028 - INFO: val/mse: 0.018602168187499046	
25-01-04 05:56:39.029 - INFO: val/SSIM: 0.7743421328403015	
25-01-04 05:56:39.029 - INFO: val/PSNR: 23.60141485188634	
25-01-04 05:56:39.029 - INFO: val/VAL_MSE: 0.004086234141141176	
25-01-04 05:56:39.029 - INFO: 
------------------------------Validation End------------------------------


25-01-04 06:06:50.138 - INFO: train/mse_loss: 0.002591293795734693	
25-01-04 06:16:04.015 - INFO: train/mse_loss: 0.0029709400881398388	
25-01-04 06:16:04.016 - INFO: epoch: 55	
25-01-04 06:16:04.016 - INFO: iters: 484320	
25-01-04 06:16:04.016 - INFO: Saving the self at the end of epoch 55
25-01-04 06:16:09.757 - INFO: 


------------------------------Validation Start------------------------------
25-01-04 06:30:42.178 - INFO: val/mae: 0.372810035943985	
25-01-04 06:30:42.181 - INFO: val/mse: 0.2709859013557434	
25-01-04 06:30:42.181 - INFO: val/SSIM: 0.3250177070765899	
25-01-04 06:30:42.181 - INFO: val/PSNR: 18.339193161572773	
25-01-04 06:30:42.181 - INFO: val/VAL_MSE: 0.003494800301268697	
25-01-04 06:30:42.181 - INFO: 
------------------------------Validation End------------------------------


25-01-04 06:49:58.113 - INFO: train/mse_loss: 0.0026789539464948356	
25-01-04 06:49:58.115 - INFO: epoch: 56	
25-01-04 06:49:58.115 - INFO: iters: 493126	
25-01-04 06:49:58.115 - INFO: 


------------------------------Validation Start------------------------------
25-01-04 07:04:28.514 - INFO: val/mae: 1.3387562036514282	
25-01-04 07:04:28.516 - INFO: val/mse: 1.9536021947860718	
25-01-04 07:04:28.516 - INFO: val/SSIM: 0.01905258186037107	
25-01-04 07:04:28.516 - INFO: val/PSNR: 6.379455777008042	
25-01-04 07:04:28.516 - INFO: val/VAL_MSE: 0.003178850980475545	
25-01-04 07:04:28.516 - INFO: 
------------------------------Validation End------------------------------


25-01-04 07:19:42.027 - INFO: train/mse_loss: 0.0026060035748648657	
25-01-04 07:23:49.928 - INFO: train/mse_loss: 0.0027248946981726085	
25-01-04 07:23:49.929 - INFO: epoch: 57	
25-01-04 07:23:49.929 - INFO: iters: 501932	
25-01-04 07:23:49.930 - INFO: 


------------------------------Validation Start------------------------------
25-01-04 07:38:22.400 - INFO: val/mae: 0.7507042288780212	
25-01-04 07:38:22.402 - INFO: val/mse: 0.7878469228744507	
25-01-04 07:38:22.402 - INFO: val/SSIM: 0.13397986434401374	
25-01-04 07:38:22.402 - INFO: val/PSNR: 11.472267933405623	
25-01-04 07:38:22.402 - INFO: val/VAL_MSE: 0.0035626390017569065	
25-01-04 07:38:22.403 - INFO: 
------------------------------Validation End------------------------------


25-01-04 07:57:43.167 - INFO: train/mse_loss: 0.0031413339828515055	
25-01-04 07:57:43.169 - INFO: epoch: 58	
25-01-04 07:57:43.169 - INFO: iters: 510738	
25-01-04 07:57:43.169 - INFO: 


------------------------------Validation Start------------------------------
25-01-04 08:12:10.035 - INFO: val/mae: 0.34531599283218384	
25-01-04 08:12:10.037 - INFO: val/mse: 0.21437399089336395	
25-01-04 08:12:10.037 - INFO: val/SSIM: 0.3641614643696894	
25-01-04 08:12:10.037 - INFO: val/PSNR: 19.133847591636258	
25-01-04 08:12:10.037 - INFO: val/VAL_MSE: 0.0027241362258791924	
25-01-04 08:12:10.037 - INFO: 
------------------------------Validation End------------------------------


25-01-04 08:31:33.572 - INFO: train/mse_loss: 0.0027124607278471613	
25-01-04 08:31:33.573 - INFO: epoch: 59	
25-01-04 08:31:33.573 - INFO: iters: 519544	
25-01-04 08:31:33.573 - INFO: 


------------------------------Validation Start------------------------------
25-01-04 08:46:00.523 - INFO: val/mae: 0.536377489566803	
25-01-04 08:46:00.525 - INFO: val/mse: 0.3964930474758148	
25-01-04 08:46:00.525 - INFO: val/SSIM: 0.13532611277770296	
25-01-04 08:46:00.525 - INFO: val/PSNR: 15.152826817129284	
25-01-04 08:46:00.525 - INFO: val/VAL_MSE: 0.0030904496088624	
25-01-04 08:46:00.525 - INFO: 
------------------------------Validation End------------------------------


25-01-04 09:05:23.249 - INFO: train/mse_loss: 0.0027524474843804037	
25-01-04 09:05:23.251 - INFO: epoch: 60	
25-01-04 09:05:23.251 - INFO: iters: 528350	
25-01-04 09:05:23.251 - INFO: Saving the self at the end of epoch 60
25-01-04 09:05:28.331 - INFO: 


------------------------------Validation Start------------------------------
25-01-04 09:19:57.629 - INFO: val/mae: 1.3179256916046143	
25-01-04 09:19:57.631 - INFO: val/mse: 1.901642084121704	
25-01-04 09:19:57.631 - INFO: val/SSIM: 0.019847359099800625	
25-01-04 09:19:57.631 - INFO: val/PSNR: 6.539223790369194	
25-01-04 09:19:57.631 - INFO: val/VAL_MSE: 0.002984517952427268	
25-01-04 09:19:57.631 - INFO: 
------------------------------Validation End------------------------------


25-01-04 09:23:58.768 - INFO: train/mse_loss: 0.0022485189618592126	
25-01-04 09:39:13.603 - INFO: train/mse_loss: 0.0026145849602072866	
25-01-04 09:39:13.604 - INFO: epoch: 61	
25-01-04 09:39:13.604 - INFO: iters: 537156	
25-01-04 09:39:13.604 - INFO: 


------------------------------Validation Start------------------------------
25-01-04 09:53:41.445 - INFO: val/mae: 0.511660099029541	
25-01-04 09:53:41.447 - INFO: val/mse: 0.44971877336502075	
25-01-04 09:53:41.447 - INFO: val/SSIM: 0.2662177343704034	
25-01-04 09:53:41.447 - INFO: val/PSNR: 15.300496639069701	
25-01-04 09:53:41.447 - INFO: val/VAL_MSE: 0.0033127490896731615	
25-01-04 09:53:41.447 - INFO: 
------------------------------Validation End------------------------------


25-01-04 10:13:38.459 - INFO: train/mse_loss: 0.0028230376023927997	
25-01-04 10:13:38.460 - INFO: epoch: 62	
25-01-04 10:13:38.460 - INFO: iters: 545962	
25-01-04 10:13:38.460 - INFO: 


------------------------------Validation Start------------------------------
25-01-04 10:28:06.968 - INFO: val/mae: 0.1930282562971115	
25-01-04 10:28:06.970 - INFO: val/mse: 0.07494258135557175	
25-01-04 10:28:06.970 - INFO: val/SSIM: 0.5367444431731448	
25-01-04 10:28:06.970 - INFO: val/PSNR: 23.355002094070095	
25-01-04 10:28:06.970 - INFO: val/VAL_MSE: 0.004067458678036928	
25-01-04 10:28:06.970 - INFO: 
------------------------------Validation End------------------------------


25-01-04 10:37:18.497 - INFO: train/mse_loss: 0.0023639851119827645	
25-01-04 10:47:28.503 - INFO: train/mse_loss: 0.0026056544422239773	
25-01-04 10:47:28.505 - INFO: epoch: 63	
25-01-04 10:47:28.505 - INFO: iters: 554768	
25-01-04 10:47:28.505 - INFO: 


------------------------------Validation Start------------------------------
25-01-04 11:01:55.308 - INFO: val/mae: 0.4388241469860077	
25-01-04 11:01:55.309 - INFO: val/mse: 0.33711692690849304	
25-01-04 11:01:55.309 - INFO: val/SSIM: 0.3045915419788235	
25-01-04 11:01:55.309 - INFO: val/PSNR: 18.2082729983891	
25-01-04 11:01:55.309 - INFO: val/VAL_MSE: 0.0040936656296253204	
25-01-04 11:01:55.310 - INFO: 
------------------------------Validation End------------------------------


25-01-04 11:21:20.458 - INFO: train/mse_loss: 0.002812672561716654	
25-01-04 11:21:20.459 - INFO: epoch: 64	
25-01-04 11:21:20.459 - INFO: iters: 563574	
25-01-04 11:21:20.459 - INFO: 


------------------------------Validation Start------------------------------
25-01-04 11:35:51.347 - INFO: val/mae: 0.6256601214408875	
25-01-04 11:35:51.349 - INFO: val/mse: 0.5458006262779236	
25-01-04 11:35:51.349 - INFO: val/SSIM: 0.18141434813401594	
25-01-04 11:35:51.349 - INFO: val/PSNR: 13.725247585866788	
25-01-04 11:35:51.349 - INFO: val/VAL_MSE: 0.004070744849741459	
25-01-04 11:35:51.349 - INFO: 
------------------------------Validation End------------------------------


25-01-04 11:50:08.690 - INFO: train/mse_loss: 0.00255110190491202	
25-01-04 11:55:13.701 - INFO: train/mse_loss: 0.002579435966880278	
25-01-04 11:55:13.702 - INFO: epoch: 65	
25-01-04 11:55:13.702 - INFO: iters: 572380	
25-01-04 11:55:13.702 - INFO: Saving the self at the end of epoch 65
25-01-04 11:55:18.607 - INFO: 


------------------------------Validation Start------------------------------
25-01-04 12:09:49.136 - INFO: val/mae: 0.4346899092197418	
25-01-04 12:09:49.139 - INFO: val/mse: 0.3257409334182739	
25-01-04 12:09:49.139 - INFO: val/SSIM: 0.2510269843415439	
25-01-04 12:09:49.139 - INFO: val/PSNR: 16.841912674544936	
25-01-04 12:09:49.139 - INFO: val/VAL_MSE: 0.003848578315228224	
25-01-04 12:09:49.139 - INFO: 
------------------------------Validation End------------------------------


25-01-04 12:29:06.285 - INFO: train/mse_loss: 0.0026875174706802035	
25-01-04 12:29:06.287 - INFO: epoch: 66	
25-01-04 12:29:06.287 - INFO: iters: 581186	
25-01-04 12:29:06.287 - INFO: 


------------------------------Validation Start------------------------------
25-01-04 12:43:33.798 - INFO: val/mae: 0.029844433069229126	
25-01-04 12:43:33.800 - INFO: val/mse: 0.009325574152171612	
25-01-04 12:43:33.800 - INFO: val/SSIM: 0.8631199864924956	
25-01-04 12:43:33.800 - INFO: val/PSNR: 24.511481113760322	
25-01-04 12:43:33.800 - INFO: val/VAL_MSE: 0.002979288576170802	
25-01-04 12:43:33.800 - INFO: 
------------------------------Validation End------------------------------


25-01-04 13:02:56.248 - INFO: train/mse_loss: 0.002808931689648901	
25-01-04 13:02:56.249 - INFO: epoch: 67	
25-01-04 13:02:56.250 - INFO: iters: 589992	
25-01-04 13:02:56.250 - INFO: 


------------------------------Validation Start------------------------------
25-01-04 13:17:26.039 - INFO: val/mae: 1.3980375528335571	
25-01-04 13:17:26.041 - INFO: val/mse: 2.097900867462158	
25-01-04 13:17:26.041 - INFO: val/SSIM: 0.02019698290601534	
25-01-04 13:17:26.041 - INFO: val/PSNR: 6.2967838583178075	
25-01-04 13:17:26.041 - INFO: val/VAL_MSE: 0.002715269336476922	
25-01-04 13:17:26.042 - INFO: 
------------------------------Validation End------------------------------


25-01-04 13:36:47.322 - INFO: train/mse_loss: 0.002728893680220181	
25-01-04 13:36:47.323 - INFO: epoch: 68	
25-01-04 13:36:47.323 - INFO: iters: 598798	
25-01-04 13:36:47.323 - INFO: 


------------------------------Validation Start------------------------------
25-01-04 13:51:15.670 - INFO: val/mae: 0.2191987782716751	
25-01-04 13:51:15.672 - INFO: val/mse: 0.09692003577947617	
25-01-04 13:51:15.672 - INFO: val/SSIM: 0.47779028166428467	
25-01-04 13:51:15.672 - INFO: val/PSNR: 23.023036748190023	
25-01-04 13:51:15.672 - INFO: val/VAL_MSE: 0.0032750454265624285	
25-01-04 13:51:15.673 - INFO: 
------------------------------Validation End------------------------------


25-01-04 13:54:26.856 - INFO: train/mse_loss: 0.002252020339078962	
25-01-04 14:10:39.777 - INFO: train/mse_loss: 0.0024620656853194126	
25-01-04 14:10:39.779 - INFO: epoch: 69	
25-01-04 14:10:39.779 - INFO: iters: 607604	
25-01-04 14:10:39.779 - INFO: 


------------------------------Validation Start------------------------------
25-01-04 14:25:07.031 - INFO: val/mae: 0.8686287999153137	
25-01-04 14:25:07.034 - INFO: val/mse: 0.8908977508544922	
25-01-04 14:25:07.034 - INFO: val/SSIM: 0.04743630193644992	
25-01-04 14:25:07.034 - INFO: val/PSNR: 8.618641199196393	
25-01-04 14:25:07.034 - INFO: val/VAL_MSE: 0.003296049777418375	
25-01-04 14:25:07.034 - INFO: 
------------------------------Validation End------------------------------


25-01-04 14:44:31.448 - INFO: train/mse_loss: 0.0029152440767485008	
25-01-04 14:44:31.452 - INFO: epoch: 70	
25-01-04 14:44:31.452 - INFO: iters: 616410	
25-01-04 14:44:31.452 - INFO: Saving the self at the end of epoch 70
25-01-04 14:44:36.843 - INFO: 


------------------------------Validation Start------------------------------
25-01-04 14:59:07.273 - INFO: val/mae: 0.09144573658704758	
25-01-04 14:59:07.275 - INFO: val/mse: 0.028626207262277603	
25-01-04 14:59:07.275 - INFO: val/SSIM: 0.6563028464756959	
25-01-04 14:59:07.275 - INFO: val/PSNR: 24.9099893060958	
25-01-04 14:59:07.275 - INFO: val/VAL_MSE: 0.004718868061900139	
25-01-04 14:59:07.275 - INFO: 
------------------------------Validation End------------------------------


25-01-04 15:07:17.729 - INFO: train/mse_loss: 0.0026146948461002323	
25-01-04 15:18:25.531 - INFO: train/mse_loss: 0.002795183088483741	
25-01-04 15:18:25.532 - INFO: epoch: 71	
25-01-04 15:18:25.532 - INFO: iters: 625216	
25-01-04 15:18:25.532 - INFO: 


------------------------------Validation Start------------------------------
25-01-04 15:32:55.319 - INFO: val/mae: 0.9961000680923462	
25-01-04 15:32:55.322 - INFO: val/mse: 1.1769927740097046	
25-01-04 15:32:55.322 - INFO: val/SSIM: 0.03912965411927538	
25-01-04 15:32:55.322 - INFO: val/PSNR: 7.9835537426692325	
25-01-04 15:32:55.322 - INFO: val/VAL_MSE: 0.0035973500926047564	
25-01-04 15:32:55.322 - INFO: 
------------------------------Validation End------------------------------


25-01-04 15:52:15.132 - INFO: train/mse_loss: 0.0026877604816831113	
25-01-04 15:52:15.133 - INFO: epoch: 72	
25-01-04 15:52:15.134 - INFO: iters: 634022	
25-01-04 15:52:15.134 - INFO: 


------------------------------Validation Start------------------------------
25-01-04 16:06:45.773 - INFO: val/mae: 0.04746367782354355	
25-01-04 16:06:45.774 - INFO: val/mse: 0.010143676772713661	
25-01-04 16:06:45.774 - INFO: val/SSIM: 0.7231472023806871	
25-01-04 16:06:45.774 - INFO: val/PSNR: 24.61303691909822	
25-01-04 16:06:45.775 - INFO: val/VAL_MSE: 0.003341663395985961	
25-01-04 16:06:45.775 - INFO: 
------------------------------Validation End------------------------------


25-01-04 16:20:04.508 - INFO: train/mse_loss: 0.0027409174423379816	
25-01-04 16:26:06.289 - INFO: train/mse_loss: 0.0025914277179594786	
25-01-04 16:26:06.290 - INFO: epoch: 73	
25-01-04 16:26:06.290 - INFO: iters: 642828	
25-01-04 16:26:06.290 - INFO: 


------------------------------Validation Start------------------------------
25-01-04 16:40:31.468 - INFO: val/mae: 0.9025322198867798	
25-01-04 16:40:31.470 - INFO: val/mse: 1.0319958925247192	
25-01-04 16:40:31.470 - INFO: val/SSIM: 0.07046314259831933	
25-01-04 16:40:31.470 - INFO: val/PSNR: 9.768748095072706	
25-01-04 16:40:31.470 - INFO: val/VAL_MSE: 0.0034114152658730745	
25-01-04 16:40:31.470 - INFO: 
------------------------------Validation End------------------------------


25-01-04 16:59:55.543 - INFO: train/mse_loss: 0.002583813788966661	
25-01-04 16:59:55.545 - INFO: epoch: 74	
25-01-04 16:59:55.545 - INFO: iters: 651634	
25-01-04 16:59:55.545 - INFO: 


------------------------------Validation Start------------------------------
25-01-04 17:14:27.949 - INFO: val/mae: 0.33522865176200867	
25-01-04 17:14:27.951 - INFO: val/mse: 0.22830192744731903	
25-01-04 17:14:27.951 - INFO: val/SSIM: 0.38405494514187677	
25-01-04 17:14:27.951 - INFO: val/PSNR: 18.300042801921983	
25-01-04 17:14:27.951 - INFO: val/VAL_MSE: 0.003194837598130107	
25-01-04 17:14:27.951 - INFO: 
------------------------------Validation End------------------------------


25-01-04 17:32:47.928 - INFO: train/mse_loss: 0.002484232775709401	
25-01-04 17:33:44.838 - INFO: train/mse_loss: 0.0024858763633788133	
25-01-04 17:33:44.839 - INFO: epoch: 75	
25-01-04 17:33:44.839 - INFO: iters: 660440	
25-01-04 17:33:44.839 - INFO: Saving the self at the end of epoch 75
25-01-04 17:33:50.247 - INFO: 


------------------------------Validation Start------------------------------
25-01-04 17:48:22.486 - INFO: val/mae: 0.7299887537956238	
25-01-04 17:48:22.488 - INFO: val/mse: 0.6961364150047302	
25-01-04 17:48:22.488 - INFO: val/SSIM: 0.11052811866606962	
25-01-04 17:48:22.488 - INFO: val/PSNR: 12.94743376502547	
25-01-04 17:48:22.488 - INFO: val/VAL_MSE: 0.0032328935340046883	
25-01-04 17:48:22.488 - INFO: 
------------------------------Validation End------------------------------


25-01-04 18:07:35.515 - INFO: train/mse_loss: 0.002578314186216136	
25-01-04 18:07:35.516 - INFO: epoch: 76	
25-01-04 18:07:35.516 - INFO: iters: 669246	
25-01-04 18:07:35.516 - INFO: 


------------------------------Validation Start------------------------------
25-01-04 18:22:05.201 - INFO: val/mae: 0.9686539769172668	
25-01-04 18:22:05.202 - INFO: val/mse: 1.0667040348052979	
25-01-04 18:22:05.202 - INFO: val/SSIM: 0.041447416464716044	
25-01-04 18:22:05.202 - INFO: val/PSNR: 8.93528585497163	
25-01-04 18:22:05.202 - INFO: val/VAL_MSE: 0.004388045519590378	
25-01-04 18:22:05.202 - INFO: 
------------------------------Validation End------------------------------


25-01-04 18:24:17.382 - INFO: train/mse_loss: 0.002824141346878918	
25-01-04 18:41:26.235 - INFO: train/mse_loss: 0.0025438742854312427	
25-01-04 18:41:26.237 - INFO: epoch: 77	
25-01-04 18:41:26.237 - INFO: iters: 678052	
25-01-04 18:41:26.237 - INFO: 


------------------------------Validation Start------------------------------
25-01-04 18:55:57.876 - INFO: val/mae: 0.4618622958660126	
25-01-04 18:55:57.877 - INFO: val/mse: 0.344630628824234	
25-01-04 18:55:57.877 - INFO: val/SSIM: 0.27078091175168006	
25-01-04 18:55:57.877 - INFO: val/PSNR: 17.60079326647638	
25-01-04 18:55:57.877 - INFO: val/VAL_MSE: 0.004034195560961962	
25-01-04 18:55:57.877 - INFO: 
------------------------------Validation End------------------------------


25-01-04 19:15:16.089 - INFO: train/mse_loss: 0.002562217685151285	
25-01-04 19:15:16.090 - INFO: epoch: 78	
25-01-04 19:15:16.090 - INFO: iters: 686858	
25-01-04 19:15:16.090 - INFO: 


------------------------------Validation Start------------------------------
25-01-04 19:29:46.594 - INFO: val/mae: 0.6041328310966492	
25-01-04 19:29:46.596 - INFO: val/mse: 0.4629484713077545	
25-01-04 19:29:46.596 - INFO: val/SSIM: 0.1316116877632155	
25-01-04 19:29:46.596 - INFO: val/PSNR: 12.791432170693446	
25-01-04 19:29:46.596 - INFO: val/VAL_MSE: 0.0025207302533090115	
25-01-04 19:29:46.596 - INFO: 
------------------------------Validation End------------------------------


25-01-04 19:37:02.523 - INFO: train/mse_loss: 0.002652204957794055	
25-01-04 19:49:07.040 - INFO: train/mse_loss: 0.0025107241333215597	
25-01-04 19:49:07.041 - INFO: epoch: 79	
25-01-04 19:49:07.041 - INFO: iters: 695664	
25-01-04 19:49:07.041 - INFO: 


------------------------------Validation Start------------------------------
25-01-04 20:03:39.263 - INFO: val/mae: 0.022975938394665718	
25-01-04 20:03:39.265 - INFO: val/mse: 0.005602351855486631	
25-01-04 20:03:39.265 - INFO: val/SSIM: 0.8896635022897368	
25-01-04 20:03:39.265 - INFO: val/PSNR: 27.145242114118258	
25-01-04 20:03:39.265 - INFO: val/VAL_MSE: 0.0027011281345039606	
25-01-04 20:03:39.265 - INFO: 
------------------------------Validation End------------------------------


25-01-04 20:22:56.758 - INFO: train/mse_loss: 0.0027554757251303996	
25-01-04 20:22:56.760 - INFO: epoch: 80	
25-01-04 20:22:56.760 - INFO: iters: 704470	
25-01-04 20:22:56.760 - INFO: Saving the self at the end of epoch 80
25-01-04 20:23:02.144 - INFO: 


------------------------------Validation Start------------------------------
25-01-04 20:37:31.686 - INFO: val/mae: 0.2531314492225647	
25-01-04 20:37:31.688 - INFO: val/mse: 0.10730123519897461	
25-01-04 20:37:31.688 - INFO: val/SSIM: 0.38229656518759525	
25-01-04 20:37:31.688 - INFO: val/PSNR: 21.660116648604713	
25-01-04 20:37:31.688 - INFO: val/VAL_MSE: 0.0028147392440587282	
25-01-04 20:37:31.688 - INFO: 
------------------------------Validation End------------------------------


25-01-04 20:49:48.422 - INFO: train/mse_loss: 0.00283453357131135	
25-01-04 20:56:47.171 - INFO: train/mse_loss: 0.002696564028390912	
25-01-04 20:56:47.172 - INFO: epoch: 81	
25-01-04 20:56:47.172 - INFO: iters: 713276	
25-01-04 20:56:47.172 - INFO: 


------------------------------Validation Start------------------------------
25-01-04 21:11:17.704 - INFO: val/mae: 1.018757939338684	
25-01-04 21:11:17.707 - INFO: val/mse: 1.2009943723678589	
25-01-04 21:11:17.707 - INFO: val/SSIM: 0.04089541493490008	
25-01-04 21:11:17.707 - INFO: val/PSNR: 8.880842740901453	
25-01-04 21:11:17.707 - INFO: val/VAL_MSE: 0.0029235701076686382	
25-01-04 21:11:17.707 - INFO: 
------------------------------Validation End------------------------------


25-01-04 21:30:36.629 - INFO: train/mse_loss: 0.0025987834443041077	
25-01-04 21:30:36.630 - INFO: epoch: 82	
25-01-04 21:30:36.630 - INFO: iters: 722082	
25-01-04 21:30:36.630 - INFO: 


------------------------------Validation Start------------------------------
25-01-04 21:45:09.550 - INFO: val/mae: 0.550111711025238	
25-01-04 21:45:09.551 - INFO: val/mse: 0.4352068603038788	
25-01-04 21:45:09.551 - INFO: val/SSIM: 0.19035071979181914	
25-01-04 21:45:09.551 - INFO: val/PSNR: 13.020018931272038	
25-01-04 21:45:09.551 - INFO: val/VAL_MSE: 0.00360685121268034	
25-01-04 21:45:09.551 - INFO: 
------------------------------Validation End------------------------------


25-01-04 22:02:34.701 - INFO: train/mse_loss: 0.0027665570702740576	
25-01-04 22:04:28.922 - INFO: train/mse_loss: 0.0027849968789879923	
25-01-04 22:04:28.923 - INFO: epoch: 83	
25-01-04 22:04:28.923 - INFO: iters: 730888	
25-01-04 22:04:28.923 - INFO: 


------------------------------Validation Start------------------------------
25-01-04 22:18:59.616 - INFO: val/mae: 0.2777051627635956	
25-01-04 22:18:59.617 - INFO: val/mse: 0.16168390214443207	
25-01-04 22:18:59.617 - INFO: val/SSIM: 0.48327837826318837	
25-01-04 22:18:59.617 - INFO: val/PSNR: 19.82025303304971	
25-01-04 22:18:59.617 - INFO: val/VAL_MSE: 0.004335576668381691	
25-01-04 22:18:59.617 - INFO: 
------------------------------Validation End------------------------------


25-01-04 22:38:20.374 - INFO: train/mse_loss: 0.002491820925642175	
25-01-04 22:38:20.377 - INFO: epoch: 84	
25-01-04 22:38:20.377 - INFO: iters: 739694	
25-01-04 22:38:20.378 - INFO: 


------------------------------Validation Start------------------------------
25-01-04 22:52:50.002 - INFO: val/mae: 0.19887398183345795	
25-01-04 22:52:50.004 - INFO: val/mse: 0.07053571194410324	
25-01-04 22:52:50.004 - INFO: val/SSIM: 0.5019014472748767	
25-01-04 22:52:50.004 - INFO: val/PSNR: 22.908152680430515	
25-01-04 22:52:50.004 - INFO: val/VAL_MSE: 0.004345598630607128	
25-01-04 22:52:50.004 - INFO: 
------------------------------Validation End------------------------------


25-01-04 22:54:06.306 - INFO: train/mse_loss: 0.004416004828198237	
25-01-04 23:12:11.379 - INFO: train/mse_loss: 0.0024858305678307387	
25-01-04 23:12:11.381 - INFO: epoch: 85	
25-01-04 23:12:11.381 - INFO: iters: 748500	
25-01-04 23:12:11.381 - INFO: Saving the self at the end of epoch 85
25-01-04 23:12:16.613 - INFO: 


------------------------------Validation Start------------------------------
