25-01-02 23:22:04.278 - WARNING: Warning: visualization (Tensorboard) is configured to use, but currently not installed on this machine. Please install TensorboardX with 'pip install tensorboardx', upgrade PyTorch to version >= 1.1 to use 'torch.utils.tensorboard' or turn off the option in the 'config.json' file.
25-01-02 23:22:04.278 - INFO: Create the log file in directory experiments/train_mr2ct_lr2e-4_nc1.

25-01-02 23:22:05.614 - INFO: Network [Network() form models.network] is created.
25-01-02 23:22:05.614 - INFO: Network [Network] weights initialize using [kaiming] method.
25-01-02 23:22:22.837 - INFO: Dataset [MR2CTDataset() form data.dataset] is created.
25-01-02 23:22:22.838 - INFO: Dataset for train have 35188 samples.
25-01-02 23:22:28.024 - INFO: Dataset [MR2CTDataset() form data.dataset] is created.
25-01-02 23:22:28.024 - INFO: Dataset for val have 9229 samples.
25-01-02 23:22:29.162 - INFO: Metric [mae() form models.metric] is created.
25-01-02 23:22:29.162 - INFO: Metric [mse() form models.metric] is created.
25-01-02 23:22:29.162 - INFO: Metric [SSIM() form models.metric] is created.
25-01-02 23:22:29.163 - INFO: Metric [PSNR() form models.metric] is created.
25-01-02 23:22:29.164 - INFO: Loss [mse_loss() form models.loss] is created.
25-01-02 23:22:36.902 - INFO: Model [Palette() form models.model] is created.
25-01-02 23:22:36.902 - INFO: Begin model train.
25-01-02 23:41:22.758 - INFO: train/mse_loss: 0.05306737846334894	
25-01-02 23:41:22.766 - INFO: epoch: 1	
25-01-02 23:41:22.766 - INFO: iters: 8796	
25-01-02 23:41:22.766 - INFO: 


------------------------------Validation Start------------------------------
25-01-02 23:56:09.910 - INFO: val/mae: 0.7452182769775391	
25-01-02 23:56:09.911 - INFO: val/mse: 0.6456823348999023	
25-01-02 23:56:09.911 - INFO: val/SSIM: 0.037947463923303934	
25-01-02 23:56:09.911 - INFO: val/PSNR: 9.07185134510032	
25-01-02 23:56:09.911 - INFO: val/VAL_MSE: 0.009381595067679882	
25-01-02 23:56:09.911 - INFO: 
------------------------------Validation End------------------------------


25-01-03 00:14:52.740 - INFO: train/mse_loss: 0.009944717906783503	
25-01-03 00:14:52.742 - INFO: epoch: 2	
25-01-03 00:14:52.742 - INFO: iters: 17602	
25-01-03 00:14:52.742 - INFO: 


------------------------------Validation Start------------------------------
25-01-03 00:29:38.570 - INFO: val/mae: 0.5589115023612976	
25-01-03 00:29:38.571 - INFO: val/mse: 0.5129960179328918	
25-01-03 00:29:38.571 - INFO: val/SSIM: 0.11041734079824812	
25-01-03 00:29:38.571 - INFO: val/PSNR: 12.229291499106616	
25-01-03 00:29:38.571 - INFO: val/VAL_MSE: 0.005212163552641869	
25-01-03 00:29:38.571 - INFO: 
------------------------------Validation End------------------------------


25-01-03 00:34:47.594 - INFO: train/mse_loss: 0.00849295980298979	
25-01-03 00:48:22.289 - INFO: train/mse_loss: 0.006796134056627946	
25-01-03 00:48:22.291 - INFO: epoch: 3	
25-01-03 00:48:22.291 - INFO: iters: 26408	
25-01-03 00:48:22.291 - INFO: 


------------------------------Validation Start------------------------------
25-01-03 01:03:08.870 - INFO: val/mae: 0.7565399408340454	
25-01-03 01:03:08.872 - INFO: val/mse: 0.7486451268196106	
25-01-03 01:03:08.872 - INFO: val/SSIM: 0.06257789080440318	
25-01-03 01:03:08.872 - INFO: val/PSNR: 9.756845913380698	
25-01-03 01:03:08.872 - INFO: val/VAL_MSE: 0.005942662712186575	
25-01-03 01:03:08.872 - INFO: 
------------------------------Validation End------------------------------


25-01-03 01:21:53.394 - INFO: train/mse_loss: 0.00664284842130853	
25-01-03 01:21:53.396 - INFO: epoch: 4	
25-01-03 01:21:53.396 - INFO: iters: 35214	
25-01-03 01:21:53.396 - INFO: 


------------------------------Validation Start------------------------------
25-01-03 01:36:40.396 - INFO: val/mae: 0.5739758014678955	
25-01-03 01:36:40.397 - INFO: val/mse: 0.4231293797492981	
25-01-03 01:36:40.397 - INFO: val/SSIM: 0.0833159505283014	
25-01-03 01:36:40.397 - INFO: val/PSNR: 11.494248151301033	
25-01-03 01:36:40.397 - INFO: val/VAL_MSE: 0.005672800820320845	
25-01-03 01:36:40.397 - INFO: 
------------------------------Validation End------------------------------


25-01-03 01:46:51.422 - INFO: train/mse_loss: 0.0054304790806672274	
25-01-03 01:55:23.091 - INFO: train/mse_loss: 0.005592350803820741	
25-01-03 01:55:23.092 - INFO: epoch: 5	
25-01-03 01:55:23.092 - INFO: iters: 44020	
25-01-03 01:55:23.092 - INFO: Saving the self at the end of epoch 5
25-01-03 01:55:28.926 - INFO: 


------------------------------Validation Start------------------------------
25-01-03 02:10:13.198 - INFO: val/mae: 0.8746959567070007	
25-01-03 02:10:13.198 - INFO: val/mse: 0.9165505766868591	
25-01-03 02:10:13.199 - INFO: val/SSIM: 0.03604726140837666	
25-01-03 02:10:13.199 - INFO: val/PSNR: 8.738345083712668	
25-01-03 02:10:13.199 - INFO: val/VAL_MSE: 0.004933993797749281	
25-01-03 02:10:13.199 - INFO: 
------------------------------Validation End------------------------------


25-01-03 02:28:55.335 - INFO: train/mse_loss: 0.004977740142818169	
25-01-03 02:28:55.336 - INFO: epoch: 6	
25-01-03 02:28:55.336 - INFO: iters: 52826	
25-01-03 02:28:55.336 - INFO: 


------------------------------Validation Start------------------------------
25-01-03 02:43:39.888 - INFO: val/mae: 0.047854818403720856	
25-01-03 02:43:39.889 - INFO: val/mse: 0.016426000744104385	
25-01-03 02:43:39.889 - INFO: val/SSIM: 0.802764082944743	
25-01-03 02:43:39.889 - INFO: val/PSNR: 22.89602773636619	
25-01-03 02:43:39.889 - INFO: val/VAL_MSE: 0.005970715079456568	
25-01-03 02:43:39.889 - INFO: 
------------------------------Validation End------------------------------


25-01-03 02:58:56.953 - INFO: train/mse_loss: 0.00448969145136243	
25-01-03 03:02:24.579 - INFO: train/mse_loss: 0.004487240866261298	
25-01-03 03:02:24.580 - INFO: epoch: 7	
25-01-03 03:02:24.580 - INFO: iters: 61632	
25-01-03 03:02:24.580 - INFO: 


------------------------------Validation Start------------------------------
25-01-03 03:17:06.302 - INFO: val/mae: 1.3985470533370972	
25-01-03 03:17:06.303 - INFO: val/mse: 2.1411564350128174	
25-01-03 03:17:06.303 - INFO: val/SSIM: 0.012424385599084936	
25-01-03 03:17:06.303 - INFO: val/PSNR: 5.075803408542064	
25-01-03 03:17:06.303 - INFO: val/VAL_MSE: 0.0023919364903122187	
25-01-03 03:17:06.303 - INFO: 
------------------------------Validation End------------------------------


25-01-03 03:35:49.878 - INFO: train/mse_loss: 0.004453480299422189	
25-01-03 03:35:49.879 - INFO: epoch: 8	
25-01-03 03:35:49.879 - INFO: iters: 70438	
25-01-03 03:35:49.879 - INFO: 


------------------------------Validation Start------------------------------
25-01-03 03:50:34.694 - INFO: val/mae: 0.43049317598342896	
25-01-03 03:50:34.695 - INFO: val/mse: 0.497671902179718	
25-01-03 03:50:34.695 - INFO: val/SSIM: 0.3996063136723044	
25-01-03 03:50:34.695 - INFO: val/PSNR: 16.129899291909926	
25-01-03 03:50:34.695 - INFO: val/VAL_MSE: 0.003576342249289155	
25-01-03 03:50:34.695 - INFO: 
------------------------------Validation End------------------------------


25-01-03 04:09:19.397 - INFO: train/mse_loss: 0.004317513512964807	
25-01-03 04:09:19.398 - INFO: epoch: 9	
25-01-03 04:09:19.398 - INFO: iters: 79244	
25-01-03 04:09:19.398 - INFO: 


------------------------------Validation Start------------------------------
25-01-03 04:24:03.852 - INFO: val/mae: 0.6710474491119385	
25-01-03 04:24:03.853 - INFO: val/mse: 0.6601575613021851	
25-01-03 04:24:03.853 - INFO: val/SSIM: 0.09765494148500109	
25-01-03 04:24:03.853 - INFO: val/PSNR: 11.665860141996403	
25-01-03 04:24:03.853 - INFO: val/VAL_MSE: 0.00424602348357439	
25-01-03 04:24:03.853 - INFO: 
------------------------------Validation End------------------------------


25-01-03 04:42:46.807 - INFO: train/mse_loss: 0.003980753487853775	
25-01-03 04:42:46.808 - INFO: epoch: 10	
25-01-03 04:42:46.808 - INFO: iters: 88050	
25-01-03 04:42:46.808 - INFO: Saving the self at the end of epoch 10
25-01-03 04:42:52.252 - INFO: 


------------------------------Validation Start------------------------------
25-01-03 04:57:37.018 - INFO: val/mae: 1.1180260181427002	
25-01-03 04:57:37.019 - INFO: val/mse: 1.4936559200286865	
25-01-03 04:57:37.019 - INFO: val/SSIM: 0.027122914906037698	
25-01-03 04:57:37.019 - INFO: val/PSNR: 7.159386981981639	
25-01-03 04:57:37.019 - INFO: val/VAL_MSE: 0.0021373750641942024	
25-01-03 04:57:37.019 - INFO: 
------------------------------Validation End------------------------------


25-01-03 05:01:48.697 - INFO: train/mse_loss: 0.0049172011501403025	
25-01-03 05:16:21.173 - INFO: train/mse_loss: 0.004207471318943264	
25-01-03 05:16:21.174 - INFO: epoch: 11	
25-01-03 05:16:21.174 - INFO: iters: 96856	
25-01-03 05:16:21.174 - INFO: 


------------------------------Validation Start------------------------------
25-01-03 05:31:03.144 - INFO: val/mae: 0.44856926798820496	
25-01-03 05:31:03.145 - INFO: val/mse: 0.353743314743042	
25-01-03 05:31:03.145 - INFO: val/SSIM: 0.21645410398023354	
25-01-03 05:31:03.145 - INFO: val/PSNR: 16.283538008905513	
25-01-03 05:31:03.145 - INFO: val/VAL_MSE: 0.002690661931410432	
25-01-03 05:31:03.145 - INFO: 
------------------------------Validation End------------------------------


25-01-03 05:49:45.094 - INFO: train/mse_loss: 0.003850333409326003	
25-01-03 05:49:45.095 - INFO: epoch: 12	
25-01-03 05:49:45.095 - INFO: iters: 105662	
25-01-03 05:49:45.095 - INFO: 


------------------------------Validation Start------------------------------
25-01-03 06:04:29.152 - INFO: val/mae: 1.433182954788208	
25-01-03 06:04:29.153 - INFO: val/mse: 2.209764242172241	
25-01-03 06:04:29.153 - INFO: val/SSIM: 0.011370803294127258	
25-01-03 06:04:29.153 - INFO: val/PSNR: 4.951374171475036	
25-01-03 06:04:29.153 - INFO: val/VAL_MSE: 0.007004048675298691	
25-01-03 06:04:29.153 - INFO: 
------------------------------Validation End------------------------------


25-01-03 06:13:43.850 - INFO: train/mse_loss: 0.0035053572988383666	
25-01-03 06:23:11.544 - INFO: train/mse_loss: 0.0037276370231166043	
25-01-03 06:23:11.545 - INFO: epoch: 13	
25-01-03 06:23:11.545 - INFO: iters: 114468	
25-01-03 06:23:11.545 - INFO: 


------------------------------Validation Start------------------------------
25-01-03 06:37:57.891 - INFO: val/mae: 0.9300979971885681	
25-01-03 06:37:57.893 - INFO: val/mse: 1.0591422319412231	
25-01-03 06:37:57.893 - INFO: val/SSIM: 0.02333137295544417	
25-01-03 06:37:57.893 - INFO: val/PSNR: 7.384883677732454	
25-01-03 06:37:57.893 - INFO: val/VAL_MSE: 0.003125852672383189	
25-01-03 06:37:57.893 - INFO: 
------------------------------Validation End------------------------------


25-01-03 06:56:41.939 - INFO: train/mse_loss: 0.0037922543410569467	
25-01-03 06:56:41.941 - INFO: epoch: 14	
25-01-03 06:56:41.941 - INFO: iters: 123274	
25-01-03 06:56:41.941 - INFO: 


------------------------------Validation Start------------------------------
25-01-03 07:11:30.894 - INFO: val/mae: 0.9485732913017273	
25-01-03 07:11:30.896 - INFO: val/mse: 1.1085426807403564	
25-01-03 07:11:30.896 - INFO: val/SSIM: 0.041655083955119486	
25-01-03 07:11:30.896 - INFO: val/PSNR: 8.571213399724202	
25-01-03 07:11:30.896 - INFO: val/VAL_MSE: 0.002632951596751809	
25-01-03 07:11:30.896 - INFO: 
------------------------------Validation End------------------------------


25-01-03 07:25:50.514 - INFO: train/mse_loss: 0.004023783819934403	
25-01-03 07:30:15.531 - INFO: train/mse_loss: 0.003961260163072911	
25-01-03 07:30:15.532 - INFO: epoch: 15	
25-01-03 07:30:15.532 - INFO: iters: 132080	
25-01-03 07:30:15.533 - INFO: Saving the self at the end of epoch 15
25-01-03 07:30:20.625 - INFO: 


------------------------------Validation Start------------------------------
25-01-03 07:45:03.503 - INFO: val/mae: 0.25025615096092224	
25-01-03 07:45:03.505 - INFO: val/mse: 0.1782929003238678	
25-01-03 07:45:03.505 - INFO: val/SSIM: 0.40336413961898493	
25-01-03 07:45:03.505 - INFO: val/PSNR: 20.190214533144754	
25-01-03 07:45:03.505 - INFO: val/VAL_MSE: 0.0020842677913606167	
25-01-03 07:45:03.505 - INFO: 
------------------------------Validation End------------------------------


25-01-03 08:03:47.481 - INFO: train/mse_loss: 0.003853316702436724	
25-01-03 08:03:47.483 - INFO: epoch: 16	
25-01-03 08:03:47.483 - INFO: iters: 140886	
25-01-03 08:03:47.483 - INFO: 


------------------------------Validation Start------------------------------
25-01-03 08:18:33.741 - INFO: val/mae: 0.8247830271720886	
25-01-03 08:18:33.742 - INFO: val/mse: 0.9526523947715759	
25-01-03 08:18:33.742 - INFO: val/SSIM: 0.08737004223159694	
25-01-03 08:18:33.742 - INFO: val/PSNR: 10.567827128808036	
25-01-03 08:18:33.742 - INFO: val/VAL_MSE: 0.0020094309002161026	
25-01-03 08:18:33.742 - INFO: 
------------------------------Validation End------------------------------


25-01-03 08:37:14.854 - INFO: train/mse_loss: 0.003315668493222119	
25-01-03 08:37:14.856 - INFO: epoch: 17	
25-01-03 08:37:14.856 - INFO: iters: 149692	
25-01-03 08:37:14.856 - INFO: 


------------------------------Validation Start------------------------------
25-01-03 08:51:57.332 - INFO: val/mae: 1.4582607746124268	
25-01-03 08:51:57.333 - INFO: val/mse: 2.2641477584838867	
25-01-03 08:51:57.333 - INFO: val/SSIM: 0.009994612828490556	
25-01-03 08:51:57.333 - INFO: val/PSNR: 4.634716282680591	
25-01-03 08:51:57.333 - INFO: val/VAL_MSE: 0.002266768366098404	
25-01-03 08:51:57.333 - INFO: 
------------------------------Validation End------------------------------


25-01-03 09:10:42.032 - INFO: train/mse_loss: 0.0033810302399146864	
25-01-03 09:10:42.033 - INFO: epoch: 18	
25-01-03 09:10:42.033 - INFO: iters: 158498	
25-01-03 09:10:42.033 - INFO: 


------------------------------Validation Start------------------------------
25-01-03 09:25:29.552 - INFO: val/mae: 0.8135598301887512	
25-01-03 09:25:29.553 - INFO: val/mse: 0.8967294096946716	
25-01-03 09:25:29.554 - INFO: val/SSIM: 0.09305480817541176	
25-01-03 09:25:29.554 - INFO: val/PSNR: 10.720825374003395	
25-01-03 09:25:29.554 - INFO: val/VAL_MSE: 0.0039330231957137585	
25-01-03 09:25:29.554 - INFO: 
------------------------------Validation End------------------------------


25-01-03 09:28:43.702 - INFO: train/mse_loss: 0.004034685621158786	
25-01-03 09:44:11.347 - INFO: train/mse_loss: 0.0035868450474716013	
25-01-03 09:44:11.348 - INFO: epoch: 19	
25-01-03 09:44:11.348 - INFO: iters: 167304	
25-01-03 09:44:11.348 - INFO: 


------------------------------Validation Start------------------------------
25-01-03 09:58:54.522 - INFO: val/mae: 1.3648663759231567	
25-01-03 09:58:54.524 - INFO: val/mse: 2.05930233001709	
25-01-03 09:58:54.524 - INFO: val/SSIM: 0.012345776416541889	
25-01-03 09:58:54.524 - INFO: val/PSNR: 5.223907509965761	
25-01-03 09:58:54.524 - INFO: val/VAL_MSE: 0.00233020749874413	
25-01-03 09:58:54.524 - INFO: 
------------------------------Validation End------------------------------


25-01-03 10:17:36.892 - INFO: train/mse_loss: 0.00326997058957027	
25-01-03 10:17:36.893 - INFO: epoch: 20	
25-01-03 10:17:36.893 - INFO: iters: 176110	
25-01-03 10:17:36.893 - INFO: Saving the self at the end of epoch 20
25-01-03 10:17:42.275 - INFO: 


------------------------------Validation Start------------------------------
25-01-03 10:32:24.077 - INFO: val/mae: 1.06918466091156	
25-01-03 10:32:24.079 - INFO: val/mse: 1.3443872928619385	
25-01-03 10:32:24.079 - INFO: val/SSIM: 0.022432696885172434	
25-01-03 10:32:24.079 - INFO: val/PSNR: 7.4451381610591225	
25-01-03 10:32:24.079 - INFO: val/VAL_MSE: 0.003944931086152792	
25-01-03 10:32:24.079 - INFO: 
------------------------------Validation End------------------------------


25-01-03 10:40:40.739 - INFO: train/mse_loss: 0.0028718817494196047	
25-01-03 10:51:07.329 - INFO: train/mse_loss: 0.003128896809518159	
25-01-03 10:51:07.331 - INFO: epoch: 21	
25-01-03 10:51:07.331 - INFO: iters: 184916	
25-01-03 10:51:07.331 - INFO: 


------------------------------Validation Start------------------------------
25-01-03 11:05:53.118 - INFO: val/mae: 0.36254680156707764	
25-01-03 11:05:53.120 - INFO: val/mse: 0.35768601298332214	
25-01-03 11:05:53.120 - INFO: val/SSIM: 0.4409926496017498	
25-01-03 11:05:53.120 - INFO: val/PSNR: 18.889439868897643	
25-01-03 11:05:53.120 - INFO: val/VAL_MSE: 0.0025303878355771303	
25-01-03 11:05:53.120 - INFO: 
------------------------------Validation End------------------------------


25-01-03 11:24:36.487 - INFO: train/mse_loss: 0.003646458406809328	
25-01-03 11:24:36.489 - INFO: epoch: 22	
25-01-03 11:24:36.489 - INFO: iters: 193722	
25-01-03 11:24:36.489 - INFO: 


------------------------------Validation Start------------------------------
25-01-03 11:39:23.413 - INFO: val/mae: 0.10438251495361328	
25-01-03 11:39:23.414 - INFO: val/mse: 0.043391671031713486	
25-01-03 11:39:23.414 - INFO: val/SSIM: 0.7107529100772673	
25-01-03 11:39:23.414 - INFO: val/PSNR: 23.364729080867974	
25-01-03 11:39:23.414 - INFO: val/VAL_MSE: 0.0026928531005978584	
25-01-03 11:39:23.414 - INFO: 
------------------------------Validation End------------------------------


25-01-03 11:52:43.026 - INFO: train/mse_loss: 0.0033674398901094946	
25-01-03 11:58:05.841 - INFO: train/mse_loss: 0.003342761775465578	
25-01-03 11:58:05.842 - INFO: epoch: 23	
25-01-03 11:58:05.842 - INFO: iters: 202528	
25-01-03 11:58:05.843 - INFO: 


------------------------------Validation Start------------------------------
25-01-03 12:12:55.028 - INFO: val/mae: 0.6705843806266785	
25-01-03 12:12:55.030 - INFO: val/mse: 0.5980178117752075	
25-01-03 12:12:55.030 - INFO: val/SSIM: 0.11957566417356527	
25-01-03 12:12:55.030 - INFO: val/PSNR: 11.344594620100393	
25-01-03 12:12:55.030 - INFO: val/VAL_MSE: 0.0026385667733848095	
25-01-03 12:12:55.030 - INFO: 
------------------------------Validation End------------------------------


25-01-03 12:31:36.726 - INFO: train/mse_loss: 0.003446247174774666	
25-01-03 12:31:36.727 - INFO: epoch: 24	
25-01-03 12:31:36.727 - INFO: iters: 211334	
25-01-03 12:31:36.727 - INFO: 


------------------------------Validation Start------------------------------
25-01-03 12:46:24.442 - INFO: val/mae: 0.4300227165222168	
25-01-03 12:46:24.443 - INFO: val/mse: 0.3982284367084503	
25-01-03 12:46:24.443 - INFO: val/SSIM: 0.32963175299515785	
25-01-03 12:46:24.443 - INFO: val/PSNR: 17.626642907156644	
25-01-03 12:46:24.443 - INFO: val/VAL_MSE: 0.005644093733280897	
25-01-03 12:46:24.443 - INFO: 
------------------------------Validation End------------------------------


25-01-03 13:04:47.330 - INFO: train/mse_loss: 0.0032447786282767564	
25-01-03 13:05:06.201 - INFO: train/mse_loss: 0.0032338817554446674	
25-01-03 13:05:06.203 - INFO: epoch: 25	
25-01-03 13:05:06.204 - INFO: iters: 220140	
25-01-03 13:05:06.204 - INFO: Saving the self at the end of epoch 25
25-01-03 13:05:11.871 - INFO: 


------------------------------Validation Start------------------------------
25-01-03 13:19:54.427 - INFO: val/mae: 0.07831503450870514	
25-01-03 13:19:54.429 - INFO: val/mse: 0.022028403356671333	
25-01-03 13:19:54.429 - INFO: val/SSIM: 0.7229388841757408	
25-01-03 13:19:54.429 - INFO: val/PSNR: 24.538645014336982	
25-01-03 13:19:54.429 - INFO: val/VAL_MSE: 0.0029828594997525215	
25-01-03 13:19:54.429 - INFO: 
------------------------------Validation End------------------------------


25-01-03 13:38:39.631 - INFO: train/mse_loss: 0.003153982841644142	
25-01-03 13:38:39.634 - INFO: epoch: 26	
25-01-03 13:38:39.634 - INFO: iters: 228946	
25-01-03 13:38:39.634 - INFO: 


------------------------------Validation Start------------------------------
25-01-03 13:53:24.762 - INFO: val/mae: 0.14323082566261292	
25-01-03 13:53:24.764 - INFO: val/mse: 0.04562869295477867	
25-01-03 13:53:24.764 - INFO: val/SSIM: 0.5356989613068539	
25-01-03 13:53:24.764 - INFO: val/PSNR: 23.36523287581499	
25-01-03 13:53:24.764 - INFO: val/VAL_MSE: 0.005256793461740017	
25-01-03 13:53:24.764 - INFO: 
------------------------------Validation End------------------------------


25-01-03 13:55:41.893 - INFO: train/mse_loss: 0.0030725838737644816	
25-01-03 14:12:06.656 - INFO: train/mse_loss: 0.0031173651335519043	
25-01-03 14:12:06.658 - INFO: epoch: 27	
25-01-03 14:12:06.658 - INFO: iters: 237752	
25-01-03 14:12:06.658 - INFO: 


------------------------------Validation Start------------------------------
25-01-03 14:26:50.472 - INFO: val/mae: 0.06331289559602737	
25-01-03 14:26:50.473 - INFO: val/mse: 0.02093082293868065	
25-01-03 14:26:50.473 - INFO: val/SSIM: 0.7235059411075448	
25-01-03 14:26:50.473 - INFO: val/PSNR: 23.511371937985253	
25-01-03 14:26:50.473 - INFO: val/VAL_MSE: 0.004138126969337463	
25-01-03 14:26:50.473 - INFO: 
------------------------------Validation End------------------------------


25-01-03 14:45:34.178 - INFO: train/mse_loss: 0.0029698031860422485	
25-01-03 14:45:34.179 - INFO: epoch: 28	
25-01-03 14:45:34.179 - INFO: iters: 246558	
25-01-03 14:45:34.179 - INFO: 


------------------------------Validation Start------------------------------
25-01-03 15:00:21.416 - INFO: val/mae: 1.0471200942993164	
25-01-03 15:00:21.417 - INFO: val/mse: 1.354128360748291	
25-01-03 15:00:21.417 - INFO: val/SSIM: 0.06367765598902	
25-01-03 15:00:21.417 - INFO: val/PSNR: 8.826354796645528	
25-01-03 15:00:21.417 - INFO: val/VAL_MSE: 0.0033141656313091516	
25-01-03 15:00:21.417 - INFO: 
------------------------------Validation End------------------------------


25-01-03 15:07:42.093 - INFO: train/mse_loss: 0.0029449491885316093	
25-01-03 15:19:04.093 - INFO: train/mse_loss: 0.002970868058760969	
25-01-03 15:19:04.095 - INFO: epoch: 29	
25-01-03 15:19:04.095 - INFO: iters: 255364	
25-01-03 15:19:04.095 - INFO: 


------------------------------Validation Start------------------------------
25-01-03 15:33:50.491 - INFO: val/mae: 0.20426373183727264	
25-01-03 15:33:50.492 - INFO: val/mse: 0.12391656637191772	
25-01-03 15:33:50.492 - INFO: val/SSIM: 0.5125637427388818	
25-01-03 15:33:50.492 - INFO: val/PSNR: 21.072136593929674	
25-01-03 15:33:50.492 - INFO: val/VAL_MSE: 0.0026426806580275297	
25-01-03 15:33:50.492 - INFO: 
------------------------------Validation End------------------------------


25-01-03 15:52:31.637 - INFO: train/mse_loss: 0.0034737299706394265	
25-01-03 15:52:31.639 - INFO: epoch: 30	
25-01-03 15:52:31.639 - INFO: iters: 264170	
25-01-03 15:52:31.639 - INFO: Saving the self at the end of epoch 30
25-01-03 15:52:38.215 - INFO: 


------------------------------Validation Start------------------------------
25-01-03 16:07:20.577 - INFO: val/mae: 1.0753815174102783	
25-01-03 16:07:20.579 - INFO: val/mse: 1.4126371145248413	
25-01-03 16:07:20.579 - INFO: val/SSIM: 0.07089159239504772	
25-01-03 16:07:20.579 - INFO: val/PSNR: 9.392611694677445	
25-01-03 16:07:20.579 - INFO: val/VAL_MSE: 0.0023619404528290033	
25-01-03 16:07:20.579 - INFO: 
------------------------------Validation End------------------------------


25-01-03 16:19:44.796 - INFO: train/mse_loss: 0.003537015626792571	
25-01-03 16:26:04.477 - INFO: train/mse_loss: 0.0034639605934422136	
25-01-03 16:26:04.478 - INFO: epoch: 31	
25-01-03 16:26:04.478 - INFO: iters: 272976	
25-01-03 16:26:04.478 - INFO: 


------------------------------Validation Start------------------------------
25-01-03 16:40:54.680 - INFO: val/mae: 0.3270587921142578	
25-01-03 16:40:54.682 - INFO: val/mse: 0.24951191246509552	
25-01-03 16:40:54.682 - INFO: val/SSIM: 0.43511627043037215	
25-01-03 16:40:54.682 - INFO: val/PSNR: 19.895433231238325	
25-01-03 16:40:54.682 - INFO: val/VAL_MSE: 0.0023776418529450893	
25-01-03 16:40:54.682 - INFO: 
------------------------------Validation End------------------------------


25-01-03 17:00:00.151 - INFO: train/mse_loss: 0.0030804564551244217	
25-01-03 17:00:00.152 - INFO: epoch: 32	
25-01-03 17:00:00.152 - INFO: iters: 281782	
25-01-03 17:00:00.152 - INFO: 


------------------------------Validation Start------------------------------
25-01-03 17:14:55.274 - INFO: val/mae: 0.763692319393158	
25-01-03 17:14:55.276 - INFO: val/mse: 0.8180717825889587	
25-01-03 17:14:55.276 - INFO: val/SSIM: 0.11761994779873726	
25-01-03 17:14:55.276 - INFO: val/PSNR: 12.691911641203095	
25-01-03 17:14:55.276 - INFO: val/VAL_MSE: 0.003615723457187414	
25-01-03 17:14:55.276 - INFO: 
------------------------------Validation End------------------------------


25-01-03 17:32:42.173 - INFO: train/mse_loss: 0.0029203817594661567	
25-01-03 17:33:58.702 - INFO: train/mse_loss: 0.002977930033251002	
25-01-03 17:33:58.703 - INFO: epoch: 33	
25-01-03 17:33:58.703 - INFO: iters: 290588	
25-01-03 17:33:58.703 - INFO: 


------------------------------Validation Start------------------------------
25-01-03 17:48:50.427 - INFO: val/mae: 0.5959503650665283	
25-01-03 17:48:50.429 - INFO: val/mse: 0.6597307920455933	
25-01-03 17:48:50.429 - INFO: val/SSIM: 0.3500035735749212	
25-01-03 17:48:50.429 - INFO: val/PSNR: 15.282954954444325	
25-01-03 17:48:50.429 - INFO: val/VAL_MSE: 0.0019481891067698598	
25-01-03 17:48:50.429 - INFO: 
------------------------------Validation End------------------------------


25-01-03 18:07:53.797 - INFO: train/mse_loss: 0.0028260720700754066	
25-01-03 18:07:53.799 - INFO: epoch: 34	
25-01-03 18:07:53.799 - INFO: iters: 299394	
25-01-03 18:07:53.799 - INFO: 


------------------------------Validation Start------------------------------
25-01-03 18:22:47.377 - INFO: val/mae: 0.32865017652511597	
25-01-03 18:22:47.378 - INFO: val/mse: 0.26806819438934326	
25-01-03 18:22:47.378 - INFO: val/SSIM: 0.4055226820545205	
25-01-03 18:22:47.378 - INFO: val/PSNR: 19.079080833255624	
25-01-03 18:22:47.378 - INFO: val/VAL_MSE: 0.0030709446873515844	
25-01-03 18:22:47.379 - INFO: 
------------------------------Validation End------------------------------


25-01-03 18:24:10.331 - INFO: train/mse_loss: 0.003973361144573646	
25-01-03 18:41:54.217 - INFO: train/mse_loss: 0.0032490864639586736	
25-01-03 18:41:54.218 - INFO: epoch: 35	
25-01-03 18:41:54.218 - INFO: iters: 308200	
25-01-03 18:41:54.218 - INFO: Saving the self at the end of epoch 35
25-01-03 18:41:59.422 - INFO: 


------------------------------Validation Start------------------------------
25-01-03 18:56:47.566 - INFO: val/mae: 1.2694560289382935	
25-01-03 18:56:47.568 - INFO: val/mse: 1.7804285287857056	
25-01-03 18:56:47.568 - INFO: val/SSIM: 0.01589266913676695	
25-01-03 18:56:47.568 - INFO: val/PSNR: 6.704442772796322	
25-01-03 18:56:47.568 - INFO: val/VAL_MSE: 0.0041683814488351345	
25-01-03 18:56:47.568 - INFO: 
------------------------------Validation End------------------------------


25-01-03 19:15:50.604 - INFO: train/mse_loss: 0.003049591958006948	
25-01-03 19:15:50.606 - INFO: epoch: 36	
25-01-03 19:15:50.606 - INFO: iters: 317006	
25-01-03 19:15:50.606 - INFO: 


------------------------------Validation Start------------------------------
25-01-03 19:30:41.902 - INFO: val/mae: 0.4824874997138977	
25-01-03 19:30:41.904 - INFO: val/mse: 0.5036082863807678	
25-01-03 19:30:41.904 - INFO: val/SSIM: 0.35784934265564583	
25-01-03 19:30:41.904 - INFO: val/PSNR: 17.83630996925867	
25-01-03 19:30:41.904 - INFO: val/VAL_MSE: 0.004188499413430691	
25-01-03 19:30:41.904 - INFO: 
------------------------------Validation End------------------------------


25-01-03 19:37:12.471 - INFO: train/mse_loss: 0.0030259421200948488	
25-01-03 19:49:45.995 - INFO: train/mse_loss: 0.0030387856542401824	
25-01-03 19:49:45.997 - INFO: epoch: 37	
25-01-03 19:49:45.997 - INFO: iters: 325812	
25-01-03 19:49:45.997 - INFO: 


------------------------------Validation Start------------------------------
25-01-03 20:04:37.972 - INFO: val/mae: 0.3292709290981293	
25-01-03 20:04:37.973 - INFO: val/mse: 0.24494250118732452	
25-01-03 20:04:37.973 - INFO: val/SSIM: 0.429600335408116	
25-01-03 20:04:37.973 - INFO: val/PSNR: 19.67932089743658	
25-01-03 20:04:37.973 - INFO: val/VAL_MSE: 0.0033796692732721567	
25-01-03 20:04:37.973 - INFO: 
------------------------------Validation End------------------------------


25-01-03 20:23:42.489 - INFO: train/mse_loss: 0.0028780136230718303	
25-01-03 20:23:42.491 - INFO: epoch: 38	
25-01-03 20:23:42.491 - INFO: iters: 334618	
25-01-03 20:23:42.492 - INFO: 


------------------------------Validation Start------------------------------
25-01-03 20:38:34.487 - INFO: val/mae: 0.8348391652107239	
25-01-03 20:38:34.489 - INFO: val/mse: 0.8604519963264465	
25-01-03 20:38:34.489 - INFO: val/SSIM: 0.06421748767099883	
25-01-03 20:38:34.489 - INFO: val/PSNR: 10.961299525033235	
25-01-03 20:38:34.489 - INFO: val/VAL_MSE: 0.0036915333475917578	
25-01-03 20:38:34.489 - INFO: 
------------------------------Validation End------------------------------


25-01-03 20:50:16.340 - INFO: train/mse_loss: 0.00249700416850636	
25-01-03 20:57:40.688 - INFO: train/mse_loss: 0.0026132354890417687	
25-01-03 20:57:40.689 - INFO: epoch: 39	
25-01-03 20:57:40.689 - INFO: iters: 343424	
25-01-03 20:57:40.689 - INFO: 


------------------------------Validation Start------------------------------
25-01-03 21:12:30.605 - INFO: val/mae: 0.2280014604330063	
25-01-03 21:12:30.607 - INFO: val/mse: 0.1407007873058319	
25-01-03 21:12:30.607 - INFO: val/SSIM: 0.5085653577879012	
25-01-03 21:12:30.607 - INFO: val/PSNR: 20.864001509579406	
25-01-03 21:12:30.607 - INFO: val/VAL_MSE: 0.00310801831074059	
25-01-03 21:12:30.607 - INFO: 
------------------------------Validation End------------------------------


25-01-03 21:31:35.316 - INFO: train/mse_loss: 0.002956563367056885	
25-01-03 21:31:35.317 - INFO: epoch: 40	
25-01-03 21:31:35.317 - INFO: iters: 352230	
25-01-03 21:31:35.317 - INFO: Saving the self at the end of epoch 40
25-01-03 21:31:40.776 - INFO: 


------------------------------Validation Start------------------------------
25-01-03 21:46:29.868 - INFO: val/mae: 0.4394024908542633	
25-01-03 21:46:29.870 - INFO: val/mse: 0.365642786026001	
25-01-03 21:46:29.870 - INFO: val/SSIM: 0.29033682187815096	
25-01-03 21:46:29.870 - INFO: val/PSNR: 17.364224256074426	
25-01-03 21:46:29.870 - INFO: val/VAL_MSE: 0.0048820446245372295	
25-01-03 21:46:29.870 - INFO: 
------------------------------Validation End------------------------------


25-01-03 22:03:18.568 - INFO: train/mse_loss: 0.0027464079453023158	
25-01-03 22:05:32.967 - INFO: train/mse_loss: 0.0027447673746932755	
25-01-03 22:05:32.968 - INFO: epoch: 41	
25-01-03 22:05:32.968 - INFO: iters: 361036	
25-01-03 22:05:32.968 - INFO: 


------------------------------Validation Start------------------------------
25-01-03 22:20:25.609 - INFO: val/mae: 0.2823147475719452	
25-01-03 22:20:25.611 - INFO: val/mse: 0.19675104320049286	
25-01-03 22:20:25.611 - INFO: val/SSIM: 0.41256753013441616	
25-01-03 22:20:25.611 - INFO: val/PSNR: 19.833723859076887	
25-01-03 22:20:25.611 - INFO: val/VAL_MSE: 0.004323946312069893	
25-01-03 22:20:25.611 - INFO: 
------------------------------Validation End------------------------------


25-01-03 22:39:28.383 - INFO: train/mse_loss: 0.0032192455312742415	
25-01-03 22:39:28.384 - INFO: epoch: 42	
25-01-03 22:39:28.385 - INFO: iters: 369842	
25-01-03 22:39:28.385 - INFO: 


------------------------------Validation Start------------------------------
25-01-03 22:54:21.608 - INFO: val/mae: 0.5809723734855652	
25-01-03 22:54:21.610 - INFO: val/mse: 0.5261396765708923	
25-01-03 22:54:21.610 - INFO: val/SSIM: 0.1703281706557143	
25-01-03 22:54:21.610 - INFO: val/PSNR: 14.083467421512438	
25-01-03 22:54:21.610 - INFO: val/VAL_MSE: 0.0027687293477356434	
25-01-03 22:54:21.610 - INFO: 
------------------------------Validation End------------------------------


25-01-03 22:54:46.666 - INFO: train/mse_loss: 0.002306894179963746	
25-01-03 23:13:25.415 - INFO: train/mse_loss: 0.0031118063027420046	
25-01-03 23:13:25.417 - INFO: epoch: 43	
25-01-03 23:13:25.417 - INFO: iters: 378648	
25-01-03 23:13:25.417 - INFO: 


------------------------------Validation Start------------------------------
25-01-03 23:28:18.874 - INFO: val/mae: 0.03943578153848648	
25-01-03 23:28:18.876 - INFO: val/mse: 0.01035328209400177	
25-01-03 23:28:18.876 - INFO: val/SSIM: 0.8192648826738687	
25-01-03 23:28:18.876 - INFO: val/PSNR: 24.35092056803516	
25-01-03 23:28:18.876 - INFO: val/VAL_MSE: 0.0025913056451827288	
25-01-03 23:28:18.876 - INFO: 
------------------------------Validation End------------------------------


25-01-03 23:47:23.605 - INFO: train/mse_loss: 0.002946662671309505	
25-01-03 23:47:23.607 - INFO: epoch: 44	
25-01-03 23:47:23.607 - INFO: iters: 387454	
25-01-03 23:47:23.607 - INFO: 


------------------------------Validation Start------------------------------
25-01-04 00:02:16.206 - INFO: val/mae: 1.1373211145401	
25-01-04 00:02:16.208 - INFO: val/mse: 1.5143846273422241	
25-01-04 00:02:16.208 - INFO: val/SSIM: 0.049656275617877554	
25-01-04 00:02:16.209 - INFO: val/PSNR: 8.772881475034781	
25-01-04 00:02:16.209 - INFO: val/VAL_MSE: 0.003655917476862669	
25-01-04 00:02:16.209 - INFO: 
------------------------------Validation End------------------------------


25-01-04 00:07:49.705 - INFO: train/mse_loss: 0.0022137517226961468	
25-01-04 00:21:23.230 - INFO: train/mse_loss: 0.0026328533744309408	
25-01-04 00:21:23.232 - INFO: epoch: 45	
25-01-04 00:21:23.232 - INFO: iters: 396260	
25-01-04 00:21:23.232 - INFO: Saving the self at the end of epoch 45
25-01-04 00:21:28.882 - INFO: 


------------------------------Validation Start------------------------------
25-01-04 00:36:19.548 - INFO: val/mae: 0.10954330116510391	
25-01-04 00:36:19.549 - INFO: val/mse: 0.06242339685559273	
25-01-04 00:36:19.549 - INFO: val/SSIM: 0.738494393980482	
25-01-04 00:36:19.549 - INFO: val/PSNR: 22.982010768861382	
25-01-04 00:36:19.549 - INFO: val/VAL_MSE: 0.005336616653949022	
25-01-04 00:36:19.549 - INFO: 
------------------------------Validation End------------------------------


25-01-04 00:55:22.119 - INFO: train/mse_loss: 0.003000405963898776	
25-01-04 00:55:22.120 - INFO: epoch: 46	
25-01-04 00:55:22.121 - INFO: iters: 405066	
25-01-04 00:55:22.121 - INFO: 


------------------------------Validation Start------------------------------
25-01-04 01:10:12.925 - INFO: val/mae: 0.060608237981796265	
25-01-04 01:10:12.927 - INFO: val/mse: 0.020237747579813004	
25-01-04 01:10:12.927 - INFO: val/SSIM: 0.7796405160035249	
25-01-04 01:10:12.927 - INFO: val/PSNR: 25.558903282006504	
25-01-04 01:10:12.927 - INFO: val/VAL_MSE: 0.003446007613092661	
25-01-04 01:10:12.927 - INFO: 
------------------------------Validation End------------------------------


25-01-04 01:20:54.370 - INFO: train/mse_loss: 0.0028538424484388716	
25-01-04 01:29:15.440 - INFO: train/mse_loss: 0.002776736429729001	
25-01-04 01:29:15.441 - INFO: epoch: 47	
25-01-04 01:29:15.442 - INFO: iters: 413872	
25-01-04 01:29:15.442 - INFO: 


------------------------------Validation Start------------------------------
25-01-04 01:44:04.376 - INFO: val/mae: 0.5484978556632996	
25-01-04 01:44:04.378 - INFO: val/mse: 0.5178820490837097	
25-01-04 01:44:04.378 - INFO: val/SSIM: 0.20484032611440406	
25-01-04 01:44:04.378 - INFO: val/PSNR: 15.006350588396197	
25-01-04 01:44:04.378 - INFO: val/VAL_MSE: 0.0037333020009100437	
25-01-04 01:44:04.379 - INFO: 
------------------------------Validation End------------------------------


25-01-04 02:03:06.299 - INFO: train/mse_loss: 0.0029341763454728	
25-01-04 02:03:06.301 - INFO: epoch: 48	
25-01-04 02:03:06.301 - INFO: iters: 422678	
25-01-04 02:03:06.301 - INFO: 


------------------------------Validation Start------------------------------
25-01-04 02:17:59.039 - INFO: val/mae: 0.9548611044883728	
25-01-04 02:17:59.041 - INFO: val/mse: 1.0818867683410645	
25-01-04 02:17:59.041 - INFO: val/SSIM: 0.043952140755854206	
25-01-04 02:17:59.041 - INFO: val/PSNR: 10.300032288966019	
25-01-04 02:17:59.041 - INFO: val/VAL_MSE: 0.002585718408226967	
25-01-04 02:17:59.041 - INFO: 
------------------------------Validation End------------------------------


25-01-04 02:33:47.802 - INFO: train/mse_loss: 0.0023733438947183896	
25-01-04 02:37:00.414 - INFO: train/mse_loss: 0.002487087567453815	
25-01-04 02:37:00.417 - INFO: epoch: 49	
25-01-04 02:37:00.417 - INFO: iters: 431484	
25-01-04 02:37:00.417 - INFO: 


------------------------------Validation Start------------------------------
25-01-04 02:51:48.794 - INFO: val/mae: 1.2742048501968384	
25-01-04 02:51:48.796 - INFO: val/mse: 1.7807317972183228	
25-01-04 02:51:48.796 - INFO: val/SSIM: 0.015138309482236188	
25-01-04 02:51:48.796 - INFO: val/PSNR: 6.798091160797367	
25-01-04 02:51:48.796 - INFO: val/VAL_MSE: 0.0023048908915370703	
25-01-04 02:51:48.796 - INFO: 
------------------------------Validation End------------------------------


25-01-04 03:10:52.722 - INFO: train/mse_loss: 0.002917440490227963	
25-01-04 03:10:52.724 - INFO: epoch: 50	
25-01-04 03:10:52.724 - INFO: iters: 440290	
25-01-04 03:10:52.724 - INFO: Saving the self at the end of epoch 50
25-01-04 03:10:58.585 - INFO: 


------------------------------Validation Start------------------------------
25-01-04 03:25:49.603 - INFO: val/mae: 0.621482253074646	
25-01-04 03:25:49.604 - INFO: val/mse: 0.5046971440315247	
25-01-04 03:25:49.605 - INFO: val/SSIM: 0.1274262402130589	
25-01-04 03:25:49.605 - INFO: val/PSNR: 13.672635037881767	
25-01-04 03:25:49.605 - INFO: val/VAL_MSE: 0.0025633773766458035	
25-01-04 03:25:49.605 - INFO: 
------------------------------Validation End------------------------------


25-01-04 03:44:53.525 - INFO: train/mse_loss: 0.0026207507916350243	
25-01-04 03:44:53.527 - INFO: epoch: 51	
25-01-04 03:44:53.527 - INFO: iters: 449096	
25-01-04 03:44:53.527 - INFO: 


------------------------------Validation Start------------------------------
25-01-04 03:59:58.251 - INFO: val/mae: 0.29291626811027527	
25-01-04 03:59:58.253 - INFO: val/mse: 0.1461350917816162	
25-01-04 03:59:58.253 - INFO: val/SSIM: 0.3089972319729307	
25-01-04 03:59:58.253 - INFO: val/PSNR: 19.772335433381024	
25-01-04 03:59:58.253 - INFO: val/VAL_MSE: 0.0031231571920216084	
25-01-04 03:59:58.253 - INFO: 
------------------------------Validation End------------------------------


25-01-04 04:18:51.558 - INFO: train/mse_loss: 0.002908248976594071	
25-01-04 04:18:51.562 - INFO: epoch: 52	
25-01-04 04:18:51.562 - INFO: iters: 457902	
25-01-04 04:18:51.562 - INFO: 


------------------------------Validation Start------------------------------
25-01-04 04:33:37.067 - INFO: val/mae: 0.8640225529670715	
25-01-04 04:33:37.069 - INFO: val/mse: 0.9379281997680664	
25-01-04 04:33:37.069 - INFO: val/SSIM: 0.0791200433744269	
25-01-04 04:33:37.069 - INFO: val/PSNR: 10.956496132279883	
25-01-04 04:33:37.069 - INFO: val/VAL_MSE: 0.0030306761618703604	
25-01-04 04:33:37.069 - INFO: 
------------------------------Validation End------------------------------


25-01-04 04:38:07.089 - INFO: train/mse_loss: 0.003003949403604029	
25-01-04 04:52:21.972 - INFO: train/mse_loss: 0.0028647217854927444	
25-01-04 04:52:21.975 - INFO: epoch: 53	
25-01-04 04:52:21.975 - INFO: iters: 466708	
25-01-04 04:52:21.975 - INFO: 


------------------------------Validation Start------------------------------
25-01-04 05:07:08.583 - INFO: val/mae: 0.10191681236028671	
25-01-04 05:07:08.585 - INFO: val/mse: 0.029068967327475548	
25-01-04 05:07:08.585 - INFO: val/SSIM: 0.6403828405866426	
25-01-04 05:07:08.585 - INFO: val/PSNR: 24.303133508144963	
25-01-04 05:07:08.585 - INFO: val/VAL_MSE: 0.003961874172091484	
25-01-04 05:07:08.585 - INFO: 
------------------------------Validation End------------------------------


25-01-04 05:25:52.250 - INFO: train/mse_loss: 0.00270661394103216	
25-01-04 05:25:52.251 - INFO: epoch: 54	
25-01-04 05:25:52.252 - INFO: iters: 475514	
25-01-04 05:25:52.252 - INFO: 


------------------------------Validation Start------------------------------
25-01-04 05:40:38.306 - INFO: val/mae: 1.3147295713424683	
25-01-04 05:40:38.308 - INFO: val/mse: 1.8606466054916382	
25-01-04 05:40:38.308 - INFO: val/SSIM: 0.013943715002258342	
25-01-04 05:40:38.308 - INFO: val/PSNR: 6.90695620887647	
25-01-04 05:40:38.308 - INFO: val/VAL_MSE: 0.0034913253039121628	
25-01-04 05:40:38.308 - INFO: 
------------------------------Validation End------------------------------


25-01-04 05:50:12.027 - INFO: train/mse_loss: 0.002678850095502797	
25-01-04 05:59:20.687 - INFO: train/mse_loss: 0.0026164360787565063	
25-01-04 05:59:20.689 - INFO: epoch: 55	
25-01-04 05:59:20.689 - INFO: iters: 484320	
25-01-04 05:59:20.689 - INFO: Saving the self at the end of epoch 55
25-01-04 05:59:26.394 - INFO: 


------------------------------Validation Start------------------------------
25-01-04 06:14:10.145 - INFO: val/mae: 0.15622390806674957	
25-01-04 06:14:10.147 - INFO: val/mse: 0.1070253849029541	
25-01-04 06:14:10.147 - INFO: val/SSIM: 0.6090548528816986	
25-01-04 06:14:10.147 - INFO: val/PSNR: 22.957852219574757	
25-01-04 06:14:10.147 - INFO: val/VAL_MSE: 0.0035614189691841602	
25-01-04 06:14:10.147 - INFO: 
------------------------------Validation End------------------------------


25-01-04 06:32:52.336 - INFO: train/mse_loss: 0.0024511895014532746	
25-01-04 06:32:52.338 - INFO: epoch: 56	
25-01-04 06:32:52.338 - INFO: iters: 493126	
25-01-04 06:32:52.338 - INFO: 


------------------------------Validation Start------------------------------
25-01-04 06:47:37.881 - INFO: val/mae: 0.8016192317008972	
25-01-04 06:47:37.892 - INFO: val/mse: 0.8045181632041931	
25-01-04 06:47:37.892 - INFO: val/SSIM: 0.08225920909964496	
25-01-04 06:47:37.892 - INFO: val/PSNR: 11.503215514838784	
25-01-04 06:47:37.892 - INFO: val/VAL_MSE: 0.00503063527867198	
25-01-04 06:47:37.892 - INFO: 
------------------------------Validation End------------------------------


25-01-04 07:02:14.064 - INFO: train/mse_loss: 0.002765632318713041	
25-01-04 07:06:19.875 - INFO: train/mse_loss: 0.0027809153924590107	
25-01-04 07:06:19.889 - INFO: epoch: 57	
25-01-04 07:06:19.889 - INFO: iters: 501932	
25-01-04 07:06:19.890 - INFO: 


------------------------------Validation Start------------------------------
25-01-04 07:21:05.418 - INFO: val/mae: 0.7454947829246521	
25-01-04 07:21:05.419 - INFO: val/mse: 0.6969072222709656	
25-01-04 07:21:05.419 - INFO: val/SSIM: 0.06579580570222614	
25-01-04 07:21:05.419 - INFO: val/PSNR: 11.205392156925427	
25-01-04 07:21:05.419 - INFO: val/VAL_MSE: 0.004566208925098181	
25-01-04 07:21:05.419 - INFO: 
------------------------------Validation End------------------------------


25-01-04 07:39:48.123 - INFO: train/mse_loss: 0.002512684041932778	
25-01-04 07:39:48.125 - INFO: epoch: 58	
25-01-04 07:39:48.125 - INFO: iters: 510738	
25-01-04 07:39:48.125 - INFO: 


------------------------------Validation Start------------------------------
25-01-04 07:54:35.029 - INFO: val/mae: 0.47758451104164124	
25-01-04 07:54:35.030 - INFO: val/mse: 0.3655085563659668	
25-01-04 07:54:35.030 - INFO: val/SSIM: 0.18313949495442486	
25-01-04 07:54:35.030 - INFO: val/PSNR: 14.702831975687555	
25-01-04 07:54:35.031 - INFO: val/VAL_MSE: 0.0026071632746607065	
25-01-04 07:54:35.031 - INFO: 
------------------------------Validation End------------------------------


25-01-04 08:13:15.334 - INFO: train/mse_loss: 0.002862928984181386	
25-01-04 08:13:15.337 - INFO: epoch: 59	
25-01-04 08:13:15.337 - INFO: iters: 519544	
25-01-04 08:13:15.337 - INFO: 


------------------------------Validation Start------------------------------
25-01-04 08:27:59.278 - INFO: val/mae: 0.5135409235954285	
25-01-04 08:27:59.279 - INFO: val/mse: 0.40204140543937683	
25-01-04 08:27:59.279 - INFO: val/SSIM: 0.20855091088804872	
25-01-04 08:27:59.279 - INFO: val/PSNR: 14.20965299971716	
25-01-04 08:27:59.280 - INFO: val/VAL_MSE: 0.0034644482657313347	
25-01-04 08:27:59.280 - INFO: 
------------------------------Validation End------------------------------


25-01-04 08:46:39.064 - INFO: train/mse_loss: 0.0027453018959081445	
25-01-04 08:46:39.065 - INFO: epoch: 60	
25-01-04 08:46:39.065 - INFO: iters: 528350	
25-01-04 08:46:39.065 - INFO: Saving the self at the end of epoch 60
25-01-04 08:46:44.388 - INFO: 


------------------------------Validation Start------------------------------
25-01-04 09:01:28.852 - INFO: val/mae: 0.02573196031153202	
25-01-04 09:01:28.854 - INFO: val/mse: 0.006722813937813044	
25-01-04 09:01:28.854 - INFO: val/SSIM: 0.8782228213842233	
25-01-04 09:01:28.854 - INFO: val/PSNR: 25.663043761085373	
25-01-04 09:01:28.854 - INFO: val/VAL_MSE: 0.00417447742074728	
25-01-04 09:01:28.854 - INFO: 
------------------------------Validation End------------------------------


25-01-04 09:05:01.644 - INFO: train/mse_loss: 0.002497548300557466	
25-01-04 09:20:10.777 - INFO: train/mse_loss: 0.0026966692710546467	
25-01-04 09:20:10.779 - INFO: epoch: 61	
25-01-04 09:20:10.779 - INFO: iters: 537156	
25-01-04 09:20:10.779 - INFO: 


------------------------------Validation Start------------------------------
25-01-04 09:34:52.705 - INFO: val/mae: 0.4894469380378723	
25-01-04 09:34:52.706 - INFO: val/mse: 0.34547361731529236	
25-01-04 09:34:52.706 - INFO: val/SSIM: 0.19827662814881225	
25-01-04 09:34:52.706 - INFO: val/PSNR: 15.598958222728246	
25-01-04 09:34:52.706 - INFO: val/VAL_MSE: 0.0031051102560013533	
25-01-04 09:34:52.706 - INFO: 
------------------------------Validation End------------------------------


25-01-04 09:53:31.821 - INFO: train/mse_loss: 0.0028716723693027776	
25-01-04 09:53:31.824 - INFO: epoch: 62	
25-01-04 09:53:31.824 - INFO: iters: 545962	
25-01-04 09:53:31.824 - INFO: 


------------------------------Validation Start------------------------------
25-01-04 10:08:53.368 - INFO: val/mae: 0.7824877500534058	
25-01-04 10:08:53.370 - INFO: val/mse: 0.7605820894241333	
25-01-04 10:08:53.370 - INFO: val/SSIM: 0.075107385399305	
25-01-04 10:08:53.370 - INFO: val/PSNR: 11.073832386371933	
25-01-04 10:08:53.370 - INFO: val/VAL_MSE: 0.0031585046090185642	
25-01-04 10:08:53.370 - INFO: 
------------------------------Validation End------------------------------


25-01-04 10:17:28.465 - INFO: train/mse_loss: 0.002904265112094215	
25-01-04 10:27:32.964 - INFO: train/mse_loss: 0.0026152159993243097	
25-01-04 10:27:32.966 - INFO: epoch: 63	
25-01-04 10:27:32.966 - INFO: iters: 554768	
25-01-04 10:27:32.966 - INFO: 


------------------------------Validation Start------------------------------
25-01-04 10:42:19.310 - INFO: val/mae: 0.6156145930290222	
25-01-04 10:42:19.312 - INFO: val/mse: 0.5241877436637878	
25-01-04 10:42:19.312 - INFO: val/SSIM: 0.1530862290932125	
25-01-04 10:42:19.312 - INFO: val/PSNR: 13.600255585367739	
25-01-04 10:42:19.312 - INFO: val/VAL_MSE: 0.0030526311602443457	
25-01-04 10:42:19.312 - INFO: 
------------------------------Validation End------------------------------


25-01-04 11:00:59.912 - INFO: train/mse_loss: 0.0025702893706262466	
25-01-04 11:00:59.914 - INFO: epoch: 64	
25-01-04 11:00:59.914 - INFO: iters: 563574	
25-01-04 11:00:59.914 - INFO: 


------------------------------Validation Start------------------------------
25-01-04 11:15:43.626 - INFO: val/mae: 0.48505154252052307	
25-01-04 11:15:43.627 - INFO: val/mse: 0.3444402813911438	
25-01-04 11:15:43.627 - INFO: val/SSIM: 0.2013999515053914	
25-01-04 11:15:43.627 - INFO: val/PSNR: 13.698197516647932	
25-01-04 11:15:43.627 - INFO: val/VAL_MSE: 0.0038425966631621122	
25-01-04 11:15:43.627 - INFO: 
------------------------------Validation End------------------------------


25-01-04 11:29:24.666 - INFO: train/mse_loss: 0.003152150955756135	
25-01-04 11:34:27.208 - INFO: train/mse_loss: 0.0029778334928484695	
25-01-04 11:34:27.208 - INFO: epoch: 65	
25-01-04 11:34:27.208 - INFO: iters: 572380	
25-01-04 11:34:27.208 - INFO: Saving the self at the end of epoch 65
25-01-04 11:34:32.873 - INFO: 


------------------------------Validation Start------------------------------
25-01-04 11:49:13.026 - INFO: val/mae: 0.1705964058637619	
25-01-04 11:49:13.027 - INFO: val/mse: 0.09699655324220657	
25-01-04 11:49:13.027 - INFO: val/SSIM: 0.5123203131607991	
25-01-04 11:49:13.027 - INFO: val/PSNR: 21.30455778200172	
25-01-04 11:49:13.027 - INFO: val/VAL_MSE: 0.004062003456056118	
25-01-04 11:49:13.027 - INFO: 
------------------------------Validation End------------------------------


25-01-04 12:07:54.524 - INFO: train/mse_loss: 0.0026110217402872306	
25-01-04 12:07:54.526 - INFO: epoch: 66	
25-01-04 12:07:54.526 - INFO: iters: 581186	
25-01-04 12:07:54.526 - INFO: 


------------------------------Validation Start------------------------------
25-01-04 12:22:39.366 - INFO: val/mae: 0.639069676399231	
25-01-04 12:22:39.367 - INFO: val/mse: 0.5931112766265869	
25-01-04 12:22:39.367 - INFO: val/SSIM: 0.1551209967042043	
25-01-04 12:22:39.368 - INFO: val/PSNR: 13.128620863990898	
25-01-04 12:22:39.368 - INFO: val/VAL_MSE: 0.004428330808877945	
25-01-04 12:22:39.368 - INFO: 
------------------------------Validation End------------------------------


25-01-04 12:41:20.810 - INFO: train/mse_loss: 0.002881690279480748	
25-01-04 12:41:20.812 - INFO: epoch: 67	
25-01-04 12:41:20.812 - INFO: iters: 589992	
25-01-04 12:41:20.812 - INFO: 


------------------------------Validation Start------------------------------
25-01-04 12:56:03.969 - INFO: val/mae: 0.8208389282226562	
25-01-04 12:56:03.970 - INFO: val/mse: 0.8052234053611755	
25-01-04 12:56:03.970 - INFO: val/SSIM: 0.052156788344464154	
25-01-04 12:56:03.970 - INFO: val/PSNR: 9.948798919703421	
25-01-04 12:56:03.970 - INFO: val/VAL_MSE: 0.004130545537918806	
25-01-04 12:56:03.970 - INFO: 
------------------------------Validation End------------------------------


25-01-04 13:14:46.743 - INFO: train/mse_loss: 0.002662317606144407	
25-01-04 13:14:46.744 - INFO: epoch: 68	
25-01-04 13:14:46.744 - INFO: iters: 598798	
25-01-04 13:14:46.744 - INFO: 


------------------------------Validation Start------------------------------
25-01-04 13:29:36.059 - INFO: val/mae: 0.05546613410115242	
25-01-04 13:29:36.061 - INFO: val/mse: 0.012381477281451225	
25-01-04 13:29:36.061 - INFO: val/SSIM: 0.7314385433679432	
25-01-04 13:29:36.061 - INFO: val/PSNR: 25.206416555206467	
25-01-04 13:29:36.061 - INFO: val/VAL_MSE: 0.002404044382274151	
25-01-04 13:29:36.061 - INFO: 
------------------------------Validation End------------------------------


25-01-04 13:32:12.798 - INFO: train/mse_loss: 0.0024147608953153273	
25-01-04 13:48:20.115 - INFO: train/mse_loss: 0.0025521662754089654	
25-01-04 13:48:20.116 - INFO: epoch: 69	
25-01-04 13:48:20.117 - INFO: iters: 607604	
25-01-04 13:48:20.117 - INFO: 


------------------------------Validation Start------------------------------
25-01-04 14:03:05.376 - INFO: val/mae: 0.8914222121238708	
25-01-04 14:03:05.377 - INFO: val/mse: 0.8982898592948914	
25-01-04 14:03:05.377 - INFO: val/SSIM: 0.030488179550915134	
25-01-04 14:03:05.377 - INFO: val/PSNR: 10.591300931542317	
25-01-04 14:03:05.377 - INFO: val/VAL_MSE: 0.0027116569690406322	
25-01-04 14:03:05.377 - INFO: 
------------------------------Validation End------------------------------


25-01-04 14:21:46.929 - INFO: train/mse_loss: 0.002721390928061542	
25-01-04 14:21:46.930 - INFO: epoch: 70	
25-01-04 14:21:46.930 - INFO: iters: 616410	
25-01-04 14:21:46.930 - INFO: Saving the self at the end of epoch 70
25-01-04 14:21:52.580 - INFO: 


------------------------------Validation Start------------------------------
25-01-04 14:36:35.862 - INFO: val/mae: 0.2941492795944214	
25-01-04 14:36:35.864 - INFO: val/mse: 0.16060952842235565	
25-01-04 14:36:35.864 - INFO: val/SSIM: 0.3797120867076447	
25-01-04 14:36:35.864 - INFO: val/PSNR: 19.075764929040588	
25-01-04 14:36:35.864 - INFO: val/VAL_MSE: 0.002930613700300455	
25-01-04 14:36:35.864 - INFO: 
------------------------------Validation End------------------------------


25-01-04 14:44:15.546 - INFO: train/mse_loss: 0.002698832808639877	
25-01-04 14:55:18.104 - INFO: train/mse_loss: 0.0026663772426178084	
25-01-04 14:55:18.105 - INFO: epoch: 71	
25-01-04 14:55:18.105 - INFO: iters: 625216	
25-01-04 14:55:18.105 - INFO: 


------------------------------Validation Start------------------------------
25-01-04 15:10:03.753 - INFO: val/mae: 0.024723544716835022	
25-01-04 15:10:03.755 - INFO: val/mse: 0.006667004432529211	
25-01-04 15:10:03.755 - INFO: val/SSIM: 0.8942888508337783	
25-01-04 15:10:03.755 - INFO: val/PSNR: 26.40251115486003	
25-01-04 15:10:03.755 - INFO: val/VAL_MSE: 0.003947298042476177	
25-01-04 15:10:03.755 - INFO: 
------------------------------Validation End------------------------------


25-01-04 15:28:49.031 - INFO: train/mse_loss: 0.0029511406419471245	
25-01-04 15:28:49.034 - INFO: epoch: 72	
25-01-04 15:28:49.034 - INFO: iters: 634022	
25-01-04 15:28:49.034 - INFO: 


------------------------------Validation Start------------------------------
25-01-04 15:43:34.591 - INFO: val/mae: 0.6675528287887573	
25-01-04 15:43:34.593 - INFO: val/mse: 0.5430048108100891	
25-01-04 15:43:34.593 - INFO: val/SSIM: 0.058885449061840955	
25-01-04 15:43:34.593 - INFO: val/PSNR: 10.562763997358656	
25-01-04 15:43:34.593 - INFO: val/VAL_MSE: 0.0031599923968315125	
25-01-04 15:43:34.593 - INFO: 
------------------------------Validation End------------------------------


25-01-04 15:56:18.753 - INFO: train/mse_loss: 0.0027996195449109585	
25-01-04 16:02:18.525 - INFO: train/mse_loss: 0.002740210832320328	
25-01-04 16:02:18.526 - INFO: epoch: 73	
25-01-04 16:02:18.526 - INFO: iters: 642828	
25-01-04 16:02:18.526 - INFO: 


------------------------------Validation Start------------------------------
25-01-04 16:17:00.514 - INFO: val/mae: 0.16631244122982025	
25-01-04 16:17:00.516 - INFO: val/mse: 0.07064804434776306	
25-01-04 16:17:00.516 - INFO: val/SSIM: 0.4746679246462725	
25-01-04 16:17:00.516 - INFO: val/PSNR: 21.603017432330763	
25-01-04 16:17:00.516 - INFO: val/VAL_MSE: 0.0033127020578831434	
25-01-04 16:17:00.516 - INFO: 
------------------------------Validation End------------------------------


25-01-04 16:35:42.061 - INFO: train/mse_loss: 0.0025491678046184007	
25-01-04 16:35:42.063 - INFO: epoch: 74	
25-01-04 16:35:42.063 - INFO: iters: 651634	
25-01-04 16:35:42.063 - INFO: 


------------------------------Validation Start------------------------------
25-01-04 16:50:27.204 - INFO: val/mae: 0.5462836623191833	
25-01-04 16:50:27.205 - INFO: val/mse: 0.45355984568595886	
25-01-04 16:50:27.205 - INFO: val/SSIM: 0.20212045116763608	
25-01-04 16:50:27.206 - INFO: val/PSNR: 14.456769387724666	
25-01-04 16:50:27.206 - INFO: val/VAL_MSE: 0.00364977796562016	
25-01-04 16:50:27.206 - INFO: 
------------------------------Validation End------------------------------


25-01-04 17:08:12.559 - INFO: train/mse_loss: 0.0026938978624212696	
25-01-04 17:09:09.961 - INFO: train/mse_loss: 0.0026751992994800675	
25-01-04 17:09:09.961 - INFO: epoch: 75	
25-01-04 17:09:09.961 - INFO: iters: 660440	
25-01-04 17:09:09.961 - INFO: Saving the self at the end of epoch 75
25-01-04 17:09:15.442 - INFO: 


------------------------------Validation Start------------------------------
25-01-04 17:23:58.790 - INFO: val/mae: 0.4126211106777191	
25-01-04 17:23:58.792 - INFO: val/mse: 0.24969951808452606	
25-01-04 17:23:58.792 - INFO: val/SSIM: 0.21759255411274334	
25-01-04 17:23:58.792 - INFO: val/PSNR: 16.178469389113275	
25-01-04 17:23:58.792 - INFO: val/VAL_MSE: 0.003142882138490677	
25-01-04 17:23:58.792 - INFO: 
------------------------------Validation End------------------------------


25-01-04 17:42:39.984 - INFO: train/mse_loss: 0.002371546298581589	
25-01-04 17:42:39.986 - INFO: epoch: 76	
25-01-04 17:42:39.986 - INFO: iters: 669246	
25-01-04 17:42:39.986 - INFO: 


------------------------------Validation Start------------------------------
25-01-04 17:57:23.530 - INFO: val/mae: 0.6160693764686584	
25-01-04 17:57:23.531 - INFO: val/mse: 0.5069823265075684	
25-01-04 17:57:23.532 - INFO: val/SSIM: 0.10179244589088177	
25-01-04 17:57:23.532 - INFO: val/PSNR: 11.81425648173192	
25-01-04 17:57:23.532 - INFO: val/VAL_MSE: 0.0025705313310027122	
25-01-04 17:57:23.532 - INFO: 
------------------------------Validation End------------------------------


25-01-04 17:59:02.911 - INFO: train/mse_loss: 0.0021704148046958064	
25-01-04 18:16:07.934 - INFO: train/mse_loss: 0.0026770559849872127	
25-01-04 18:16:07.936 - INFO: epoch: 77	
25-01-04 18:16:07.936 - INFO: iters: 678052	
25-01-04 18:16:07.936 - INFO: 


------------------------------Validation Start------------------------------
25-01-04 18:30:52.170 - INFO: val/mae: 0.7417246699333191	
25-01-04 18:30:52.172 - INFO: val/mse: 0.6516116261482239	
25-01-04 18:30:52.172 - INFO: val/SSIM: 0.04126023550695156	
25-01-04 18:30:52.172 - INFO: val/PSNR: 10.82777891714764	
25-01-04 18:30:52.172 - INFO: val/VAL_MSE: 0.0029287291690707207	
25-01-04 18:30:52.172 - INFO: 
------------------------------Validation End------------------------------


25-01-04 18:49:32.869 - INFO: train/mse_loss: 0.0026551276223294243	
25-01-04 18:49:32.872 - INFO: epoch: 78	
25-01-04 18:49:32.872 - INFO: iters: 686858	
25-01-04 18:49:32.872 - INFO: 


------------------------------Validation Start------------------------------
25-01-04 19:04:16.435 - INFO: val/mae: 0.06455542892217636	
25-01-04 19:04:16.437 - INFO: val/mse: 0.016753289848566055	
25-01-04 19:04:16.437 - INFO: val/SSIM: 0.7048715156427499	
25-01-04 19:04:16.437 - INFO: val/PSNR: 24.16752399432536	
25-01-04 19:04:16.437 - INFO: val/VAL_MSE: 0.004849168471992016	
25-01-04 19:04:16.437 - INFO: 
------------------------------Validation End------------------------------


25-01-04 19:10:59.020 - INFO: train/mse_loss: 0.002004329773756617	
25-01-04 19:22:59.971 - INFO: train/mse_loss: 0.002202136131861784	
25-01-04 19:22:59.972 - INFO: epoch: 79	
25-01-04 19:22:59.972 - INFO: iters: 695664	
25-01-04 19:22:59.972 - INFO: 


------------------------------Validation Start------------------------------
25-01-04 19:37:43.509 - INFO: val/mae: 0.6561493873596191	
25-01-04 19:37:43.511 - INFO: val/mse: 0.5429988503456116	
25-01-04 19:37:43.511 - INFO: val/SSIM: 0.08913919739850774	
25-01-04 19:37:43.511 - INFO: val/PSNR: 11.85374259014506	
25-01-04 19:37:43.511 - INFO: val/VAL_MSE: 0.003526146989315748	
25-01-04 19:37:43.511 - INFO: 
------------------------------Validation End------------------------------


25-01-04 19:56:28.635 - INFO: train/mse_loss: 0.0026600968373158384	
25-01-04 19:56:28.639 - INFO: epoch: 80	
25-01-04 19:56:28.639 - INFO: iters: 704470	
25-01-04 19:56:28.639 - INFO: Saving the self at the end of epoch 80
25-01-04 19:56:34.104 - INFO: 


------------------------------Validation Start------------------------------
25-01-04 20:11:18.136 - INFO: val/mae: 0.1493656486272812	
25-01-04 20:11:18.137 - INFO: val/mse: 0.05590326711535454	
25-01-04 20:11:18.138 - INFO: val/SSIM: 0.5619012115782434	
25-01-04 20:11:18.138 - INFO: val/PSNR: 23.39119683107102	
25-01-04 20:11:18.138 - INFO: val/VAL_MSE: 0.003269376466050744	
25-01-04 20:11:18.138 - INFO: 
------------------------------Validation End------------------------------


25-01-04 20:23:01.930 - INFO: train/mse_loss: 0.0030820889042434576	
25-01-04 20:29:58.312 - INFO: train/mse_loss: 0.002886816909401927	
25-01-04 20:29:58.315 - INFO: epoch: 81	
25-01-04 20:29:58.315 - INFO: iters: 713276	
25-01-04 20:29:58.315 - INFO: 


------------------------------Validation Start------------------------------
25-01-04 20:44:42.093 - INFO: val/mae: 0.12300725281238556	
25-01-04 20:44:42.094 - INFO: val/mse: 0.0642334446310997	
25-01-04 20:44:42.094 - INFO: val/SSIM: 0.7006015104350127	
25-01-04 20:44:42.094 - INFO: val/PSNR: 22.26902822270097	
25-01-04 20:44:42.094 - INFO: val/VAL_MSE: 0.0029205356258898973	
25-01-04 20:44:42.094 - INFO: 
------------------------------Validation End------------------------------


25-01-04 21:03:23.458 - INFO: train/mse_loss: 0.0025256998985186798	
25-01-04 21:03:23.460 - INFO: epoch: 82	
25-01-04 21:03:23.460 - INFO: iters: 722082	
25-01-04 21:03:23.460 - INFO: 


------------------------------Validation Start------------------------------
25-01-04 21:18:10.252 - INFO: val/mae: 0.16858403384685516	
25-01-04 21:18:10.253 - INFO: val/mse: 0.07005246728658676	
25-01-04 21:18:10.253 - INFO: val/SSIM: 0.49866818650429323	
25-01-04 21:18:10.254 - INFO: val/PSNR: 23.602783831573117	
25-01-04 21:18:10.254 - INFO: val/VAL_MSE: 0.004096414893865585	
25-01-04 21:18:10.254 - INFO: 
------------------------------Validation End------------------------------


25-01-04 21:34:58.773 - INFO: train/mse_loss: 0.0023312338292298448	
25-01-04 21:36:52.640 - INFO: train/mse_loss: 0.0023962780436007315	
25-01-04 21:36:52.642 - INFO: epoch: 83	
25-01-04 21:36:52.642 - INFO: iters: 730888	
25-01-04 21:36:52.642 - INFO: 


------------------------------Validation Start------------------------------
25-01-04 21:51:37.891 - INFO: val/mae: 0.17853039503097534	
25-01-04 21:51:37.892 - INFO: val/mse: 0.07731876522302628	
25-01-04 21:51:37.892 - INFO: val/SSIM: 0.46254126005322566	
25-01-04 21:51:37.893 - INFO: val/PSNR: 23.105626563583026	
25-01-04 21:51:37.893 - INFO: val/VAL_MSE: 0.004655376076698303	
25-01-04 21:51:37.893 - INFO: 
------------------------------Validation End------------------------------


25-01-04 22:10:20.397 - INFO: train/mse_loss: 0.002468197671525597	
25-01-04 22:10:20.398 - INFO: epoch: 84	
25-01-04 22:10:20.398 - INFO: iters: 739694	
25-01-04 22:10:20.398 - INFO: 


------------------------------Validation Start------------------------------
25-01-04 22:25:05.296 - INFO: val/mae: 0.06810802966356277	
25-01-04 22:25:05.298 - INFO: val/mse: 0.016007112339138985	
25-01-04 22:25:05.298 - INFO: val/SSIM: 0.7276503402790148	
25-01-04 22:25:05.298 - INFO: val/PSNR: 25.423602828158597	
25-01-04 22:25:05.298 - INFO: val/VAL_MSE: 0.0031351852230727673	
25-01-04 22:25:05.298 - INFO: 
------------------------------Validation End------------------------------


25-01-04 22:25:47.968 - INFO: train/mse_loss: 0.003203213725961128	
25-01-04 22:43:46.309 - INFO: train/mse_loss: 0.002619308399032007	
25-01-04 22:43:46.310 - INFO: epoch: 85	
25-01-04 22:43:46.310 - INFO: iters: 748500	
25-01-04 22:43:46.310 - INFO: Saving the self at the end of epoch 85
25-01-04 22:43:51.601 - INFO: 


------------------------------Validation Start------------------------------
25-01-04 22:58:32.974 - INFO: val/mae: 0.5311338305473328	
25-01-04 22:58:32.976 - INFO: val/mse: 0.37093251943588257	
25-01-04 22:58:32.976 - INFO: val/SSIM: 0.12382464551460579	
25-01-04 22:58:32.976 - INFO: val/PSNR: 12.771209907512556	
25-01-04 22:58:32.976 - INFO: val/VAL_MSE: 0.003948344849050045	
25-01-04 22:58:32.976 - INFO: 
------------------------------Validation End------------------------------


25-01-04 23:17:14.525 - INFO: train/mse_loss: 0.0022688193236824073	
25-01-04 23:17:14.527 - INFO: epoch: 86	
25-01-04 23:17:14.527 - INFO: iters: 757306	
25-01-04 23:17:14.527 - INFO: 


------------------------------Validation Start------------------------------
