24-12-31 01:04:24.019 - WARNING: Warning: visualization (Tensorboard) is configured to use, but currently not installed on this machine. Please install TensorboardX with 'pip install tensorboardx', upgrade PyTorch to version >= 1.1 to use 'torch.utils.tensorboard' or turn off the option in the 'config.json' file.
24-12-31 01:04:24.020 - INFO: Create the log file in directory experiments/train_mr2ct_lr1e-4_nc1.

24-12-31 01:04:25.344 - INFO: Network [Network() form models.network] is created.
24-12-31 01:04:25.344 - INFO: Network [Network] weights initialize using [kaiming] method.
24-12-31 01:04:32.170 - INFO: Dataset [MR2CTDataset() form data.dataset] is created.
24-12-31 01:04:32.171 - INFO: Dataset for train have 35188 samples.
24-12-31 01:04:33.789 - INFO: Dataset [MR2CTDataset() form data.dataset] is created.
24-12-31 01:04:33.789 - INFO: Dataset for val have 9229 samples.
24-12-31 01:04:34.669 - INFO: Metric [mae() form models.metric] is created.
24-12-31 01:04:34.669 - INFO: Metric [mse() form models.metric] is created.
24-12-31 01:04:34.669 - INFO: Metric [SSIM() form models.metric] is created.
24-12-31 01:04:34.669 - INFO: Metric [PSNR() form models.metric] is created.
24-12-31 01:04:34.670 - INFO: Loss [mse_loss() form models.loss] is created.
24-12-31 01:04:34.671 - INFO: Test log message
24-12-31 01:04:42.692 - INFO: Model [Palette() form models.model] is created.
24-12-31 01:04:42.692 - INFO: Test log message2
24-12-31 01:04:42.692 - INFO: Begin model train.
24-12-31 01:23:16.401 - INFO: train/mse_loss: 0.04151044665495287	
24-12-31 01:23:16.403 - INFO: epoch: 1	
24-12-31 01:23:16.403 - INFO: iters: 8796	
24-12-31 01:23:16.403 - INFO: 


------------------------------Validation Start------------------------------
24-12-31 01:38:20.055 - INFO: val/mae: 0.8518549799919128	
24-12-31 01:38:20.056 - INFO: val/mse: 0.7613698840141296	
24-12-31 01:38:20.056 - INFO: val/SSIM: nan	
24-12-31 01:38:20.056 - INFO: val/PSNR: nan	
24-12-31 01:38:20.056 - INFO: val/VAL_MSE: 0.001119953696615994	
24-12-31 01:38:20.056 - INFO: 
------------------------------Validation End------------------------------


24-12-31 01:56:47.731 - INFO: train/mse_loss: 0.003814124099208485	
24-12-31 01:56:47.746 - INFO: epoch: 2	
24-12-31 01:56:47.746 - INFO: iters: 17602	
24-12-31 01:56:47.746 - INFO: 


------------------------------Validation Start------------------------------
24-12-31 02:11:48.995 - INFO: val/mae: 0.60738605260849	
24-12-31 02:11:48.995 - INFO: val/mse: 0.3954082429409027	
24-12-31 02:11:48.995 - INFO: val/SSIM: nan	
24-12-31 02:11:48.996 - INFO: val/PSNR: nan	
24-12-31 02:11:48.996 - INFO: val/VAL_MSE: 0.0009003988234326243	
24-12-31 02:11:48.996 - INFO: 
------------------------------Validation End------------------------------


24-12-31 02:16:53.228 - INFO: train/mse_loss: 0.0032589815438442693	
24-12-31 02:30:16.033 - INFO: train/mse_loss: 0.002111228186538271	
24-12-31 02:30:16.034 - INFO: epoch: 3	
24-12-31 02:30:16.034 - INFO: iters: 26408	
24-12-31 02:30:16.034 - INFO: 


------------------------------Validation Start------------------------------
24-12-31 02:45:20.706 - INFO: val/mae: 0.7547645568847656	
24-12-31 02:45:20.707 - INFO: val/mse: 0.7089133262634277	
24-12-31 02:45:20.707 - INFO: val/SSIM: nan	
24-12-31 02:45:20.707 - INFO: val/PSNR: nan	
24-12-31 02:45:20.707 - INFO: val/VAL_MSE: 0.0002608625509310514	
24-12-31 02:45:20.707 - INFO: 
------------------------------Validation End------------------------------


24-12-31 03:03:49.414 - INFO: train/mse_loss: 0.0013638735332479892	
24-12-31 03:03:49.415 - INFO: epoch: 4	
24-12-31 03:03:49.415 - INFO: iters: 35214	
24-12-31 03:03:49.415 - INFO: 


------------------------------Validation Start------------------------------
24-12-31 03:18:54.010 - INFO: val/mae: 0.1725902110338211	
24-12-31 03:18:54.011 - INFO: val/mse: 0.05898687243461609	
24-12-31 03:18:54.011 - INFO: val/SSIM: nan	
24-12-31 03:18:54.011 - INFO: val/PSNR: nan	
24-12-31 03:18:54.011 - INFO: val/VAL_MSE: 0.00014834314060863107	
24-12-31 03:18:54.011 - INFO: 
------------------------------Validation End------------------------------


24-12-31 03:28:58.076 - INFO: train/mse_loss: 0.00650796947470241	
24-12-31 03:37:22.014 - INFO: train/mse_loss: 0.004606598256946615	
24-12-31 03:37:22.015 - INFO: epoch: 5	
24-12-31 03:37:22.015 - INFO: iters: 44020	
24-12-31 03:37:22.015 - INFO: Saving the self at the end of epoch 5
24-12-31 03:37:27.281 - INFO: 


------------------------------Validation Start------------------------------
24-12-31 03:52:21.291 - INFO: val/mae: 0.6960206627845764	
24-12-31 03:52:21.292 - INFO: val/mse: 0.6364083290100098	
24-12-31 03:52:21.292 - INFO: val/SSIM: nan	
24-12-31 03:52:21.292 - INFO: val/PSNR: nan	
24-12-31 03:52:21.292 - INFO: val/VAL_MSE: 0.0003142431960441172	
24-12-31 03:52:21.292 - INFO: 
------------------------------Validation End------------------------------


24-12-31 04:10:50.137 - INFO: train/mse_loss: 0.0011493501863508006	
24-12-31 04:10:50.138 - INFO: epoch: 6	
24-12-31 04:10:50.138 - INFO: iters: 52826	
24-12-31 04:10:50.138 - INFO: 


------------------------------Validation Start------------------------------
24-12-31 04:25:50.997 - INFO: val/mae: 0.8783398866653442	
24-12-31 04:25:50.999 - INFO: val/mse: 0.7919259071350098	
24-12-31 04:25:50.999 - INFO: val/SSIM: nan	
24-12-31 04:25:50.999 - INFO: val/PSNR: nan	
24-12-31 04:25:50.999 - INFO: val/VAL_MSE: 0.001026156242005527	
24-12-31 04:25:50.999 - INFO: 
------------------------------Validation End------------------------------


24-12-31 04:40:55.146 - INFO: train/mse_loss: 0.0010575061624140143	
24-12-31 04:44:20.373 - INFO: train/mse_loss: 0.0009921970811293775	
24-12-31 04:44:20.374 - INFO: epoch: 7	
24-12-31 04:44:20.374 - INFO: iters: 61632	
24-12-31 04:44:20.374 - INFO: 


------------------------------Validation Start------------------------------
24-12-31 04:59:18.550 - INFO: val/mae: 0.5437915921211243	
24-12-31 04:59:18.550 - INFO: val/mse: 0.4688207805156708	
24-12-31 04:59:18.550 - INFO: val/SSIM: nan	
24-12-31 04:59:18.550 - INFO: val/PSNR: nan	
24-12-31 04:59:18.550 - INFO: val/VAL_MSE: 0.00020812592993024737	
24-12-31 04:59:18.550 - INFO: 
------------------------------Validation End------------------------------


24-12-31 05:17:45.777 - INFO: train/mse_loss: 0.0006057738631147075	
24-12-31 05:17:45.779 - INFO: epoch: 8	
24-12-31 05:17:45.779 - INFO: iters: 70438	
24-12-31 05:17:45.779 - INFO: 


------------------------------Validation Start------------------------------
24-12-31 05:32:41.460 - INFO: val/mae: 1.2900408506393433	
24-12-31 05:32:41.461 - INFO: val/mse: 1.8684667348861694	
24-12-31 05:32:41.461 - INFO: val/SSIM: nan	
24-12-31 05:32:41.462 - INFO: val/PSNR: nan	
24-12-31 05:32:41.462 - INFO: val/VAL_MSE: 0.00010453174036229029	
24-12-31 05:32:41.462 - INFO: 
------------------------------Validation End------------------------------


24-12-31 05:51:11.350 - INFO: train/mse_loss: 0.0005704302732648393	
24-12-31 05:51:11.351 - INFO: epoch: 9	
24-12-31 05:51:11.351 - INFO: iters: 79244	
24-12-31 05:51:11.351 - INFO: 


------------------------------Validation Start------------------------------
24-12-31 06:06:12.649 - INFO: val/mae: 1.760177493095398	
24-12-31 06:06:12.651 - INFO: val/mse: 3.127323865890503	
24-12-31 06:06:12.651 - INFO: val/SSIM: nan	
24-12-31 06:06:12.651 - INFO: val/PSNR: nan	
24-12-31 06:06:12.651 - INFO: val/VAL_MSE: 0.00017692828259896487	
24-12-31 06:06:12.651 - INFO: 
------------------------------Validation End------------------------------


24-12-31 06:24:40.928 - INFO: train/mse_loss: 0.00042779271357542214	
24-12-31 06:24:40.930 - INFO: epoch: 10	
24-12-31 06:24:40.930 - INFO: iters: 88050	
24-12-31 06:24:40.930 - INFO: Saving the self at the end of epoch 10
24-12-31 06:24:46.503 - INFO: 


------------------------------Validation Start------------------------------
24-12-31 06:39:40.855 - INFO: val/mae: 1.6906265020370483	
24-12-31 06:39:40.856 - INFO: val/mse: 2.905299425125122	
24-12-31 06:39:40.856 - INFO: val/SSIM: nan	
24-12-31 06:39:40.856 - INFO: val/PSNR: nan	
24-12-31 06:39:40.856 - INFO: val/VAL_MSE: 0.0019247414311394095	
24-12-31 06:39:40.856 - INFO: 
------------------------------Validation End------------------------------


24-12-31 06:43:48.524 - INFO: train/mse_loss: 0.00034578821296142365	
24-12-31 06:58:07.729 - INFO: train/mse_loss: 0.00036757300348711587	
24-12-31 06:58:07.730 - INFO: epoch: 11	
24-12-31 06:58:07.730 - INFO: iters: 96856	
24-12-31 06:58:07.730 - INFO: 


------------------------------Validation Start------------------------------
24-12-31 07:13:07.661 - INFO: val/mae: 1.0167009830474854	
24-12-31 07:13:07.662 - INFO: val/mse: 1.3731764554977417	
24-12-31 07:13:07.663 - INFO: val/SSIM: nan	
24-12-31 07:13:07.663 - INFO: val/PSNR: nan	
24-12-31 07:13:07.663 - INFO: val/VAL_MSE: 0.00012342123955022544	
24-12-31 07:13:07.663 - INFO: 
------------------------------Validation End------------------------------


24-12-31 07:31:37.754 - INFO: train/mse_loss: 0.0004164911127047345	
24-12-31 07:31:37.755 - INFO: epoch: 12	
24-12-31 07:31:37.755 - INFO: iters: 105662	
24-12-31 07:31:37.755 - INFO: 


------------------------------Validation Start------------------------------
24-12-31 07:46:42.390 - INFO: val/mae: 0.12856607139110565	
24-12-31 07:46:42.391 - INFO: val/mse: 0.0852598175406456	
24-12-31 07:46:42.391 - INFO: val/SSIM: nan	
24-12-31 07:46:42.392 - INFO: val/PSNR: nan	
24-12-31 07:46:42.392 - INFO: val/VAL_MSE: 0.00014684941561426967	
24-12-31 07:46:42.392 - INFO: 
------------------------------Validation End------------------------------


24-12-31 07:55:50.169 - INFO: train/mse_loss: 0.00034894870660232696	
24-12-31 08:05:10.458 - INFO: train/mse_loss: 0.00032830283173797796	
24-12-31 08:05:10.462 - INFO: epoch: 13	
24-12-31 08:05:10.462 - INFO: iters: 114468	
24-12-31 08:05:10.462 - INFO: 


------------------------------Validation Start------------------------------
24-12-31 08:20:06.879 - INFO: val/mae: 0.7251992225646973	
24-12-31 08:20:06.882 - INFO: val/mse: 0.9761347770690918	
24-12-31 08:20:06.882 - INFO: val/SSIM: nan	
24-12-31 08:20:06.882 - INFO: val/PSNR: nan	
24-12-31 08:20:06.882 - INFO: val/VAL_MSE: 0.00038813872379250824	
24-12-31 08:20:06.882 - INFO: 
------------------------------Validation End------------------------------


24-12-31 08:38:45.615 - INFO: train/mse_loss: 0.00029738794516216504	
24-12-31 08:38:45.616 - INFO: epoch: 14	
24-12-31 08:38:45.616 - INFO: iters: 123274	
24-12-31 08:38:45.616 - INFO: 


------------------------------Validation Start------------------------------
24-12-31 08:53:45.810 - INFO: val/mae: 0.8567215204238892	
24-12-31 08:53:45.811 - INFO: val/mse: 0.9380607604980469	
24-12-31 08:53:45.811 - INFO: val/SSIM: nan	
24-12-31 08:53:45.811 - INFO: val/PSNR: nan	
24-12-31 08:53:45.811 - INFO: val/VAL_MSE: 0.00010024167568190023	
24-12-31 08:53:45.812 - INFO: 
------------------------------Validation End------------------------------


24-12-31 09:07:52.618 - INFO: train/mse_loss: 0.0003105043834911005	
24-12-31 09:12:13.949 - INFO: train/mse_loss: 0.00030636543003586956	
24-12-31 09:12:13.950 - INFO: epoch: 15	
24-12-31 09:12:13.951 - INFO: iters: 132080	
24-12-31 09:12:13.951 - INFO: Saving the self at the end of epoch 15
24-12-31 09:12:19.041 - INFO: 


------------------------------Validation Start------------------------------
24-12-31 09:27:19.858 - INFO: val/mae: 0.8111054301261902	
24-12-31 09:27:19.859 - INFO: val/mse: 1.00254487991333	
24-12-31 09:27:19.859 - INFO: val/SSIM: nan	
24-12-31 09:27:19.859 - INFO: val/PSNR: nan	
24-12-31 09:27:19.859 - INFO: val/VAL_MSE: 0.00010641542758094147	
24-12-31 09:27:19.859 - INFO: 
------------------------------Validation End------------------------------


24-12-31 09:45:48.150 - INFO: train/mse_loss: 0.00026889933386729613	
24-12-31 09:45:48.151 - INFO: epoch: 16	
24-12-31 09:45:48.151 - INFO: iters: 140886	
24-12-31 09:45:48.151 - INFO: 


------------------------------Validation Start------------------------------
24-12-31 10:00:47.793 - INFO: val/mae: 0.8881959915161133	
24-12-31 10:00:47.794 - INFO: val/mse: 1.190731167793274	
24-12-31 10:00:47.794 - INFO: val/SSIM: nan	
24-12-31 10:00:47.794 - INFO: val/PSNR: nan	
24-12-31 10:00:47.794 - INFO: val/VAL_MSE: 9.681512165116146e-05	
24-12-31 10:00:47.795 - INFO: 
------------------------------Validation End------------------------------


24-12-31 10:19:19.372 - INFO: train/mse_loss: 0.00022186625219881853	
24-12-31 10:19:19.375 - INFO: epoch: 17	
24-12-31 10:19:19.375 - INFO: iters: 149692	
24-12-31 10:19:19.375 - INFO: 


------------------------------Validation Start------------------------------
24-12-31 10:34:16.257 - INFO: val/mae: 1.1262354850769043	
24-12-31 10:34:16.258 - INFO: val/mse: 1.4881706237792969	
24-12-31 10:34:16.258 - INFO: val/SSIM: nan	
24-12-31 10:34:16.258 - INFO: val/PSNR: nan	
24-12-31 10:34:16.258 - INFO: val/VAL_MSE: 0.000181244540726766	
24-12-31 10:34:16.258 - INFO: 
------------------------------Validation End------------------------------


